#
# There is insufficient memory for the Java Runtime Environment to continue.
# Native memory allocation (malloc) failed to allocate 1048576 bytes for AllocateHeap
# Possible reasons:
#   The system is out of physical RAM or swap space
#   The process is running with CompressedOops enabled, and the Java Heap may be blocking the growth of the native heap
# Possible solutions:
#   Reduce memory load on the system
#   Increase physical memory or swap space
#   Check if swap backing store is full
#   Decrease Java heap size (-Xmx/-Xms)
#   Decrease number of Java threads
#   Decrease Java thread stack sizes (-Xss)
#   Set larger code cache with -XX:ReservedCodeCacheSize=
#   JVM is running with Unscaled Compressed Oops mode in which the Java heap is
#     placed in the first 4GB address space. The Java Heap base address is the
#     maximum limit for the native heap growth. Please use -XX:HeapBaseMinAddress
#     to set the Java Heap base and to place the Java Heap above 4GB virtual address.
# This output file may be truncated or incomplete.
#
#  Out of Memory Error (allocation.cpp:44), pid=17040, tid=12828
#
# JRE version: OpenJDK Runtime Environment Temurin-17.0.5+8 (17.0.5+8) (build 17.0.5+8)
# Java VM: OpenJDK 64-Bit Server VM Temurin-17.0.5+8 (17.0.5+8, mixed mode, emulated-client, tiered, compressed oops, compressed class ptrs, g1 gc, windows-amd64)
# No core dump will be written. Minidumps are not enabled by default on client versions of Windows
#

---------------  S U M M A R Y ------------

Command Line: -Dsts.lsp.client=vscode -Dsts.log.file=/dev/null -XX:TieredStopAtLevel=1 -Xlog:jni+resolve=off -Dspring.config.location=file:c:\Users\Alexis\.vscode\extensions\pivotal.vscode-spring-boot-1.43.0\language-server\BOOT-INF\classes\application.properties org.springframework.ide.vscode.boot.app.BootLanguageServerBootApp

Host: Intel(R) Core(TM) i7-7500U CPU @ 2.70GHz, 4 cores, 7G,  Windows 10 , 64 bit Build 19041 (10.0.19041.2364)
Time: Tue Jan  3 19:00:51 2023 Hora estándar de Argentina elapsed time: 6928.918409 seconds (0d 1h 55m 28s)

---------------  T H R E A D  ---------------

Current thread (0x0000016a5bd6eec0):  VMThread "VM Thread" [stack: 0x0000006544d00000,0x0000006544e00000] [id=12828]

Stack: [0x0000006544d00000,0x0000006544e00000]
Native frames: (J=compiled Java code, j=interpreted, Vv=VM code, C=native code)
V  [jvm.dll+0x676b3a]
V  [jvm.dll+0x831444]
V  [jvm.dll+0x832bee]
V  [jvm.dll+0x833253]
V  [jvm.dll+0x244ce5]
V  [jvm.dll+0xa631f]
V  [jvm.dll+0x2f4f03]
V  [jvm.dll+0x2f0c10]
V  [jvm.dll+0x2d92f7]
V  [jvm.dll+0x31c3b7]
V  [jvm.dll+0x8376fb]
V  [jvm.dll+0x838434]
V  [jvm.dll+0x83894c]
V  [jvm.dll+0x838d24]
V  [jvm.dll+0x838df0]
V  [jvm.dll+0x7e17ea]
V  [jvm.dll+0x6759e5]
C  [ucrtbase.dll+0x21bb2]
C  [KERNEL32.DLL+0x17614]
C  [ntdll.dll+0x526a1]

VM_Operation (0x0000006545ffef50): G1CollectFull, mode: safepoint, requested by thread 0x0000016a5dd25eb0


---------------  P R O C E S S  ---------------

Threads class SMR info:
_java_thread_list=0x0000016a60f05140, length=26, elements={
0x0000016a5bd89740, 0x0000016a5bd8a5b0, 0x0000016a5bdaec10, 0x0000016a5bdb15d0,
0x0000016a5bdb1f80, 0x0000016a5bdb2930, 0x0000016a5c809470, 0x0000016a5c80ad80,
0x0000016a5ca0ea80, 0x0000016a5ca1a270, 0x0000016a5dc06710, 0x0000016a5dd25eb0,
0x0000016a5ddf4090, 0x0000016a4f240570, 0x0000016a5dc37300, 0x0000016a5dc587a0,
0x0000016a5dcea6c0, 0x0000016a5d13f570, 0x0000016a5def9070, 0x0000016a5e17ae10,
0x0000016a5e17b2e0, 0x0000016a5e179600, 0x0000016a5e17a940, 0x0000016a5e17b7b0,
0x0000016a5e1782c0, 0x0000016a5e17c150
}

Java Threads: ( => current thread )
  0x0000016a5bd89740 JavaThread "Reference Handler" daemon [_thread_blocked, id=16652, stack(0x0000006544e00000,0x0000006544f00000)]
  0x0000016a5bd8a5b0 JavaThread "Finalizer" daemon [_thread_blocked, id=7220, stack(0x0000006544f00000,0x0000006545000000)]
  0x0000016a5bdaec10 JavaThread "Signal Dispatcher" daemon [_thread_blocked, id=13388, stack(0x0000006545000000,0x0000006545100000)]
  0x0000016a5bdb15d0 JavaThread "Attach Listener" daemon [_thread_blocked, id=6472, stack(0x0000006545100000,0x0000006545200000)]
  0x0000016a5bdb1f80 JavaThread "Service Thread" daemon [_thread_blocked, id=10912, stack(0x0000006545200000,0x0000006545300000)]
  0x0000016a5bdb2930 JavaThread "Monitor Deflation Thread" daemon [_thread_blocked, id=13992, stack(0x0000006545300000,0x0000006545400000)]
  0x0000016a5c809470 JavaThread "C1 CompilerThread0" daemon [_thread_blocked, id=15092, stack(0x0000006545400000,0x0000006545500000)]
  0x0000016a5c80ad80 JavaThread "Sweeper thread" daemon [_thread_blocked, id=2896, stack(0x0000006545500000,0x0000006545600000)]
  0x0000016a5ca0ea80 JavaThread "Notification Thread" daemon [_thread_blocked, id=14852, stack(0x0000006545700000,0x0000006545800000)]
  0x0000016a5ca1a270 JavaThread "Common-Cleaner" daemon [_thread_blocked, id=9272, stack(0x0000006545900000,0x0000006545a00000)]
  0x0000016a5dc06710 JavaThread "boundedElastic-evictor-1" daemon [_thread_blocked, id=1732, stack(0x0000006545e00000,0x0000006545f00000)]
  0x0000016a5dd25eb0 JavaThread "pool-11-thread-1" [_thread_blocked, id=15348, stack(0x0000006545f00000,0x0000006546000000)]
  0x0000016a5ddf4090 JavaThread "LanguageServerApp-lifecycle" [_thread_blocked, id=16208, stack(0x0000006546000000,0x0000006546100000)]
  0x0000016a4f240570 JavaThread "DestroyJavaVM" [_thread_blocked, id=5388, stack(0x0000006544600000,0x0000006544700000)]
  0x0000016a5dc37300 JavaThread "pool-12-thread-1" [_thread_in_native, id=5004, stack(0x0000006546100000,0x0000006546200000)]
  0x0000016a5dc587a0 JavaThread "Simple-Language-Server main thread" daemon [_thread_blocked, id=8392, stack(0x0000006546200000,0x0000006546300000)]
  0x0000016a5dcea6c0 JavaThread "pool-8-thread-1" [_thread_blocked, id=1436, stack(0x0000006546400000,0x0000006546500000)]
  0x0000016a5d13f570 JavaThread "parallel-1" daemon [_thread_blocked, id=9556, stack(0x0000006546500000,0x0000006546600000)]
  0x0000016a5def9070 JavaThread "parallel-2" daemon [_thread_blocked, id=15520, stack(0x0000006546b00000,0x0000006546c00000)]
  0x0000016a5e17ae10 JavaThread "Reconciler-1" daemon [_thread_blocked, id=15836, stack(0x0000006547400000,0x0000006547500000)]
  0x0000016a5e17b2e0 JavaThread "pool-6-thread-1" [_thread_blocked, id=15164, stack(0x0000006547500000,0x0000006547600000)]
  0x0000016a5e179600 JavaThread "pool-10-thread-1" [_thread_blocked, id=5176, stack(0x0000006547600000,0x0000006547700000)]
  0x0000016a5e17a940 JavaThread "parallel-3" daemon [_thread_blocked, id=3080, stack(0x0000006547700000,0x0000006547800000)]
  0x0000016a5e17b7b0 JavaThread "pool-10-thread-2" [_thread_blocked, id=1644, stack(0x0000006547800000,0x0000006547900000)]
  0x0000016a5e1782c0 JavaThread "parallel-4" daemon [_thread_blocked, id=6908, stack(0x0000006547900000,0x0000006547a00000)]
  0x0000016a5e17c150 JavaThread "pool-10-thread-3" [_thread_blocked, id=14108, stack(0x0000006547f00000,0x0000006548000000)]

Other Threads:
=>0x0000016a5bd6eec0 VMThread "VM Thread" [stack: 0x0000006544d00000,0x0000006544e00000] [id=12828]
  0x0000016a5bd91cc0 WatcherThread [stack: 0x0000006545800000,0x0000006545900000] [id=15760]
  0x0000016a4f29e3b0 GCTaskThread "GC Thread#0" [stack: 0x0000006544800000,0x0000006544900000] [id=2460]
  0x0000016a5c8c6c90 GCTaskThread "GC Thread#1" [stack: 0x0000006545a00000,0x0000006545b00000] [id=8364]
  0x0000016a5c8c6f40 GCTaskThread "GC Thread#2" [stack: 0x0000006545b00000,0x0000006545c00000] [id=12984]
  0x0000016a5d58d570 GCTaskThread "GC Thread#3" [stack: 0x0000006545c00000,0x0000006545d00000] [id=5896]
  0x0000016a4f2aeef0 ConcurrentGCThread "G1 Main Marker" [stack: 0x0000006544900000,0x0000006544a00000] [id=2044]
  0x0000016a4f2af900 ConcurrentGCThread "G1 Conc#0" [stack: 0x0000006544a00000,0x0000006544b00000] [id=16268]
  0x0000016a4f304c20 ConcurrentGCThread "G1 Refine#0" [stack: 0x0000006544b00000,0x0000006544c00000] [id=5816]
  0x0000016a5da07950 ConcurrentGCThread "G1 Refine#1" [stack: 0x0000006547a00000,0x0000006547b00000] [id=15988]
  0x0000016a5da06dd0 ConcurrentGCThread "G1 Refine#2" [stack: 0x0000006547c00000,0x0000006547d00000] [id=17336]
  0x0000016a5da070b0 ConcurrentGCThread "G1 Refine#3" [stack: 0x0000006548000000,0x0000006548100000] [id=3256]
  0x0000016a4f305640 ConcurrentGCThread "G1 Service" [stack: 0x0000006544c00000,0x0000006544d00000] [id=5448]

Threads with active compile tasks:

VM state: at safepoint (normal execution)

VM Mutex/Monitor currently owned by a thread:  ([mutex/lock_event])
[0x0000016a4d1679a0] Threads_lock - owner thread: 0x0000016a5bd6eec0
[0x0000016a4f22d840] Heap_lock - owner thread: 0x0000016a5dd25eb0

Heap address: 0x0000000082000000, size: 2016 MB, Compressed Oops mode: 32-bit

CDS archive(s) not mapped
Compressed class space mapped at: 0x0000000100000000-0x0000000140000000, reserved size: 1073741824
Narrow klass base: 0x0000000000000000, Narrow klass shift: 3, Narrow klass range: 0x140000000

GC Precious Log:
 CPUs: 4 total, 4 available
 Memory: 8060M
 Large Page Support: Disabled
 NUMA Support: Disabled
 Compressed Oops: Enabled (32-bit)
 Heap Region Size: 1M
 Heap Min Capacity: 8M
 Heap Initial Capacity: 126M
 Heap Max Capacity: 2016M
 Pre-touch: Disabled
 Parallel Workers: 4
 Concurrent Workers: 1
 Concurrent Refinement Workers: 4
 Periodic GC: Disabled

Heap:
 garbage-first heap   total 102400K, used 30658K [0x0000000082000000, 0x0000000100000000)
  region size 1024K, 1 young (1024K), 0 survivors (0K)
 Metaspace       used 59973K, committed 60480K, reserved 1105920K
  class space    used 8028K, committed 8256K, reserved 1048576K

Heap Regions: E=young(eden), S=young(survivor), O=old, HS=humongous(starts), HC=humongous(continues), CS=collection set, F=free, OA=open archive, CA=closed archive, TAMS=top-at-mark-start (previous, next)
|   0|0x0000000082000000, 0x00000000820ffff8, 0x0000000082100000| 99%| O|  |TAMS 0x00000000820ffff8, 0x0000000082000000| Untracked 
|   1|0x0000000082100000, 0x0000000082200000, 0x0000000082200000|100%| O|  |TAMS 0x0000000082200000, 0x0000000082100000| Untracked 
|   2|0x0000000082200000, 0x0000000082300000, 0x0000000082300000|100%| O|  |TAMS 0x0000000082300000, 0x0000000082200000| Untracked 
|   3|0x0000000082300000, 0x0000000082400000, 0x0000000082400000|100%| O|  |TAMS 0x0000000082400000, 0x0000000082300000| Untracked 
|   4|0x0000000082400000, 0x0000000082500000, 0x0000000082500000|100%| O|  |TAMS 0x0000000082500000, 0x0000000082400000| Untracked 
|   5|0x0000000082500000, 0x0000000082600000, 0x0000000082600000|100%| O|  |TAMS 0x0000000082600000, 0x0000000082500000| Untracked 
|   6|0x0000000082600000, 0x00000000826fffe0, 0x0000000082700000| 99%| O|  |TAMS 0x00000000826fffe0, 0x0000000082600000| Untracked 
|   7|0x0000000082700000, 0x00000000827ffff8, 0x0000000082800000| 99%| O|  |TAMS 0x00000000827ffff8, 0x0000000082700000| Untracked 
|   8|0x0000000082800000, 0x00000000828fff98, 0x0000000082900000| 99%| O|  |TAMS 0x00000000828fff98, 0x0000000082800000| Untracked 
|   9|0x0000000082900000, 0x00000000829fffc0, 0x0000000082a00000| 99%| O|  |TAMS 0x00000000829fffc0, 0x0000000082900000| Untracked 
|  10|0x0000000082a00000, 0x0000000082afffd0, 0x0000000082b00000| 99%| O|  |TAMS 0x0000000082afffd0, 0x0000000082a00000| Untracked 
|  11|0x0000000082b00000, 0x0000000082bfffd0, 0x0000000082c00000| 99%| O|  |TAMS 0x0000000082bfffd0, 0x0000000082b00000| Untracked 
|  12|0x0000000082c00000, 0x0000000082cffff8, 0x0000000082d00000| 99%| O|  |TAMS 0x0000000082cffff8, 0x0000000082c00000| Untracked 
|  13|0x0000000082d00000, 0x0000000082e00000, 0x0000000082e00000|100%| O|  |TAMS 0x0000000082e00000, 0x0000000082d00000| Untracked 
|  14|0x0000000082e00000, 0x0000000082efff98, 0x0000000082f00000| 99%| O|  |TAMS 0x0000000082efff98, 0x0000000082e00000| Untracked 
|  15|0x0000000082f00000, 0x0000000082fffff8, 0x0000000083000000| 99%| O|  |TAMS 0x0000000082fffff8, 0x0000000082f00000| Untracked 
|  16|0x0000000083000000, 0x0000000083100000, 0x0000000083100000|100%| O|  |TAMS 0x0000000083100000, 0x0000000083000000| Untracked 
|  17|0x0000000083100000, 0x00000000831ffff8, 0x0000000083200000| 99%| O|  |TAMS 0x00000000831ffff8, 0x0000000083100000| Untracked 
|  18|0x0000000083200000, 0x00000000832fff30, 0x0000000083300000| 99%| O|  |TAMS 0x00000000832fff30, 0x0000000083200000| Untracked 
|  19|0x0000000083300000, 0x00000000833fffc8, 0x0000000083400000| 99%| O|  |TAMS 0x00000000833fffc8, 0x0000000083300000| Untracked 
|  20|0x0000000083400000, 0x00000000834fffd0, 0x0000000083500000| 99%| O|  |TAMS 0x00000000834fffd0, 0x0000000083400000| Untracked 
|  21|0x0000000083500000, 0x00000000835fffe8, 0x0000000083600000| 99%| O|  |TAMS 0x00000000835fffe8, 0x0000000083500000| Untracked 
|  22|0x0000000083600000, 0x0000000083700000, 0x0000000083700000|100%| O|  |TAMS 0x0000000083700000, 0x0000000083600000| Untracked 
|  23|0x0000000083700000, 0x00000000837ffff8, 0x0000000083800000| 99%| O|  |TAMS 0x00000000837ffff8, 0x0000000083700000| Untracked 
|  24|0x0000000083800000, 0x00000000838fffd0, 0x0000000083900000| 99%| O|  |TAMS 0x00000000838fffd0, 0x0000000083800000| Untracked 
|  25|0x0000000083900000, 0x00000000839ffff8, 0x0000000083a00000| 99%| O|  |TAMS 0x00000000839ffff8, 0x0000000083900000| Untracked 
|  26|0x0000000083a00000, 0x0000000083af0c78, 0x0000000083b00000| 94%| O|  |TAMS 0x0000000083a00000, 0x0000000083a00000| Untracked 
|  27|0x0000000083b00000, 0x0000000083b00068, 0x0000000083c00000|  0%| O|  |TAMS 0x0000000083b00000, 0x0000000083b00000| Untracked 
|  28|0x0000000083c00000, 0x0000000083c00000, 0x0000000083d00000|  0%| F|  |TAMS 0x0000000083c00000, 0x0000000083c00000| Untracked 
|  29|0x0000000083d00000, 0x0000000083dfffd0, 0x0000000083e00000| 99%| O|  |TAMS 0x0000000083dfffd0, 0x0000000083d00000| Untracked 
|  30|0x0000000083e00000, 0x0000000083e00000, 0x0000000083f00000|  0%| F|  |TAMS 0x0000000083e00000, 0x0000000083e00000| Untracked 
|  31|0x0000000083f00000, 0x0000000083fffff8, 0x0000000084000000| 99%| O|  |TAMS 0x0000000083fffff8, 0x0000000083f00000| Untracked 
|  32|0x0000000084000000, 0x0000000084000000, 0x0000000084100000|  0%| F|  |TAMS 0x0000000084000000, 0x0000000084000000| Untracked 
|  33|0x0000000084100000, 0x0000000084100000, 0x0000000084200000|  0%| F|  |TAMS 0x0000000084100000, 0x0000000084100000| Untracked 
|  34|0x0000000084200000, 0x0000000084200000, 0x0000000084300000|  0%| F|  |TAMS 0x0000000084200000, 0x0000000084200000| Untracked 
|  35|0x0000000084300000, 0x0000000084400000, 0x0000000084400000|100%| O|  |TAMS 0x0000000084400000, 0x0000000084300000| Untracked 
|  36|0x0000000084400000, 0x0000000084400000, 0x0000000084500000|  0%| F|  |TAMS 0x0000000084400000, 0x0000000084400000| Untracked 
|  37|0x0000000084500000, 0x0000000084500000, 0x0000000084600000|  0%| F|  |TAMS 0x0000000084500000, 0x0000000084500000| Untracked 
|  38|0x0000000084600000, 0x0000000084600000, 0x0000000084700000|  0%| F|  |TAMS 0x0000000084600000, 0x0000000084600000| Untracked 
|  39|0x0000000084700000, 0x0000000084700000, 0x0000000084800000|  0%| F|  |TAMS 0x0000000084700000, 0x0000000084700000| Untracked 
|  40|0x0000000084800000, 0x0000000084800000, 0x0000000084900000|  0%| F|  |TAMS 0x0000000084800000, 0x0000000084800000| Untracked 
|  41|0x0000000084900000, 0x0000000084900000, 0x0000000084a00000|  0%| F|  |TAMS 0x0000000084900000, 0x0000000084900000| Untracked 
|  42|0x0000000084a00000, 0x0000000084a00000, 0x0000000084b00000|  0%| F|  |TAMS 0x0000000084a00000, 0x0000000084a00000| Untracked 
|  43|0x0000000084b00000, 0x0000000084b00000, 0x0000000084c00000|  0%| F|  |TAMS 0x0000000084b00000, 0x0000000084b00000| Untracked 
|  44|0x0000000084c00000, 0x0000000084c00000, 0x0000000084d00000|  0%| F|  |TAMS 0x0000000084c00000, 0x0000000084c00000| Untracked 
|  45|0x0000000084d00000, 0x0000000084d00000, 0x0000000084e00000|  0%| F|  |TAMS 0x0000000084d00000, 0x0000000084d00000| Untracked 
|  46|0x0000000084e00000, 0x0000000084e00000, 0x0000000084f00000|  0%| F|  |TAMS 0x0000000084e00000, 0x0000000084e00000| Untracked 
|  47|0x0000000084f00000, 0x0000000084f00000, 0x0000000085000000|  0%| F|  |TAMS 0x0000000084f00000, 0x0000000084f00000| Untracked 
|  48|0x0000000085000000, 0x0000000085000000, 0x0000000085100000|  0%| F|  |TAMS 0x0000000085000000, 0x0000000085000000| Untracked 
|  49|0x0000000085100000, 0x0000000085100000, 0x0000000085200000|  0%| F|  |TAMS 0x0000000085100000, 0x0000000085100000| Untracked 
|  50|0x0000000085200000, 0x0000000085200000, 0x0000000085300000|  0%| F|  |TAMS 0x0000000085200000, 0x0000000085200000| Untracked 
|  51|0x0000000085300000, 0x0000000085300000, 0x0000000085400000|  0%| F|  |TAMS 0x0000000085300000, 0x0000000085300000| Untracked 
|  52|0x0000000085400000, 0x0000000085400000, 0x0000000085500000|  0%| F|  |TAMS 0x0000000085400000, 0x0000000085400000| Untracked 
|  53|0x0000000085500000, 0x0000000085500000, 0x0000000085600000|  0%| F|  |TAMS 0x0000000085500000, 0x0000000085500000| Untracked 
|  54|0x0000000085600000, 0x0000000085600000, 0x0000000085700000|  0%| F|  |TAMS 0x0000000085600000, 0x0000000085600000| Untracked 
|  55|0x0000000085700000, 0x0000000085700000, 0x0000000085800000|  0%| F|  |TAMS 0x0000000085700000, 0x0000000085700000| Untracked 
|  56|0x0000000085800000, 0x0000000085800000, 0x0000000085900000|  0%| F|  |TAMS 0x0000000085800000, 0x0000000085800000| Untracked 
|  57|0x0000000085900000, 0x0000000085900000, 0x0000000085a00000|  0%| F|  |TAMS 0x0000000085900000, 0x0000000085900000| Untracked 
|  58|0x0000000085a00000, 0x0000000085a00000, 0x0000000085b00000|  0%| F|  |TAMS 0x0000000085a00000, 0x0000000085a00000| Untracked 
|  59|0x0000000085b00000, 0x0000000085b00000, 0x0000000085c00000|  0%| F|  |TAMS 0x0000000085b00000, 0x0000000085b00000| Untracked 
|  60|0x0000000085c00000, 0x0000000085c00000, 0x0000000085d00000|  0%| F|  |TAMS 0x0000000085c00000, 0x0000000085c00000| Untracked 
|  61|0x0000000085d00000, 0x0000000085d00000, 0x0000000085e00000|  0%| F|  |TAMS 0x0000000085d00000, 0x0000000085d00000| Untracked 
|  62|0x0000000085e00000, 0x0000000085e00000, 0x0000000085f00000|  0%| F|  |TAMS 0x0000000085e00000, 0x0000000085e00000| Untracked 
|  63|0x0000000085f00000, 0x0000000085f00000, 0x0000000086000000|  0%| F|  |TAMS 0x0000000085f00000, 0x0000000085f00000| Untracked 
|  64|0x0000000086000000, 0x0000000086000000, 0x0000000086100000|  0%| F|  |TAMS 0x0000000086000000, 0x0000000086000000| Untracked 
|  65|0x0000000086100000, 0x0000000086100000, 0x0000000086200000|  0%| F|  |TAMS 0x0000000086100000, 0x0000000086100000| Untracked 
|  66|0x0000000086200000, 0x0000000086200000, 0x0000000086300000|  0%| F|  |TAMS 0x0000000086200000, 0x0000000086200000| Untracked 
|  67|0x0000000086300000, 0x0000000086300000, 0x0000000086400000|  0%| F|  |TAMS 0x0000000086300000, 0x0000000086300000| Untracked 
|  68|0x0000000086400000, 0x0000000086400000, 0x0000000086500000|  0%| F|  |TAMS 0x0000000086400000, 0x0000000086400000| Untracked 
|  69|0x0000000086500000, 0x0000000086500000, 0x0000000086600000|  0%| F|  |TAMS 0x0000000086500000, 0x0000000086500000| Untracked 
|  70|0x0000000086600000, 0x0000000086600000, 0x0000000086700000|  0%| F|  |TAMS 0x0000000086600000, 0x0000000086600000| Untracked 
|  71|0x0000000086700000, 0x0000000086700000, 0x0000000086800000|  0%| F|  |TAMS 0x0000000086700000, 0x0000000086700000| Untracked 
|  72|0x0000000086800000, 0x0000000086800000, 0x0000000086900000|  0%| F|  |TAMS 0x0000000086800000, 0x0000000086800000| Untracked 
|  73|0x0000000086900000, 0x0000000086900000, 0x0000000086a00000|  0%| F|  |TAMS 0x0000000086900000, 0x0000000086900000| Untracked 
|  74|0x0000000086a00000, 0x0000000086a00000, 0x0000000086b00000|  0%| F|  |TAMS 0x0000000086a00000, 0x0000000086a00000| Untracked 
|  75|0x0000000086b00000, 0x0000000086b00000, 0x0000000086c00000|  0%| F|  |TAMS 0x0000000086b00000, 0x0000000086b00000| Untracked 
|  76|0x0000000086c00000, 0x0000000086c00000, 0x0000000086d00000|  0%| F|  |TAMS 0x0000000086c00000, 0x0000000086c00000| Untracked 
|  77|0x0000000086d00000, 0x0000000086d00000, 0x0000000086e00000|  0%| F|  |TAMS 0x0000000086d00000, 0x0000000086d00000| Untracked 
|  78|0x0000000086e00000, 0x0000000086e00000, 0x0000000086f00000|  0%| F|  |TAMS 0x0000000086e00000, 0x0000000086e00000| Untracked 
|  79|0x0000000086f00000, 0x0000000086f00000, 0x0000000087000000|  0%| F|  |TAMS 0x0000000086f00000, 0x0000000086f00000| Untracked 
|  80|0x0000000087000000, 0x0000000087000000, 0x0000000087100000|  0%| F|  |TAMS 0x0000000087000000, 0x0000000087000000| Untracked 
|  81|0x0000000087100000, 0x0000000087100000, 0x0000000087200000|  0%| F|  |TAMS 0x0000000087100000, 0x0000000087100000| Untracked 
|  82|0x0000000087200000, 0x0000000087200000, 0x0000000087300000|  0%| F|  |TAMS 0x0000000087200000, 0x0000000087200000| Untracked 
|  83|0x0000000087300000, 0x0000000087300000, 0x0000000087400000|  0%| F|  |TAMS 0x0000000087300000, 0x0000000087300000| Untracked 
|  84|0x0000000087400000, 0x0000000087400000, 0x0000000087500000|  0%| F|  |TAMS 0x0000000087400000, 0x0000000087400000| Untracked 
|  85|0x0000000087500000, 0x0000000087500000, 0x0000000087600000|  0%| F|  |TAMS 0x0000000087500000, 0x0000000087500000| Untracked 
|  86|0x0000000087600000, 0x0000000087600000, 0x0000000087700000|  0%| F|  |TAMS 0x0000000087600000, 0x0000000087600000| Untracked 
|  87|0x0000000087700000, 0x0000000087700000, 0x0000000087800000|  0%| F|  |TAMS 0x0000000087700000, 0x0000000087700000| Untracked 
|  88|0x0000000087800000, 0x0000000087800000, 0x0000000087900000|  0%| F|  |TAMS 0x0000000087800000, 0x0000000087800000| Untracked 
|  89|0x0000000087900000, 0x0000000087900000, 0x0000000087a00000|  0%| F|  |TAMS 0x0000000087900000, 0x0000000087900000| Untracked 
|  90|0x0000000087a00000, 0x0000000087a00000, 0x0000000087b00000|  0%| F|  |TAMS 0x0000000087a00000, 0x0000000087a00000| Untracked 
|  91|0x0000000087b00000, 0x0000000087b00000, 0x0000000087c00000|  0%| F|  |TAMS 0x0000000087b00000, 0x0000000087b00000| Untracked 
|  92|0x0000000087c00000, 0x0000000087c00000, 0x0000000087d00000|  0%| F|  |TAMS 0x0000000087c00000, 0x0000000087c00000| Untracked 
|  93|0x0000000087d00000, 0x0000000087d00000, 0x0000000087e00000|  0%| F|  |TAMS 0x0000000087d00000, 0x0000000087d00000| Untracked 
|  94|0x0000000087e00000, 0x0000000087e00000, 0x0000000087f00000|  0%| F|  |TAMS 0x0000000087e00000, 0x0000000087e00000| Untracked 
|  95|0x0000000087f00000, 0x0000000087f00000, 0x0000000088000000|  0%| F|  |TAMS 0x0000000087f00000, 0x0000000087f00000| Untracked 
|  96|0x0000000088000000, 0x0000000088000000, 0x0000000088100000|  0%| F|  |TAMS 0x0000000088000000, 0x0000000088000000| Untracked 
|  97|0x0000000088100000, 0x0000000088100000, 0x0000000088200000|  0%| F|  |TAMS 0x0000000088100000, 0x0000000088100000| Untracked 
|  98|0x0000000088200000, 0x0000000088200000, 0x0000000088300000|  0%| F|  |TAMS 0x0000000088200000, 0x0000000088200000| Untracked 
|  99|0x0000000088300000, 0x0000000088331840, 0x0000000088400000| 19%| E|  |TAMS 0x0000000088300000, 0x0000000088300000| Complete 

Card table byte_map: [0x0000016a552c0000,0x0000016a556b0000] _byte_map_base: 0x0000016a54eb0000

Marking Bits (Prev, Next): (CMBitMap*) 0x0000016a4f29e9c0, (CMBitMap*) 0x0000016a4f29ea00
 Prev Bits: [0x0000016a55aa0000, 0x0000016a57a20000)
 Next Bits: [0x0000016a57a20000, 0x0000016a599a0000)

Polling page: 0x0000016a4ea10000

Metaspace:

Usage:
  Non-class:     50.73 MB used.
      Class:      7.84 MB used.
       Both:     58.57 MB used.

Virtual space:
  Non-class space:       56.00 MB reserved,      51.00 MB ( 91%) committed,  7 nodes.
      Class space:        1.00 GB reserved,       8.06 MB ( <1%) committed,  1 nodes.
             Both:        1.05 GB reserved,      59.06 MB (  5%) committed. 

Chunk freelists:
   Non-Class:  739.00 KB
       Class:  3.97 MB
        Both:  4.69 MB

MaxMetaspaceSize: unlimited
CompressedClassSpaceSize: 1.00 GB
Initial GC threshold: 21.00 MB
Current GC threshold: 98.44 MB
CDS: off
MetaspaceReclaimPolicy: balanced
 - commit_granule_bytes: 65536.
 - commit_granule_words: 8192.
 - virtual_space_node_default_size: 1048576.
 - enlarge_chunks_in_place: 1.
 - new_chunks_are_fully_committed: 0.
 - uncommit_free_chunks: 1.
 - use_allocation_guard: 0.
 - handle_deallocations: 1.


Internal statistics:

num_allocs_failed_limit: 9.
num_arena_births: 604.
num_arena_deaths: 184.
num_vsnodes_births: 8.
num_vsnodes_deaths: 0.
num_space_committed: 945.
num_space_uncommitted: 0.
num_chunks_returned_to_freelist: 220.
num_chunks_taken_from_freelist: 2607.
num_chunk_merges: 73.
num_chunk_splits: 1844.
num_chunks_enlarged: 1381.
num_purges: 8.
num_inconsistent_stats: 0.

CodeCache: size=49152Kb used=13326Kb max_used=13713Kb free=35825Kb
 bounds [0x0000016a51ed0000, 0x0000016a52c40000, 0x0000016a54ed0000]
 total_blobs=7761 nmethods=7135 adapters=551
 compilation: enabled
              stopped_count=0, restarted_count=0
 full_count=0

Compilation events (20 events):
Event: 3830.927 Thread 0x0000016a5c809470 7125       1       java.time.temporal.TemporalQueries::chronology (4 bytes)
Event: 3830.927 Thread 0x0000016a5c809470 nmethod 7125 0x0000016a522de990 code [0x0000016a522deb20, 0x0000016a522debd8]
Event: 3830.928 Thread 0x0000016a5c809470 7126       1       java.time.format.DateTimeFormatterBuilder$NumberPrinterParser::format (365 bytes)
Event: 3830.936 Thread 0x0000016a5c809470 nmethod 7126 0x0000016a522dd090 code [0x0000016a522dd3e0, 0x0000016a522de048]
Event: 3830.936 Thread 0x0000016a5c809470 7127       1       java.time.format.DateTimeFormatterBuilder$NumberPrinterParser::getValue (2 bytes)
Event: 3830.936 Thread 0x0000016a5c809470 nmethod 7127 0x0000016a522dcd90 code [0x0000016a522dcf20, 0x0000016a522dcff8]
Event: 3830.937 Thread 0x0000016a5c809470 7128       1       java.time.format.DateTimeFormatterBuilder$CharLiteralPrinterParser::format (11 bytes)
Event: 3830.937 Thread 0x0000016a5c809470 nmethod 7128 0x0000016a522dca10 code [0x0000016a522dcba0, 0x0000016a522dcc88]
Event: 3830.937 Thread 0x0000016a5c809470 7129       1       java.math.BigDecimal::add (189 bytes)
Event: 3830.940 Thread 0x0000016a5c809470 nmethod 7129 0x0000016a522dbd10 code [0x0000016a522dbfa0, 0x0000016a522dc688]
Event: 3830.940 Thread 0x0000016a5c809470 7130       1       java.math.BigDecimal::add (42 bytes)
Event: 3830.942 Thread 0x0000016a5c809470 nmethod 7130 0x0000016a522db510 code [0x0000016a522db700, 0x0000016a522dbae8]
Event: 3833.615 Thread 0x0000016a5c809470 7131       1       com.google.gson.internal.$Gson$Types$ParameterizedTypeImpl::getActualTypeArguments (11 bytes)
Event: 3833.616 Thread 0x0000016a5c809470 nmethod 7131 0x0000016a522db190 code [0x0000016a522db320, 0x0000016a522db468]
Event: 3833.616 Thread 0x0000016a5c809470 7132   !   1       com.google.gson.Gson::toJson (158 bytes)
Event: 3833.620 Thread 0x0000016a5c809470 nmethod 7132 0x0000016a522da110 code [0x0000016a522da360, 0x0000016a522dabd8]
Event: 3835.966 Thread 0x0000016a5c809470 7133       1       java.util.concurrent.CompletableFuture::completeValue (20 bytes)
Event: 3835.967 Thread 0x0000016a5c809470 nmethod 7133 0x0000016a522d9a10 code [0x0000016a522d9be0, 0x0000016a522d9f58]
Event: 4254.088 Thread 0x0000016a5c809470 7134       1       java.lang.ProcessImpl::waitFor (136 bytes)
Event: 4254.091 Thread 0x0000016a5c809470 nmethod 7134 0x0000016a522d8d90 code [0x0000016a522d8fa0, 0x0000016a522d9398]

GC Heap History (20 events):
Event: 6824.804 GC heap before
{Heap before GC invocations=668 (full 631):
 garbage-first heap   total 102400K, used 30658K [0x0000000082000000, 0x0000000100000000)
  region size 1024K, 1 young (1024K), 0 survivors (0K)
 Metaspace       used 59973K, committed 60480K, reserved 1105920K
  class space    used 8028K, committed 8256K, reserved 1048576K
}
Event: 6824.854 GC heap after
{Heap after GC invocations=669 (full 632):
 garbage-first heap   total 102400K, used 30658K [0x0000000082000000, 0x0000000100000000)
  region size 1024K, 0 young (0K), 0 survivors (0K)
 Metaspace       used 59973K, committed 60480K, reserved 1105920K
  class space    used 8028K, committed 8256K, reserved 1048576K
}
Event: 6835.384 GC heap before
{Heap before GC invocations=669 (full 632):
 garbage-first heap   total 102400K, used 30658K [0x0000000082000000, 0x0000000100000000)
  region size 1024K, 1 young (1024K), 0 survivors (0K)
 Metaspace       used 59973K, committed 60480K, reserved 1105920K
  class space    used 8028K, committed 8256K, reserved 1048576K
}
Event: 6835.440 GC heap after
{Heap after GC invocations=670 (full 633):
 garbage-first heap   total 102400K, used 30658K [0x0000000082000000, 0x0000000100000000)
  region size 1024K, 0 young (0K), 0 survivors (0K)
 Metaspace       used 59973K, committed 60480K, reserved 1105920K
  class space    used 8028K, committed 8256K, reserved 1048576K
}
Event: 6845.658 GC heap before
{Heap before GC invocations=670 (full 633):
 garbage-first heap   total 102400K, used 30658K [0x0000000082000000, 0x0000000100000000)
  region size 1024K, 1 young (1024K), 0 survivors (0K)
 Metaspace       used 59973K, committed 60480K, reserved 1105920K
  class space    used 8028K, committed 8256K, reserved 1048576K
}
Event: 6845.707 GC heap after
{Heap after GC invocations=671 (full 634):
 garbage-first heap   total 102400K, used 30658K [0x0000000082000000, 0x0000000100000000)
  region size 1024K, 0 young (0K), 0 survivors (0K)
 Metaspace       used 59973K, committed 60480K, reserved 1105920K
  class space    used 8028K, committed 8256K, reserved 1048576K
}
Event: 6855.880 GC heap before
{Heap before GC invocations=671 (full 634):
 garbage-first heap   total 102400K, used 30658K [0x0000000082000000, 0x0000000100000000)
  region size 1024K, 1 young (1024K), 0 survivors (0K)
 Metaspace       used 59973K, committed 60480K, reserved 1105920K
  class space    used 8028K, committed 8256K, reserved 1048576K
}
Event: 6855.929 GC heap after
{Heap after GC invocations=672 (full 635):
 garbage-first heap   total 102400K, used 30658K [0x0000000082000000, 0x0000000100000000)
  region size 1024K, 0 young (0K), 0 survivors (0K)
 Metaspace       used 59973K, committed 60480K, reserved 1105920K
  class space    used 8028K, committed 8256K, reserved 1048576K
}
Event: 6866.425 GC heap before
{Heap before GC invocations=672 (full 635):
 garbage-first heap   total 102400K, used 30658K [0x0000000082000000, 0x0000000100000000)
  region size 1024K, 1 young (1024K), 0 survivors (0K)
 Metaspace       used 59973K, committed 60480K, reserved 1105920K
  class space    used 8028K, committed 8256K, reserved 1048576K
}
Event: 6866.479 GC heap after
{Heap after GC invocations=673 (full 636):
 garbage-first heap   total 102400K, used 30658K [0x0000000082000000, 0x0000000100000000)
  region size 1024K, 0 young (0K), 0 survivors (0K)
 Metaspace       used 59973K, committed 60480K, reserved 1105920K
  class space    used 8028K, committed 8256K, reserved 1048576K
}
Event: 6876.862 GC heap before
{Heap before GC invocations=673 (full 636):
 garbage-first heap   total 102400K, used 30658K [0x0000000082000000, 0x0000000100000000)
  region size 1024K, 1 young (1024K), 0 survivors (0K)
 Metaspace       used 59973K, committed 60480K, reserved 1105920K
  class space    used 8028K, committed 8256K, reserved 1048576K
}
Event: 6876.910 GC heap after
{Heap after GC invocations=674 (full 637):
 garbage-first heap   total 102400K, used 30658K [0x0000000082000000, 0x0000000100000000)
  region size 1024K, 0 young (0K), 0 survivors (0K)
 Metaspace       used 59973K, committed 60480K, reserved 1105920K
  class space    used 8028K, committed 8256K, reserved 1048576K
}
Event: 6887.087 GC heap before
{Heap before GC invocations=674 (full 637):
 garbage-first heap   total 102400K, used 30658K [0x0000000082000000, 0x0000000100000000)
  region size 1024K, 1 young (1024K), 0 survivors (0K)
 Metaspace       used 59973K, committed 60480K, reserved 1105920K
  class space    used 8028K, committed 8256K, reserved 1048576K
}
Event: 6887.141 GC heap after
{Heap after GC invocations=675 (full 638):
 garbage-first heap   total 102400K, used 30658K [0x0000000082000000, 0x0000000100000000)
  region size 1024K, 0 young (0K), 0 survivors (0K)
 Metaspace       used 59973K, committed 60480K, reserved 1105920K
  class space    used 8028K, committed 8256K, reserved 1048576K
}
Event: 6897.313 GC heap before
{Heap before GC invocations=675 (full 638):
 garbage-first heap   total 102400K, used 30658K [0x0000000082000000, 0x0000000100000000)
  region size 1024K, 1 young (1024K), 0 survivors (0K)
 Metaspace       used 59973K, committed 60480K, reserved 1105920K
  class space    used 8028K, committed 8256K, reserved 1048576K
}
Event: 6897.364 GC heap after
{Heap after GC invocations=676 (full 639):
 garbage-first heap   total 102400K, used 30658K [0x0000000082000000, 0x0000000100000000)
  region size 1024K, 0 young (0K), 0 survivors (0K)
 Metaspace       used 59973K, committed 60480K, reserved 1105920K
  class space    used 8028K, committed 8256K, reserved 1048576K
}
Event: 6907.572 GC heap before
{Heap before GC invocations=676 (full 639):
 garbage-first heap   total 102400K, used 30658K [0x0000000082000000, 0x0000000100000000)
  region size 1024K, 1 young (1024K), 0 survivors (0K)
 Metaspace       used 59973K, committed 60480K, reserved 1105920K
  class space    used 8028K, committed 8256K, reserved 1048576K
}
Event: 6907.620 GC heap after
{Heap after GC invocations=677 (full 640):
 garbage-first heap   total 102400K, used 30658K [0x0000000082000000, 0x0000000100000000)
  region size 1024K, 0 young (0K), 0 survivors (0K)
 Metaspace       used 59973K, committed 60480K, reserved 1105920K
  class space    used 8028K, committed 8256K, reserved 1048576K
}
Event: 6918.680 GC heap before
{Heap before GC invocations=677 (full 640):
 garbage-first heap   total 102400K, used 30658K [0x0000000082000000, 0x0000000100000000)
  region size 1024K, 1 young (1024K), 0 survivors (0K)
 Metaspace       used 59973K, committed 60480K, reserved 1105920K
  class space    used 8028K, committed 8256K, reserved 1048576K
}
Event: 6918.735 GC heap after
{Heap after GC invocations=678 (full 641):
 garbage-first heap   total 102400K, used 30658K [0x0000000082000000, 0x0000000100000000)
  region size 1024K, 0 young (0K), 0 survivors (0K)
 Metaspace       used 59973K, committed 60480K, reserved 1105920K
  class space    used 8028K, committed 8256K, reserved 1048576K
}

Dll operation events (8 events):
Event: 0.013 Loaded shared library c:\Users\Alexis\.vscode\extensions\redhat.java-1.13.0-win32-x64\jre\17.0.5-win32-x86_64\bin\java.dll
Event: 0.709 Loaded shared library C:\Users\Alexis\.vscode\extensions\redhat.java-1.13.0-win32-x64\jre\17.0.5-win32-x86_64\bin\net.dll
Event: 0.711 Loaded shared library C:\Users\Alexis\.vscode\extensions\redhat.java-1.13.0-win32-x64\jre\17.0.5-win32-x86_64\bin\nio.dll
Event: 1.084 Loaded shared library C:\Users\Alexis\.vscode\extensions\redhat.java-1.13.0-win32-x64\jre\17.0.5-win32-x86_64\bin\zip.dll
Event: 6.579 Loaded shared library C:\Users\Alexis\.vscode\extensions\redhat.java-1.13.0-win32-x64\jre\17.0.5-win32-x86_64\bin\jimage.dll
Event: 8.032 Loaded shared library c:\Users\Alexis\.vscode\extensions\redhat.java-1.13.0-win32-x64\jre\17.0.5-win32-x86_64\bin\verify.dll
Event: 16.295 Loaded shared library C:\Users\Alexis\.vscode\extensions\redhat.java-1.13.0-win32-x64\jre\17.0.5-win32-x86_64\bin\management.dll
Event: 16.316 Loaded shared library C:\Users\Alexis\.vscode\extensions\redhat.java-1.13.0-win32-x64\jre\17.0.5-win32-x86_64\bin\management_ext.dll

Deoptimization events (20 events):
Event: 16.803 Thread 0x0000016a5dc37300 DEOPT PACKING pc=0x0000016a523e8f81 sp=0x00000065461fd980
Event: 16.803 Thread 0x0000016a5dc37300 DEOPT UNPACKING pc=0x0000016a51f22b43 sp=0x00000065461fce10 mode 3
Event: 17.349 Thread 0x0000016a5defc560 DEOPT PACKING pc=0x0000016a523e2e17 sp=0x00000065472fef50
Event: 17.349 Thread 0x0000016a5defc560 DEOPT UNPACKING pc=0x0000016a51f22b43 sp=0x00000065472fe3a8 mode 3
Event: 18.601 Thread 0x0000016a5defa880 DEOPT PACKING pc=0x0000016a528742ee sp=0x00000065467fd7e0
Event: 18.601 Thread 0x0000016a5defa880 DEOPT UNPACKING pc=0x0000016a51f22b43 sp=0x00000065467fccd8 mode 3
Event: 23.444 Thread 0x0000016a5defbbc0 DEOPT PACKING pc=0x0000016a523bc4d2 sp=0x00000065466fce00
Event: 23.444 Thread 0x0000016a5defbbc0 DEOPT UNPACKING pc=0x0000016a51f22b43 sp=0x00000065466fc308 mode 3
Event: 23.965 Thread 0x0000016a5defbbc0 DEOPT PACKING pc=0x0000016a52bbff74 sp=0x00000065466fe220
Event: 23.965 Thread 0x0000016a5defbbc0 DEOPT UNPACKING pc=0x0000016a51f22b43 sp=0x00000065466fd718 mode 0
Event: 23.965 Thread 0x0000016a5defbbc0 DEOPT PACKING pc=0x0000016a52b8cef4 sp=0x00000065466fe2f0
Event: 23.965 Thread 0x0000016a5defbbc0 DEOPT UNPACKING pc=0x0000016a51f22b43 sp=0x00000065466fd7c8 mode 0
Event: 23.965 Thread 0x0000016a5defbbc0 DEOPT PACKING pc=0x0000016a52b886a4 sp=0x00000065466fe3a0
Event: 23.965 Thread 0x0000016a5defbbc0 DEOPT UNPACKING pc=0x0000016a51f22b43 sp=0x00000065466fd920 mode 0
Event: 23.966 Thread 0x0000016a5defbbc0 DEOPT PACKING pc=0x0000016a52bd32ac sp=0x00000065466fe6c0
Event: 23.966 Thread 0x0000016a5defbbc0 DEOPT UNPACKING pc=0x0000016a51f22b43 sp=0x00000065466fdb50 mode 0
Event: 313.135 Thread 0x0000016a5dc37300 DEOPT PACKING pc=0x0000016a525149d4 sp=0x00000065461fee90
Event: 313.135 Thread 0x0000016a5dc37300 DEOPT UNPACKING pc=0x0000016a51f22b43 sp=0x00000065461fe338 mode 0
Event: 3573.457 Thread 0x0000016a5e176110 DEOPT PACKING pc=0x0000016a522fdd44 sp=0x00000065445fe340
Event: 3573.457 Thread 0x0000016a5e176110 DEOPT UNPACKING pc=0x0000016a51f22b43 sp=0x00000065445fd830 mode 3

Classes unloaded (20 events):
Event: 117.656 Thread 0x0000016a5bd6eec0 Unloading class 0x0000000100538c00 'java/lang/invoke/LambdaForm$MH+0x0000000100538c00'
Event: 117.656 Thread 0x0000016a5bd6eec0 Unloading class 0x0000000100538800 'java/lang/invoke/LambdaForm$MH+0x0000000100538800'
Event: 117.656 Thread 0x0000016a5bd6eec0 Unloading class 0x0000000100398400 'java/lang/invoke/LambdaForm$MH+0x0000000100398400'
Event: 117.656 Thread 0x0000016a5bd6eec0 Unloading class 0x0000000100356c00 'java/lang/invoke/LambdaForm$MH+0x0000000100356c00'
Event: 117.656 Thread 0x0000016a5bd6eec0 Unloading class 0x0000000100356400 'java/lang/invoke/LambdaForm$MH+0x0000000100356400'
Event: 117.656 Thread 0x0000016a5bd6eec0 Unloading class 0x0000000100356000 'java/lang/invoke/LambdaForm$MH+0x0000000100356000'
Event: 117.656 Thread 0x0000016a5bd6eec0 Unloading class 0x0000000100355c00 'java/lang/invoke/LambdaForm$MH+0x0000000100355c00'
Event: 117.656 Thread 0x0000016a5bd6eec0 Unloading class 0x0000000100355400 'java/lang/invoke/LambdaForm$MH+0x0000000100355400'
Event: 117.656 Thread 0x0000016a5bd6eec0 Unloading class 0x0000000100355000 'java/lang/invoke/LambdaForm$MH+0x0000000100355000'
Event: 117.656 Thread 0x0000016a5bd6eec0 Unloading class 0x00000001000cb800 'java/lang/invoke/LambdaForm$MH+0x00000001000cb800'
Event: 117.656 Thread 0x0000016a5bd6eec0 Unloading class 0x00000001000cb400 'java/lang/invoke/LambdaForm$MH+0x00000001000cb400'
Event: 117.656 Thread 0x0000016a5bd6eec0 Unloading class 0x00000001000cb000 'java/lang/invoke/LambdaForm$MH+0x00000001000cb000'
Event: 117.656 Thread 0x0000016a5bd6eec0 Unloading class 0x00000001000cac00 'java/lang/invoke/LambdaForm$MH+0x00000001000cac00'
Event: 117.656 Thread 0x0000016a5bd6eec0 Unloading class 0x00000001000ca800 'java/lang/invoke/LambdaForm$MH+0x00000001000ca800'
Event: 117.656 Thread 0x0000016a5bd6eec0 Unloading class 0x00000001000ca400 'java/lang/invoke/LambdaForm$MH+0x00000001000ca400'
Event: 117.656 Thread 0x0000016a5bd6eec0 Unloading class 0x00000001000c8c00 'java/lang/invoke/LambdaForm$MH+0x00000001000c8c00'
Event: 117.656 Thread 0x0000016a5bd6eec0 Unloading class 0x00000001000c8400 'java/lang/invoke/LambdaForm$MH+0x00000001000c8400'
Event: 1430.835 Thread 0x0000016a5bd6eec0 Unloading class 0x0000000100686000 'java/lang/invoke/LambdaForm$MH+0x0000000100686000'
Event: 1430.835 Thread 0x0000016a5bd6eec0 Unloading class 0x00000001007c8000 'java/lang/invoke/LambdaForm$MH+0x00000001007c8000'
Event: 1430.835 Thread 0x0000016a5bd6eec0 Unloading class 0x0000000100808400 'java/lang/invoke/LambdaForm$MH+0x0000000100808400'

Classes redefined (0 events):
No events

Internal exceptions (20 events):
Event: 23.067 Thread 0x0000016a5e174900 Exception <a 'sun/nio/fs/WindowsException'{0x00000000a98060d8}> (0x00000000a98060d8) 
thrown [s\src\hotspot\share\prims\jni.cpp, line 516]
Event: 23.067 Thread 0x0000016a5e174900 Exception <a 'sun/nio/fs/WindowsException'{0x00000000a98064b8}> (0x00000000a98064b8) 
thrown [s\src\hotspot\share\prims\jni.cpp, line 516]
Event: 23.067 Thread 0x0000016a5e174900 Exception <a 'sun/nio/fs/WindowsException'{0x00000000a9806eb8}> (0x00000000a9806eb8) 
thrown [s\src\hotspot\share\prims\jni.cpp, line 516]
Event: 23.067 Thread 0x0000016a5e174900 Exception <a 'sun/nio/fs/WindowsException'{0x00000000a9807268}> (0x00000000a9807268) 
thrown [s\src\hotspot\share\prims\jni.cpp, line 516]
Event: 23.068 Thread 0x0000016a5e174900 Exception <a 'sun/nio/fs/WindowsException'{0x00000000a9807c70}> (0x00000000a9807c70) 
thrown [s\src\hotspot\share\prims\jni.cpp, line 516]
Event: 23.068 Thread 0x0000016a5e174900 Exception <a 'sun/nio/fs/WindowsException'{0x00000000a9808030}> (0x00000000a9808030) 
thrown [s\src\hotspot\share\prims\jni.cpp, line 516]
Event: 23.068 Thread 0x0000016a5e174900 Exception <a 'sun/nio/fs/WindowsException'{0x00000000a9808a30}> (0x00000000a9808a30) 
thrown [s\src\hotspot\share\prims\jni.cpp, line 516]
Event: 23.068 Thread 0x0000016a5e174900 Exception <a 'sun/nio/fs/WindowsException'{0x00000000a9808de0}> (0x00000000a9808de0) 
thrown [s\src\hotspot\share\prims\jni.cpp, line 516]
Event: 23.068 Thread 0x0000016a5e174900 Exception <a 'sun/nio/fs/WindowsException'{0x00000000a98097e8}> (0x00000000a98097e8) 
thrown [s\src\hotspot\share\prims\jni.cpp, line 516]
Event: 23.068 Thread 0x0000016a5e174900 Exception <a 'sun/nio/fs/WindowsException'{0x00000000a9809ba8}> (0x00000000a9809ba8) 
thrown [s\src\hotspot\share\prims\jni.cpp, line 516]
Event: 23.068 Thread 0x0000016a5e174900 Exception <a 'sun/nio/fs/WindowsException'{0x00000000a980a5d0}> (0x00000000a980a5d0) 
thrown [s\src\hotspot\share\prims\jni.cpp, line 516]
Event: 23.068 Thread 0x0000016a5e174900 Exception <a 'sun/nio/fs/WindowsException'{0x00000000a980a9b0}> (0x00000000a980a9b0) 
thrown [s\src\hotspot\share\prims\jni.cpp, line 516]
Event: 23.068 Thread 0x0000016a5e174900 Exception <a 'sun/nio/fs/WindowsException'{0x00000000a980b3e8}> (0x00000000a980b3e8) 
thrown [s\src\hotspot\share\prims\jni.cpp, line 516]
Event: 23.068 Thread 0x0000016a5e174900 Exception <a 'sun/nio/fs/WindowsException'{0x00000000a980b7d8}> (0x00000000a980b7d8) 
thrown [s\src\hotspot\share\prims\jni.cpp, line 516]
Event: 23.068 Thread 0x0000016a5e174900 Exception <a 'sun/nio/fs/WindowsException'{0x00000000a980c208}> (0x00000000a980c208) 
thrown [s\src\hotspot\share\prims\jni.cpp, line 516]
Event: 23.068 Thread 0x0000016a5e174900 Exception <a 'sun/nio/fs/WindowsException'{0x00000000a980c5f8}> (0x00000000a980c5f8) 
thrown [s\src\hotspot\share\prims\jni.cpp, line 516]
Event: 23.271 Thread 0x0000016a5defbbc0 Exception <a 'java/lang/NoSuchMethodError'{0x00000000a993a378}: 'void java.lang.invoke.DirectMethodHandle$Holder.invokeStatic(java.lang.Object, java.lang.Object, java.lang.Object, java.lang.Object, java.lang.Object, java.lang.Object, java.lang.Object)'> (0x00000000a993a378) 
thrown [s\src\hotspot\share\interpreter\linkResolver.cpp, line 759]
Event: 56.305 Thread 0x0000016a5dd25eb0 Exception <a 'java/lang/NoSuchMethodError'{0x000000009f44c420}: 'void java.lang.invoke.DirectMethodHandle$Holder.invokeStatic(java.lang.Object, long)'> (0x000000009f44c420) 
thrown [s\src\hotspot\share\interpreter\linkResolver.cpp, line 759]
Event: 56.307 Thread 0x0000016a5dd25eb0 Exception <a 'java/lang/NoSuchMethodError'{0x000000009f4517c8}: 'java.lang.Object java.lang.invoke.DirectMethodHandle$Holder.newInvokeSpecial(java.lang.Object, long)'> (0x000000009f4517c8) 
thrown [s\src\hotspot\share\interpreter\linkResolver.cpp, line 759]
Event: 3573.457 Thread 0x0000016a5e176110 Implicit null exception at 0x0000016a522fd790 to 0x0000016a522fdd3f

VM Operations (20 events):
Event: 6824.854 Executing VM operation: G1CollectFull done
Event: 6835.383 Executing VM operation: G1CollectFull
Event: 6835.440 Executing VM operation: G1CollectFull done
Event: 6845.657 Executing VM operation: G1CollectFull
Event: 6845.707 Executing VM operation: G1CollectFull done
Event: 6855.879 Executing VM operation: G1CollectFull
Event: 6855.929 Executing VM operation: G1CollectFull done
Event: 6866.425 Executing VM operation: G1CollectFull
Event: 6866.479 Executing VM operation: G1CollectFull done
Event: 6876.862 Executing VM operation: G1CollectFull
Event: 6876.910 Executing VM operation: G1CollectFull done
Event: 6887.087 Executing VM operation: G1CollectFull
Event: 6887.141 Executing VM operation: G1CollectFull done
Event: 6897.313 Executing VM operation: G1CollectFull
Event: 6897.364 Executing VM operation: G1CollectFull done
Event: 6907.572 Executing VM operation: G1CollectFull
Event: 6907.620 Executing VM operation: G1CollectFull done
Event: 6918.679 Executing VM operation: G1CollectFull
Event: 6918.735 Executing VM operation: G1CollectFull done
Event: 6928.902 Executing VM operation: G1CollectFull

Events (20 events):
Event: 2307.296 Thread 0x0000016a5e179ad0 Thread added: 0x0000016a5e179ad0
Event: 2367.568 Thread 0x0000016a5e179ad0 Thread exited: 0x0000016a5e179ad0
Event: 2367.937 Thread 0x0000016a5e17bc80 Thread exited: 0x0000016a5e17bc80
Event: 2388.223 Thread 0x0000016a5e176ab0 Thread exited: 0x0000016a5e176ab0
Event: 3569.899 Thread 0x0000016a5e176110 Thread added: 0x0000016a5e176110
Event: 3569.900 Thread 0x0000016a5e174dd0 Thread added: 0x0000016a5e174dd0
Event: 3571.681 Thread 0x0000016a5e175770 Thread added: 0x0000016a5e175770
Event: 3598.553 loading class java/util/logging/LogRecord
Event: 3598.554 loading class java/util/logging/LogRecord done
Event: 3634.296 Thread 0x0000016a5e176110 Thread exited: 0x0000016a5e176110
Event: 3634.672 Thread 0x0000016a5e174dd0 Thread exited: 0x0000016a5e174dd0
Event: 3702.972 Thread 0x0000016a5e175770 Thread exited: 0x0000016a5e175770
Event: 3768.918 Thread 0x0000016a5e174900 Thread added: 0x0000016a5e174900
Event: 3770.041 loading class java/util/concurrent/CompletionException
Event: 3770.042 loading class java/util/concurrent/CompletionException done
Event: 3830.053 Thread 0x0000016a5e174900 Thread exited: 0x0000016a5e174900
Event: 3830.623 Thread 0x0000016a5e179fa0 Thread added: 0x0000016a5e179fa0
Event: 3895.976 Thread 0x0000016a5e179fa0 Thread exited: 0x0000016a5e179fa0
Event: 5099.861 Thread 0x0000016a5e17bc80 Thread added: 0x0000016a5e17bc80
Event: 5159.867 Thread 0x0000016a5e17bc80 Thread exited: 0x0000016a5e17bc80


Dynamic libraries:
0x00007ff7b27c0000 - 0x00007ff7b27ce000 	c:\Users\Alexis\.vscode\extensions\redhat.java-1.13.0-win32-x64\jre\17.0.5-win32-x86_64\bin\java.exe
0x00007ffe71b30000 - 0x00007ffe71d28000 	C:\WINDOWS\SYSTEM32\ntdll.dll
0x00007ffe70fe0000 - 0x00007ffe7109f000 	C:\WINDOWS\System32\KERNEL32.DLL
0x00007ffe6f680000 - 0x00007ffe6f952000 	C:\WINDOWS\System32\KERNELBASE.dll
0x00007ffe6f3f0000 - 0x00007ffe6f4f0000 	C:\WINDOWS\System32\ucrtbase.dll
0x00007ffe66f20000 - 0x00007ffe66f37000 	c:\Users\Alexis\.vscode\extensions\redhat.java-1.13.0-win32-x64\jre\17.0.5-win32-x86_64\bin\jli.dll
0x00007ffe70b10000 - 0x00007ffe70cb1000 	C:\WINDOWS\System32\USER32.dll
0x00007ffe6f960000 - 0x00007ffe6f982000 	C:\WINDOWS\System32\win32u.dll
0x00007ffe70020000 - 0x00007ffe7004b000 	C:\WINDOWS\System32\GDI32.dll
0x00007ffe6fa60000 - 0x00007ffe6fb6f000 	C:\WINDOWS\System32\gdi32full.dll
0x00007ffe6f9c0000 - 0x00007ffe6fa5d000 	C:\WINDOWS\System32\msvcp_win.dll
0x00007ffe66f00000 - 0x00007ffe66f19000 	c:\Users\Alexis\.vscode\extensions\redhat.java-1.13.0-win32-x64\jre\17.0.5-win32-x86_64\bin\VCRUNTIME140.dll
0x00007ffe64b10000 - 0x00007ffe64daa000 	C:\WINDOWS\WinSxS\amd64_microsoft.windows.common-controls_6595b64144ccf1df_6.0.19041.1110_none_60b5254171f9507e\COMCTL32.dll
0x00007ffe71510000 - 0x00007ffe715ae000 	C:\WINDOWS\System32\msvcrt.dll
0x00007ffe717a0000 - 0x00007ffe717d2000 	C:\WINDOWS\System32\IMM32.DLL
0x00007ffe6a3c0000 - 0x00007ffe6a3cc000 	c:\Users\Alexis\.vscode\extensions\redhat.java-1.13.0-win32-x64\jre\17.0.5-win32-x86_64\bin\vcruntime140_1.dll
0x00007ffe10520000 - 0x00007ffe105b1000 	c:\Users\Alexis\.vscode\extensions\redhat.java-1.13.0-win32-x64\jre\17.0.5-win32-x86_64\bin\msvcp140.dll
0x00007ffe0c320000 - 0x00007ffe0cf64000 	c:\Users\Alexis\.vscode\extensions\redhat.java-1.13.0-win32-x64\jre\17.0.5-win32-x86_64\bin\server\jvm.dll
0x00007ffe71a40000 - 0x00007ffe71aee000 	C:\WINDOWS\System32\ADVAPI32.dll
0x00007ffe709e0000 - 0x00007ffe70a7c000 	C:\WINDOWS\System32\sechost.dll
0x00007ffe71610000 - 0x00007ffe71735000 	C:\WINDOWS\System32\RPCRT4.dll
0x00007ffe69d50000 - 0x00007ffe69d59000 	C:\WINDOWS\SYSTEM32\WSOCK32.dll
0x00007ffe70aa0000 - 0x00007ffe70b0b000 	C:\WINDOWS\System32\WS2_32.dll
0x00007ffe66330000 - 0x00007ffe66357000 	C:\WINDOWS\SYSTEM32\WINMM.dll
0x00007ffe66590000 - 0x00007ffe6659a000 	C:\WINDOWS\SYSTEM32\VERSION.dll
0x00007ffe6d0e0000 - 0x00007ffe6d0f2000 	C:\WINDOWS\SYSTEM32\kernel.appcore.dll
0x00007ffe69630000 - 0x00007ffe6963a000 	c:\Users\Alexis\.vscode\extensions\redhat.java-1.13.0-win32-x64\jre\17.0.5-win32-x86_64\bin\jimage.dll
0x00007ffe533a0000 - 0x00007ffe53584000 	C:\WINDOWS\SYSTEM32\DBGHELP.DLL
0x00007ffe53650000 - 0x00007ffe53685000 	C:\WINDOWS\SYSTEM32\dbgcore.DLL
0x00007ffe6f4f0000 - 0x00007ffe6f572000 	C:\WINDOWS\System32\bcryptPrimitives.dll
0x00007ffe62860000 - 0x00007ffe62885000 	c:\Users\Alexis\.vscode\extensions\redhat.java-1.13.0-win32-x64\jre\17.0.5-win32-x86_64\bin\java.dll
0x00007ffe66ee0000 - 0x00007ffe66ef8000 	c:\Users\Alexis\.vscode\extensions\redhat.java-1.13.0-win32-x64\jre\17.0.5-win32-x86_64\bin\zip.dll
0x00007ffe70050000 - 0x00007ffe70794000 	C:\WINDOWS\System32\SHELL32.dll
0x00007ffe6d2e0000 - 0x00007ffe6da72000 	C:\WINDOWS\SYSTEM32\windows.storage.dll
0x00007ffe6fcc0000 - 0x00007ffe70015000 	C:\WINDOWS\System32\combase.dll
0x00007ffe6ec80000 - 0x00007ffe6ecb0000 	C:\WINDOWS\SYSTEM32\Wldp.dll
0x00007ffe70de0000 - 0x00007ffe70e8d000 	C:\WINDOWS\System32\SHCORE.dll
0x00007ffe71740000 - 0x00007ffe71795000 	C:\WINDOWS\System32\shlwapi.dll
0x00007ffe6f160000 - 0x00007ffe6f17f000 	C:\WINDOWS\SYSTEM32\profapi.dll
0x00007ffe62840000 - 0x00007ffe62859000 	C:\Users\Alexis\.vscode\extensions\redhat.java-1.13.0-win32-x64\jre\17.0.5-win32-x86_64\bin\net.dll
0x00007ffe666f0000 - 0x00007ffe667fc000 	C:\WINDOWS\SYSTEM32\WINHTTP.dll
0x00007ffe6e9e0000 - 0x00007ffe6ea4a000 	C:\WINDOWS\system32\mswsock.dll
0x00007ffe62740000 - 0x00007ffe62755000 	C:\Users\Alexis\.vscode\extensions\redhat.java-1.13.0-win32-x64\jre\17.0.5-win32-x86_64\bin\nio.dll
0x00007ffe62830000 - 0x00007ffe62840000 	c:\Users\Alexis\.vscode\extensions\redhat.java-1.13.0-win32-x64\jre\17.0.5-win32-x86_64\bin\verify.dll
0x00007ffe6ebe0000 - 0x00007ffe6ebf8000 	C:\WINDOWS\SYSTEM32\CRYPTSP.dll
0x00007ffe6e290000 - 0x00007ffe6e2c4000 	C:\WINDOWS\system32\rsaenh.dll
0x00007ffe6f990000 - 0x00007ffe6f9b7000 	C:\WINDOWS\System32\bcrypt.dll
0x00007ffe6f120000 - 0x00007ffe6f14e000 	C:\WINDOWS\SYSTEM32\USERENV.dll
0x00007ffe6ebd0000 - 0x00007ffe6ebdc000 	C:\WINDOWS\SYSTEM32\CRYPTBASE.dll
0x00007ffe6e680000 - 0x00007ffe6e6bb000 	C:\WINDOWS\SYSTEM32\IPHLPAPI.DLL
0x00007ffe6fb70000 - 0x00007ffe6fb78000 	C:\WINDOWS\System32\NSI.dll
0x00007ffe669e0000 - 0x00007ffe669f7000 	C:\WINDOWS\SYSTEM32\dhcpcsvc6.DLL
0x00007ffe66c20000 - 0x00007ffe66c3d000 	C:\WINDOWS\SYSTEM32\dhcpcsvc.DLL
0x00007ffe6e6c0000 - 0x00007ffe6e78a000 	C:\WINDOWS\SYSTEM32\DNSAPI.dll
0x00007ffe6b020000 - 0x00007ffe6b029000 	C:\Users\Alexis\.vscode\extensions\redhat.java-1.13.0-win32-x64\jre\17.0.5-win32-x86_64\bin\management.dll
0x00007ffe6b010000 - 0x00007ffe6b01b000 	C:\Users\Alexis\.vscode\extensions\redhat.java-1.13.0-win32-x64\jre\17.0.5-win32-x86_64\bin\management_ext.dll
0x00007ffe70a80000 - 0x00007ffe70a88000 	C:\WINDOWS\System32\PSAPI.DLL

dbghelp: loaded successfully - version: 4.0.5 - missing functions: none
symbol engine: initialized successfully - sym options: 0x614 - pdb path: .;c:\Users\Alexis\.vscode\extensions\redhat.java-1.13.0-win32-x64\jre\17.0.5-win32-x86_64\bin;C:\WINDOWS\SYSTEM32;C:\WINDOWS\WinSxS\amd64_microsoft.windows.common-controls_6595b64144ccf1df_6.0.19041.1110_none_60b5254171f9507e;c:\Users\Alexis\.vscode\extensions\redhat.java-1.13.0-win32-x64\jre\17.0.5-win32-x86_64\bin\server

VM Arguments:
jvm_args: -Dsts.lsp.client=vscode -Dsts.log.file=/dev/null -XX:TieredStopAtLevel=1 -Xlog:jni+resolve=off -Dspring.config.location=file:c:\Users\Alexis\.vscode\extensions\pivotal.vscode-spring-boot-1.43.0\language-server\BOOT-INF\classes\application.properties 
java_command: org.springframework.ide.vscode.boot.app.BootLanguageServerBootApp
java_class_path (initial): c:\Users\Alexis\.vscode\extensions\pivotal.vscode-spring-boot-1.43.0\language-server\BOOT-INF\classes;c:\Users\Alexis\.vscode\extensions\pivotal.vscode-spring-boot-1.43.0\language-server\BOOT-INF\lib\annotations-23.1.0.jar;c:\Users\Alexis\.vscode\extensions\pivotal.vscode-spring-boot-1.43.0\language-server\BOOT-INF\lib\ant-1.10.12.jar;c:\Users\Alexis\.vscode\extensions\pivotal.vscode-spring-boot-1.43.0\language-server\BOOT-INF\lib\ant-launcher-1.10.12.jar;c:\Users\Alexis\.vscode\extensions\pivotal.vscode-spring-boot-1.43.0\language-server\BOOT-INF\lib\antlr-runtime-3.5.2.jar;c:\Users\Alexis\.vscode\extensions\pivotal.vscode-spring-boot-1.43.0\language-server\BOOT-INF\lib\antlr4-4.9.3.jar;c:\Users\Alexis\.vscode\extensions\pivotal.vscode-spring-boot-1.43.0\language-server\BOOT-INF\lib\antlr4-runtime-4.9.3.jar;c:\Users\Alexis\.vscode\extensions\pivotal.vscode-spring-boot-1.43.0\language-server\BOOT-INF\lib\apiguardian-api-1.1.2.jar;c:\Users\Alexis\.vscode\extensions\pivotal.vscode-spring-boot-1.43.0\language-server\BOOT-INF\lib\asm-9.4.jar;c:\Users\Alexis\.vscode\extensions\pivotal.vscode-spring-boot-1.43.0\language-server\BOOT-INF\lib\asm-analysis-9.4.jar;c:\Users\Alexis\.vscode\extensions\pivotal.vscode-spring-boot-1.43.0\language-server\BOOT-INF\lib\asm-tree-9.4.jar;c:\Users\Alexis\.vscode\extensions\pivotal.vscode-spring-boot-1.43.0\language-server\BOOT-INF\lib\asm-util-9.4.jar;c:\Users\Alexis\.vscode\extensions\pivotal.vscode-spring-boot-1.43.0\language-server\BOOT-INF\lib\caffeine-3.1.2.jar;c:\Users\Alexis\.vscode\extensions\pivotal.vscode-spring-boot-1.43.0\language-server\BOOT-INF\lib\checker-qual-3.12.0.jar;c:\Users\Alexis\.vscode\extensions\pivotal.vscode-spring-boot-1.43.0\language-server\BOOT-INF\lib\ci-environment-9.1.0.jar;c:\Users\Alexis\.vscode\extensions\pivotal.vscode-spring-boot-1.43.0\language-server\BOOT-INF\lib\classgraph-4.8.149.jar;c:\Users\Alexis\.vscode\extensions\pivotal.vscode-spring-boot-1.43.0\language-server\
Launcher Type: SUN_STANDARD

[Global flags]
     intx CICompilerCount                          = 3                                         {product} {ergonomic}
     uint ConcGCThreads                            = 1                                         {product} {ergonomic}
     uint G1ConcRefinementThreads                  = 4                                         {product} {ergonomic}
   size_t G1HeapRegionSize                         = 1048576                                   {product} {ergonomic}
    uintx GCDrainStackTargetSize                   = 64                                        {product} {ergonomic}
   size_t InitialHeapSize                          = 132120576                                 {product} {ergonomic}
   size_t MarkStackSize                            = 4194304                                   {product} {ergonomic}
   size_t MaxHeapSize                              = 2113929216                                {product} {ergonomic}
   size_t MaxNewSize                               = 1267728384                                {product} {ergonomic}
   size_t MinHeapDeltaBytes                        = 1048576                                   {product} {ergonomic}
   size_t MinHeapSize                              = 8388608                                   {product} {ergonomic}
    uintx NonProfiledCodeHeapSize                  = 0                                      {pd product} {ergonomic}
     bool ProfileInterpreter                       = false                                  {pd product} {command line}
    uintx ProfiledCodeHeapSize                     = 0                                      {pd product} {ergonomic}
   size_t SoftMaxHeapSize                          = 2113929216                             {manageable} {ergonomic}
     intx TieredStopAtLevel                        = 1                                         {product} {command line}
     bool UseCompressedClassPointers               = true                           {product lp64_product} {ergonomic}
     bool UseCompressedOops                        = true                           {product lp64_product} {ergonomic}
     bool UseG1GC                                  = true                                      {product} {ergonomic}
     bool UseLargePagesIndividualAllocation        = false                                  {pd product} {ergonomic}

Logging:
Log output configuration:
 #0: stdout all=warning,jni+resolve=off uptime,level,tags
 #1: stderr all=off uptime,level,tags

Environment Variables:
JAVA_HOME=C:\Program Files\Java\jdk-17.0.5
PATH=C:\Program Files\Java\jdk-17.0.5\bin;C:\Program Files\Java\jdk-19\bin;C:\apache-maven-3.8.6\bin;C:\Program Files\Common Files\Oracle\Java\javapath;C:\Program Files\Eclipse Adoptium\jdk-17.0.5.8-hotspot\bin;C:\Program Files (x86)\Common Files\Oracle\Java\javapath;C:\WINDOWS\system32;C:\WINDOWS;C:\WINDOWS\System32\Wbem;C:\WINDOWS\System32\WindowsPowerShell\v1.0\;C:\WINDOWS\System32\OpenSSH\;C:\Program Files\Git\cmd;C:\Program Files\Java\jdk-17.0.5;C:\Program Files\Java\jdk1.8.0_231\bin;C:\Users\Alexis\AppData\Local\Microsoft\WindowsApps;C:\Users\Alexis\AppData\Local\atom\bin;C:\Users\Alexis\AppData\Local\Programs\Microsoft VS Code\bin;C:\Users\Alexis\AppData\Local\GitHubDesktop\bin;
USERNAME=Alexis
OS=Windows_NT
PROCESSOR_IDENTIFIER=Intel64 Family 6 Model 142 Stepping 9, GenuineIntel
TMP=C:\Users\Alexis\AppData\Local\Temp
TEMP=C:\Users\Alexis\AppData\Local\Temp



---------------  S Y S T E M  ---------------

OS:
 Windows 10 , 64 bit Build 19041 (10.0.19041.2364)
OS uptime: 2 days 13:07 hours

CPU: total 4 (initial active 4) (2 cores per cpu, 2 threads per core) family 6 model 142 stepping 9 microcode 0xb4, cx8, cmov, fxsr, ht, mmx, 3dnowpref, sse, sse2, sse3, ssse3, sse4.1, sse4.2, popcnt, lzcnt, tsc, tscinvbit, avx, avx2, aes, erms, clmul, bmi1, bmi2, adx, fma, vzeroupper, clflush, clflushopt

Memory: 4k page, system-wide physical 8060M (1015M free)
TotalPageFile size 18613M (AvailPageFile size 22M)
current process WorkingSet (physical memory assigned to process): 66M, peak: 1054M
current process commit charge ("private bytes"): 267M, peak: 1072M

vm_info: OpenJDK 64-Bit Server VM (17.0.5+8) for windows-amd64 JRE (17.0.5+8), built on Oct 19 2022 04:48:13 by "temurin" with MS VC++ 16.7 (VS2019)

END.
