#
# There is insufficient memory for the Java Runtime Environment to continue.
# Native memory allocation (mmap) failed to map 486539264 bytes for G1 virtual space
# Possible reasons:
#   The system is out of physical RAM or swap space
#   The process is running with CompressedOops enabled, and the Java Heap may be blocking the growth of the native heap
# Possible solutions:
#   Reduce memory load on the system
#   Increase physical memory or swap space
#   Check if swap backing store is full
#   Decrease Java heap size (-Xmx/-Xms)
#   Decrease number of Java threads
#   Decrease Java thread stack sizes (-Xss)
#   Set larger code cache with -XX:ReservedCodeCacheSize=
#   JVM is running with Unscaled Compressed Oops mode in which the Java heap is
#     placed in the first 4GB address space. The Java Heap base address is the
#     maximum limit for the native heap growth. Please use -XX:HeapBaseMinAddress
#     to set the Java Heap base and to place the Java Heap above 4GB virtual address.
# This output file may be truncated or incomplete.
#
#  Out of Memory Error (os_windows.cpp:3548), pid=9904, tid=16792
#
# JRE version: OpenJDK Runtime Environment Temurin-17.0.5+8 (17.0.5+8) (build 17.0.5+8)
# Java VM: OpenJDK 64-Bit Server VM Temurin-17.0.5+8 (17.0.5+8, mixed mode, emulated-client, tiered, compressed oops, compressed class ptrs, g1 gc, windows-amd64)
# No core dump will be written. Minidumps are not enabled by default on client versions of Windows
#

---------------  S U M M A R Y ------------

Command Line: -Dsts.lsp.client=vscode -Dsts.log.file=/dev/null -XX:TieredStopAtLevel=1 -Xlog:jni+resolve=off -Dspring.config.location=file:c:\Users\Alexis\.vscode\extensions\pivotal.vscode-spring-boot-1.43.0\language-server\BOOT-INF\classes\application.properties org.springframework.ide.vscode.boot.app.BootLanguageServerBootApp

Host: Intel(R) Core(TM) i7-7500U CPU @ 2.70GHz, 4 cores, 7G,  Windows 10 , 64 bit Build 19041 (10.0.19041.2364)
Time: Tue Jan  3 19:01:20 2023 Hora estándar de Argentina elapsed time: 5.834432 seconds (0d 0h 0m 5s)

---------------  T H R E A D  ---------------

Current thread (0x000002671e6207d0):  VMThread "VM Thread" [stack: 0x000000d4e4300000,0x000000d4e4400000] [id=16792]

Stack: [0x000000d4e4300000,0x000000d4e4400000]
Native frames: (J=compiled Java code, j=interpreted, Vv=VM code, C=native code)
V  [jvm.dll+0x676b3a]
V  [jvm.dll+0x831444]
V  [jvm.dll+0x832bee]
V  [jvm.dll+0x833253]
V  [jvm.dll+0x244ce5]
V  [jvm.dll+0x673a49]
V  [jvm.dll+0x66811a]
V  [jvm.dll+0x303ceb]
V  [jvm.dll+0x30b1e6]
V  [jvm.dll+0x35adbe]
V  [jvm.dll+0x35afef]
V  [jvm.dll+0x2dab88]
V  [jvm.dll+0x2d8e3c]
V  [jvm.dll+0x2d840c]
V  [jvm.dll+0x31c31b]
V  [jvm.dll+0x8376fb]
V  [jvm.dll+0x838434]
V  [jvm.dll+0x83894c]
V  [jvm.dll+0x838d24]
V  [jvm.dll+0x838df0]
V  [jvm.dll+0x7e17ea]
V  [jvm.dll+0x6759e5]
C  [ucrtbase.dll+0x21bb2]
C  [KERNEL32.DLL+0x17614]
C  [ntdll.dll+0x526a1]

VM_Operation (0x000000d4e64fdf60): G1CollectForAllocation, mode: safepoint, requested by thread 0x00000267208353e0


---------------  P R O C E S S  ---------------

Threads class SMR info:
_java_thread_list=0x000002672388b990, length=42, elements={
0x000002671e638740, 0x000002671e639c40, 0x000002671e65dc10, 0x000002671e6604e0,
0x000002671e661630, 0x000002671f008900, 0x000002671f00cf50, 0x000002671f00f890,
0x000002671f206040, 0x000002671f21e1d0, 0x0000026711af3200, 0x000002671f227da0,
0x00000267204b1360, 0x0000026720734040, 0x0000026720734510, 0x0000026711af2290,
0x0000026720361380, 0x00000267207ad330, 0x00000267207ae1d0, 0x00000267207ad800,
0x00000267207adcd0, 0x0000026720834570, 0x0000026720834a40, 0x0000026720834f10,
0x0000026720833700, 0x0000026720833bd0, 0x00000267208358b0, 0x0000026720835d80,
0x0000026720836720, 0x00000267208353e0, 0x0000026720836250, 0x00000267208370c0,
0x00000267208340a0, 0x0000026720836bf0, 0x0000026723592f30, 0x00000267235920c0,
0x0000026723598100, 0x0000026723594740, 0x0000026723595f50, 0x0000026723597290,
0x0000026723592590, 0x0000026723591720
}

Java Threads: ( => current thread )
  0x000002671e638740 JavaThread "Reference Handler" daemon [_thread_blocked, id=3900, stack(0x000000d4e4400000,0x000000d4e4500000)]
  0x000002671e639c40 JavaThread "Finalizer" daemon [_thread_blocked, id=3492, stack(0x000000d4e4500000,0x000000d4e4600000)]
  0x000002671e65dc10 JavaThread "Signal Dispatcher" daemon [_thread_blocked, id=16712, stack(0x000000d4e4600000,0x000000d4e4700000)]
  0x000002671e6604e0 JavaThread "Attach Listener" daemon [_thread_blocked, id=10676, stack(0x000000d4e4700000,0x000000d4e4800000)]
  0x000002671e661630 JavaThread "Service Thread" daemon [_thread_blocked, id=12300, stack(0x000000d4e4800000,0x000000d4e4900000)]
  0x000002671f008900 JavaThread "Monitor Deflation Thread" daemon [_thread_blocked, id=18128, stack(0x000000d4e4900000,0x000000d4e4a00000)]
  0x000002671f00cf50 JavaThread "C1 CompilerThread0" daemon [_thread_blocked, id=7124, stack(0x000000d4e4a00000,0x000000d4e4b00000)]
  0x000002671f00f890 JavaThread "Sweeper thread" daemon [_thread_blocked, id=7580, stack(0x000000d4e4b00000,0x000000d4e4c00000)]
  0x000002671f206040 JavaThread "Notification Thread" daemon [_thread_blocked, id=10404, stack(0x000000d4e4c00000,0x000000d4e4d00000)]
  0x000002671f21e1d0 JavaThread "Common-Cleaner" daemon [_thread_blocked, id=16076, stack(0x000000d4e4e00000,0x000000d4e4f00000)]
  0x0000026711af3200 JavaThread "C1 CompilerThread1" daemon [_thread_blocked, id=11940, stack(0x000000d4e4f00000,0x000000d4e5000000)]
  0x000002671f227da0 JavaThread "C1 CompilerThread2" daemon [_thread_blocked, id=12844, stack(0x000000d4e5000000,0x000000d4e5100000)]
  0x00000267204b1360 JavaThread "boundedElastic-evictor-1" daemon [_thread_blocked, id=13780, stack(0x000000d4e5400000,0x000000d4e5500000)]
  0x0000026720734040 JavaThread "pool-11-thread-1" [_thread_blocked, id=9752, stack(0x000000d4e5500000,0x000000d4e5600000)]
  0x0000026720734510 JavaThread "LanguageServerApp-lifecycle" [_thread_blocked, id=10956, stack(0x000000d4e5600000,0x000000d4e5700000)]
  0x0000026711af2290 JavaThread "DestroyJavaVM" [_thread_blocked, id=15676, stack(0x000000d4e3d00000,0x000000d4e3e00000)]
  0x0000026720361380 JavaThread "pool-12-thread-1" [_thread_in_native, id=12176, stack(0x000000d4e5700000,0x000000d4e5800000)]
  0x00000267207ad330 JavaThread "Simple-Language-Server main thread" daemon [_thread_blocked, id=2156, stack(0x000000d4e5800000,0x000000d4e5900000)]
  0x00000267207ae1d0 JavaThread "pool-8-thread-1" [_thread_blocked, id=14500, stack(0x000000d4e5900000,0x000000d4e5a00000)]
  0x00000267207ad800 JavaThread "parallel-1" daemon [_thread_blocked, id=12052, stack(0x000000d4e5a00000,0x000000d4e5b00000)]
  0x00000267207adcd0 JavaThread "parallel-2" daemon [_thread_blocked, id=14104, stack(0x000000d4e5b00000,0x000000d4e5c00000)]
  0x0000026720834570 JavaThread "ForkJoinPool.commonPool-worker-1" daemon [_thread_blocked, id=13620, stack(0x000000d4e5c00000,0x000000d4e5d00000)]
  0x0000026720834a40 JavaThread "pool-5-thread-1" [_thread_blocked, id=12892, stack(0x000000d4e5d00000,0x000000d4e5e00000)]
  0x0000026720834f10 JavaThread "ForkJoinPool.commonPool-worker-2" daemon [_thread_blocked, id=12704, stack(0x000000d4e5e00000,0x000000d4e5f00000)]
  0x0000026720833700 JavaThread "pool-5-thread-2" [_thread_blocked, id=14940, stack(0x000000d4e5f00000,0x000000d4e6000000)]
  0x0000026720833bd0 JavaThread "parallel-3" daemon [_thread_blocked, id=11052, stack(0x000000d4e6000000,0x000000d4e6100000)]
  0x00000267208358b0 JavaThread "ClassGraph-worker-0" daemon [_thread_blocked, id=17648, stack(0x000000d4e6100000,0x000000d4e6200000)]
  0x0000026720835d80 JavaThread "ClassGraph-worker-1" daemon [_thread_blocked, id=1424, stack(0x000000d4e6200000,0x000000d4e6300000)]
  0x0000026720836720 JavaThread "ClassGraph-worker-2" daemon [_thread_blocked, id=10328, stack(0x000000d4e6300000,0x000000d4e6400000)]
  0x00000267208353e0 JavaThread "ClassGraph-worker-3" daemon [_thread_blocked, id=12192, stack(0x000000d4e6400000,0x000000d4e6500000)]
  0x0000026720836250 JavaThread "ClassGraph-worker-4" daemon [_thread_blocked, id=7252, stack(0x000000d4e6500000,0x000000d4e6600000)]
  0x00000267208370c0 JavaThread "ClassGraph-worker-5" daemon [_thread_blocked, id=18284, stack(0x000000d4e6600000,0x000000d4e6700000)]
  0x00000267208340a0 JavaThread "ClassGraph-worker-6" daemon [_thread_blocked, id=7856, stack(0x000000d4e6700000,0x000000d4e6800000)]
  0x0000026720836bf0 JavaThread "ClassGraph-worker-7" daemon [_thread_blocked, id=7744, stack(0x000000d4e6800000,0x000000d4e6900000)]
  0x0000026723592f30 JavaThread "Reconciler-1" daemon [_thread_blocked, id=15248, stack(0x000000d4e6900000,0x000000d4e6a00000)]
  0x00000267235920c0 JavaThread "pool-6-thread-1" [_thread_blocked, id=12776, stack(0x000000d4e6a00000,0x000000d4e6b00000)]
  0x0000026723598100 JavaThread "pool-10-thread-1" [_thread_blocked, id=10444, stack(0x000000d4e6b00000,0x000000d4e6c00000)]
  0x0000026723594740 JavaThread "parallel-4" daemon [_thread_blocked, id=2936, stack(0x000000d4e6c00000,0x000000d4e6d00000)]
  0x0000026723595f50 JavaThread "pool-10-thread-2" [_thread_blocked, id=4228, stack(0x000000d4e6d00000,0x000000d4e6e00000)]
  0x0000026723597290 JavaThread "Project-Reconciler-2" daemon [_thread_blocked, id=6476, stack(0x000000d4e6f00000,0x000000d4e7000000)]
  0x0000026723592590 JavaThread "Project-Reconciler-1" daemon [_thread_blocked, id=6708, stack(0x000000d4e7000000,0x000000d4e7100000)]
  0x0000026723591720 JavaThread "pool-10-thread-3" [_thread_blocked, id=18344, stack(0x000000d4e7100000,0x000000d4e7200000)]

Other Threads:
=>0x000002671e6207d0 VMThread "VM Thread" [stack: 0x000000d4e4300000,0x000000d4e4400000] [id=16792]
  0x000002671f206510 WatcherThread [stack: 0x000000d4e4d00000,0x000000d4e4e00000] [id=9968]
  0x0000026711b4f1e0 GCTaskThread "GC Thread#0" [stack: 0x000000d4e3e00000,0x000000d4e3f00000] [id=16304]
  0x000002671fa24e20 GCTaskThread "GC Thread#1" [stack: 0x000000d4e5100000,0x000000d4e5200000] [id=8676]
  0x000002671fa290e0 GCTaskThread "GC Thread#2" [stack: 0x000000d4e5200000,0x000000d4e5300000] [id=9640]
  0x000002671fbfed00 GCTaskThread "GC Thread#3" [stack: 0x000000d4e5300000,0x000000d4e5400000] [id=4972]
  0x0000026711b5fd20 ConcurrentGCThread "G1 Main Marker" [stack: 0x000000d4e3f00000,0x000000d4e4000000] [id=13448]
  0x0000026711b60730 ConcurrentGCThread "G1 Conc#0" [stack: 0x000000d4e4000000,0x000000d4e4100000] [id=10360]
  0x000002671e4900a0 ConcurrentGCThread "G1 Refine#0" [stack: 0x000000d4e4100000,0x000000d4e4200000] [id=7244]
  0x000002672382bb60 ConcurrentGCThread "G1 Refine#1" [stack: 0x000000d4e6e00000,0x000000d4e6f00000] [id=1004]
  0x000002671e490ac0 ConcurrentGCThread "G1 Service" [stack: 0x000000d4e4200000,0x000000d4e4300000] [id=12248]

Threads with active compile tasks:

VM state: at safepoint (normal execution)

VM Mutex/Monitor currently owned by a thread:  ([mutex/lock_event])
[0x0000026711ade840] Threads_lock - owner thread: 0x000002671e6207d0
[0x0000026711addd00] Heap_lock - owner thread: 0x00000267208353e0

Heap address: 0x0000000082000000, size: 2016 MB, Compressed Oops mode: 32-bit

CDS archive(s) not mapped
Compressed class space mapped at: 0x0000000100000000-0x0000000140000000, reserved size: 1073741824
Narrow klass base: 0x0000000000000000, Narrow klass shift: 3, Narrow klass range: 0x140000000

GC Precious Log:
 CPUs: 4 total, 4 available
 Memory: 8060M
 Large Page Support: Disabled
 NUMA Support: Disabled
 Compressed Oops: Enabled (32-bit)
 Heap Region Size: 1M
 Heap Min Capacity: 8M
 Heap Initial Capacity: 126M
 Heap Max Capacity: 2016M
 Pre-touch: Disabled
 Parallel Workers: 4
 Concurrent Workers: 1
 Concurrent Refinement Workers: 4
 Periodic GC: Disabled

Heap:
 garbage-first heap   total 237568K, used 89577K [0x0000000082000000, 0x0000000100000000)
  region size 1024K, 10 young (10240K), 10 survivors (10240K)
 Metaspace       used 46482K, committed 46976K, reserved 1097728K
  class space    used 5904K, committed 6144K, reserved 1048576K

Heap Regions: E=young(eden), S=young(survivor), O=old, HS=humongous(starts), HC=humongous(continues), CS=collection set, F=free, OA=open archive, CA=closed archive, TAMS=top-at-mark-start (previous, next)
|   0|0x0000000082000000, 0x0000000082100000, 0x0000000082100000|100%| O|  |TAMS 0x0000000082100000, 0x0000000082000000| Untracked 
|   1|0x0000000082100000, 0x0000000082200000, 0x0000000082200000|100%| O|  |TAMS 0x0000000082200000, 0x0000000082100000| Untracked 
|   2|0x0000000082200000, 0x0000000082300000, 0x0000000082300000|100%| O|  |TAMS 0x0000000082300000, 0x0000000082200000| Untracked 
|   3|0x0000000082300000, 0x0000000082400000, 0x0000000082400000|100%| O|  |TAMS 0x0000000082400000, 0x0000000082300000| Untracked 
|   4|0x0000000082400000, 0x0000000082500000, 0x0000000082500000|100%| O|  |TAMS 0x0000000082500000, 0x0000000082400000| Untracked 
|   5|0x0000000082500000, 0x0000000082600000, 0x0000000082600000|100%| O|  |TAMS 0x0000000082600000, 0x0000000082500000| Untracked 
|   6|0x0000000082600000, 0x0000000082700000, 0x0000000082700000|100%| O|  |TAMS 0x0000000082700000, 0x0000000082600000| Untracked 
|   7|0x0000000082700000, 0x0000000082800000, 0x0000000082800000|100%| O|  |TAMS 0x0000000082800000, 0x0000000082700000| Untracked 
|   8|0x0000000082800000, 0x0000000082900000, 0x0000000082900000|100%| O|  |TAMS 0x0000000082900000, 0x0000000082800000| Untracked 
|   9|0x0000000082900000, 0x0000000082a00000, 0x0000000082a00000|100%| O|  |TAMS 0x0000000082a00000, 0x0000000082900000| Untracked 
|  10|0x0000000082a00000, 0x0000000082b00000, 0x0000000082b00000|100%| O|  |TAMS 0x0000000082b00000, 0x0000000082a00000| Untracked 
|  11|0x0000000082b00000, 0x0000000082c00000, 0x0000000082c00000|100%| O|  |TAMS 0x0000000082c00000, 0x0000000082b00000| Untracked 
|  12|0x0000000082c00000, 0x0000000082d00000, 0x0000000082d00000|100%| O|  |TAMS 0x0000000082d00000, 0x0000000082c00000| Untracked 
|  13|0x0000000082d00000, 0x0000000082e00000, 0x0000000082e00000|100%| O|  |TAMS 0x0000000082e00000, 0x0000000082d00000| Untracked 
|  14|0x0000000082e00000, 0x0000000082f00000, 0x0000000082f00000|100%| O|  |TAMS 0x0000000082f00000, 0x0000000082e00000| Untracked 
|  15|0x0000000082f00000, 0x0000000083000000, 0x0000000083000000|100%| O|  |TAMS 0x0000000083000000, 0x0000000082f00000| Untracked 
|  16|0x0000000083000000, 0x00000000830f5600, 0x0000000083100000| 95%| O|  |TAMS 0x00000000830f5600, 0x0000000083000000| Untracked 
|  17|0x0000000083100000, 0x0000000083200000, 0x0000000083200000|100%| O|  |TAMS 0x0000000083200000, 0x0000000083100000| Untracked 
|  18|0x0000000083200000, 0x0000000083300000, 0x0000000083300000|100%| O|  |TAMS 0x0000000083300000, 0x0000000083200000| Untracked 
|  19|0x0000000083300000, 0x0000000083400000, 0x0000000083400000|100%| O|  |TAMS 0x0000000083400000, 0x0000000083300000| Untracked 
|  20|0x0000000083400000, 0x0000000083500000, 0x0000000083500000|100%| O|  |TAMS 0x0000000083500000, 0x0000000083400000| Untracked 
|  21|0x0000000083500000, 0x0000000083600000, 0x0000000083600000|100%| O|  |TAMS 0x0000000083600000, 0x0000000083500000| Untracked 
|  22|0x0000000083600000, 0x0000000083700000, 0x0000000083700000|100%| O|  |TAMS 0x0000000083700000, 0x0000000083600000| Untracked 
|  23|0x0000000083700000, 0x0000000083800000, 0x0000000083800000|100%| O|  |TAMS 0x0000000083800000, 0x0000000083700000| Untracked 
|  24|0x0000000083800000, 0x0000000083900000, 0x0000000083900000|100%| O|  |TAMS 0x0000000083900000, 0x0000000083800000| Untracked 
|  25|0x0000000083900000, 0x0000000083a00000, 0x0000000083a00000|100%| O|  |TAMS 0x0000000083a00000, 0x0000000083900000| Untracked 
|  26|0x0000000083a00000, 0x0000000083b00000, 0x0000000083b00000|100%| O|  |TAMS 0x0000000083b00000, 0x0000000083a00000| Untracked 
|  27|0x0000000083b00000, 0x0000000083c00000, 0x0000000083c00000|100%| O|  |TAMS 0x0000000083c00000, 0x0000000083b00000| Untracked 
|  28|0x0000000083c00000, 0x0000000083d00000, 0x0000000083d00000|100%| O|  |TAMS 0x0000000083d00000, 0x0000000083c00000| Untracked 
|  29|0x0000000083d00000, 0x0000000083e00000, 0x0000000083e00000|100%| O|  |TAMS 0x0000000083e00000, 0x0000000083d00000| Untracked 
|  30|0x0000000083e00000, 0x0000000083f00000, 0x0000000083f00000|100%| O|  |TAMS 0x0000000083f00000, 0x0000000083e00000| Untracked 
|  31|0x0000000083f00000, 0x0000000084000000, 0x0000000084000000|100%| O|  |TAMS 0x0000000084000000, 0x0000000083f00000| Untracked 
|  32|0x0000000084000000, 0x0000000084100000, 0x0000000084100000|100%| O|  |TAMS 0x0000000084100000, 0x0000000084000000| Untracked 
|  33|0x0000000084100000, 0x0000000084200000, 0x0000000084200000|100%| O|  |TAMS 0x0000000084200000, 0x0000000084100000| Untracked 
|  34|0x0000000084200000, 0x0000000084300000, 0x0000000084300000|100%| O|  |TAMS 0x0000000084300000, 0x0000000084200000| Untracked 
|  35|0x0000000084300000, 0x0000000084400000, 0x0000000084400000|100%| O|  |TAMS 0x0000000084400000, 0x0000000084300000| Untracked 
|  36|0x0000000084400000, 0x0000000084500000, 0x0000000084500000|100%| O|  |TAMS 0x0000000084500000, 0x0000000084400000| Untracked 
|  37|0x0000000084500000, 0x0000000084600000, 0x0000000084600000|100%| O|  |TAMS 0x0000000084600000, 0x0000000084500000| Untracked 
|  38|0x0000000084600000, 0x0000000084700000, 0x0000000084700000|100%| O|  |TAMS 0x0000000084700000, 0x0000000084600000| Untracked 
|  39|0x0000000084700000, 0x0000000084800000, 0x0000000084800000|100%| O|  |TAMS 0x0000000084800000, 0x0000000084700000| Untracked 
|  40|0x0000000084800000, 0x0000000084900000, 0x0000000084900000|100%| O|  |TAMS 0x0000000084900000, 0x0000000084800000| Untracked 
|  41|0x0000000084900000, 0x0000000084a00000, 0x0000000084a00000|100%| O|  |TAMS 0x0000000084a00000, 0x0000000084900000| Untracked 
|  42|0x0000000084a00000, 0x0000000084b00000, 0x0000000084b00000|100%| O|  |TAMS 0x0000000084b00000, 0x0000000084a00000| Untracked 
|  43|0x0000000084b00000, 0x0000000084c00000, 0x0000000084c00000|100%| O|  |TAMS 0x0000000084c00000, 0x0000000084b00000| Untracked 
|  44|0x0000000084c00000, 0x0000000084d00000, 0x0000000084d00000|100%| O|  |TAMS 0x0000000084d00000, 0x0000000084c00000| Untracked 
|  45|0x0000000084d00000, 0x0000000084d00000, 0x0000000084e00000|  0%| F|  |TAMS 0x0000000084d00000, 0x0000000084d00000| Untracked 
|  46|0x0000000084e00000, 0x0000000084f00000, 0x0000000084f00000|100%| O|  |TAMS 0x0000000084e00000, 0x0000000084e00000| Untracked 
|  47|0x0000000084f00000, 0x0000000085000000, 0x0000000085000000|100%|HS|  |TAMS 0x0000000085000000, 0x0000000084f00000| Complete 
|  48|0x0000000085000000, 0x0000000085100000, 0x0000000085100000|100%| O|  |TAMS 0x0000000085100000, 0x0000000085000000| Untracked 
|  49|0x0000000085100000, 0x0000000085200000, 0x0000000085200000|100%| O|  |TAMS 0x0000000085200000, 0x0000000085100000| Untracked 
|  50|0x0000000085200000, 0x0000000085300000, 0x0000000085300000|100%| O|  |TAMS 0x0000000085300000, 0x0000000085200000| Untracked 
|  51|0x0000000085300000, 0x0000000085400000, 0x0000000085400000|100%| O|  |TAMS 0x0000000085400000, 0x0000000085300000| Untracked 
|  52|0x0000000085400000, 0x0000000085500000, 0x0000000085500000|100%| O|  |TAMS 0x0000000085500000, 0x0000000085400000| Untracked 
|  53|0x0000000085500000, 0x0000000085600000, 0x0000000085600000|100%| O|  |TAMS 0x0000000085600000, 0x0000000085500000| Untracked 
|  54|0x0000000085600000, 0x0000000085700000, 0x0000000085700000|100%| O|  |TAMS 0x0000000085700000, 0x0000000085600000| Untracked 
|  55|0x0000000085700000, 0x0000000085800000, 0x0000000085800000|100%| O|  |TAMS 0x0000000085800000, 0x0000000085700000| Untracked 
|  56|0x0000000085800000, 0x0000000085900000, 0x0000000085900000|100%| O|  |TAMS 0x0000000085900000, 0x0000000085800000| Untracked 
|  57|0x0000000085900000, 0x0000000085a00000, 0x0000000085a00000|100%| O|  |TAMS 0x0000000085a00000, 0x0000000085900000| Untracked 
|  58|0x0000000085a00000, 0x0000000085b00000, 0x0000000085b00000|100%| O|  |TAMS 0x0000000085b00000, 0x0000000085a00000| Untracked 
|  59|0x0000000085b00000, 0x0000000085c00000, 0x0000000085c00000|100%| O|  |TAMS 0x0000000085c00000, 0x0000000085b00000| Untracked 
|  60|0x0000000085c00000, 0x0000000085d00000, 0x0000000085d00000|100%| O|  |TAMS 0x0000000085d00000, 0x0000000085c00000| Untracked 
|  61|0x0000000085d00000, 0x0000000085e00000, 0x0000000085e00000|100%| O|  |TAMS 0x0000000085e00000, 0x0000000085d00000| Untracked 
|  62|0x0000000085e00000, 0x0000000085f00000, 0x0000000085f00000|100%| O|  |TAMS 0x0000000085f00000, 0x0000000085e00000| Untracked 
|  63|0x0000000085f00000, 0x0000000086000000, 0x0000000086000000|100%| O|  |TAMS 0x0000000085f00000, 0x0000000085f00000| Untracked 
|  64|0x0000000086000000, 0x0000000086100000, 0x0000000086100000|100%| O|  |TAMS 0x0000000086000000, 0x0000000086000000| Untracked 
|  65|0x0000000086100000, 0x0000000086200000, 0x0000000086200000|100%| O|  |TAMS 0x0000000086100000, 0x0000000086100000| Untracked 
|  66|0x0000000086200000, 0x0000000086300000, 0x0000000086300000|100%| O|  |TAMS 0x0000000086200000, 0x0000000086200000| Untracked 
|  67|0x0000000086300000, 0x0000000086400000, 0x0000000086400000|100%| O|  |TAMS 0x0000000086300000, 0x0000000086300000| Untracked 
|  68|0x0000000086400000, 0x0000000086500000, 0x0000000086500000|100%| O|  |TAMS 0x0000000086400000, 0x0000000086400000| Untracked 
|  69|0x0000000086500000, 0x0000000086600000, 0x0000000086600000|100%| O|  |TAMS 0x0000000086500000, 0x0000000086500000| Untracked 
|  70|0x0000000086600000, 0x0000000086700000, 0x0000000086700000|100%| O|  |TAMS 0x00000000866a3400, 0x0000000086600000| Untracked 
|  71|0x0000000086700000, 0x0000000086800000, 0x0000000086800000|100%| O|  |TAMS 0x0000000086700000, 0x0000000086700000| Untracked 
|  72|0x0000000086800000, 0x0000000086900000, 0x0000000086900000|100%| O|  |TAMS 0x0000000086800000, 0x0000000086800000| Untracked 
|  73|0x0000000086900000, 0x0000000086a00000, 0x0000000086a00000|100%| O|  |TAMS 0x0000000086900000, 0x0000000086900000| Untracked 
|  74|0x0000000086a00000, 0x0000000086b00000, 0x0000000086b00000|100%| O|  |TAMS 0x0000000086a00000, 0x0000000086a00000| Untracked 
|  75|0x0000000086b00000, 0x0000000086c00000, 0x0000000086c00000|100%| O|  |TAMS 0x0000000086b00000, 0x0000000086b00000| Untracked 
|  76|0x0000000086c00000, 0x0000000086d00000, 0x0000000086d00000|100%| O|  |TAMS 0x0000000086c00000, 0x0000000086c00000| Untracked 
|  77|0x0000000086d00000, 0x0000000086e00000, 0x0000000086e00000|100%| O|  |TAMS 0x0000000086d00000, 0x0000000086d00000| Untracked 
|  78|0x0000000086e00000, 0x0000000086e9da00, 0x0000000086f00000| 61%| O|  |TAMS 0x0000000086e00000, 0x0000000086e00000| Untracked 
|  79|0x0000000086f00000, 0x0000000086f00000, 0x0000000087000000|  0%| F|  |TAMS 0x0000000086f00000, 0x0000000086f00000| Untracked 
|  80|0x0000000087000000, 0x0000000087000000, 0x0000000087100000|  0%| F|  |TAMS 0x0000000087000000, 0x0000000087000000| Untracked 
|  81|0x0000000087100000, 0x0000000087100000, 0x0000000087200000|  0%| F|  |TAMS 0x0000000087100000, 0x0000000087100000| Untracked 
|  82|0x0000000087200000, 0x0000000087200000, 0x0000000087300000|  0%| F|  |TAMS 0x0000000087200000, 0x0000000087200000| Untracked 
|  83|0x0000000087300000, 0x0000000087300000, 0x0000000087400000|  0%| F|  |TAMS 0x0000000087300000, 0x0000000087300000| Untracked 
|  84|0x0000000087400000, 0x0000000087400000, 0x0000000087500000|  0%| F|  |TAMS 0x0000000087400000, 0x0000000087400000| Untracked 
|  85|0x0000000087500000, 0x0000000087500000, 0x0000000087600000|  0%| F|  |TAMS 0x0000000087500000, 0x0000000087500000| Untracked 
|  86|0x0000000087600000, 0x0000000087600000, 0x0000000087700000|  0%| F|  |TAMS 0x0000000087600000, 0x0000000087600000| Untracked 
|  87|0x0000000087700000, 0x0000000087700000, 0x0000000087800000|  0%| F|  |TAMS 0x0000000087700000, 0x0000000087700000| Untracked 
|  88|0x0000000087800000, 0x0000000087800000, 0x0000000087900000|  0%| F|  |TAMS 0x0000000087800000, 0x0000000087800000| Untracked 
|  89|0x0000000087900000, 0x0000000087900000, 0x0000000087a00000|  0%| F|  |TAMS 0x0000000087900000, 0x0000000087900000| Untracked 
|  90|0x0000000087a00000, 0x0000000087a00000, 0x0000000087b00000|  0%| F|  |TAMS 0x0000000087a00000, 0x0000000087a00000| Untracked 
|  91|0x0000000087b00000, 0x0000000087b00000, 0x0000000087c00000|  0%| F|  |TAMS 0x0000000087b00000, 0x0000000087b00000| Untracked 
|  92|0x0000000087c00000, 0x0000000087c00000, 0x0000000087d00000|  0%| F|  |TAMS 0x0000000087c00000, 0x0000000087c00000| Untracked 
|  93|0x0000000087d00000, 0x0000000087d00000, 0x0000000087e00000|  0%| F|  |TAMS 0x0000000087d00000, 0x0000000087d00000| Untracked 
|  94|0x0000000087e00000, 0x0000000087e00000, 0x0000000087f00000|  0%| F|  |TAMS 0x0000000087e00000, 0x0000000087e00000| Untracked 
|  95|0x0000000087f00000, 0x0000000087f00000, 0x0000000088000000|  0%| F|  |TAMS 0x0000000087f00000, 0x0000000087f00000| Untracked 
|  96|0x0000000088000000, 0x0000000088000000, 0x0000000088100000|  0%| F|  |TAMS 0x0000000088000000, 0x0000000088000000| Untracked 
|  97|0x0000000088100000, 0x0000000088100000, 0x0000000088200000|  0%| F|  |TAMS 0x0000000088100000, 0x0000000088100000| Untracked 
|  98|0x0000000088200000, 0x0000000088200000, 0x0000000088300000|  0%| F|  |TAMS 0x0000000088200000, 0x0000000088200000| Untracked 
|  99|0x0000000088300000, 0x0000000088300000, 0x0000000088400000|  0%| F|  |TAMS 0x0000000088300000, 0x0000000088300000| Untracked 
| 100|0x0000000088400000, 0x0000000088400000, 0x0000000088500000|  0%| F|  |TAMS 0x0000000088400000, 0x0000000088400000| Untracked 
| 101|0x0000000088500000, 0x0000000088500000, 0x0000000088600000|  0%| F|  |TAMS 0x0000000088500000, 0x0000000088500000| Untracked 
| 102|0x0000000088600000, 0x0000000088600000, 0x0000000088700000|  0%| F|  |TAMS 0x0000000088600000, 0x0000000088600000| Untracked 
| 103|0x0000000088700000, 0x0000000088700000, 0x0000000088800000|  0%| F|  |TAMS 0x0000000088700000, 0x0000000088700000| Untracked 
| 104|0x0000000088800000, 0x0000000088800000, 0x0000000088900000|  0%| F|  |TAMS 0x0000000088800000, 0x0000000088800000| Untracked 
| 105|0x0000000088900000, 0x0000000088900000, 0x0000000088a00000|  0%| F|  |TAMS 0x0000000088900000, 0x0000000088900000| Untracked 
| 106|0x0000000088a00000, 0x0000000088a00000, 0x0000000088b00000|  0%| F|  |TAMS 0x0000000088a00000, 0x0000000088a00000| Untracked 
| 107|0x0000000088b00000, 0x0000000088b00000, 0x0000000088c00000|  0%| F|  |TAMS 0x0000000088b00000, 0x0000000088b00000| Untracked 
| 108|0x0000000088c00000, 0x0000000088c00000, 0x0000000088d00000|  0%| F|  |TAMS 0x0000000088c00000, 0x0000000088c00000| Untracked 
| 109|0x0000000088d00000, 0x0000000088d00000, 0x0000000088e00000|  0%| F|  |TAMS 0x0000000088d00000, 0x0000000088d00000| Untracked 
| 110|0x0000000088e00000, 0x0000000088e00000, 0x0000000088f00000|  0%| F|  |TAMS 0x0000000088e00000, 0x0000000088e00000| Untracked 
| 111|0x0000000088f00000, 0x0000000088f00000, 0x0000000089000000|  0%| F|  |TAMS 0x0000000088f00000, 0x0000000088f00000| Untracked 
| 112|0x0000000089000000, 0x0000000089000000, 0x0000000089100000|  0%| F|  |TAMS 0x0000000089000000, 0x0000000089000000| Untracked 
| 113|0x0000000089100000, 0x0000000089100000, 0x0000000089200000|  0%| F|  |TAMS 0x0000000089100000, 0x0000000089100000| Untracked 
| 114|0x0000000089200000, 0x0000000089200000, 0x0000000089300000|  0%| F|  |TAMS 0x0000000089200000, 0x0000000089200000| Untracked 
| 115|0x0000000089300000, 0x00000000893e75e0, 0x0000000089400000| 90%| S|CS|TAMS 0x0000000089300000, 0x0000000089300000| Complete 
| 116|0x0000000089400000, 0x0000000089500000, 0x0000000089500000|100%| S|CS|TAMS 0x0000000089400000, 0x0000000089400000| Complete 
| 117|0x0000000089500000, 0x0000000089600000, 0x0000000089600000|100%| S|CS|TAMS 0x0000000089500000, 0x0000000089500000| Complete 
| 118|0x0000000089600000, 0x0000000089700000, 0x0000000089700000|100%| S|CS|TAMS 0x0000000089600000, 0x0000000089600000| Complete 
| 119|0x0000000089700000, 0x0000000089800000, 0x0000000089800000|100%| S|CS|TAMS 0x0000000089700000, 0x0000000089700000| Complete 
| 120|0x0000000089800000, 0x0000000089900000, 0x0000000089900000|100%| S|CS|TAMS 0x0000000089800000, 0x0000000089800000| Complete 
| 121|0x0000000089900000, 0x0000000089a00000, 0x0000000089a00000|100%| S|CS|TAMS 0x0000000089900000, 0x0000000089900000| Complete 
| 122|0x0000000089a00000, 0x0000000089a00000, 0x0000000089b00000|  0%| F|  |TAMS 0x0000000089a00000, 0x0000000089a00000| Untracked 
| 123|0x0000000089b00000, 0x0000000089b00000, 0x0000000089c00000|  0%| F|  |TAMS 0x0000000089b00000, 0x0000000089b00000| Untracked 
| 124|0x0000000089c00000, 0x0000000089c00000, 0x0000000089d00000|  0%| F|  |TAMS 0x0000000089c00000, 0x0000000089c00000| Untracked 
| 125|0x0000000089d00000, 0x0000000089d00000, 0x0000000089e00000|  0%| F|  |TAMS 0x0000000089d00000, 0x0000000089d00000| Untracked 
| 126|0x0000000089e00000, 0x0000000089e00000, 0x0000000089f00000|  0%| F|  |TAMS 0x0000000089e00000, 0x0000000089e00000| Untracked 
| 127|0x0000000089f00000, 0x000000008a000000, 0x000000008a000000|100%| S|CS|TAMS 0x0000000089f00000, 0x0000000089f00000| Complete 
| 128|0x000000008a000000, 0x000000008a100000, 0x000000008a100000|100%| S|CS|TAMS 0x000000008a000000, 0x000000008a000000| Complete 
| 129|0x000000008a100000, 0x000000008a200000, 0x000000008a200000|100%| S|CS|TAMS 0x000000008a100000, 0x000000008a100000| Complete 
| 130|0x000000008a200000, 0x000000008a200000, 0x000000008a300000|  0%| F|  |TAMS 0x000000008a200000, 0x000000008a200000| Untracked 
| 131|0x000000008a300000, 0x000000008a300000, 0x000000008a400000|  0%| F|  |TAMS 0x000000008a300000, 0x000000008a300000| Untracked 
| 132|0x000000008a400000, 0x000000008a400000, 0x000000008a500000|  0%| F|  |TAMS 0x000000008a400000, 0x000000008a400000| Untracked 
| 133|0x000000008a500000, 0x000000008a500000, 0x000000008a600000|  0%| F|  |TAMS 0x000000008a500000, 0x000000008a500000| Untracked 
| 134|0x000000008a600000, 0x000000008a600000, 0x000000008a700000|  0%| F|  |TAMS 0x000000008a600000, 0x000000008a600000| Untracked 
| 135|0x000000008a700000, 0x000000008a700000, 0x000000008a800000|  0%| F|  |TAMS 0x000000008a700000, 0x000000008a700000| Untracked 
| 136|0x000000008a800000, 0x000000008a800000, 0x000000008a900000|  0%| F|  |TAMS 0x000000008a800000, 0x000000008a800000| Untracked 
| 137|0x000000008a900000, 0x000000008a900000, 0x000000008aa00000|  0%| F|  |TAMS 0x000000008a900000, 0x000000008a900000| Untracked 
| 138|0x000000008aa00000, 0x000000008aa00000, 0x000000008ab00000|  0%| F|  |TAMS 0x000000008aa00000, 0x000000008aa00000| Untracked 
| 139|0x000000008ab00000, 0x000000008ab00000, 0x000000008ac00000|  0%| F|  |TAMS 0x000000008ab00000, 0x000000008ab00000| Untracked 
| 140|0x000000008ac00000, 0x000000008ac00000, 0x000000008ad00000|  0%| F|  |TAMS 0x000000008ac00000, 0x000000008ac00000| Untracked 
| 141|0x000000008ad00000, 0x000000008ad00000, 0x000000008ae00000|  0%| F|  |TAMS 0x000000008ad00000, 0x000000008ad00000| Untracked 
| 142|0x000000008ae00000, 0x000000008ae00000, 0x000000008af00000|  0%| F|  |TAMS 0x000000008ae00000, 0x000000008ae00000| Untracked 
| 143|0x000000008af00000, 0x000000008af00000, 0x000000008b000000|  0%| F|  |TAMS 0x000000008af00000, 0x000000008af00000| Untracked 
| 144|0x000000008b000000, 0x000000008b000000, 0x000000008b100000|  0%| F|  |TAMS 0x000000008b000000, 0x000000008b000000| Untracked 
| 145|0x000000008b100000, 0x000000008b100000, 0x000000008b200000|  0%| F|  |TAMS 0x000000008b100000, 0x000000008b100000| Untracked 
| 146|0x000000008b200000, 0x000000008b200000, 0x000000008b300000|  0%| F|  |TAMS 0x000000008b200000, 0x000000008b200000| Untracked 
| 147|0x000000008b300000, 0x000000008b300000, 0x000000008b400000|  0%| F|  |TAMS 0x000000008b300000, 0x000000008b300000| Untracked 
| 148|0x000000008b400000, 0x000000008b400000, 0x000000008b500000|  0%| F|  |TAMS 0x000000008b400000, 0x000000008b400000| Untracked 
| 149|0x000000008b500000, 0x000000008b500000, 0x000000008b600000|  0%| F|  |TAMS 0x000000008b500000, 0x000000008b500000| Untracked 
| 150|0x000000008b600000, 0x000000008b600000, 0x000000008b700000|  0%| F|  |TAMS 0x000000008b600000, 0x000000008b600000| Untracked 
| 151|0x000000008b700000, 0x000000008b700000, 0x000000008b800000|  0%| F|  |TAMS 0x000000008b700000, 0x000000008b700000| Untracked 
| 152|0x000000008b800000, 0x000000008b800000, 0x000000008b900000|  0%| F|  |TAMS 0x000000008b800000, 0x000000008b800000| Untracked 
| 153|0x000000008b900000, 0x000000008b900000, 0x000000008ba00000|  0%| F|  |TAMS 0x000000008b900000, 0x000000008b900000| Untracked 
| 154|0x000000008ba00000, 0x000000008ba00000, 0x000000008bb00000|  0%| F|  |TAMS 0x000000008ba00000, 0x000000008ba00000| Untracked 
| 155|0x000000008bb00000, 0x000000008bb00000, 0x000000008bc00000|  0%| F|  |TAMS 0x000000008bb00000, 0x000000008bb00000| Untracked 
| 156|0x000000008bc00000, 0x000000008bc00000, 0x000000008bd00000|  0%| F|  |TAMS 0x000000008bc00000, 0x000000008bc00000| Untracked 
| 157|0x000000008bd00000, 0x000000008bd00000, 0x000000008be00000|  0%| F|  |TAMS 0x000000008bd00000, 0x000000008bd00000| Untracked 
| 158|0x000000008be00000, 0x000000008be00000, 0x000000008bf00000|  0%| F|  |TAMS 0x000000008be00000, 0x000000008be00000| Untracked 
| 159|0x000000008bf00000, 0x000000008bf00000, 0x000000008c000000|  0%| F|  |TAMS 0x000000008bf00000, 0x000000008bf00000| Untracked 
| 160|0x000000008c000000, 0x000000008c000000, 0x000000008c100000|  0%| F|  |TAMS 0x000000008c000000, 0x000000008c000000| Untracked 
| 161|0x000000008c100000, 0x000000008c100000, 0x000000008c200000|  0%| F|  |TAMS 0x000000008c100000, 0x000000008c100000| Untracked 
| 162|0x000000008c200000, 0x000000008c200000, 0x000000008c300000|  0%| F|  |TAMS 0x000000008c200000, 0x000000008c200000| Untracked 
| 163|0x000000008c300000, 0x000000008c300000, 0x000000008c400000|  0%| F|  |TAMS 0x000000008c300000, 0x000000008c300000| Untracked 
| 164|0x000000008c400000, 0x000000008c400000, 0x000000008c500000|  0%| F|  |TAMS 0x000000008c400000, 0x000000008c400000| Untracked 
| 165|0x000000008c500000, 0x000000008c500000, 0x000000008c600000|  0%| F|  |TAMS 0x000000008c500000, 0x000000008c500000| Untracked 
| 166|0x000000008c600000, 0x000000008c600000, 0x000000008c700000|  0%| F|  |TAMS 0x000000008c600000, 0x000000008c600000| Untracked 
| 167|0x000000008c700000, 0x000000008c700000, 0x000000008c800000|  0%| F|  |TAMS 0x000000008c700000, 0x000000008c700000| Untracked 
| 168|0x000000008c800000, 0x000000008c800000, 0x000000008c900000|  0%| F|  |TAMS 0x000000008c800000, 0x000000008c800000| Untracked 
| 169|0x000000008c900000, 0x000000008c900000, 0x000000008ca00000|  0%| F|  |TAMS 0x000000008c900000, 0x000000008c900000| Untracked 
| 170|0x000000008ca00000, 0x000000008ca00000, 0x000000008cb00000|  0%| F|  |TAMS 0x000000008ca00000, 0x000000008ca00000| Untracked 
| 171|0x000000008cb00000, 0x000000008cb00000, 0x000000008cc00000|  0%| F|  |TAMS 0x000000008cb00000, 0x000000008cb00000| Untracked 
| 172|0x000000008cc00000, 0x000000008cc00000, 0x000000008cd00000|  0%| F|  |TAMS 0x000000008cc00000, 0x000000008cc00000| Untracked 
| 173|0x000000008cd00000, 0x000000008cd00000, 0x000000008ce00000|  0%| F|  |TAMS 0x000000008cd00000, 0x000000008cd00000| Untracked 
| 174|0x000000008ce00000, 0x000000008ce00000, 0x000000008cf00000|  0%| F|  |TAMS 0x000000008ce00000, 0x000000008ce00000| Untracked 
| 175|0x000000008cf00000, 0x000000008cf00000, 0x000000008d000000|  0%| F|  |TAMS 0x000000008cf00000, 0x000000008cf00000| Untracked 
| 176|0x000000008d000000, 0x000000008d000000, 0x000000008d100000|  0%| F|  |TAMS 0x000000008d000000, 0x000000008d000000| Untracked 
| 177|0x000000008d100000, 0x000000008d100000, 0x000000008d200000|  0%| F|  |TAMS 0x000000008d100000, 0x000000008d100000| Untracked 
| 178|0x000000008d200000, 0x000000008d200000, 0x000000008d300000|  0%| F|  |TAMS 0x000000008d200000, 0x000000008d200000| Untracked 
| 179|0x000000008d300000, 0x000000008d300000, 0x000000008d400000|  0%| F|  |TAMS 0x000000008d300000, 0x000000008d300000| Untracked 
| 180|0x000000008d400000, 0x000000008d400000, 0x000000008d500000|  0%| F|  |TAMS 0x000000008d400000, 0x000000008d400000| Untracked 
| 181|0x000000008d500000, 0x000000008d500000, 0x000000008d600000|  0%| F|  |TAMS 0x000000008d500000, 0x000000008d500000| Untracked 
| 182|0x000000008d600000, 0x000000008d600000, 0x000000008d700000|  0%| F|  |TAMS 0x000000008d600000, 0x000000008d600000| Untracked 
| 183|0x000000008d700000, 0x000000008d700000, 0x000000008d800000|  0%| F|  |TAMS 0x000000008d700000, 0x000000008d700000| Untracked 
| 184|0x000000008d800000, 0x000000008d800000, 0x000000008d900000|  0%| F|  |TAMS 0x000000008d800000, 0x000000008d800000| Untracked 
| 185|0x000000008d900000, 0x000000008d900000, 0x000000008da00000|  0%| F|  |TAMS 0x000000008d900000, 0x000000008d900000| Untracked 
| 186|0x000000008da00000, 0x000000008da00000, 0x000000008db00000|  0%| F|  |TAMS 0x000000008da00000, 0x000000008da00000| Untracked 
| 187|0x000000008db00000, 0x000000008db00000, 0x000000008dc00000|  0%| F|  |TAMS 0x000000008db00000, 0x000000008db00000| Untracked 
| 188|0x000000008dc00000, 0x000000008dc00000, 0x000000008dd00000|  0%| F|  |TAMS 0x000000008dc00000, 0x000000008dc00000| Untracked 
| 189|0x000000008dd00000, 0x000000008dd00000, 0x000000008de00000|  0%| F|  |TAMS 0x000000008dd00000, 0x000000008dd00000| Untracked 
| 190|0x000000008de00000, 0x000000008de00000, 0x000000008df00000|  0%| F|  |TAMS 0x000000008de00000, 0x000000008de00000| Untracked 
| 191|0x000000008df00000, 0x000000008df00000, 0x000000008e000000|  0%| F|  |TAMS 0x000000008df00000, 0x000000008df00000| Untracked 
| 192|0x000000008e000000, 0x000000008e000000, 0x000000008e100000|  0%| F|  |TAMS 0x000000008e000000, 0x000000008e000000| Untracked 
| 193|0x000000008e100000, 0x000000008e100000, 0x000000008e200000|  0%| F|  |TAMS 0x000000008e100000, 0x000000008e100000| Untracked 
| 194|0x000000008e200000, 0x000000008e200000, 0x000000008e300000|  0%| F|  |TAMS 0x000000008e200000, 0x000000008e200000| Untracked 
| 195|0x000000008e300000, 0x000000008e300000, 0x000000008e400000|  0%| F|  |TAMS 0x000000008e300000, 0x000000008e300000| Untracked 
| 196|0x000000008e400000, 0x000000008e400000, 0x000000008e500000|  0%| F|  |TAMS 0x000000008e400000, 0x000000008e400000| Untracked 
| 197|0x000000008e500000, 0x000000008e500000, 0x000000008e600000|  0%| F|  |TAMS 0x000000008e500000, 0x000000008e500000| Untracked 
| 198|0x000000008e600000, 0x000000008e600000, 0x000000008e700000|  0%| F|  |TAMS 0x000000008e600000, 0x000000008e600000| Untracked 
| 199|0x000000008e700000, 0x000000008e700000, 0x000000008e800000|  0%| F|  |TAMS 0x000000008e700000, 0x000000008e700000| Untracked 
| 200|0x000000008e800000, 0x000000008e800000, 0x000000008e900000|  0%| F|  |TAMS 0x000000008e800000, 0x000000008e800000| Untracked 
| 201|0x000000008e900000, 0x000000008e900000, 0x000000008ea00000|  0%| F|  |TAMS 0x000000008e900000, 0x000000008e900000| Untracked 
| 202|0x000000008ea00000, 0x000000008ea00000, 0x000000008eb00000|  0%| F|  |TAMS 0x000000008ea00000, 0x000000008ea00000| Untracked 
| 203|0x000000008eb00000, 0x000000008eb00000, 0x000000008ec00000|  0%| F|  |TAMS 0x000000008eb00000, 0x000000008eb00000| Untracked 
| 204|0x000000008ec00000, 0x000000008ec00000, 0x000000008ed00000|  0%| F|  |TAMS 0x000000008ec00000, 0x000000008ec00000| Untracked 
| 205|0x000000008ed00000, 0x000000008ed00000, 0x000000008ee00000|  0%| F|  |TAMS 0x000000008ed00000, 0x000000008ed00000| Untracked 
| 206|0x000000008ee00000, 0x000000008ee00000, 0x000000008ef00000|  0%| F|  |TAMS 0x000000008ee00000, 0x000000008ee00000| Untracked 
| 207|0x000000008ef00000, 0x000000008ef00000, 0x000000008f000000|  0%| F|  |TAMS 0x000000008ef00000, 0x000000008ef00000| Untracked 
| 208|0x000000008f000000, 0x000000008f000000, 0x000000008f100000|  0%| F|  |TAMS 0x000000008f000000, 0x000000008f000000| Untracked 
| 209|0x000000008f100000, 0x000000008f100000, 0x000000008f200000|  0%| F|  |TAMS 0x000000008f100000, 0x000000008f100000| Untracked 
| 210|0x000000008f200000, 0x000000008f200000, 0x000000008f300000|  0%| F|  |TAMS 0x000000008f200000, 0x000000008f200000| Untracked 
| 211|0x000000008f300000, 0x000000008f300000, 0x000000008f400000|  0%| F|  |TAMS 0x000000008f300000, 0x000000008f300000| Untracked 
| 212|0x000000008f400000, 0x000000008f400000, 0x000000008f500000|  0%| F|  |TAMS 0x000000008f400000, 0x000000008f400000| Untracked 
| 213|0x000000008f500000, 0x000000008f500000, 0x000000008f600000|  0%| F|  |TAMS 0x000000008f500000, 0x000000008f500000| Untracked 
| 214|0x000000008f600000, 0x000000008f600000, 0x000000008f700000|  0%| F|  |TAMS 0x000000008f600000, 0x000000008f600000| Untracked 
| 215|0x000000008f700000, 0x000000008f700000, 0x000000008f800000|  0%| F|  |TAMS 0x000000008f700000, 0x000000008f700000| Untracked 
| 216|0x000000008f800000, 0x000000008f800000, 0x000000008f900000|  0%| F|  |TAMS 0x000000008f800000, 0x000000008f800000| Untracked 
| 217|0x000000008f900000, 0x000000008f900000, 0x000000008fa00000|  0%| F|  |TAMS 0x000000008f900000, 0x000000008f900000| Untracked 
| 218|0x000000008fa00000, 0x000000008fa00000, 0x000000008fb00000|  0%| F|  |TAMS 0x000000008fa00000, 0x000000008fa00000| Untracked 
| 219|0x000000008fb00000, 0x000000008fb00000, 0x000000008fc00000|  0%| F|  |TAMS 0x000000008fb00000, 0x000000008fb00000| Untracked 
| 220|0x000000008fc00000, 0x000000008fc00000, 0x000000008fd00000|  0%| F|  |TAMS 0x000000008fc00000, 0x000000008fc00000| Untracked 
| 221|0x000000008fd00000, 0x000000008fd00000, 0x000000008fe00000|  0%| F|  |TAMS 0x000000008fd00000, 0x000000008fd00000| Untracked 
| 222|0x000000008fe00000, 0x000000008fe00000, 0x000000008ff00000|  0%| F|  |TAMS 0x000000008fe00000, 0x000000008fe00000| Untracked 
| 223|0x000000008ff00000, 0x000000008ff00000, 0x0000000090000000|  0%| F|  |TAMS 0x000000008ff00000, 0x000000008ff00000| Untracked 
| 224|0x0000000090000000, 0x0000000090000000, 0x0000000090100000|  0%| F|  |TAMS 0x0000000090000000, 0x0000000090000000| Untracked 
| 225|0x0000000090100000, 0x0000000090100000, 0x0000000090200000|  0%| F|  |TAMS 0x0000000090100000, 0x0000000090100000| Untracked 
| 226|0x0000000090200000, 0x0000000090200000, 0x0000000090300000|  0%| F|  |TAMS 0x0000000090200000, 0x0000000090200000| Untracked 
| 227|0x0000000090300000, 0x0000000090300000, 0x0000000090400000|  0%| F|  |TAMS 0x0000000090300000, 0x0000000090300000| Untracked 
| 228|0x0000000090400000, 0x0000000090400000, 0x0000000090500000|  0%| F|  |TAMS 0x0000000090400000, 0x0000000090400000| Untracked 
| 229|0x0000000090500000, 0x0000000090500000, 0x0000000090600000|  0%| F|  |TAMS 0x0000000090500000, 0x0000000090500000| Untracked 
| 230|0x0000000090600000, 0x0000000090600000, 0x0000000090700000|  0%| F|  |TAMS 0x0000000090600000, 0x0000000090600000| Untracked 
| 231|0x0000000090700000, 0x0000000090700000, 0x0000000090800000|  0%| F|  |TAMS 0x0000000090700000, 0x0000000090700000| Untracked 

Card table byte_map: [0x0000026717b70000,0x0000026717f60000] _byte_map_base: 0x0000026717760000

Marking Bits (Prev, Next): (CMBitMap*) 0x0000026711b4f7f0, (CMBitMap*) 0x0000026711b4f830
 Prev Bits: [0x0000026718350000, 0x000002671a2d0000)
 Next Bits: [0x000002671a2d0000, 0x000002671c250000)

Polling page: 0x00000267112c0000

Metaspace:

Usage:
  Non-class:     39.63 MB used.
      Class:      5.77 MB used.
       Both:     45.39 MB used.

Virtual space:
  Non-class space:       48.00 MB reserved,      39.88 MB ( 83%) committed,  6 nodes.
      Class space:        1.00 GB reserved,       6.00 MB ( <1%) committed,  1 nodes.
             Both:        1.05 GB reserved,      45.88 MB (  4%) committed. 

Chunk freelists:
   Non-Class:  3.55 MB
       Class:  1.97 MB
        Both:  5.52 MB

MaxMetaspaceSize: unlimited
CompressedClassSpaceSize: 1.00 GB
Initial GC threshold: 21.00 MB
Current GC threshold: 70.31 MB
CDS: off
MetaspaceReclaimPolicy: balanced
 - commit_granule_bytes: 65536.
 - commit_granule_words: 8192.
 - virtual_space_node_default_size: 1048576.
 - enlarge_chunks_in_place: 1.
 - new_chunks_are_fully_committed: 0.
 - uncommit_free_chunks: 1.
 - use_allocation_guard: 0.
 - handle_deallocations: 1.


Internal statistics:

num_allocs_failed_limit: 8.
num_arena_births: 500.
num_arena_deaths: 0.
num_vsnodes_births: 7.
num_vsnodes_deaths: 0.
num_space_committed: 734.
num_space_uncommitted: 0.
num_chunks_returned_to_freelist: 8.
num_chunks_taken_from_freelist: 1953.
num_chunk_merges: 5.
num_chunk_splits: 1370.
num_chunks_enlarged: 1029.
num_purges: 0.
num_inconsistent_stats: 0.

CodeCache: size=49152Kb used=9532Kb max_used=9532Kb free=39619Kb
 bounds [0x0000026714780000, 0x00000267150d0000, 0x0000026717780000]
 total_blobs=4908 nmethods=4324 adapters=509
 compilation: enabled
              stopped_count=0, restarted_count=0
 full_count=0

Compilation events (20 events):
Event: 5.813 Thread 0x0000026711af3200 nmethod 4309 0x00000267150c9f90 code [0x00000267150ca200, 0x00000267150caa78]
Event: 5.813 Thread 0x000002671f227da0 4316       1       org.eclipse.jdt.internal.compiler.lookup.PackageBinding::checkIfNullAnnotationPackage (76 bytes)
Event: 5.814 Thread 0x000002671f00cf50 nmethod 4313 0x00000267150cb310 code [0x00000267150cb4e0, 0x00000267150cb9c8]
Event: 5.814 Thread 0x000002671f227da0 nmethod 4316 0x00000267150cbb10 code [0x00000267150cbce0, 0x00000267150cbfc8]
Event: 5.814 Thread 0x0000026711af3200 4317       1       org.eclipse.jdt.core.compiler.CharOperation::subarray (48 bytes)
Event: 5.814 Thread 0x000002671f227da0 4318       1       org.eclipse.jdt.internal.compiler.lookup.PackageBinding::addPackage (40 bytes)
Event: 5.814 Thread 0x0000026711af3200 nmethod 4317 0x00000267150cc190 code [0x00000267150cc340, 0x00000267150cc608]
Event: 5.814 Thread 0x0000026711af3200 4319       1       org.eclipse.jdt.internal.compiler.lookup.PackageBinding::clearMissingTagBit (24 bytes)
Event: 5.814 Thread 0x000002671f227da0 nmethod 4318 0x00000267150cc710 code [0x00000267150cc8c0, 0x00000267150cca48]
Event: 5.814 Thread 0x0000026711af3200 nmethod 4319 0x00000267150ccb90 code [0x00000267150ccd20, 0x00000267150cce18]
Event: 5.814 Thread 0x0000026711af3200 4320       1       org.eclipse.jdt.internal.compiler.util.CharArrayHashMap::put (17 bytes)
Event: 5.815 Thread 0x000002671f00cf50 4321       1       org.eclipse.jdt.internal.compiler.lookup.ModuleBinding::recordExportRestrictions (98 bytes)
Event: 5.815 Thread 0x000002671f227da0 4322       1       org.eclipse.jdt.internal.compiler.util.SimpleSetOfCharArray::add (90 bytes)
Event: 5.815 Thread 0x0000026711af3200 nmethod 4320 0x00000267150ccf10 code [0x00000267150cd0c0, 0x00000267150cd248]
Event: 5.815 Thread 0x000002671f00cf50 nmethod 4321 0x00000267150cd310 code [0x00000267150cd4e0, 0x00000267150cd858]
Event: 5.815 Thread 0x000002671f227da0 nmethod 4322 0x00000267150cda10 code [0x00000267150cdbe0, 0x00000267150cdfa8]
Event: 5.816 Thread 0x000002671f00cf50 4323       1       jdk.internal.jimage.ImageReader$SharedImageReader$$Lambda$687/0x000000010052aba0::visit (13 bytes)
Event: 5.816 Thread 0x000002671f227da0 4324       1       jdk.internal.jimage.ImageReader$SharedImageReader::lambda$handleModulesSubTree$1 (43 bytes)
Event: 5.816 Thread 0x000002671f00cf50 nmethod 4323 0x00000267150ce210 code [0x00000267150ce3a0, 0x00000267150ce488]
Event: 5.816 Thread 0x000002671f227da0 nmethod 4324 0x00000267150ce510 code [0x00000267150ce720, 0x00000267150cead8]

GC Heap History (20 events):
Event: 4.670 GC heap after
{Heap after GC invocations=17 (full 0):
 garbage-first heap   total 118784K, used 41898K [0x0000000082000000, 0x0000000100000000)
  region size 1024K, 3 young (3072K), 3 survivors (3072K)
 Metaspace       used 39233K, committed 39680K, reserved 1089536K
  class space    used 5007K, committed 5184K, reserved 1048576K
}
Event: 5.197 GC heap before
{Heap before GC invocations=18 (full 0):
 garbage-first heap   total 118784K, used 87978K [0x0000000082000000, 0x0000000100000000)
  region size 1024K, 49 young (50176K), 3 survivors (3072K)
 Metaspace       used 41104K, committed 41472K, reserved 1089536K
  class space    used 5169K, committed 5312K, reserved 1048576K
}
Event: 5.211 GC heap after
{Heap after GC invocations=19 (full 0):
 garbage-first heap   total 118784K, used 54110K [0x0000000082000000, 0x0000000100000000)
  region size 1024K, 7 young (7168K), 7 survivors (7168K)
 Metaspace       used 41104K, committed 41472K, reserved 1089536K
  class space    used 5169K, committed 5312K, reserved 1048576K
}
Event: 5.325 GC heap before
{Heap before GC invocations=19 (full 0):
 garbage-first heap   total 118784K, used 88926K [0x0000000082000000, 0x0000000100000000)
  region size 1024K, 40 young (40960K), 7 survivors (7168K)
 Metaspace       used 42379K, committed 42752K, reserved 1089536K
  class space    used 5288K, committed 5440K, reserved 1048576K
}
Event: 5.350 GC heap after
{Heap after GC invocations=20 (full 0):
 garbage-first heap   total 118784K, used 70242K [0x0000000082000000, 0x0000000100000000)
  region size 1024K, 5 young (5120K), 5 survivors (5120K)
 Metaspace       used 42379K, committed 42752K, reserved 1089536K
  class space    used 5288K, committed 5440K, reserved 1048576K
}
Event: 5.375 GC heap before
{Heap before GC invocations=20 (full 0):
 garbage-first heap   total 118784K, used 89698K [0x0000000082000000, 0x0000000100000000)
  region size 1024K, 25 young (25600K), 5 survivors (5120K)
 Metaspace       used 42401K, committed 42752K, reserved 1089536K
  class space    used 5291K, committed 5440K, reserved 1048576K
}
Event: 5.379 GC heap after
{Heap after GC invocations=21 (full 0):
 garbage-first heap   total 118784K, used 72662K [0x0000000082000000, 0x0000000100000000)
  region size 1024K, 2 young (2048K), 2 survivors (2048K)
 Metaspace       used 42401K, committed 42752K, reserved 1089536K
  class space    used 5291K, committed 5440K, reserved 1048576K
}
Event: 5.397 GC heap before
{Heap before GC invocations=21 (full 0):
 garbage-first heap   total 118784K, used 92118K [0x0000000082000000, 0x0000000100000000)
  region size 1024K, 22 young (22528K), 2 survivors (2048K)
 Metaspace       used 42500K, committed 42880K, reserved 1089536K
  class space    used 5307K, committed 5504K, reserved 1048576K
}
Event: 5.398 GC heap after
{Heap after GC invocations=22 (full 0):
 garbage-first heap   total 118784K, used 73097K [0x0000000082000000, 0x0000000100000000)
  region size 1024K, 2 young (2048K), 2 survivors (2048K)
 Metaspace       used 42500K, committed 42880K, reserved 1089536K
  class space    used 5307K, committed 5504K, reserved 1048576K
}
Event: 5.416 GC heap before
{Heap before GC invocations=22 (full 0):
 garbage-first heap   total 118784K, used 93577K [0x0000000082000000, 0x0000000100000000)
  region size 1024K, 23 young (23552K), 2 survivors (2048K)
 Metaspace       used 42588K, committed 43008K, reserved 1089536K
  class space    used 5316K, committed 5504K, reserved 1048576K
}
Event: 5.419 GC heap after
{Heap after GC invocations=23 (full 0):
 garbage-first heap   total 237568K, used 74115K [0x0000000082000000, 0x0000000100000000)
  region size 1024K, 2 young (2048K), 2 survivors (2048K)
 Metaspace       used 42588K, committed 43008K, reserved 1089536K
  class space    used 5316K, committed 5504K, reserved 1048576K
}
Event: 5.497 GC heap before
{Heap before GC invocations=23 (full 0):
 garbage-first heap   total 237568K, used 156035K [0x0000000082000000, 0x0000000100000000)
  region size 1024K, 83 young (84992K), 2 survivors (2048K)
 Metaspace       used 42810K, committed 43200K, reserved 1089536K
  class space    used 5348K, committed 5504K, reserved 1048576K
}
Event: 5.501 GC heap after
{Heap after GC invocations=24 (full 0):
 garbage-first heap   total 237568K, used 77277K [0x0000000082000000, 0x0000000100000000)
  region size 1024K, 6 young (6144K), 6 survivors (6144K)
 Metaspace       used 42810K, committed 43200K, reserved 1089536K
  class space    used 5348K, committed 5504K, reserved 1048576K
}
Event: 5.601 GC heap before
{Heap before GC invocations=25 (full 0):
 garbage-first heap   total 237568K, used 179677K [0x0000000082000000, 0x0000000100000000)
  region size 1024K, 108 young (110592K), 6 survivors (6144K)
 Metaspace       used 43625K, committed 44096K, reserved 1089536K
  class space    used 5454K, committed 5696K, reserved 1048576K
}
Event: 5.608 GC heap after
{Heap after GC invocations=26 (full 0):
 garbage-first heap   total 237568K, used 80677K [0x0000000082000000, 0x0000000100000000)
  region size 1024K, 10 young (10240K), 10 survivors (10240K)
 Metaspace       used 43625K, committed 44096K, reserved 1089536K
  class space    used 5454K, committed 5696K, reserved 1048576K
}
Event: 5.613 GC heap before
{Heap before GC invocations=26 (full 0):
 garbage-first heap   total 237568K, used 81701K [0x0000000082000000, 0x0000000100000000)
  region size 1024K, 12 young (12288K), 10 survivors (10240K)
 Metaspace       used 43655K, committed 44160K, reserved 1089536K
  class space    used 5459K, committed 5696K, reserved 1048576K
}
Event: 5.622 GC heap after
{Heap after GC invocations=27 (full 0):
 garbage-first heap   total 237568K, used 80856K [0x0000000082000000, 0x0000000100000000)
  region size 1024K, 2 young (2048K), 2 survivors (2048K)
 Metaspace       used 43655K, committed 44160K, reserved 1089536K
  class space    used 5459K, committed 5696K, reserved 1048576K
}
Event: 5.711 GC heap before
{Heap before GC invocations=27 (full 0):
 garbage-first heap   total 237568K, used 185304K [0x0000000082000000, 0x0000000100000000)
  region size 1024K, 105 young (107520K), 2 survivors (2048K)
 Metaspace       used 44643K, committed 45056K, reserved 1089536K
  class space    used 5622K, committed 5824K, reserved 1048576K
}
Event: 5.714 GC heap after
{Heap after GC invocations=28 (full 0):
 garbage-first heap   total 237568K, used 84482K [0x0000000082000000, 0x0000000100000000)
  region size 1024K, 5 young (5120K), 5 survivors (5120K)
 Metaspace       used 44643K, committed 45056K, reserved 1089536K
  class space    used 5622K, committed 5824K, reserved 1048576K
}
Event: 5.827 GC heap before
{Heap before GC invocations=28 (full 0):
 garbage-first heap   total 237568K, used 187906K [0x0000000082000000, 0x0000000100000000)
  region size 1024K, 107 young (109568K), 5 survivors (5120K)
 Metaspace       used 46482K, committed 46976K, reserved 1097728K
  class space    used 5904K, committed 6144K, reserved 1048576K
}

Dll operation events (8 events):
Event: 0.009 Loaded shared library c:\Users\Alexis\.vscode\extensions\redhat.java-1.13.0-win32-x64\jre\17.0.5-win32-x86_64\bin\java.dll
Event: 0.230 Loaded shared library C:\Users\Alexis\.vscode\extensions\redhat.java-1.13.0-win32-x64\jre\17.0.5-win32-x86_64\bin\net.dll
Event: 0.231 Loaded shared library C:\Users\Alexis\.vscode\extensions\redhat.java-1.13.0-win32-x64\jre\17.0.5-win32-x86_64\bin\nio.dll
Event: 0.241 Loaded shared library C:\Users\Alexis\.vscode\extensions\redhat.java-1.13.0-win32-x64\jre\17.0.5-win32-x86_64\bin\zip.dll
Event: 0.458 Loaded shared library C:\Users\Alexis\.vscode\extensions\redhat.java-1.13.0-win32-x64\jre\17.0.5-win32-x86_64\bin\jimage.dll
Event: 0.666 Loaded shared library c:\Users\Alexis\.vscode\extensions\redhat.java-1.13.0-win32-x64\jre\17.0.5-win32-x86_64\bin\verify.dll
Event: 3.266 Loaded shared library C:\Users\Alexis\.vscode\extensions\redhat.java-1.13.0-win32-x64\jre\17.0.5-win32-x86_64\bin\management.dll
Event: 3.269 Loaded shared library C:\Users\Alexis\.vscode\extensions\redhat.java-1.13.0-win32-x64\jre\17.0.5-win32-x86_64\bin\management_ext.dll

Deoptimization events (10 events):
Event: 1.871 Thread 0x0000026711af2290 DEOPT PACKING pc=0x0000026714c94399 sp=0x000000d4e3dfd3f0
Event: 1.871 Thread 0x0000026711af2290 DEOPT UNPACKING pc=0x00000267147d2b43 sp=0x000000d4e3dfc8d0 mode 3
Event: 3.777 Thread 0x00000267207ad330 DEOPT PACKING pc=0x0000026714e9d835 sp=0x000000d4e58fd290
Event: 3.777 Thread 0x00000267207ad330 DEOPT UNPACKING pc=0x00000267147d2b43 sp=0x000000d4e58fc7b8 mode 3
Event: 3.957 Thread 0x0000026720834570 DEOPT PACKING pc=0x0000026714ebe9ab sp=0x000000d4e5cfe920
Event: 3.957 Thread 0x0000026720834570 DEOPT UNPACKING pc=0x00000267147d2b43 sp=0x000000d4e5cfde68 mode 3
Event: 4.390 Thread 0x00000267208340a0 DEOPT PACKING pc=0x0000026714c99d81 sp=0x000000d4e67ff0e0
Event: 4.390 Thread 0x00000267208340a0 DEOPT UNPACKING pc=0x00000267147d2b43 sp=0x000000d4e67fe570 mode 3
Event: 4.750 Thread 0x0000026720836720 DEOPT PACKING pc=0x0000026714c92c17 sp=0x000000d4e63feea0
Event: 4.750 Thread 0x0000026720836720 DEOPT UNPACKING pc=0x00000267147d2b43 sp=0x000000d4e63fe2f8 mode 3

Classes unloaded (0 events):
No events

Classes redefined (0 events):
No events

Internal exceptions (20 events):
Event: 4.044 Thread 0x00000267208358b0 Exception <a 'sun/nio/fs/WindowsException'{0x0000000085e52160}> (0x0000000085e52160) 
thrown [s\src\hotspot\share\prims\jni.cpp, line 516]
Event: 4.044 Thread 0x00000267208358b0 Exception <a 'sun/nio/fs/WindowsException'{0x0000000085e52b60}> (0x0000000085e52b60) 
thrown [s\src\hotspot\share\prims\jni.cpp, line 516]
Event: 4.044 Thread 0x00000267208358b0 Exception <a 'sun/nio/fs/WindowsException'{0x0000000085e52f10}> (0x0000000085e52f10) 
thrown [s\src\hotspot\share\prims\jni.cpp, line 516]
Event: 4.044 Thread 0x00000267208358b0 Exception <a 'sun/nio/fs/WindowsException'{0x0000000085e53918}> (0x0000000085e53918) 
thrown [s\src\hotspot\share\prims\jni.cpp, line 516]
Event: 4.044 Thread 0x00000267208358b0 Exception <a 'sun/nio/fs/WindowsException'{0x0000000085e53cd8}> (0x0000000085e53cd8) 
thrown [s\src\hotspot\share\prims\jni.cpp, line 516]
Event: 4.044 Thread 0x00000267208358b0 Exception <a 'sun/nio/fs/WindowsException'{0x0000000085e54700}> (0x0000000085e54700) 
thrown [s\src\hotspot\share\prims\jni.cpp, line 516]
Event: 4.045 Thread 0x00000267208358b0 Exception <a 'sun/nio/fs/WindowsException'{0x0000000085e54ae0}> (0x0000000085e54ae0) 
thrown [s\src\hotspot\share\prims\jni.cpp, line 516]
Event: 4.045 Thread 0x00000267208358b0 Exception <a 'sun/nio/fs/WindowsException'{0x0000000085e55518}> (0x0000000085e55518) 
thrown [s\src\hotspot\share\prims\jni.cpp, line 516]
Event: 4.045 Thread 0x00000267208358b0 Exception <a 'sun/nio/fs/WindowsException'{0x0000000085e55908}> (0x0000000085e55908) 
thrown [s\src\hotspot\share\prims\jni.cpp, line 516]
Event: 4.045 Thread 0x00000267208358b0 Exception <a 'sun/nio/fs/WindowsException'{0x0000000085e56338}> (0x0000000085e56338) 
thrown [s\src\hotspot\share\prims\jni.cpp, line 516]
Event: 4.045 Thread 0x00000267208358b0 Exception <a 'sun/nio/fs/WindowsException'{0x0000000085e56728}> (0x0000000085e56728) 
thrown [s\src\hotspot\share\prims\jni.cpp, line 516]
Event: 4.675 Thread 0x00000267207ad330 Exception <a 'java/lang/NoSuchMethodError'{0x0000000089c5b950}: 'java.lang.Object java.lang.invoke.Invokers$Holder.invoke_MT(java.lang.Object, java.lang.Object, java.lang.Object)'> (0x0000000089c5b950) 
thrown [s\src\hotspot\share\interpreter\linkResolver.cpp, line 759]
Event: 4.838 Thread 0x00000267207ad330 Exception <a 'java/lang/NoSuchMethodError'{0x00000000875e41e0}: 'java.lang.Object java.lang.invoke.DirectMethodHandle$Holder.newInvokeSpecial(java.lang.Object, java.lang.Object, int)'> (0x00000000875e41e0) 
thrown [s\src\hotspot\share\interpreter\linkResolver.cpp, line 759]
Event: 4.855 Thread 0x00000267235920c0 Exception <a 'sun/nio/fs/WindowsException'{0x00000000873bf958}> (0x00000000873bf958) 
thrown [s\src\hotspot\share\prims\jni.cpp, line 516]
Event: 4.895 Thread 0x00000267235920c0 Exception <a 'sun/nio/fs/WindowsException'{0x00000000873fb6f0}> (0x00000000873fb6f0) 
thrown [s\src\hotspot\share\prims\jni.cpp, line 516]
Event: 4.895 Thread 0x00000267235920c0 Exception <a 'sun/nio/fs/WindowsException'{0x00000000873fc0c0}> (0x00000000873fc0c0) 
thrown [s\src\hotspot\share\prims\jni.cpp, line 516]
Event: 4.895 Thread 0x00000267235920c0 Exception <a 'sun/nio/fs/WindowsException'{0x00000000873fca40}> (0x00000000873fca40) 
thrown [s\src\hotspot\share\prims\jni.cpp, line 516]
Event: 4.895 Thread 0x00000267235920c0 Exception <a 'sun/nio/fs/WindowsException'{0x00000000873fd4e0}> (0x00000000873fd4e0) 
thrown [s\src\hotspot\share\prims\jni.cpp, line 516]
Event: 4.896 Thread 0x00000267235920c0 Exception <a 'sun/nio/fs/WindowsException'{0x00000000873fdfe8}> (0x00000000873fdfe8) 
thrown [s\src\hotspot\share\prims\jni.cpp, line 516]
Event: 5.778 Thread 0x0000026720834a40 Exception <a 'java/lang/IncompatibleClassChangeError'{0x000000008d2d9e90}: Found class java.lang.Object, but interface was expected> (0x000000008d2d9e90) 
thrown [s\src\hotspot\share\interpreter\linkResolver.cpp, line 826]

VM Operations (20 events):
Event: 5.497 Executing VM operation: G1CollectForAllocation done
Event: 5.497 Executing VM operation: G1CollectForAllocation
Event: 5.501 Executing VM operation: G1CollectForAllocation done
Event: 5.514 Executing VM operation: G1Concurrent
Event: 5.524 Executing VM operation: G1Concurrent done
Event: 5.589 Executing VM operation: G1Concurrent
Event: 5.591 Executing VM operation: G1Concurrent done
Event: 5.598 Executing VM operation: G1CollectForAllocation
Event: 5.611 Executing VM operation: G1CollectForAllocation done
Event: 5.613 Executing VM operation: G1CollectForAllocation
Event: 5.613 Executing VM operation: G1CollectForAllocation done
Event: 5.613 Executing VM operation: G1CollectForAllocation
Event: 5.622 Executing VM operation: G1CollectForAllocation done
Event: 5.661 Executing VM operation: HandshakeAllThreads
Event: 5.677 Executing VM operation: HandshakeAllThreads done
Event: 5.711 Executing VM operation: G1CollectForAllocation
Event: 5.714 Executing VM operation: G1CollectForAllocation done
Event: 5.826 Executing VM operation: G1CollectForAllocation
Event: 5.827 Executing VM operation: G1CollectForAllocation done
Event: 5.827 Executing VM operation: G1CollectForAllocation

Events (20 events):
Event: 5.552 loading class java/security/AllPermissionCollection
Event: 5.552 loading class java/security/AllPermissionCollection done
Event: 5.552 loading class jdk/internal/jrtfs/SystemImage$2
Event: 5.552 loading class jdk/internal/jrtfs/SystemImage$2 done
Event: 5.552 loading class jdk/internal/jrtfs/SystemImage$1
Event: 5.552 loading class jdk/internal/jrtfs/SystemImage$1 done
Event: 5.555 loading class jdk/internal/jrtfs/JrtFileSystem$1
Event: 5.555 loading class jdk/internal/jrtfs/JrtFileSystem$1 done
Event: 5.579 loading class java/util/ResourceBundle$Control$1
Event: 5.579 loading class java/util/ResourceBundle$Control$1 done
Event: 5.656 loading class java/nio/charset/IllegalCharsetNameException
Event: 5.656 loading class java/nio/charset/IllegalCharsetNameException done
Event: 5.660 loading class java/util/JumboEnumSet
Event: 5.660 loading class java/util/JumboEnumSet done
Event: 5.679 loading class java/lang/ThreadLocal$SuppliedThreadLocal
Event: 5.679 loading class java/lang/ThreadLocal$SuppliedThreadLocal done
Event: 5.686 loading class java/util/JumboEnumSet$EnumSetIterator
Event: 5.687 loading class java/util/JumboEnumSet$EnumSetIterator done
Event: 5.749 loading class java/lang/NegativeArraySizeException
Event: 5.749 loading class java/lang/NegativeArraySizeException done


Dynamic libraries:
0x00007ff7b27c0000 - 0x00007ff7b27ce000 	c:\Users\Alexis\.vscode\extensions\redhat.java-1.13.0-win32-x64\jre\17.0.5-win32-x86_64\bin\java.exe
0x00007ffe71b30000 - 0x00007ffe71d28000 	C:\WINDOWS\SYSTEM32\ntdll.dll
0x00007ffe70fe0000 - 0x00007ffe7109f000 	C:\WINDOWS\System32\KERNEL32.DLL
0x00007ffe6f680000 - 0x00007ffe6f952000 	C:\WINDOWS\System32\KERNELBASE.dll
0x00007ffe6f3f0000 - 0x00007ffe6f4f0000 	C:\WINDOWS\System32\ucrtbase.dll
0x00007ffe66f20000 - 0x00007ffe66f37000 	c:\Users\Alexis\.vscode\extensions\redhat.java-1.13.0-win32-x64\jre\17.0.5-win32-x86_64\bin\jli.dll
0x00007ffe70b10000 - 0x00007ffe70cb1000 	C:\WINDOWS\System32\USER32.dll
0x00007ffe6f960000 - 0x00007ffe6f982000 	C:\WINDOWS\System32\win32u.dll
0x00007ffe70020000 - 0x00007ffe7004b000 	C:\WINDOWS\System32\GDI32.dll
0x00007ffe6fa60000 - 0x00007ffe6fb6f000 	C:\WINDOWS\System32\gdi32full.dll
0x00007ffe6f9c0000 - 0x00007ffe6fa5d000 	C:\WINDOWS\System32\msvcp_win.dll
0x00007ffe66f00000 - 0x00007ffe66f19000 	c:\Users\Alexis\.vscode\extensions\redhat.java-1.13.0-win32-x64\jre\17.0.5-win32-x86_64\bin\VCRUNTIME140.dll
0x00007ffe64b10000 - 0x00007ffe64daa000 	C:\WINDOWS\WinSxS\amd64_microsoft.windows.common-controls_6595b64144ccf1df_6.0.19041.1110_none_60b5254171f9507e\COMCTL32.dll
0x00007ffe71510000 - 0x00007ffe715ae000 	C:\WINDOWS\System32\msvcrt.dll
0x00007ffe717a0000 - 0x00007ffe717d2000 	C:\WINDOWS\System32\IMM32.DLL
0x00007ffe6a3c0000 - 0x00007ffe6a3cc000 	c:\Users\Alexis\.vscode\extensions\redhat.java-1.13.0-win32-x64\jre\17.0.5-win32-x86_64\bin\vcruntime140_1.dll
0x00007ffe10520000 - 0x00007ffe105b1000 	c:\Users\Alexis\.vscode\extensions\redhat.java-1.13.0-win32-x64\jre\17.0.5-win32-x86_64\bin\msvcp140.dll
0x00007ffe0c320000 - 0x00007ffe0cf64000 	c:\Users\Alexis\.vscode\extensions\redhat.java-1.13.0-win32-x64\jre\17.0.5-win32-x86_64\bin\server\jvm.dll
0x00007ffe71a40000 - 0x00007ffe71aee000 	C:\WINDOWS\System32\ADVAPI32.dll
0x00007ffe709e0000 - 0x00007ffe70a7c000 	C:\WINDOWS\System32\sechost.dll
0x00007ffe71610000 - 0x00007ffe71735000 	C:\WINDOWS\System32\RPCRT4.dll
0x00007ffe69d50000 - 0x00007ffe69d59000 	C:\WINDOWS\SYSTEM32\WSOCK32.dll
0x00007ffe66330000 - 0x00007ffe66357000 	C:\WINDOWS\SYSTEM32\WINMM.dll
0x00007ffe70aa0000 - 0x00007ffe70b0b000 	C:\WINDOWS\System32\WS2_32.dll
0x00007ffe66590000 - 0x00007ffe6659a000 	C:\WINDOWS\SYSTEM32\VERSION.dll
0x00007ffe6d0e0000 - 0x00007ffe6d0f2000 	C:\WINDOWS\SYSTEM32\kernel.appcore.dll
0x00007ffe69630000 - 0x00007ffe6963a000 	c:\Users\Alexis\.vscode\extensions\redhat.java-1.13.0-win32-x64\jre\17.0.5-win32-x86_64\bin\jimage.dll
0x00007ffe533a0000 - 0x00007ffe53584000 	C:\WINDOWS\SYSTEM32\DBGHELP.DLL
0x00007ffe53650000 - 0x00007ffe53685000 	C:\WINDOWS\SYSTEM32\dbgcore.DLL
0x00007ffe6f4f0000 - 0x00007ffe6f572000 	C:\WINDOWS\System32\bcryptPrimitives.dll
0x00007ffe62860000 - 0x00007ffe62885000 	c:\Users\Alexis\.vscode\extensions\redhat.java-1.13.0-win32-x64\jre\17.0.5-win32-x86_64\bin\java.dll
0x00007ffe66ee0000 - 0x00007ffe66ef8000 	c:\Users\Alexis\.vscode\extensions\redhat.java-1.13.0-win32-x64\jre\17.0.5-win32-x86_64\bin\zip.dll
0x00007ffe70050000 - 0x00007ffe70794000 	C:\WINDOWS\System32\SHELL32.dll
0x00007ffe6d2e0000 - 0x00007ffe6da72000 	C:\WINDOWS\SYSTEM32\windows.storage.dll
0x00007ffe6fcc0000 - 0x00007ffe70015000 	C:\WINDOWS\System32\combase.dll
0x00007ffe6ec80000 - 0x00007ffe6ecb0000 	C:\WINDOWS\SYSTEM32\Wldp.dll
0x00007ffe70de0000 - 0x00007ffe70e8d000 	C:\WINDOWS\System32\SHCORE.dll
0x00007ffe71740000 - 0x00007ffe71795000 	C:\WINDOWS\System32\shlwapi.dll
0x00007ffe6f160000 - 0x00007ffe6f17f000 	C:\WINDOWS\SYSTEM32\profapi.dll
0x00007ffe62840000 - 0x00007ffe62859000 	C:\Users\Alexis\.vscode\extensions\redhat.java-1.13.0-win32-x64\jre\17.0.5-win32-x86_64\bin\net.dll
0x00007ffe666f0000 - 0x00007ffe667fc000 	C:\WINDOWS\SYSTEM32\WINHTTP.dll
0x00007ffe6e9e0000 - 0x00007ffe6ea4a000 	C:\WINDOWS\system32\mswsock.dll
0x00007ffe62740000 - 0x00007ffe62755000 	C:\Users\Alexis\.vscode\extensions\redhat.java-1.13.0-win32-x64\jre\17.0.5-win32-x86_64\bin\nio.dll
0x00007ffe62830000 - 0x00007ffe62840000 	c:\Users\Alexis\.vscode\extensions\redhat.java-1.13.0-win32-x64\jre\17.0.5-win32-x86_64\bin\verify.dll
0x00007ffe6ebe0000 - 0x00007ffe6ebf8000 	C:\WINDOWS\SYSTEM32\CRYPTSP.dll
0x00007ffe6e290000 - 0x00007ffe6e2c4000 	C:\WINDOWS\system32\rsaenh.dll
0x00007ffe6f990000 - 0x00007ffe6f9b7000 	C:\WINDOWS\System32\bcrypt.dll
0x00007ffe6f120000 - 0x00007ffe6f14e000 	C:\WINDOWS\SYSTEM32\USERENV.dll
0x00007ffe6ebd0000 - 0x00007ffe6ebdc000 	C:\WINDOWS\SYSTEM32\CRYPTBASE.dll
0x00007ffe6e680000 - 0x00007ffe6e6bb000 	C:\WINDOWS\SYSTEM32\IPHLPAPI.DLL
0x00007ffe6fb70000 - 0x00007ffe6fb78000 	C:\WINDOWS\System32\NSI.dll
0x00007ffe669e0000 - 0x00007ffe669f7000 	C:\WINDOWS\SYSTEM32\dhcpcsvc6.DLL
0x00007ffe66c20000 - 0x00007ffe66c3d000 	C:\WINDOWS\SYSTEM32\dhcpcsvc.DLL
0x00007ffe6e6c0000 - 0x00007ffe6e78a000 	C:\WINDOWS\SYSTEM32\DNSAPI.dll
0x00007ffe6b090000 - 0x00007ffe6b099000 	C:\Users\Alexis\.vscode\extensions\redhat.java-1.13.0-win32-x64\jre\17.0.5-win32-x86_64\bin\management.dll
0x00007ffe6b020000 - 0x00007ffe6b02b000 	C:\Users\Alexis\.vscode\extensions\redhat.java-1.13.0-win32-x64\jre\17.0.5-win32-x86_64\bin\management_ext.dll
0x00007ffe70a80000 - 0x00007ffe70a88000 	C:\WINDOWS\System32\PSAPI.DLL

dbghelp: loaded successfully - version: 4.0.5 - missing functions: none
symbol engine: initialized successfully - sym options: 0x614 - pdb path: .;c:\Users\Alexis\.vscode\extensions\redhat.java-1.13.0-win32-x64\jre\17.0.5-win32-x86_64\bin;C:\WINDOWS\SYSTEM32;C:\WINDOWS\WinSxS\amd64_microsoft.windows.common-controls_6595b64144ccf1df_6.0.19041.1110_none_60b5254171f9507e;c:\Users\Alexis\.vscode\extensions\redhat.java-1.13.0-win32-x64\jre\17.0.5-win32-x86_64\bin\server

VM Arguments:
jvm_args: -Dsts.lsp.client=vscode -Dsts.log.file=/dev/null -XX:TieredStopAtLevel=1 -Xlog:jni+resolve=off -Dspring.config.location=file:c:\Users\Alexis\.vscode\extensions\pivotal.vscode-spring-boot-1.43.0\language-server\BOOT-INF\classes\application.properties 
java_command: org.springframework.ide.vscode.boot.app.BootLanguageServerBootApp
java_class_path (initial): c:\Users\Alexis\.vscode\extensions\pivotal.vscode-spring-boot-1.43.0\language-server\BOOT-INF\classes;c:\Users\Alexis\.vscode\extensions\pivotal.vscode-spring-boot-1.43.0\language-server\BOOT-INF\lib\annotations-23.1.0.jar;c:\Users\Alexis\.vscode\extensions\pivotal.vscode-spring-boot-1.43.0\language-server\BOOT-INF\lib\ant-1.10.12.jar;c:\Users\Alexis\.vscode\extensions\pivotal.vscode-spring-boot-1.43.0\language-server\BOOT-INF\lib\ant-launcher-1.10.12.jar;c:\Users\Alexis\.vscode\extensions\pivotal.vscode-spring-boot-1.43.0\language-server\BOOT-INF\lib\antlr-runtime-3.5.2.jar;c:\Users\Alexis\.vscode\extensions\pivotal.vscode-spring-boot-1.43.0\language-server\BOOT-INF\lib\antlr4-4.9.3.jar;c:\Users\Alexis\.vscode\extensions\pivotal.vscode-spring-boot-1.43.0\language-server\BOOT-INF\lib\antlr4-runtime-4.9.3.jar;c:\Users\Alexis\.vscode\extensions\pivotal.vscode-spring-boot-1.43.0\language-server\BOOT-INF\lib\apiguardian-api-1.1.2.jar;c:\Users\Alexis\.vscode\extensions\pivotal.vscode-spring-boot-1.43.0\language-server\BOOT-INF\lib\asm-9.4.jar;c:\Users\Alexis\.vscode\extensions\pivotal.vscode-spring-boot-1.43.0\language-server\BOOT-INF\lib\asm-analysis-9.4.jar;c:\Users\Alexis\.vscode\extensions\pivotal.vscode-spring-boot-1.43.0\language-server\BOOT-INF\lib\asm-tree-9.4.jar;c:\Users\Alexis\.vscode\extensions\pivotal.vscode-spring-boot-1.43.0\language-server\BOOT-INF\lib\asm-util-9.4.jar;c:\Users\Alexis\.vscode\extensions\pivotal.vscode-spring-boot-1.43.0\language-server\BOOT-INF\lib\caffeine-3.1.2.jar;c:\Users\Alexis\.vscode\extensions\pivotal.vscode-spring-boot-1.43.0\language-server\BOOT-INF\lib\checker-qual-3.12.0.jar;c:\Users\Alexis\.vscode\extensions\pivotal.vscode-spring-boot-1.43.0\language-server\BOOT-INF\lib\ci-environment-9.1.0.jar;c:\Users\Alexis\.vscode\extensions\pivotal.vscode-spring-boot-1.43.0\language-server\BOOT-INF\lib\classgraph-4.8.149.jar;c:\Users\Alexis\.vscode\extensions\pivotal.vscode-spring-boot-1.43.0\language-server\
Launcher Type: SUN_STANDARD

[Global flags]
     intx CICompilerCount                          = 3                                         {product} {ergonomic}
     uint ConcGCThreads                            = 1                                         {product} {ergonomic}
     uint G1ConcRefinementThreads                  = 4                                         {product} {ergonomic}
   size_t G1HeapRegionSize                         = 1048576                                   {product} {ergonomic}
    uintx GCDrainStackTargetSize                   = 64                                        {product} {ergonomic}
   size_t InitialHeapSize                          = 132120576                                 {product} {ergonomic}
   size_t MarkStackSize                            = 4194304                                   {product} {ergonomic}
   size_t MaxHeapSize                              = 2113929216                                {product} {ergonomic}
   size_t MaxNewSize                               = 1267728384                                {product} {ergonomic}
   size_t MinHeapDeltaBytes                        = 1048576                                   {product} {ergonomic}
   size_t MinHeapSize                              = 8388608                                   {product} {ergonomic}
    uintx NonProfiledCodeHeapSize                  = 0                                      {pd product} {ergonomic}
     bool ProfileInterpreter                       = false                                  {pd product} {command line}
    uintx ProfiledCodeHeapSize                     = 0                                      {pd product} {ergonomic}
   size_t SoftMaxHeapSize                          = 2113929216                             {manageable} {ergonomic}
     intx TieredStopAtLevel                        = 1                                         {product} {command line}
     bool UseCompressedClassPointers               = true                           {product lp64_product} {ergonomic}
     bool UseCompressedOops                        = true                           {product lp64_product} {ergonomic}
     bool UseG1GC                                  = true                                      {product} {ergonomic}
     bool UseLargePagesIndividualAllocation        = false                                  {pd product} {ergonomic}

Logging:
Log output configuration:
 #0: stdout all=warning,jni+resolve=off uptime,level,tags
 #1: stderr all=off uptime,level,tags

Environment Variables:
JAVA_HOME=C:\Program Files\Java\jdk-17.0.5
PATH=C:\Program Files\Java\jdk-17.0.5\bin;C:\Program Files\Java\jdk-19\bin;C:\apache-maven-3.8.6\bin;C:\Program Files\Common Files\Oracle\Java\javapath;C:\Program Files\Eclipse Adoptium\jdk-17.0.5.8-hotspot\bin;C:\Program Files (x86)\Common Files\Oracle\Java\javapath;C:\WINDOWS\system32;C:\WINDOWS;C:\WINDOWS\System32\Wbem;C:\WINDOWS\System32\WindowsPowerShell\v1.0\;C:\WINDOWS\System32\OpenSSH\;C:\Program Files\Git\cmd;C:\Program Files\Java\jdk-17.0.5;C:\Program Files\Java\jdk1.8.0_231\bin;C:\Users\Alexis\AppData\Local\Microsoft\WindowsApps;C:\Users\Alexis\AppData\Local\atom\bin;C:\Users\Alexis\AppData\Local\Programs\Microsoft VS Code\bin;C:\Users\Alexis\AppData\Local\GitHubDesktop\bin;
USERNAME=Alexis
OS=Windows_NT
PROCESSOR_IDENTIFIER=Intel64 Family 6 Model 142 Stepping 9, GenuineIntel
TMP=C:\Users\Alexis\AppData\Local\Temp
TEMP=C:\Users\Alexis\AppData\Local\Temp



---------------  S Y S T E M  ---------------

OS:
 Windows 10 , 64 bit Build 19041 (10.0.19041.2364)
OS uptime: 2 days 13:08 hours

CPU: total 4 (initial active 4) (2 cores per cpu, 2 threads per core) family 6 model 142 stepping 9 microcode 0xb4, cx8, cmov, fxsr, ht, mmx, 3dnowpref, sse, sse2, sse3, ssse3, sse4.1, sse4.2, popcnt, lzcnt, tsc, tscinvbit, avx, avx2, aes, erms, clmul, bmi1, bmi2, adx, fma, vzeroupper, clflush, clflushopt

Memory: 4k page, system-wide physical 8060M (675M free)
TotalPageFile size 18613M (AvailPageFile size 205M)
current process WorkingSet (physical memory assigned to process): 357M, peak: 357M
current process commit charge ("private bytes"): 381M, peak: 845M

vm_info: OpenJDK 64-Bit Server VM (17.0.5+8) for windows-amd64 JRE (17.0.5+8), built on Oct 19 2022 04:48:13 by "temurin" with MS VC++ 16.7 (VS2019)

END.
