#
# There is insufficient memory for the Java Runtime Environment to continue.
# Native memory allocation (mmap) failed to map 293601280 bytes for G1 virtual space
# Possible reasons:
#   The system is out of physical RAM or swap space
#   The process is running with CompressedOops enabled, and the Java Heap may be blocking the growth of the native heap
# Possible solutions:
#   Reduce memory load on the system
#   Increase physical memory or swap space
#   Check if swap backing store is full
#   Decrease Java heap size (-Xmx/-Xms)
#   Decrease number of Java threads
#   Decrease Java thread stack sizes (-Xss)
#   Set larger code cache with -XX:ReservedCodeCacheSize=
#   JVM is running with Unscaled Compressed Oops mode in which the Java heap is
#     placed in the first 4GB address space. The Java Heap base address is the
#     maximum limit for the native heap growth. Please use -XX:HeapBaseMinAddress
#     to set the Java Heap base and to place the Java Heap above 4GB virtual address.
# This output file may be truncated or incomplete.
#
#  Out of Memory Error (os_windows.cpp:3548), pid=18324, tid=1756
#
# JRE version: OpenJDK Runtime Environment Temurin-17.0.5+8 (17.0.5+8) (build 17.0.5+8)
# Java VM: OpenJDK 64-Bit Server VM Temurin-17.0.5+8 (17.0.5+8, mixed mode, emulated-client, tiered, compressed oops, compressed class ptrs, g1 gc, windows-amd64)
# No core dump will be written. Minidumps are not enabled by default on client versions of Windows
#

---------------  S U M M A R Y ------------

Command Line: -Dsts.lsp.client=vscode -Dsts.log.file=/dev/null -XX:TieredStopAtLevel=1 -Xlog:jni+resolve=off -Dspring.config.location=file:c:\Users\Alexis\.vscode\extensions\pivotal.vscode-spring-boot-1.43.0\language-server\BOOT-INF\classes\application.properties org.springframework.ide.vscode.boot.app.BootLanguageServerBootApp

Host: Intel(R) Core(TM) i7-7500U CPU @ 2.70GHz, 4 cores, 7G,  Windows 10 , 64 bit Build 19041 (10.0.19041.2364)
Time: Tue Jan  3 19:01:14 2023 Hora estándar de Argentina elapsed time: 5.750252 seconds (0d 0h 0m 5s)

---------------  T H R E A D  ---------------

Current thread (0x0000020397d63850):  VMThread "VM Thread" [stack: 0x000000756f200000,0x000000756f300000] [id=1756]

Stack: [0x000000756f200000,0x000000756f300000]
Native frames: (J=compiled Java code, j=interpreted, Vv=VM code, C=native code)
V  [jvm.dll+0x676b3a]
V  [jvm.dll+0x831444]
V  [jvm.dll+0x832bee]
V  [jvm.dll+0x833253]
V  [jvm.dll+0x244ce5]
V  [jvm.dll+0x673a49]
V  [jvm.dll+0x66811a]
V  [jvm.dll+0x303ceb]
V  [jvm.dll+0x30b1e6]
V  [jvm.dll+0x35adbe]
V  [jvm.dll+0x35afef]
V  [jvm.dll+0x2dab88]
V  [jvm.dll+0x2d8e3c]
V  [jvm.dll+0x2d840c]
V  [jvm.dll+0x31c31b]
V  [jvm.dll+0x8376fb]
V  [jvm.dll+0x838434]
V  [jvm.dll+0x83894c]
V  [jvm.dll+0x838d24]
V  [jvm.dll+0x838df0]
V  [jvm.dll+0x7e17ea]
V  [jvm.dll+0x6759e5]
C  [ucrtbase.dll+0x21bb2]
C  [KERNEL32.DLL+0x17614]
C  [ntdll.dll+0x526a1]

VM_Operation (0x00000075712fe6b0): G1CollectForAllocation, mode: safepoint, requested by thread 0x0000020399f43900


---------------  P R O C E S S  ---------------

Threads class SMR info:
_java_thread_list=0x000002039cecfa90, length=39, elements={
0x0000020397db8740, 0x0000020397db9fd0, 0x0000020398808070, 0x000002039880ad40,
0x000002039880bc10, 0x000002039880c5c0, 0x000002039880ce80, 0x0000020398817920,
0x0000020398a10b30, 0x0000020398a1b460, 0x000002038b2725b0, 0x00000203993c9f40,
0x0000020399cabf50, 0x0000020399ed2350, 0x0000020399d17870, 0x000002038b271550,
0x0000020399a4e1b0, 0x0000020399fd6550, 0x0000020399d9c030, 0x0000020399d9c500,
0x0000020399f45110, 0x0000020399f43dd0, 0x0000020399f45ab0, 0x0000020399f455e0,
0x0000020399f420f0, 0x0000020399f44770, 0x0000020399f43430, 0x0000020399f442a0,
0x0000020399f43900, 0x0000020399f42a90, 0x0000020399f44c40, 0x0000020399f425c0,
0x0000020399f42f60, 0x000002039a130a00, 0x000002039a12f6c0, 0x000002039a12d510,
0x000002039a130060, 0x000002039a12b830, 0x000002039a12deb0
}

Java Threads: ( => current thread )
  0x0000020397db8740 JavaThread "Reference Handler" daemon [_thread_blocked, id=17424, stack(0x000000756f300000,0x000000756f400000)]
  0x0000020397db9fd0 JavaThread "Finalizer" daemon [_thread_blocked, id=120, stack(0x000000756f400000,0x000000756f500000)]
  0x0000020398808070 JavaThread "Signal Dispatcher" daemon [_thread_blocked, id=6368, stack(0x000000756f500000,0x000000756f600000)]
  0x000002039880ad40 JavaThread "Attach Listener" daemon [_thread_blocked, id=5200, stack(0x000000756f600000,0x000000756f700000)]
  0x000002039880bc10 JavaThread "Service Thread" daemon [_thread_blocked, id=7616, stack(0x000000756f700000,0x000000756f800000)]
  0x000002039880c5c0 JavaThread "Monitor Deflation Thread" daemon [_thread_blocked, id=12280, stack(0x000000756f800000,0x000000756f900000)]
  0x000002039880ce80 JavaThread "C1 CompilerThread0" daemon [_thread_blocked, id=3524, stack(0x000000756f900000,0x000000756fa00000)]
  0x0000020398817920 JavaThread "Sweeper thread" daemon [_thread_blocked, id=4284, stack(0x000000756fa00000,0x000000756fb00000)]
  0x0000020398a10b30 JavaThread "Notification Thread" daemon [_thread_blocked, id=18136, stack(0x000000756fb00000,0x000000756fc00000)]
  0x0000020398a1b460 JavaThread "Common-Cleaner" daemon [_thread_blocked, id=12824, stack(0x000000756fd00000,0x000000756fe00000)]
  0x000002038b2725b0 JavaThread "C1 CompilerThread1" daemon [_thread_blocked, id=11256, stack(0x000000756fe00000,0x000000756ff00000)]
  0x00000203993c9f40 JavaThread "C1 CompilerThread2" daemon [_thread_blocked, id=15940, stack(0x0000007570100000,0x0000007570200000)]
  0x0000020399cabf50 JavaThread "boundedElastic-evictor-1" daemon [_thread_blocked, id=17456, stack(0x0000007570300000,0x0000007570400000)]
  0x0000020399ed2350 JavaThread "pool-11-thread-1" [_thread_blocked, id=5484, stack(0x0000007570400000,0x0000007570500000)]
  0x0000020399d17870 JavaThread "LanguageServerApp-lifecycle" [_thread_blocked, id=13552, stack(0x0000007570500000,0x0000007570600000)]
  0x000002038b271550 JavaThread "DestroyJavaVM" [_thread_blocked, id=13300, stack(0x000000756ec00000,0x000000756ed00000)]
  0x0000020399a4e1b0 JavaThread "pool-12-thread-1" [_thread_in_native, id=16108, stack(0x0000007570600000,0x0000007570700000)]
  0x0000020399fd6550 JavaThread "Simple-Language-Server main thread" daemon [_thread_blocked, id=16156, stack(0x0000007570700000,0x0000007570800000)]
  0x0000020399d9c030 JavaThread "pool-8-thread-1" [_thread_blocked, id=13528, stack(0x0000007570800000,0x0000007570900000)]
  0x0000020399d9c500 JavaThread "parallel-1" daemon [_thread_blocked, id=17872, stack(0x0000007570900000,0x0000007570a00000)]
  0x0000020399f45110 JavaThread "parallel-2" daemon [_thread_blocked, id=15636, stack(0x0000007570a00000,0x0000007570b00000)]
  0x0000020399f43dd0 JavaThread "ForkJoinPool.commonPool-worker-1" daemon [_thread_blocked, id=10040, stack(0x0000007570b00000,0x0000007570c00000)]
  0x0000020399f45ab0 JavaThread "pool-5-thread-1" [_thread_blocked, id=11908, stack(0x0000007570c00000,0x0000007570d00000)]
  0x0000020399f455e0 JavaThread "ForkJoinPool.commonPool-worker-2" daemon [_thread_blocked, id=3772, stack(0x0000007570d00000,0x0000007570e00000)]
  0x0000020399f420f0 JavaThread "pool-5-thread-2" [_thread_blocked, id=15772, stack(0x0000007570e00000,0x0000007570f00000)]
  0x0000020399f44770 JavaThread "ClassGraph-worker-0" daemon [_thread_blocked, id=12236, stack(0x0000007570f00000,0x0000007571000000)]
  0x0000020399f43430 JavaThread "ClassGraph-worker-1" daemon [_thread_blocked, id=14072, stack(0x0000007571000000,0x0000007571100000)]
  0x0000020399f442a0 JavaThread "ClassGraph-worker-2" daemon [_thread_blocked, id=15852, stack(0x0000007571100000,0x0000007571200000)]
  0x0000020399f43900 JavaThread "ClassGraph-worker-3" daemon [_thread_blocked, id=9612, stack(0x0000007571200000,0x0000007571300000)]
  0x0000020399f42a90 JavaThread "ClassGraph-worker-4" daemon [_thread_blocked, id=18288, stack(0x0000007571300000,0x0000007571400000)]
  0x0000020399f44c40 JavaThread "ClassGraph-worker-5" daemon [_thread_blocked, id=16704, stack(0x0000007571400000,0x0000007571500000)]
  0x0000020399f425c0 JavaThread "ClassGraph-worker-6" daemon [_thread_blocked, id=7376, stack(0x0000007571500000,0x0000007571600000)]
  0x0000020399f42f60 JavaThread "ClassGraph-worker-7" daemon [_thread_blocked, id=11956, stack(0x0000007571600000,0x0000007571700000)]
  0x000002039a130a00 JavaThread "parallel-3" daemon [_thread_blocked, id=6992, stack(0x0000007571700000,0x0000007571800000)]
  0x000002039a12f6c0 JavaThread "Reconciler-1" daemon [_thread_blocked, id=10184, stack(0x0000007571800000,0x0000007571900000)]
  0x000002039a12d510 JavaThread "pool-6-thread-1" [_thread_blocked, id=17700, stack(0x0000007571900000,0x0000007571a00000)]
  0x000002039a130060 JavaThread "pool-10-thread-1" [_thread_blocked, id=15280, stack(0x0000007571a00000,0x0000007571b00000)]
  0x000002039a12b830 JavaThread "parallel-4" daemon [_thread_blocked, id=5956, stack(0x0000007571b00000,0x0000007571c00000)]
  0x000002039a12deb0 JavaThread "pool-10-thread-2" [_thread_blocked, id=2312, stack(0x0000007571c00000,0x0000007571d00000)]

Other Threads:
=>0x0000020397d63850 VMThread "VM Thread" [stack: 0x000000756f200000,0x000000756f300000] [id=1756]
  0x0000020398a11000 WatcherThread [stack: 0x000000756fc00000,0x000000756fd00000] [id=9824]
  0x000002038b2cf680 GCTaskThread "GC Thread#0" [stack: 0x000000756ed00000,0x000000756ee00000] [id=8688]
  0x00000203991e9210 GCTaskThread "GC Thread#1" [stack: 0x000000756ff00000,0x0000007570000000] [id=5636]
  0x00000203991e94c0 GCTaskThread "GC Thread#2" [stack: 0x0000007570000000,0x0000007570100000] [id=3236]
  0x00000203995f02f0 GCTaskThread "GC Thread#3" [stack: 0x0000007570200000,0x0000007570300000] [id=18048]
  0x000002038b2e01c0 ConcurrentGCThread "G1 Main Marker" [stack: 0x000000756ee00000,0x000000756ef00000] [id=6724]
  0x000002038b2e1370 ConcurrentGCThread "G1 Conc#0" [stack: 0x000000756ef00000,0x000000756f000000] [id=13152]
  0x000002038b336710 ConcurrentGCThread "G1 Refine#0" [stack: 0x000000756f000000,0x000000756f100000] [id=13616]
  0x00000203999af0c0 ConcurrentGCThread "G1 Refine#1" [stack: 0x0000007571d00000,0x0000007571e00000] [id=4696]
  0x00000203999af3a0 ConcurrentGCThread "G1 Refine#2" [stack: 0x0000007571e00000,0x0000007571f00000] [id=16556]
  0x000002038b337130 ConcurrentGCThread "G1 Service" [stack: 0x000000756f100000,0x000000756f200000] [id=18212]

Threads with active compile tasks:
C1 CompilerThread0     5778 4146       1       io.github.classgraph.Classfile::readInterfaces (63 bytes)
C1 CompilerThread1     5778 4132       1       nonapi.io.github.classgraph.fileslice.reader.ClassfileReader::readTo (292 bytes)
C1 CompilerThread2     5779 4166   !   1       jdk.internal.jimage.decompressor.Decompressor::decompressResource (260 bytes)

VM state: at safepoint (normal execution)

VM Mutex/Monitor currently owned by a thread:  ([mutex/lock_event])
[0x00000203890b7030] Threads_lock - owner thread: 0x0000020397d63850
[0x000002038917b2f0] Heap_lock - owner thread: 0x0000020399f43900

Heap address: 0x0000000082000000, size: 2016 MB, Compressed Oops mode: 32-bit

CDS archive(s) not mapped
Compressed class space mapped at: 0x0000000100000000-0x0000000140000000, reserved size: 1073741824
Narrow klass base: 0x0000000000000000, Narrow klass shift: 3, Narrow klass range: 0x140000000

GC Precious Log:
 CPUs: 4 total, 4 available
 Memory: 8060M
 Large Page Support: Disabled
 NUMA Support: Disabled
 Compressed Oops: Enabled (32-bit)
 Heap Region Size: 1M
 Heap Min Capacity: 8M
 Heap Initial Capacity: 126M
 Heap Max Capacity: 2016M
 Pre-touch: Disabled
 Parallel Workers: 4
 Concurrent Workers: 1
 Concurrent Refinement Workers: 4
 Periodic GC: Disabled

Heap:
 garbage-first heap   total 143360K, used 75122K [0x0000000082000000, 0x0000000100000000)
  region size 1024K, 2 young (2048K), 2 survivors (2048K)
 Metaspace       used 42165K, committed 42560K, reserved 1089536K
  class space    used 5274K, committed 5440K, reserved 1048576K

Heap Regions: E=young(eden), S=young(survivor), O=old, HS=humongous(starts), HC=humongous(continues), CS=collection set, F=free, OA=open archive, CA=closed archive, TAMS=top-at-mark-start (previous, next)
|   0|0x0000000082000000, 0x0000000082100000, 0x0000000082100000|100%| O|  |TAMS 0x0000000082100000, 0x0000000082100000| Untracked 
|   1|0x0000000082100000, 0x0000000082200000, 0x0000000082200000|100%| O|  |TAMS 0x0000000082200000, 0x0000000082200000| Untracked 
|   2|0x0000000082200000, 0x0000000082300000, 0x0000000082300000|100%| O|  |TAMS 0x0000000082300000, 0x0000000082300000| Untracked 
|   3|0x0000000082300000, 0x0000000082400000, 0x0000000082400000|100%| O|  |TAMS 0x0000000082400000, 0x0000000082400000| Untracked 
|   4|0x0000000082400000, 0x0000000082500000, 0x0000000082500000|100%| O|  |TAMS 0x0000000082500000, 0x0000000082500000| Untracked 
|   5|0x0000000082500000, 0x0000000082600000, 0x0000000082600000|100%| O|  |TAMS 0x0000000082600000, 0x0000000082600000| Untracked 
|   6|0x0000000082600000, 0x0000000082700000, 0x0000000082700000|100%| O|  |TAMS 0x0000000082700000, 0x0000000082700000| Untracked 
|   7|0x0000000082700000, 0x0000000082800000, 0x0000000082800000|100%| O|  |TAMS 0x0000000082800000, 0x0000000082800000| Untracked 
|   8|0x0000000082800000, 0x0000000082900000, 0x0000000082900000|100%| O|  |TAMS 0x0000000082900000, 0x0000000082900000| Untracked 
|   9|0x0000000082900000, 0x0000000082a00000, 0x0000000082a00000|100%| O|  |TAMS 0x0000000082a00000, 0x0000000082a00000| Untracked 
|  10|0x0000000082a00000, 0x0000000082b00000, 0x0000000082b00000|100%| O|  |TAMS 0x0000000082b00000, 0x0000000082b00000| Untracked 
|  11|0x0000000082b00000, 0x0000000082c00000, 0x0000000082c00000|100%| O|  |TAMS 0x0000000082c00000, 0x0000000082c00000| Untracked 
|  12|0x0000000082c00000, 0x0000000082d00000, 0x0000000082d00000|100%| O|  |TAMS 0x0000000082d00000, 0x0000000082d00000| Untracked 
|  13|0x0000000082d00000, 0x0000000082e00000, 0x0000000082e00000|100%| O|  |TAMS 0x0000000082e00000, 0x0000000082e00000| Untracked 
|  14|0x0000000082e00000, 0x0000000082f00000, 0x0000000082f00000|100%|HS|  |TAMS 0x0000000082e00000, 0x0000000082f00000| Complete 
|  15|0x0000000082f00000, 0x0000000083000000, 0x0000000083000000|100%| O|  |TAMS 0x0000000083000000, 0x0000000083000000| Untracked 
|  16|0x0000000083000000, 0x0000000083100000, 0x0000000083100000|100%| O|  |TAMS 0x0000000083100000, 0x0000000083100000| Untracked 
|  17|0x0000000083100000, 0x0000000083200000, 0x0000000083200000|100%| O|  |TAMS 0x0000000083200000, 0x0000000083200000| Untracked 
|  18|0x0000000083200000, 0x0000000083247000, 0x0000000083300000| 27%| O|  |TAMS 0x0000000083247000, 0x0000000083247000| Untracked 
|  19|0x0000000083300000, 0x0000000083400000, 0x0000000083400000|100%| O|  |TAMS 0x0000000083400000, 0x0000000083400000| Untracked 
|  20|0x0000000083400000, 0x0000000083500000, 0x0000000083500000|100%| O|  |TAMS 0x0000000083500000, 0x0000000083500000| Untracked 
|  21|0x0000000083500000, 0x0000000083600000, 0x0000000083600000|100%| O|  |TAMS 0x0000000083600000, 0x0000000083600000| Untracked 
|  22|0x0000000083600000, 0x0000000083700000, 0x0000000083700000|100%| O|  |TAMS 0x0000000083700000, 0x0000000083700000| Untracked 
|  23|0x0000000083700000, 0x0000000083800000, 0x0000000083800000|100%| O|  |TAMS 0x0000000083800000, 0x0000000083800000| Untracked 
|  24|0x0000000083800000, 0x0000000083900000, 0x0000000083900000|100%| O|  |TAMS 0x0000000083900000, 0x0000000083900000| Untracked 
|  25|0x0000000083900000, 0x0000000083a00000, 0x0000000083a00000|100%| O|  |TAMS 0x0000000083a00000, 0x0000000083a00000| Untracked 
|  26|0x0000000083a00000, 0x0000000083b00000, 0x0000000083b00000|100%| O|  |TAMS 0x0000000083b00000, 0x0000000083b00000| Untracked 
|  27|0x0000000083b00000, 0x0000000083c00000, 0x0000000083c00000|100%| O|  |TAMS 0x0000000083c00000, 0x0000000083c00000| Untracked 
|  28|0x0000000083c00000, 0x0000000083d00000, 0x0000000083d00000|100%| O|  |TAMS 0x0000000083d00000, 0x0000000083d00000| Untracked 
|  29|0x0000000083d00000, 0x0000000083e00000, 0x0000000083e00000|100%| O|  |TAMS 0x0000000083e00000, 0x0000000083e00000| Untracked 
|  30|0x0000000083e00000, 0x0000000083f00000, 0x0000000083f00000|100%| O|  |TAMS 0x0000000083f00000, 0x0000000083f00000| Untracked 
|  31|0x0000000083f00000, 0x0000000084000000, 0x0000000084000000|100%| O|  |TAMS 0x0000000084000000, 0x0000000084000000| Untracked 
|  32|0x0000000084000000, 0x0000000084100000, 0x0000000084100000|100%| O|  |TAMS 0x0000000084100000, 0x0000000084100000| Untracked 
|  33|0x0000000084100000, 0x0000000084200000, 0x0000000084200000|100%| O|  |TAMS 0x0000000084200000, 0x0000000084200000| Untracked 
|  34|0x0000000084200000, 0x0000000084300000, 0x0000000084300000|100%| O|  |TAMS 0x0000000084300000, 0x0000000084300000| Untracked 
|  35|0x0000000084300000, 0x0000000084400000, 0x0000000084400000|100%| O|  |TAMS 0x0000000084400000, 0x0000000084400000| Untracked 
|  36|0x0000000084400000, 0x0000000084500000, 0x0000000084500000|100%| O|  |TAMS 0x0000000084500000, 0x0000000084500000| Untracked 
|  37|0x0000000084500000, 0x0000000084600000, 0x0000000084600000|100%| O|  |TAMS 0x0000000084600000, 0x0000000084600000| Untracked 
|  38|0x0000000084600000, 0x0000000084700000, 0x0000000084700000|100%| O|  |TAMS 0x00000000846e2400, 0x0000000084700000| Untracked 
|  39|0x0000000084700000, 0x0000000084800000, 0x0000000084800000|100%| O|  |TAMS 0x0000000084700000, 0x0000000084800000| Untracked 
|  40|0x0000000084800000, 0x0000000084900000, 0x0000000084900000|100%| O|  |TAMS 0x0000000084800000, 0x0000000084900000| Untracked 
|  41|0x0000000084900000, 0x0000000084a00000, 0x0000000084a00000|100%| O|  |TAMS 0x0000000084900000, 0x0000000084a00000| Untracked 
|  42|0x0000000084a00000, 0x0000000084b00000, 0x0000000084b00000|100%| O|  |TAMS 0x0000000084a00000, 0x0000000084b00000| Untracked 
|  43|0x0000000084b00000, 0x0000000084c00000, 0x0000000084c00000|100%| O|  |TAMS 0x0000000084b00000, 0x0000000084c00000| Untracked 
|  44|0x0000000084c00000, 0x0000000084d00000, 0x0000000084d00000|100%|HS|  |TAMS 0x0000000084c00000, 0x0000000084d00000| Complete 
|  45|0x0000000084d00000, 0x0000000084e00000, 0x0000000084e00000|100%| O|  |TAMS 0x0000000084d00000, 0x0000000084e00000| Untracked 
|  46|0x0000000084e00000, 0x0000000084f00000, 0x0000000084f00000|100%| O|  |TAMS 0x0000000084e00000, 0x0000000084f00000| Untracked 
|  47|0x0000000084f00000, 0x0000000085000000, 0x0000000085000000|100%| O|  |TAMS 0x0000000084f00000, 0x0000000085000000| Untracked 
|  48|0x0000000085000000, 0x0000000085100000, 0x0000000085100000|100%| O|  |TAMS 0x0000000085000000, 0x0000000085100000| Untracked 
|  49|0x0000000085100000, 0x0000000085200000, 0x0000000085200000|100%| O|  |TAMS 0x0000000085100000, 0x0000000085200000| Untracked 
|  50|0x0000000085200000, 0x0000000085300000, 0x0000000085300000|100%| O|  |TAMS 0x0000000085200000, 0x0000000085300000| Untracked 
|  51|0x0000000085300000, 0x0000000085400000, 0x0000000085400000|100%| O|  |TAMS 0x0000000085300000, 0x0000000085400000| Untracked 
|  52|0x0000000085400000, 0x0000000085500000, 0x0000000085500000|100%| O|  |TAMS 0x0000000085400000, 0x0000000085500000| Untracked 
|  53|0x0000000085500000, 0x0000000085600000, 0x0000000085600000|100%| O|  |TAMS 0x0000000085500000, 0x0000000085600000| Untracked 
|  54|0x0000000085600000, 0x0000000085700000, 0x0000000085700000|100%| O|  |TAMS 0x0000000085600000, 0x0000000085700000| Untracked 
|  55|0x0000000085700000, 0x0000000085800000, 0x0000000085800000|100%| O|  |TAMS 0x0000000085700000, 0x0000000085800000| Untracked 
|  56|0x0000000085800000, 0x0000000085900000, 0x0000000085900000|100%| O|  |TAMS 0x0000000085800000, 0x0000000085900000| Untracked 
|  57|0x0000000085900000, 0x0000000085a00000, 0x0000000085a00000|100%| O|  |TAMS 0x0000000085900000, 0x0000000085a00000| Untracked 
|  58|0x0000000085a00000, 0x0000000085b00000, 0x0000000085b00000|100%| O|  |TAMS 0x0000000085a00000, 0x0000000085b00000| Untracked 
|  59|0x0000000085b00000, 0x0000000085c00000, 0x0000000085c00000|100%| O|  |TAMS 0x0000000085b00000, 0x0000000085c00000| Untracked 
|  60|0x0000000085c00000, 0x0000000085d00000, 0x0000000085d00000|100%| O|  |TAMS 0x0000000085c00000, 0x0000000085d00000| Untracked 
|  61|0x0000000085d00000, 0x0000000085e00000, 0x0000000085e00000|100%| O|  |TAMS 0x0000000085d00000, 0x0000000085e00000| Untracked 
|  62|0x0000000085e00000, 0x0000000085f00000, 0x0000000085f00000|100%| O|  |TAMS 0x0000000085e00000, 0x0000000085f00000| Untracked 
|  63|0x0000000085f00000, 0x0000000086000000, 0x0000000086000000|100%| O|  |TAMS 0x0000000085f00000, 0x0000000086000000| Untracked 
|  64|0x0000000086000000, 0x0000000086100000, 0x0000000086100000|100%| O|  |TAMS 0x0000000086000000, 0x0000000086100000| Untracked 
|  65|0x0000000086100000, 0x0000000086200000, 0x0000000086200000|100%| O|  |TAMS 0x0000000086100000, 0x0000000086200000| Untracked 
|  66|0x0000000086200000, 0x0000000086300000, 0x0000000086300000|100%| O|  |TAMS 0x0000000086200000, 0x0000000086300000| Untracked 
|  67|0x0000000086300000, 0x0000000086400000, 0x0000000086400000|100%| O|  |TAMS 0x0000000086300000, 0x0000000086315a00| Untracked 
|  68|0x0000000086400000, 0x0000000086500000, 0x0000000086500000|100%| O|  |TAMS 0x0000000086400000, 0x0000000086400000| Untracked 
|  69|0x0000000086500000, 0x0000000086600000, 0x0000000086600000|100%| O|  |TAMS 0x0000000086500000, 0x0000000086500000| Untracked 
|  70|0x0000000086600000, 0x0000000086700000, 0x0000000086700000|100%| O|  |TAMS 0x0000000086600000, 0x0000000086600000| Untracked 
|  71|0x0000000086700000, 0x0000000086800000, 0x0000000086800000|100%| O|  |TAMS 0x0000000086700000, 0x0000000086700000| Untracked 
|  72|0x0000000086800000, 0x0000000086844e00, 0x0000000086900000| 26%| O|  |TAMS 0x0000000086800000, 0x0000000086800000| Untracked 
|  73|0x0000000086900000, 0x0000000086900000, 0x0000000086a00000|  0%| F|  |TAMS 0x0000000086900000, 0x0000000086900000| Untracked 
|  74|0x0000000086a00000, 0x0000000086a00000, 0x0000000086b00000|  0%| F|  |TAMS 0x0000000086a00000, 0x0000000086a00000| Untracked 
|  75|0x0000000086b00000, 0x0000000086b00000, 0x0000000086c00000|  0%| F|  |TAMS 0x0000000086b00000, 0x0000000086b00000| Untracked 
|  76|0x0000000086c00000, 0x0000000086c00000, 0x0000000086d00000|  0%| F|  |TAMS 0x0000000086c00000, 0x0000000086c00000| Untracked 
|  77|0x0000000086d00000, 0x0000000086d00000, 0x0000000086e00000|  0%| F|  |TAMS 0x0000000086d00000, 0x0000000086d00000| Untracked 
|  78|0x0000000086e00000, 0x0000000086e00000, 0x0000000086f00000|  0%| F|  |TAMS 0x0000000086e00000, 0x0000000086e00000| Untracked 
|  79|0x0000000086f00000, 0x0000000086f00000, 0x0000000087000000|  0%| F|  |TAMS 0x0000000086f00000, 0x0000000086f00000| Untracked 
|  80|0x0000000087000000, 0x0000000087000000, 0x0000000087100000|  0%| F|  |TAMS 0x0000000087000000, 0x0000000087000000| Untracked 
|  81|0x0000000087100000, 0x0000000087100000, 0x0000000087200000|  0%| F|  |TAMS 0x0000000087100000, 0x0000000087100000| Untracked 
|  82|0x0000000087200000, 0x0000000087200000, 0x0000000087300000|  0%| F|  |TAMS 0x0000000087200000, 0x0000000087200000| Untracked 
|  83|0x0000000087300000, 0x0000000087300000, 0x0000000087400000|  0%| F|  |TAMS 0x0000000087300000, 0x0000000087300000| Untracked 
|  84|0x0000000087400000, 0x0000000087400000, 0x0000000087500000|  0%| F|  |TAMS 0x0000000087400000, 0x0000000087400000| Untracked 
|  85|0x0000000087500000, 0x0000000087500000, 0x0000000087600000|  0%| F|  |TAMS 0x0000000087500000, 0x0000000087500000| Untracked 
|  86|0x0000000087600000, 0x0000000087600000, 0x0000000087700000|  0%| F|  |TAMS 0x0000000087600000, 0x0000000087600000| Untracked 
|  87|0x0000000087700000, 0x0000000087700000, 0x0000000087800000|  0%| F|  |TAMS 0x0000000087700000, 0x0000000087700000| Untracked 
|  88|0x0000000087800000, 0x0000000087800000, 0x0000000087900000|  0%| F|  |TAMS 0x0000000087800000, 0x0000000087800000| Untracked 
|  89|0x0000000087900000, 0x0000000087900000, 0x0000000087a00000|  0%| F|  |TAMS 0x0000000087900000, 0x0000000087900000| Untracked 
|  90|0x0000000087a00000, 0x0000000087a00000, 0x0000000087b00000|  0%| F|  |TAMS 0x0000000087a00000, 0x0000000087a00000| Untracked 
|  91|0x0000000087b00000, 0x0000000087b00000, 0x0000000087c00000|  0%| F|  |TAMS 0x0000000087b00000, 0x0000000087b00000| Untracked 
|  92|0x0000000087c00000, 0x0000000087c00000, 0x0000000087d00000|  0%| F|  |TAMS 0x0000000087c00000, 0x0000000087c00000| Untracked 
|  93|0x0000000087d00000, 0x0000000087d00000, 0x0000000087e00000|  0%| F|  |TAMS 0x0000000087d00000, 0x0000000087d00000| Untracked 
|  94|0x0000000087e00000, 0x0000000087e00000, 0x0000000087f00000|  0%| F|  |TAMS 0x0000000087e00000, 0x0000000087e00000| Untracked 
|  95|0x0000000087f00000, 0x0000000087f00000, 0x0000000088000000|  0%| F|  |TAMS 0x0000000087f00000, 0x0000000087f00000| Untracked 
|  96|0x0000000088000000, 0x0000000088000000, 0x0000000088100000|  0%| F|  |TAMS 0x0000000088000000, 0x0000000088000000| Untracked 
|  97|0x0000000088100000, 0x0000000088100000, 0x0000000088200000|  0%| F|  |TAMS 0x0000000088100000, 0x0000000088100000| Untracked 
|  98|0x0000000088200000, 0x0000000088200000, 0x0000000088300000|  0%| F|  |TAMS 0x0000000088200000, 0x0000000088200000| Untracked 
|  99|0x0000000088300000, 0x0000000088300000, 0x0000000088400000|  0%| F|  |TAMS 0x0000000088300000, 0x0000000088300000| Untracked 
| 100|0x0000000088400000, 0x0000000088400000, 0x0000000088500000|  0%| F|  |TAMS 0x0000000088400000, 0x0000000088400000| Untracked 
| 101|0x0000000088500000, 0x0000000088500000, 0x0000000088600000|  0%| F|  |TAMS 0x0000000088500000, 0x0000000088500000| Untracked 
| 102|0x0000000088600000, 0x0000000088600000, 0x0000000088700000|  0%| F|  |TAMS 0x0000000088600000, 0x0000000088600000| Untracked 
| 103|0x0000000088700000, 0x0000000088700000, 0x0000000088800000|  0%| F|  |TAMS 0x0000000088700000, 0x0000000088700000| Untracked 
| 104|0x0000000088800000, 0x0000000088800000, 0x0000000088900000|  0%| F|  |TAMS 0x0000000088800000, 0x0000000088800000| Untracked 
| 105|0x0000000088900000, 0x0000000088900000, 0x0000000088a00000|  0%| F|  |TAMS 0x0000000088900000, 0x0000000088900000| Untracked 
| 106|0x0000000088a00000, 0x0000000088a00000, 0x0000000088b00000|  0%| F|  |TAMS 0x0000000088a00000, 0x0000000088a00000| Untracked 
| 107|0x0000000088b00000, 0x0000000088b00000, 0x0000000088c00000|  0%| F|  |TAMS 0x0000000088b00000, 0x0000000088b00000| Untracked 
| 108|0x0000000088c00000, 0x0000000088c00000, 0x0000000088d00000|  0%| F|  |TAMS 0x0000000088c00000, 0x0000000088c00000| Untracked 
| 109|0x0000000088d00000, 0x0000000088d00000, 0x0000000088e00000|  0%| F|  |TAMS 0x0000000088d00000, 0x0000000088d00000| Untracked 
| 110|0x0000000088e00000, 0x0000000088ed0d60, 0x0000000088f00000| 81%| S|CS|TAMS 0x0000000088e00000, 0x0000000088e00000| Complete 
| 111|0x0000000088f00000, 0x0000000089000000, 0x0000000089000000|100%| S|CS|TAMS 0x0000000088f00000, 0x0000000088f00000| Complete 
| 112|0x0000000089000000, 0x0000000089000000, 0x0000000089100000|  0%| F|  |TAMS 0x0000000089000000, 0x0000000089000000| Untracked 
| 113|0x0000000089100000, 0x0000000089100000, 0x0000000089200000|  0%| F|  |TAMS 0x0000000089100000, 0x0000000089100000| Untracked 
| 114|0x0000000089200000, 0x0000000089200000, 0x0000000089300000|  0%| F|  |TAMS 0x0000000089200000, 0x0000000089200000| Untracked 
| 115|0x0000000089300000, 0x0000000089300000, 0x0000000089400000|  0%| F|  |TAMS 0x0000000089300000, 0x0000000089300000| Untracked 
| 116|0x0000000089400000, 0x0000000089400000, 0x0000000089500000|  0%| F|  |TAMS 0x0000000089400000, 0x0000000089400000| Untracked 
| 117|0x0000000089500000, 0x0000000089500000, 0x0000000089600000|  0%| F|  |TAMS 0x0000000089500000, 0x0000000089500000| Untracked 
| 118|0x0000000089600000, 0x0000000089600000, 0x0000000089700000|  0%| F|  |TAMS 0x0000000089600000, 0x0000000089600000| Untracked 
| 119|0x0000000089700000, 0x0000000089700000, 0x0000000089800000|  0%| F|  |TAMS 0x0000000089700000, 0x0000000089700000| Untracked 
| 120|0x0000000089800000, 0x0000000089800000, 0x0000000089900000|  0%| F|  |TAMS 0x0000000089800000, 0x0000000089800000| Untracked 
| 121|0x0000000089900000, 0x0000000089900000, 0x0000000089a00000|  0%| F|  |TAMS 0x0000000089900000, 0x0000000089900000| Untracked 
| 122|0x0000000089a00000, 0x0000000089a00000, 0x0000000089b00000|  0%| F|  |TAMS 0x0000000089a00000, 0x0000000089a00000| Untracked 
| 123|0x0000000089b00000, 0x0000000089b00000, 0x0000000089c00000|  0%| F|  |TAMS 0x0000000089b00000, 0x0000000089b00000| Untracked 
| 124|0x0000000089c00000, 0x0000000089c00000, 0x0000000089d00000|  0%| F|  |TAMS 0x0000000089c00000, 0x0000000089c00000| Untracked 
| 125|0x0000000089d00000, 0x0000000089d00000, 0x0000000089e00000|  0%| F|  |TAMS 0x0000000089d00000, 0x0000000089d00000| Untracked 
| 126|0x0000000089e00000, 0x0000000089e00000, 0x0000000089f00000|  0%| F|  |TAMS 0x0000000089e00000, 0x0000000089e00000| Untracked 
| 127|0x0000000089f00000, 0x0000000089f00000, 0x000000008a000000|  0%| F|  |TAMS 0x0000000089f00000, 0x0000000089f00000| Untracked 
| 128|0x000000008a000000, 0x000000008a000000, 0x000000008a100000|  0%| F|  |TAMS 0x000000008a000000, 0x000000008a000000| Untracked 
| 129|0x000000008a100000, 0x000000008a100000, 0x000000008a200000|  0%| F|  |TAMS 0x000000008a100000, 0x000000008a100000| Untracked 
| 130|0x000000008a200000, 0x000000008a200000, 0x000000008a300000|  0%| F|  |TAMS 0x000000008a200000, 0x000000008a200000| Untracked 
| 131|0x000000008a300000, 0x000000008a300000, 0x000000008a400000|  0%| F|  |TAMS 0x000000008a300000, 0x000000008a300000| Untracked 
| 132|0x000000008a400000, 0x000000008a400000, 0x000000008a500000|  0%| F|  |TAMS 0x000000008a400000, 0x000000008a400000| Untracked 
| 133|0x000000008a500000, 0x000000008a500000, 0x000000008a600000|  0%| F|  |TAMS 0x000000008a500000, 0x000000008a500000| Untracked 
| 134|0x000000008a600000, 0x000000008a600000, 0x000000008a700000|  0%| F|  |TAMS 0x000000008a600000, 0x000000008a600000| Untracked 
| 135|0x000000008a700000, 0x000000008a700000, 0x000000008a800000|  0%| F|  |TAMS 0x000000008a700000, 0x000000008a700000| Untracked 
| 136|0x000000008a800000, 0x000000008a800000, 0x000000008a900000|  0%| F|  |TAMS 0x000000008a800000, 0x000000008a800000| Untracked 
| 137|0x000000008a900000, 0x000000008a900000, 0x000000008aa00000|  0%| F|  |TAMS 0x000000008a900000, 0x000000008a900000| Untracked 
| 138|0x000000008aa00000, 0x000000008aa00000, 0x000000008ab00000|  0%| F|  |TAMS 0x000000008aa00000, 0x000000008aa00000| Untracked 
| 139|0x000000008ab00000, 0x000000008ab00000, 0x000000008ac00000|  0%| F|  |TAMS 0x000000008ab00000, 0x000000008ab00000| Untracked 

Card table byte_map: [0x00000203912f0000,0x00000203916e0000] _byte_map_base: 0x0000020390ee0000

Marking Bits (Prev, Next): (CMBitMap*) 0x000002038b2cfcd0, (CMBitMap*) 0x000002038b2cfc90
 Prev Bits: [0x0000020393a50000, 0x00000203959d0000)
 Next Bits: [0x0000020391ad0000, 0x0000020393a50000)

Polling page: 0x0000020389280000

Metaspace:

Usage:
  Non-class:     36.03 MB used.
      Class:      5.15 MB used.
       Both:     41.18 MB used.

Virtual space:
  Non-class space:       40.00 MB reserved,      36.25 MB ( 91%) committed,  5 nodes.
      Class space:        1.00 GB reserved,       5.31 MB ( <1%) committed,  1 nodes.
             Both:        1.04 GB reserved,      41.56 MB (  4%) committed. 

Chunk freelists:
   Non-Class:  3.10 MB
       Class:  2.58 MB
        Both:  5.67 MB

MaxMetaspaceSize: unlimited
CompressedClassSpaceSize: 1.00 GB
Initial GC threshold: 21.00 MB
Current GC threshold: 64.81 MB
CDS: off
MetaspaceReclaimPolicy: balanced
 - commit_granule_bytes: 65536.
 - commit_granule_words: 8192.
 - virtual_space_node_default_size: 1048576.
 - enlarge_chunks_in_place: 1.
 - new_chunks_are_fully_committed: 0.
 - uncommit_free_chunks: 1.
 - use_allocation_guard: 0.
 - handle_deallocations: 1.


Internal statistics:

num_allocs_failed_limit: 6.
num_arena_births: 498.
num_arena_deaths: 0.
num_vsnodes_births: 6.
num_vsnodes_deaths: 0.
num_space_committed: 665.
num_space_uncommitted: 0.
num_chunks_returned_to_freelist: 6.
num_chunks_taken_from_freelist: 1772.
num_chunk_merges: 6.
num_chunk_splits: 1246.
num_chunks_enlarged: 944.
num_purges: 0.
num_inconsistent_stats: 0.

CodeCache: size=49152Kb used=9069Kb max_used=9069Kb free=40082Kb
 bounds [0x000002038df00000, 0x000002038e7e0000, 0x0000020390f00000]
 total_blobs=4706 nmethods=4135 adapters=496
 compilation: enabled
              stopped_count=0, restarted_count=0
 full_count=0

Compilation events (20 events):
Event: 5.723 Thread 0x00000203993c9f40 4128       1       nonapi.io.github.classgraph.utils.ProxyingInputStream::read (11 bytes)
Event: 5.723 Thread 0x00000203993c9f40 nmethod 4128 0x000002038e7cc510 code [0x000002038e7cc6a0, 0x000002038e7cc788]
Event: 5.723 Thread 0x00000203993c9f40 4129   !   1       io.github.classgraph.Scanner$ClassfileScannerWorkUnitProcessor::processWorkUnit (291 bytes)
Event: 5.724 Thread 0x000002038b2725b0 4130       1       io.github.classgraph.Scanner$ClassfileScannerWorkUnitProcessor::processWorkUnit (11 bytes)
Event: 5.729 Thread 0x000002038b2725b0 nmethod 4130 0x000002038e7cc810 code [0x000002038e7cc9a0, 0x000002038e7ccaa8]
Event: 5.729 Thread 0x000002038b2725b0 4135       1       io.github.classgraph.Classfile::readFields (781 bytes)
Event: 5.730 Thread 0x000002039880ce80 nmethod 4127 0x000002038e7ccb90 code [0x000002038e7cce80, 0x000002038e7cda58]
Event: 5.731 Thread 0x000002039880ce80 4147       1       io.github.classgraph.Classfile::readClassAttributes (863 bytes)
Event: 5.732 Thread 0x00000203993c9f40 nmethod 4129 0x000002038e7cdf90 code [0x000002038e7ce340, 0x000002038e7cf2b8]
Event: 5.732 Thread 0x00000203993c9f40 4154       1       io.github.classgraph.Classfile::extendScanningUpwards (585 bytes)
Event: 5.737 Thread 0x00000203993c9f40 nmethod 4154 0x000002038e7d2f90 code [0x000002038e7d3400, 0x000002038e7d4308]
Event: 5.737 Thread 0x000002038b2725b0 nmethod 4135 0x000002038e7cfb90 code [0x000002038e7d00a0, 0x000002038e7d19c8]
Event: 5.737 Thread 0x00000203993c9f40 4174       1       jdk.internal.jimage.decompressor.ZipDecompressor::decompress (81 bytes)
Event: 5.737 Thread 0x000002038b2725b0 4156       1       java.util.concurrent.ConcurrentLinkedQueue::poll (84 bytes)
Event: 5.738 Thread 0x00000203993c9f40 nmethod 4174 0x000002038e7d4e90 code [0x000002038e7d50c0, 0x000002038e7d5898]
Event: 5.738 Thread 0x00000203993c9f40 4166   !   1       jdk.internal.jimage.decompressor.Decompressor::decompressResource (260 bytes)
Event: 5.742 Thread 0x000002039880ce80 nmethod 4147 0x000002038e7d5c90 code [0x000002038e7d6260, 0x000002038e7d8298]
Event: 5.743 Thread 0x000002039880ce80 4146       1       io.github.classgraph.Classfile::readInterfaces (63 bytes)
Event: 5.743 Thread 0x000002038b2725b0 nmethod 4156 0x000002038e7d9790 code [0x000002038e7d9b00, 0x000002038e7dad68]
Event: 5.743 Thread 0x000002038b2725b0 4132       1       nonapi.io.github.classgraph.fileslice.reader.ClassfileReader::readTo (292 bytes)

GC Heap History (20 events):
Event: 4.303 GC heap after
{Heap after GC invocations=11 (full 0):
 garbage-first heap   total 88064K, used 20584K [0x0000000082000000, 0x0000000100000000)
  region size 1024K, 2 young (2048K), 2 survivors (2048K)
 Metaspace       used 35770K, committed 36160K, reserved 1081344K
  class space    used 4678K, committed 4800K, reserved 1048576K
}
Event: 4.759 GC heap before
{Heap before GC invocations=12 (full 0):
 garbage-first heap   total 78848K, used 64616K [0x0000000082000000, 0x0000000100000000)
  region size 1024K, 46 young (47104K), 2 survivors (2048K)
 Metaspace       used 36998K, committed 37440K, reserved 1089536K
  class space    used 4831K, committed 5056K, reserved 1048576K
}
Event: 4.766 GC heap after
{Heap after GC invocations=13 (full 0):
 garbage-first heap   total 78848K, used 28596K [0x0000000082000000, 0x0000000100000000)
  region size 1024K, 6 young (6144K), 6 survivors (6144K)
 Metaspace       used 36998K, committed 37440K, reserved 1089536K
  class space    used 4831K, committed 5056K, reserved 1048576K
}
Event: 4.934 GC heap before
{Heap before GC invocations=13 (full 0):
 garbage-first heap   total 78848K, used 55220K [0x0000000082000000, 0x0000000100000000)
  region size 1024K, 33 young (33792K), 6 survivors (6144K)
 Metaspace       used 38045K, committed 38464K, reserved 1089536K
  class space    used 4931K, committed 5120K, reserved 1048576K
}
Event: 4.941 GC heap after
{Heap after GC invocations=14 (full 0):
 garbage-first heap   total 78848K, used 33320K [0x0000000082000000, 0x0000000100000000)
  region size 1024K, 5 young (5120K), 5 survivors (5120K)
 Metaspace       used 38045K, committed 38464K, reserved 1089536K
  class space    used 4931K, committed 5120K, reserved 1048576K
}
Event: 5.014 GC heap before
{Heap before GC invocations=14 (full 0):
 garbage-first heap   total 78848K, used 56872K [0x0000000082000000, 0x0000000100000000)
  region size 1024K, 29 young (29696K), 5 survivors (5120K)
 Metaspace       used 38772K, committed 39232K, reserved 1089536K
  class space    used 4963K, committed 5184K, reserved 1048576K
}
Event: 5.022 GC heap after
{Heap after GC invocations=15 (full 0):
 garbage-first heap   total 78848K, used 37404K [0x0000000082000000, 0x0000000100000000)
  region size 1024K, 4 young (4096K), 4 survivors (4096K)
 Metaspace       used 38772K, committed 39232K, reserved 1089536K
  class space    used 4963K, committed 5184K, reserved 1048576K
}
Event: 5.065 GC heap before
{Heap before GC invocations=15 (full 0):
 garbage-first heap   total 78848K, used 57884K [0x0000000082000000, 0x0000000100000000)
  region size 1024K, 25 young (25600K), 4 survivors (4096K)
 Metaspace       used 38799K, committed 39232K, reserved 1089536K
  class space    used 4969K, committed 5184K, reserved 1048576K
}
Event: 5.072 GC heap after
{Heap after GC invocations=16 (full 0):
 garbage-first heap   total 78848K, used 43173K [0x0000000082000000, 0x0000000100000000)
  region size 1024K, 4 young (4096K), 4 survivors (4096K)
 Metaspace       used 38799K, committed 39232K, reserved 1089536K
  class space    used 4969K, committed 5184K, reserved 1048576K
}
Event: 5.137 GC heap before
{Heap before GC invocations=16 (full 0):
 garbage-first heap   total 78848K, used 59557K [0x0000000082000000, 0x0000000100000000)
  region size 1024K, 20 young (20480K), 4 survivors (4096K)
 Metaspace       used 39004K, committed 39424K, reserved 1089536K
  class space    used 4990K, committed 5184K, reserved 1048576K
}
Event: 5.146 GC heap after
{Heap after GC invocations=17 (full 0):
 garbage-first heap   total 143360K, used 47388K [0x0000000082000000, 0x0000000100000000)
  region size 1024K, 3 young (3072K), 3 survivors (3072K)
 Metaspace       used 39004K, committed 39424K, reserved 1089536K
  class space    used 4990K, committed 5184K, reserved 1048576K
}
Event: 5.591 GC heap before
{Heap before GC invocations=18 (full 0):
 garbage-first heap   total 143360K, used 99612K [0x0000000082000000, 0x0000000100000000)
  region size 1024K, 54 young (55296K), 3 survivors (3072K)
 Metaspace       used 41442K, committed 41856K, reserved 1089536K
  class space    used 5194K, committed 5376K, reserved 1048576K
}
Event: 5.608 GC heap after
{Heap after GC invocations=19 (full 0):
 garbage-first heap   total 143360K, used 63233K [0x0000000082000000, 0x0000000100000000)
  region size 1024K, 7 young (7168K), 7 survivors (7168K)
 Metaspace       used 41442K, committed 41856K, reserved 1089536K
  class space    used 5194K, committed 5376K, reserved 1048576K
}
Event: 5.613 GC heap before
{Heap before GC invocations=19 (full 0):
 garbage-first heap   total 143360K, used 64257K [0x0000000082000000, 0x0000000100000000)
  region size 1024K, 8 young (8192K), 7 survivors (7168K)
 Metaspace       used 41479K, committed 41856K, reserved 1089536K
  class space    used 5199K, committed 5376K, reserved 1048576K
}
Event: 5.625 GC heap after
{Heap after GC invocations=20 (full 0):
 garbage-first heap   total 143360K, used 64608K [0x0000000082000000, 0x0000000100000000)
  region size 1024K, 1 young (1024K), 1 survivors (1024K)
 Metaspace       used 41479K, committed 41856K, reserved 1089536K
  class space    used 5199K, committed 5376K, reserved 1048576K
}
Event: 5.640 GC heap before
{Heap before GC invocations=20 (full 0):
 garbage-first heap   total 143360K, used 66656K [0x0000000082000000, 0x0000000100000000)
  region size 1024K, 5 young (5120K), 1 survivors (1024K)
 Metaspace       used 41602K, committed 41984K, reserved 1089536K
  class space    used 5223K, committed 5376K, reserved 1048576K
}
Event: 5.643 GC heap after
{Heap after GC invocations=21 (full 0):
 garbage-first heap   total 143360K, used 66347K [0x0000000082000000, 0x0000000100000000)
  region size 1024K, 3 young (3072K), 3 survivors (3072K)
 Metaspace       used 41602K, committed 41984K, reserved 1089536K
  class space    used 5223K, committed 5376K, reserved 1048576K
}
Event: 5.696 GC heap before
{Heap before GC invocations=21 (full 0):
 garbage-first heap   total 143360K, used 98091K [0x0000000082000000, 0x0000000100000000)
  region size 1024K, 34 young (34816K), 3 survivors (3072K)
 Metaspace       used 42110K, committed 42496K, reserved 1089536K
  class space    used 5265K, committed 5440K, reserved 1048576K
}
Event: 5.713 GC heap after
{Heap after GC invocations=22 (full 0):
 garbage-first heap   total 143360K, used 73074K [0x0000000082000000, 0x0000000100000000)
  region size 1024K, 5 young (5120K), 5 survivors (5120K)
 Metaspace       used 42110K, committed 42496K, reserved 1089536K
  class space    used 5265K, committed 5440K, reserved 1048576K
}
Event: 5.743 GC heap before
{Heap before GC invocations=22 (full 0):
 garbage-first heap   total 143360K, used 100722K [0x0000000082000000, 0x0000000100000000)
  region size 1024K, 33 young (33792K), 5 survivors (5120K)
 Metaspace       used 42165K, committed 42560K, reserved 1089536K
  class space    used 5274K, committed 5440K, reserved 1048576K
}

Dll operation events (8 events):
Event: 0.021 Loaded shared library c:\Users\Alexis\.vscode\extensions\redhat.java-1.13.0-win32-x64\jre\17.0.5-win32-x86_64\bin\java.dll
Event: 0.290 Loaded shared library C:\Users\Alexis\.vscode\extensions\redhat.java-1.13.0-win32-x64\jre\17.0.5-win32-x86_64\bin\net.dll
Event: 0.293 Loaded shared library C:\Users\Alexis\.vscode\extensions\redhat.java-1.13.0-win32-x64\jre\17.0.5-win32-x86_64\bin\nio.dll
Event: 0.303 Loaded shared library C:\Users\Alexis\.vscode\extensions\redhat.java-1.13.0-win32-x64\jre\17.0.5-win32-x86_64\bin\zip.dll
Event: 0.632 Loaded shared library C:\Users\Alexis\.vscode\extensions\redhat.java-1.13.0-win32-x64\jre\17.0.5-win32-x86_64\bin\jimage.dll
Event: 0.833 Loaded shared library c:\Users\Alexis\.vscode\extensions\redhat.java-1.13.0-win32-x64\jre\17.0.5-win32-x86_64\bin\verify.dll
Event: 3.648 Loaded shared library C:\Users\Alexis\.vscode\extensions\redhat.java-1.13.0-win32-x64\jre\17.0.5-win32-x86_64\bin\management.dll
Event: 3.650 Loaded shared library C:\Users\Alexis\.vscode\extensions\redhat.java-1.13.0-win32-x64\jre\17.0.5-win32-x86_64\bin\management_ext.dll

Deoptimization events (10 events):
Event: 2.224 Thread 0x000002038b271550 DEOPT PACKING pc=0x000002038e41c019 sp=0x000000756ecfd290
Event: 2.224 Thread 0x000002038b271550 DEOPT UNPACKING pc=0x000002038df52b43 sp=0x000000756ecfc770 mode 3
Event: 4.175 Thread 0x0000020399fd6550 DEOPT PACKING pc=0x000002038e61d4b5 sp=0x00000075707fd1a0
Event: 4.175 Thread 0x0000020399fd6550 DEOPT UNPACKING pc=0x000002038df52b43 sp=0x00000075707fc6b8 mode 3
Event: 4.318 Thread 0x0000020399f43dd0 DEOPT PACKING pc=0x000002038e6393ab sp=0x0000007570bfe550
Event: 4.318 Thread 0x0000020399f43dd0 DEOPT UNPACKING pc=0x000002038df52b43 sp=0x0000007570bfda98 mode 3
Event: 4.524 Thread 0x0000020399a4e1b0 DEOPT PACKING pc=0x000002038e426a01 sp=0x00000075706fdb20
Event: 4.524 Thread 0x0000020399a4e1b0 DEOPT UNPACKING pc=0x000002038df52b43 sp=0x00000075706fcfb0 mode 3
Event: 4.819 Thread 0x0000020399f43900 DEOPT PACKING pc=0x000002038e41ad97 sp=0x00000075712ff200
Event: 4.819 Thread 0x0000020399f43900 DEOPT UNPACKING pc=0x000002038df52b43 sp=0x00000075712fe658 mode 3

Classes unloaded (0 events):
No events

Classes redefined (0 events):
No events

Internal exceptions (20 events):
Event: 4.388 Thread 0x0000020399f44770 Exception <a 'sun/nio/fs/WindowsException'{0x00000000867a2690}> (0x00000000867a2690) 
thrown [s\src\hotspot\share\prims\jni.cpp, line 516]
Event: 4.388 Thread 0x0000020399f44770 Exception <a 'sun/nio/fs/WindowsException'{0x00000000867a2a50}> (0x00000000867a2a50) 
thrown [s\src\hotspot\share\prims\jni.cpp, line 516]
Event: 4.388 Thread 0x0000020399f44770 Exception <a 'sun/nio/fs/WindowsException'{0x00000000867a3450}> (0x00000000867a3450) 
thrown [s\src\hotspot\share\prims\jni.cpp, line 516]
Event: 4.388 Thread 0x0000020399f44770 Exception <a 'sun/nio/fs/WindowsException'{0x00000000867a3800}> (0x00000000867a3800) 
thrown [s\src\hotspot\share\prims\jni.cpp, line 516]
Event: 4.388 Thread 0x0000020399f44770 Exception <a 'sun/nio/fs/WindowsException'{0x00000000867a4208}> (0x00000000867a4208) 
thrown [s\src\hotspot\share\prims\jni.cpp, line 516]
Event: 4.388 Thread 0x0000020399f44770 Exception <a 'sun/nio/fs/WindowsException'{0x00000000867a45c8}> (0x00000000867a45c8) 
thrown [s\src\hotspot\share\prims\jni.cpp, line 516]
Event: 4.388 Thread 0x0000020399f44770 Exception <a 'sun/nio/fs/WindowsException'{0x00000000867a4ff0}> (0x00000000867a4ff0) 
thrown [s\src\hotspot\share\prims\jni.cpp, line 516]
Event: 4.388 Thread 0x0000020399f44770 Exception <a 'sun/nio/fs/WindowsException'{0x00000000867a53d0}> (0x00000000867a53d0) 
thrown [s\src\hotspot\share\prims\jni.cpp, line 516]
Event: 4.388 Thread 0x0000020399f44770 Exception <a 'sun/nio/fs/WindowsException'{0x00000000867a5e08}> (0x00000000867a5e08) 
thrown [s\src\hotspot\share\prims\jni.cpp, line 516]
Event: 4.388 Thread 0x0000020399f44770 Exception <a 'sun/nio/fs/WindowsException'{0x00000000867a61f8}> (0x00000000867a61f8) 
thrown [s\src\hotspot\share\prims\jni.cpp, line 516]
Event: 4.389 Thread 0x0000020399f44770 Exception <a 'sun/nio/fs/WindowsException'{0x00000000867a6c28}> (0x00000000867a6c28) 
thrown [s\src\hotspot\share\prims\jni.cpp, line 516]
Event: 4.389 Thread 0x0000020399f44770 Exception <a 'sun/nio/fs/WindowsException'{0x00000000867a7018}> (0x00000000867a7018) 
thrown [s\src\hotspot\share\prims\jni.cpp, line 516]
Event: 5.196 Thread 0x0000020399fd6550 Exception <a 'java/lang/NoSuchMethodError'{0x0000000089d168e0}: 'java.lang.Object java.lang.invoke.Invokers$Holder.invoke_MT(java.lang.Object, java.lang.Object, java.lang.Object)'> (0x0000000089d168e0) 
thrown [s\src\hotspot\share\interpreter\linkResolver.cpp, line 759]
Event: 5.419 Thread 0x0000020399fd6550 Exception <a 'java/lang/NoSuchMethodError'{0x0000000089452690}: 'java.lang.Object java.lang.invoke.DirectMethodHandle$Holder.newInvokeSpecial(java.lang.Object, java.lang.Object, int)'> (0x0000000089452690) 
thrown [s\src\hotspot\share\interpreter\linkResolver.cpp, line 759]
Event: 5.440 Thread 0x000002039a12d510 Exception <a 'sun/nio/fs/WindowsException'{0x00000000892817b0}> (0x00000000892817b0) 
thrown [s\src\hotspot\share\prims\jni.cpp, line 516]
Event: 5.455 Thread 0x000002039a12d510 Exception <a 'sun/nio/fs/WindowsException'{0x0000000089021b90}> (0x0000000089021b90) 
thrown [s\src\hotspot\share\prims\jni.cpp, line 516]
Event: 5.455 Thread 0x000002039a12d510 Exception <a 'sun/nio/fs/WindowsException'{0x0000000089022560}> (0x0000000089022560) 
thrown [s\src\hotspot\share\prims\jni.cpp, line 516]
Event: 5.455 Thread 0x000002039a12d510 Exception <a 'sun/nio/fs/WindowsException'{0x0000000089022ee0}> (0x0000000089022ee0) 
thrown [s\src\hotspot\share\prims\jni.cpp, line 516]
Event: 5.455 Thread 0x000002039a12d510 Exception <a 'sun/nio/fs/WindowsException'{0x0000000089023980}> (0x0000000089023980) 
thrown [s\src\hotspot\share\prims\jni.cpp, line 516]
Event: 5.455 Thread 0x000002039a12d510 Exception <a 'sun/nio/fs/WindowsException'{0x0000000089024488}> (0x0000000089024488) 
thrown [s\src\hotspot\share\prims\jni.cpp, line 516]

VM Operations (20 events):
Event: 5.150 Executing VM operation: G1CollectForAllocation done
Event: 5.177 Executing VM operation: HandshakeAllThreads
Event: 5.183 Executing VM operation: HandshakeAllThreads done
Event: 5.241 Executing VM operation: G1Concurrent
Event: 5.252 Executing VM operation: G1Concurrent done
Event: 5.288 Executing VM operation: G1Concurrent
Event: 5.295 Executing VM operation: G1Concurrent done
Event: 5.313 Executing VM operation: HandshakeAllThreads
Event: 5.316 Executing VM operation: HandshakeAllThreads done
Event: 5.591 Executing VM operation: G1CollectForAllocation
Event: 5.609 Executing VM operation: G1CollectForAllocation done
Event: 5.613 Executing VM operation: G1CollectForAllocation
Event: 5.625 Executing VM operation: G1CollectForAllocation done
Event: 5.639 Executing VM operation: G1TryInitiateConcMark
Event: 5.643 Executing VM operation: G1TryInitiateConcMark done
Event: 5.696 Executing VM operation: G1CollectForAllocation
Event: 5.717 Executing VM operation: G1CollectForAllocation done
Event: 5.739 Executing VM operation: HandshakeAllThreads
Event: 5.742 Executing VM operation: HandshakeAllThreads done
Event: 5.743 Executing VM operation: G1CollectForAllocation

Events (20 events):
Event: 5.416 loading class java/util/WeakHashMap$EntrySet
Event: 5.416 loading class java/util/WeakHashMap$EntrySet done
Event: 5.416 loading class java/util/WeakHashMap$EntryIterator
Event: 5.416 loading class java/util/WeakHashMap$HashIterator
Event: 5.416 loading class java/util/WeakHashMap$HashIterator done
Event: 5.416 loading class java/util/WeakHashMap$EntryIterator done
Event: 5.420 Thread 0x000002039a12d510 Thread added: 0x000002039a12d510
Event: 5.421 Thread 0x000002039a130060 Thread added: 0x000002039a130060
Event: 5.425 Thread 0x000002039a12b830 Thread added: 0x000002039a12b830
Event: 5.435 loading class sun/security/provider/MD5
Event: 5.435 loading class sun/security/provider/MD5 done
Event: 5.435 loading class sun/security/provider/ByteArrayAccess$LE
Event: 5.435 loading class sun/security/provider/ByteArrayAccess$LE done
Event: 5.454 Thread 0x000002039a12deb0 Thread added: 0x000002039a12deb0
Event: 5.504 loading class sun/util/ResourceBundleEnumeration
Event: 5.504 loading class sun/util/ResourceBundleEnumeration done
Event: 5.523 loading class java/lang/AbstractMethodError
Event: 5.523 loading class java/lang/AbstractMethodError done
Event: 5.664 loading class java/lang/ExceptionInInitializerError
Event: 5.664 loading class java/lang/ExceptionInInitializerError done


Dynamic libraries:
0x00007ff7b27c0000 - 0x00007ff7b27ce000 	c:\Users\Alexis\.vscode\extensions\redhat.java-1.13.0-win32-x64\jre\17.0.5-win32-x86_64\bin\java.exe
0x00007ffe71b30000 - 0x00007ffe71d28000 	C:\WINDOWS\SYSTEM32\ntdll.dll
0x00007ffe70fe0000 - 0x00007ffe7109f000 	C:\WINDOWS\System32\KERNEL32.DLL
0x00007ffe6f680000 - 0x00007ffe6f952000 	C:\WINDOWS\System32\KERNELBASE.dll
0x00007ffe6f3f0000 - 0x00007ffe6f4f0000 	C:\WINDOWS\System32\ucrtbase.dll
0x00007ffe66f20000 - 0x00007ffe66f37000 	c:\Users\Alexis\.vscode\extensions\redhat.java-1.13.0-win32-x64\jre\17.0.5-win32-x86_64\bin\jli.dll
0x00007ffe70b10000 - 0x00007ffe70cb1000 	C:\WINDOWS\System32\USER32.dll
0x00007ffe6f960000 - 0x00007ffe6f982000 	C:\WINDOWS\System32\win32u.dll
0x00007ffe70020000 - 0x00007ffe7004b000 	C:\WINDOWS\System32\GDI32.dll
0x00007ffe6fa60000 - 0x00007ffe6fb6f000 	C:\WINDOWS\System32\gdi32full.dll
0x00007ffe6f9c0000 - 0x00007ffe6fa5d000 	C:\WINDOWS\System32\msvcp_win.dll
0x00007ffe66f00000 - 0x00007ffe66f19000 	c:\Users\Alexis\.vscode\extensions\redhat.java-1.13.0-win32-x64\jre\17.0.5-win32-x86_64\bin\VCRUNTIME140.dll
0x00007ffe64b10000 - 0x00007ffe64daa000 	C:\WINDOWS\WinSxS\amd64_microsoft.windows.common-controls_6595b64144ccf1df_6.0.19041.1110_none_60b5254171f9507e\COMCTL32.dll
0x00007ffe71510000 - 0x00007ffe715ae000 	C:\WINDOWS\System32\msvcrt.dll
0x00007ffe717a0000 - 0x00007ffe717d2000 	C:\WINDOWS\System32\IMM32.DLL
0x00007ffe6a3c0000 - 0x00007ffe6a3cc000 	c:\Users\Alexis\.vscode\extensions\redhat.java-1.13.0-win32-x64\jre\17.0.5-win32-x86_64\bin\vcruntime140_1.dll
0x00007ffe10520000 - 0x00007ffe105b1000 	c:\Users\Alexis\.vscode\extensions\redhat.java-1.13.0-win32-x64\jre\17.0.5-win32-x86_64\bin\msvcp140.dll
0x00007ffe0c320000 - 0x00007ffe0cf64000 	c:\Users\Alexis\.vscode\extensions\redhat.java-1.13.0-win32-x64\jre\17.0.5-win32-x86_64\bin\server\jvm.dll
0x00007ffe71a40000 - 0x00007ffe71aee000 	C:\WINDOWS\System32\ADVAPI32.dll
0x00007ffe709e0000 - 0x00007ffe70a7c000 	C:\WINDOWS\System32\sechost.dll
0x00007ffe71610000 - 0x00007ffe71735000 	C:\WINDOWS\System32\RPCRT4.dll
0x00007ffe69d50000 - 0x00007ffe69d59000 	C:\WINDOWS\SYSTEM32\WSOCK32.dll
0x00007ffe70aa0000 - 0x00007ffe70b0b000 	C:\WINDOWS\System32\WS2_32.dll
0x00007ffe66330000 - 0x00007ffe66357000 	C:\WINDOWS\SYSTEM32\WINMM.dll
0x00007ffe66590000 - 0x00007ffe6659a000 	C:\WINDOWS\SYSTEM32\VERSION.dll
0x00007ffe6d0e0000 - 0x00007ffe6d0f2000 	C:\WINDOWS\SYSTEM32\kernel.appcore.dll
0x00007ffe69630000 - 0x00007ffe6963a000 	c:\Users\Alexis\.vscode\extensions\redhat.java-1.13.0-win32-x64\jre\17.0.5-win32-x86_64\bin\jimage.dll
0x00007ffe533a0000 - 0x00007ffe53584000 	C:\WINDOWS\SYSTEM32\DBGHELP.DLL
0x00007ffe53650000 - 0x00007ffe53685000 	C:\WINDOWS\SYSTEM32\dbgcore.DLL
0x00007ffe6f4f0000 - 0x00007ffe6f572000 	C:\WINDOWS\System32\bcryptPrimitives.dll
0x00007ffe62860000 - 0x00007ffe62885000 	c:\Users\Alexis\.vscode\extensions\redhat.java-1.13.0-win32-x64\jre\17.0.5-win32-x86_64\bin\java.dll
0x00007ffe66ee0000 - 0x00007ffe66ef8000 	c:\Users\Alexis\.vscode\extensions\redhat.java-1.13.0-win32-x64\jre\17.0.5-win32-x86_64\bin\zip.dll
0x00007ffe70050000 - 0x00007ffe70794000 	C:\WINDOWS\System32\SHELL32.dll
0x00007ffe6d2e0000 - 0x00007ffe6da72000 	C:\WINDOWS\SYSTEM32\windows.storage.dll
0x00007ffe6fcc0000 - 0x00007ffe70015000 	C:\WINDOWS\System32\combase.dll
0x00007ffe6ec80000 - 0x00007ffe6ecb0000 	C:\WINDOWS\SYSTEM32\Wldp.dll
0x00007ffe70de0000 - 0x00007ffe70e8d000 	C:\WINDOWS\System32\SHCORE.dll
0x00007ffe71740000 - 0x00007ffe71795000 	C:\WINDOWS\System32\shlwapi.dll
0x00007ffe6f160000 - 0x00007ffe6f17f000 	C:\WINDOWS\SYSTEM32\profapi.dll
0x00007ffe62840000 - 0x00007ffe62859000 	C:\Users\Alexis\.vscode\extensions\redhat.java-1.13.0-win32-x64\jre\17.0.5-win32-x86_64\bin\net.dll
0x00007ffe666f0000 - 0x00007ffe667fc000 	C:\WINDOWS\SYSTEM32\WINHTTP.dll
0x00007ffe6e9e0000 - 0x00007ffe6ea4a000 	C:\WINDOWS\system32\mswsock.dll
0x00007ffe62740000 - 0x00007ffe62755000 	C:\Users\Alexis\.vscode\extensions\redhat.java-1.13.0-win32-x64\jre\17.0.5-win32-x86_64\bin\nio.dll
0x00007ffe62830000 - 0x00007ffe62840000 	c:\Users\Alexis\.vscode\extensions\redhat.java-1.13.0-win32-x64\jre\17.0.5-win32-x86_64\bin\verify.dll
0x00007ffe6ebe0000 - 0x00007ffe6ebf8000 	C:\WINDOWS\SYSTEM32\CRYPTSP.dll
0x00007ffe6e290000 - 0x00007ffe6e2c4000 	C:\WINDOWS\system32\rsaenh.dll
0x00007ffe6f990000 - 0x00007ffe6f9b7000 	C:\WINDOWS\System32\bcrypt.dll
0x00007ffe6f120000 - 0x00007ffe6f14e000 	C:\WINDOWS\SYSTEM32\USERENV.dll
0x00007ffe6ebd0000 - 0x00007ffe6ebdc000 	C:\WINDOWS\SYSTEM32\CRYPTBASE.dll
0x00007ffe6e680000 - 0x00007ffe6e6bb000 	C:\WINDOWS\SYSTEM32\IPHLPAPI.DLL
0x00007ffe6fb70000 - 0x00007ffe6fb78000 	C:\WINDOWS\System32\NSI.dll
0x00007ffe669e0000 - 0x00007ffe669f7000 	C:\WINDOWS\SYSTEM32\dhcpcsvc6.DLL
0x00007ffe66c20000 - 0x00007ffe66c3d000 	C:\WINDOWS\SYSTEM32\dhcpcsvc.DLL
0x00007ffe6e6c0000 - 0x00007ffe6e78a000 	C:\WINDOWS\SYSTEM32\DNSAPI.dll
0x00007ffe6b090000 - 0x00007ffe6b099000 	C:\Users\Alexis\.vscode\extensions\redhat.java-1.13.0-win32-x64\jre\17.0.5-win32-x86_64\bin\management.dll
0x00007ffe6b020000 - 0x00007ffe6b02b000 	C:\Users\Alexis\.vscode\extensions\redhat.java-1.13.0-win32-x64\jre\17.0.5-win32-x86_64\bin\management_ext.dll
0x00007ffe70a80000 - 0x00007ffe70a88000 	C:\WINDOWS\System32\PSAPI.DLL

dbghelp: loaded successfully - version: 4.0.5 - missing functions: none
symbol engine: initialized successfully - sym options: 0x614 - pdb path: .;c:\Users\Alexis\.vscode\extensions\redhat.java-1.13.0-win32-x64\jre\17.0.5-win32-x86_64\bin;C:\WINDOWS\SYSTEM32;C:\WINDOWS\WinSxS\amd64_microsoft.windows.common-controls_6595b64144ccf1df_6.0.19041.1110_none_60b5254171f9507e;c:\Users\Alexis\.vscode\extensions\redhat.java-1.13.0-win32-x64\jre\17.0.5-win32-x86_64\bin\server

VM Arguments:
jvm_args: -Dsts.lsp.client=vscode -Dsts.log.file=/dev/null -XX:TieredStopAtLevel=1 -Xlog:jni+resolve=off -Dspring.config.location=file:c:\Users\Alexis\.vscode\extensions\pivotal.vscode-spring-boot-1.43.0\language-server\BOOT-INF\classes\application.properties 
java_command: org.springframework.ide.vscode.boot.app.BootLanguageServerBootApp
java_class_path (initial): c:\Users\Alexis\.vscode\extensions\pivotal.vscode-spring-boot-1.43.0\language-server\BOOT-INF\classes;c:\Users\Alexis\.vscode\extensions\pivotal.vscode-spring-boot-1.43.0\language-server\BOOT-INF\lib\annotations-23.1.0.jar;c:\Users\Alexis\.vscode\extensions\pivotal.vscode-spring-boot-1.43.0\language-server\BOOT-INF\lib\ant-1.10.12.jar;c:\Users\Alexis\.vscode\extensions\pivotal.vscode-spring-boot-1.43.0\language-server\BOOT-INF\lib\ant-launcher-1.10.12.jar;c:\Users\Alexis\.vscode\extensions\pivotal.vscode-spring-boot-1.43.0\language-server\BOOT-INF\lib\antlr-runtime-3.5.2.jar;c:\Users\Alexis\.vscode\extensions\pivotal.vscode-spring-boot-1.43.0\language-server\BOOT-INF\lib\antlr4-4.9.3.jar;c:\Users\Alexis\.vscode\extensions\pivotal.vscode-spring-boot-1.43.0\language-server\BOOT-INF\lib\antlr4-runtime-4.9.3.jar;c:\Users\Alexis\.vscode\extensions\pivotal.vscode-spring-boot-1.43.0\language-server\BOOT-INF\lib\apiguardian-api-1.1.2.jar;c:\Users\Alexis\.vscode\extensions\pivotal.vscode-spring-boot-1.43.0\language-server\BOOT-INF\lib\asm-9.4.jar;c:\Users\Alexis\.vscode\extensions\pivotal.vscode-spring-boot-1.43.0\language-server\BOOT-INF\lib\asm-analysis-9.4.jar;c:\Users\Alexis\.vscode\extensions\pivotal.vscode-spring-boot-1.43.0\language-server\BOOT-INF\lib\asm-tree-9.4.jar;c:\Users\Alexis\.vscode\extensions\pivotal.vscode-spring-boot-1.43.0\language-server\BOOT-INF\lib\asm-util-9.4.jar;c:\Users\Alexis\.vscode\extensions\pivotal.vscode-spring-boot-1.43.0\language-server\BOOT-INF\lib\caffeine-3.1.2.jar;c:\Users\Alexis\.vscode\extensions\pivotal.vscode-spring-boot-1.43.0\language-server\BOOT-INF\lib\checker-qual-3.12.0.jar;c:\Users\Alexis\.vscode\extensions\pivotal.vscode-spring-boot-1.43.0\language-server\BOOT-INF\lib\ci-environment-9.1.0.jar;c:\Users\Alexis\.vscode\extensions\pivotal.vscode-spring-boot-1.43.0\language-server\BOOT-INF\lib\classgraph-4.8.149.jar;c:\Users\Alexis\.vscode\extensions\pivotal.vscode-spring-boot-1.43.0\language-server\
Launcher Type: SUN_STANDARD

[Global flags]
     intx CICompilerCount                          = 3                                         {product} {ergonomic}
     uint ConcGCThreads                            = 1                                         {product} {ergonomic}
     uint G1ConcRefinementThreads                  = 4                                         {product} {ergonomic}
   size_t G1HeapRegionSize                         = 1048576                                   {product} {ergonomic}
    uintx GCDrainStackTargetSize                   = 64                                        {product} {ergonomic}
   size_t InitialHeapSize                          = 132120576                                 {product} {ergonomic}
   size_t MarkStackSize                            = 4194304                                   {product} {ergonomic}
   size_t MaxHeapSize                              = 2113929216                                {product} {ergonomic}
   size_t MaxNewSize                               = 1267728384                                {product} {ergonomic}
   size_t MinHeapDeltaBytes                        = 1048576                                   {product} {ergonomic}
   size_t MinHeapSize                              = 8388608                                   {product} {ergonomic}
    uintx NonProfiledCodeHeapSize                  = 0                                      {pd product} {ergonomic}
     bool ProfileInterpreter                       = false                                  {pd product} {command line}
    uintx ProfiledCodeHeapSize                     = 0                                      {pd product} {ergonomic}
   size_t SoftMaxHeapSize                          = 2113929216                             {manageable} {ergonomic}
     intx TieredStopAtLevel                        = 1                                         {product} {command line}
     bool UseCompressedClassPointers               = true                           {product lp64_product} {ergonomic}
     bool UseCompressedOops                        = true                           {product lp64_product} {ergonomic}
     bool UseG1GC                                  = true                                      {product} {ergonomic}
     bool UseLargePagesIndividualAllocation        = false                                  {pd product} {ergonomic}

Logging:
Log output configuration:
 #0: stdout all=warning,jni+resolve=off uptime,level,tags
 #1: stderr all=off uptime,level,tags

Environment Variables:
JAVA_HOME=C:\Program Files\Java\jdk-17.0.5
PATH=C:\Program Files\Java\jdk-17.0.5\bin;C:\Program Files\Java\jdk-19\bin;C:\apache-maven-3.8.6\bin;C:\Program Files\Common Files\Oracle\Java\javapath;C:\Program Files\Eclipse Adoptium\jdk-17.0.5.8-hotspot\bin;C:\Program Files (x86)\Common Files\Oracle\Java\javapath;C:\WINDOWS\system32;C:\WINDOWS;C:\WINDOWS\System32\Wbem;C:\WINDOWS\System32\WindowsPowerShell\v1.0\;C:\WINDOWS\System32\OpenSSH\;C:\Program Files\Git\cmd;C:\Program Files\Java\jdk-17.0.5;C:\Program Files\Java\jdk1.8.0_231\bin;C:\Users\Alexis\AppData\Local\Microsoft\WindowsApps;C:\Users\Alexis\AppData\Local\atom\bin;C:\Users\Alexis\AppData\Local\Programs\Microsoft VS Code\bin;C:\Users\Alexis\AppData\Local\GitHubDesktop\bin;
USERNAME=Alexis
OS=Windows_NT
PROCESSOR_IDENTIFIER=Intel64 Family 6 Model 142 Stepping 9, GenuineIntel
TMP=C:\Users\Alexis\AppData\Local\Temp
TEMP=C:\Users\Alexis\AppData\Local\Temp



---------------  S Y S T E M  ---------------

OS:
 Windows 10 , 64 bit Build 19041 (10.0.19041.2364)
OS uptime: 2 days 13:08 hours

CPU: total 4 (initial active 4) (2 cores per cpu, 2 threads per core) family 6 model 142 stepping 9 microcode 0xb4, cx8, cmov, fxsr, ht, mmx, 3dnowpref, sse, sse2, sse3, ssse3, sse4.1, sse4.2, popcnt, lzcnt, tsc, tscinvbit, avx, avx2, aes, erms, clmul, bmi1, bmi2, adx, fma, vzeroupper, clflush, clflushopt

Memory: 4k page, system-wide physical 8060M (799M free)
TotalPageFile size 18613M (AvailPageFile size 97M)
current process WorkingSet (physical memory assigned to process): 238M, peak: 238M
current process commit charge ("private bytes"): 277M, peak: 557M

vm_info: OpenJDK 64-Bit Server VM (17.0.5+8) for windows-amd64 JRE (17.0.5+8), built on Oct 19 2022 04:48:13 by "temurin" with MS VC++ 16.7 (VS2019)

END.
