#
# There is insufficient memory for the Java Runtime Environment to continue.
# Native memory allocation (mmap) failed to map 168820736 bytes for G1 virtual space
# Possible reasons:
#   The system is out of physical RAM or swap space
#   The process is running with CompressedOops enabled, and the Java Heap may be blocking the growth of the native heap
# Possible solutions:
#   Reduce memory load on the system
#   Increase physical memory or swap space
#   Check if swap backing store is full
#   Decrease Java heap size (-Xmx/-Xms)
#   Decrease number of Java threads
#   Decrease Java thread stack sizes (-Xss)
#   Set larger code cache with -XX:ReservedCodeCacheSize=
#   JVM is running with Unscaled Compressed Oops mode in which the Java heap is
#     placed in the first 4GB address space. The Java Heap base address is the
#     maximum limit for the native heap growth. Please use -XX:HeapBaseMinAddress
#     to set the Java Heap base and to place the Java Heap above 4GB virtual address.
# This output file may be truncated or incomplete.
#
#  Out of Memory Error (os_windows.cpp:3548), pid=16728, tid=17260
#
# JRE version: OpenJDK Runtime Environment Temurin-17.0.5+8 (17.0.5+8) (build 17.0.5+8)
# Java VM: OpenJDK 64-Bit Server VM Temurin-17.0.5+8 (17.0.5+8, mixed mode, emulated-client, tiered, compressed oops, compressed class ptrs, g1 gc, windows-amd64)
# No core dump will be written. Minidumps are not enabled by default on client versions of Windows
#

---------------  S U M M A R Y ------------

Command Line: -Dsts.lsp.client=vscode -Dsts.log.file=/dev/null -XX:TieredStopAtLevel=1 -Xlog:jni+resolve=off -Dspring.config.location=file:c:\Users\Alexis\.vscode\extensions\pivotal.vscode-spring-boot-1.43.0\language-server\BOOT-INF\classes\application.properties org.springframework.ide.vscode.boot.app.BootLanguageServerBootApp

Host: Intel(R) Core(TM) i7-7500U CPU @ 2.70GHz, 4 cores, 7G,  Windows 10 , 64 bit Build 19041 (10.0.19041.2364)
Time: Tue Jan  3 19:01:01 2023 Hora estándar de Argentina elapsed time: 8.996573 seconds (0d 0h 0m 8s)

---------------  T H R E A D  ---------------

Current thread (0x0000023c56696f00):  VMThread "VM Thread" [stack: 0x000000f6a5700000,0x000000f6a5800000] [id=17260]

Stack: [0x000000f6a5700000,0x000000f6a5800000]
Native frames: (J=compiled Java code, j=interpreted, Vv=VM code, C=native code)
V  [jvm.dll+0x676b3a]
V  [jvm.dll+0x831444]
V  [jvm.dll+0x832bee]
V  [jvm.dll+0x833253]
V  [jvm.dll+0x244ce5]
V  [jvm.dll+0x673a49]
V  [jvm.dll+0x66811a]
V  [jvm.dll+0x303ceb]
V  [jvm.dll+0x30b1e6]
V  [jvm.dll+0x35adbe]
V  [jvm.dll+0x35afef]
V  [jvm.dll+0x2dab88]
V  [jvm.dll+0x2d8e3c]
V  [jvm.dll+0x2d840c]
V  [jvm.dll+0x31c31b]
V  [jvm.dll+0x8376fb]
V  [jvm.dll+0x838434]
V  [jvm.dll+0x83894c]
V  [jvm.dll+0x838d24]
V  [jvm.dll+0x838df0]
V  [jvm.dll+0x7e17ea]
V  [jvm.dll+0x6759e5]
C  [ucrtbase.dll+0x21bb2]
C  [KERNEL32.DLL+0x17614]
C  [ntdll.dll+0x526a1]

VM_Operation (0x000000f6a7cfe950): G1CollectForAllocation, mode: safepoint, requested by thread 0x0000023c58aa9f60


---------------  P R O C E S S  ---------------

Threads class SMR info:
_java_thread_list=0x0000023c5aec61d0, length=39, elements={
0x0000023c566b8020, 0x0000023c566b8da0, 0x0000023c566e0c10, 0x0000023c566e35d0,
0x0000023c566e3f80, 0x0000023c566e4930, 0x0000023c5712c970, 0x0000023c57136290,
0x0000023c57330800, 0x0000023c57336140, 0x0000023c47adce70, 0x0000023c580ae840,
0x0000023c5864ac60, 0x0000023c58654b60, 0x0000023c586e0e20, 0x0000023c47c769f0,
0x0000023c587df830, 0x0000023c5852a5a0, 0x0000023c572e6160, 0x0000023c5853f030,
0x0000023c572e6630, 0x0000023c5863f080, 0x0000023c586403c0, 0x0000023c5863f550,
0x0000023c58640890, 0x0000023c5863fa20, 0x0000023c5863fef0, 0x0000023c58aa8c20,
0x0000023c58aaddf0, 0x0000023c58aacab0, 0x0000023c58aaec60, 0x0000023c58aac5e0,
0x0000023c58aa9a90, 0x0000023c58aa9f60, 0x0000023c58aae2c0, 0x0000023c58aaa430,
0x0000023c58aaf130, 0x0000023c58aacf80, 0x0000023c58aafad0
}

Java Threads: ( => current thread )
  0x0000023c566b8020 JavaThread "Reference Handler" daemon [_thread_blocked, id=1880, stack(0x000000f6a5800000,0x000000f6a5900000)]
  0x0000023c566b8da0 JavaThread "Finalizer" daemon [_thread_blocked, id=10276, stack(0x000000f6a5900000,0x000000f6a5a00000)]
  0x0000023c566e0c10 JavaThread "Signal Dispatcher" daemon [_thread_blocked, id=17180, stack(0x000000f6a5a00000,0x000000f6a5b00000)]
  0x0000023c566e35d0 JavaThread "Attach Listener" daemon [_thread_blocked, id=18152, stack(0x000000f6a5b00000,0x000000f6a5c00000)]
  0x0000023c566e3f80 JavaThread "Service Thread" daemon [_thread_blocked, id=8572, stack(0x000000f6a5c00000,0x000000f6a5d00000)]
  0x0000023c566e4930 JavaThread "Monitor Deflation Thread" daemon [_thread_blocked, id=11044, stack(0x000000f6a5d00000,0x000000f6a5e00000)]
  0x0000023c5712c970 JavaThread "C1 CompilerThread0" daemon [_thread_blocked, id=17836, stack(0x000000f6a5e00000,0x000000f6a5f00000)]
  0x0000023c57136290 JavaThread "Sweeper thread" daemon [_thread_blocked, id=13044, stack(0x000000f6a5f00000,0x000000f6a6000000)]
  0x0000023c57330800 JavaThread "Notification Thread" daemon [_thread_blocked, id=12780, stack(0x000000f6a6000000,0x000000f6a6100000)]
  0x0000023c57336140 JavaThread "Common-Cleaner" daemon [_thread_blocked, id=4612, stack(0x000000f6a6200000,0x000000f6a6300000)]
  0x0000023c47adce70 JavaThread "C1 CompilerThread1" daemon [_thread_blocked, id=15884, stack(0x000000f6a6300000,0x000000f6a6400000)]
  0x0000023c580ae840 JavaThread "C1 CompilerThread2" daemon [_thread_blocked, id=920, stack(0x000000f6a6700000,0x000000f6a6800000)]
  0x0000023c5864ac60 JavaThread "boundedElastic-evictor-1" daemon [_thread_blocked, id=9276, stack(0x000000f6a6800000,0x000000f6a6900000)]
  0x0000023c58654b60 JavaThread "pool-11-thread-1" [_thread_blocked, id=15960, stack(0x000000f6a6900000,0x000000f6a6a00000)]
  0x0000023c586e0e20 JavaThread "LanguageServerApp-lifecycle" [_thread_blocked, id=6588, stack(0x000000f6a6a00000,0x000000f6a6b00000)]
  0x0000023c47c769f0 JavaThread "DestroyJavaVM" [_thread_blocked, id=1712, stack(0x000000f6a5100000,0x000000f6a5200000)]
  0x0000023c587df830 JavaThread "pool-12-thread-1" [_thread_in_native, id=9040, stack(0x000000f6a6b00000,0x000000f6a6c00000)]
  0x0000023c5852a5a0 JavaThread "Simple-Language-Server main thread" daemon [_thread_blocked, id=2892, stack(0x000000f6a6c00000,0x000000f6a6d00000)]
  0x0000023c572e6160 JavaThread "pool-8-thread-1" [_thread_blocked, id=8584, stack(0x000000f6a6d00000,0x000000f6a6e00000)]
  0x0000023c5853f030 JavaThread "parallel-1" daemon [_thread_blocked, id=17832, stack(0x000000f6a6e00000,0x000000f6a6f00000)]
  0x0000023c572e6630 JavaThread "parallel-2" daemon [_thread_blocked, id=10120, stack(0x000000f6a6f00000,0x000000f6a7000000)]
  0x0000023c5863f080 JavaThread "ForkJoinPool.commonPool-worker-1" daemon [_thread_blocked, id=5096, stack(0x000000f6a7000000,0x000000f6a7100000)]
  0x0000023c586403c0 JavaThread "pool-5-thread-1" [_thread_blocked, id=3052, stack(0x000000f6a7100000,0x000000f6a7200000)]
  0x0000023c5863f550 JavaThread "ForkJoinPool.commonPool-worker-2" daemon [_thread_blocked, id=2972, stack(0x000000f6a7200000,0x000000f6a7300000)]
  0x0000023c58640890 JavaThread "pool-5-thread-2" [_thread_blocked, id=14208, stack(0x000000f6a7300000,0x000000f6a7400000)]
  0x0000023c5863fa20 JavaThread "parallel-3" daemon [_thread_blocked, id=960, stack(0x000000f6a7400000,0x000000f6a7500000)]
  0x0000023c5863fef0 JavaThread "ClassGraph-worker-0" daemon [_thread_blocked, id=12088, stack(0x000000f6a7500000,0x000000f6a7600000)]
  0x0000023c58aa8c20 JavaThread "ClassGraph-worker-1" daemon [_thread_blocked, id=2656, stack(0x000000f6a7600000,0x000000f6a7700000)]
  0x0000023c58aaddf0 JavaThread "ClassGraph-worker-2" daemon [_thread_blocked, id=15516, stack(0x000000f6a7700000,0x000000f6a7800000)]
  0x0000023c58aacab0 JavaThread "ClassGraph-worker-3" daemon [_thread_blocked, id=9420, stack(0x000000f6a7800000,0x000000f6a7900000)]
  0x0000023c58aaec60 JavaThread "ClassGraph-worker-4" daemon [_thread_blocked, id=12168, stack(0x000000f6a7900000,0x000000f6a7a00000)]
  0x0000023c58aac5e0 JavaThread "ClassGraph-worker-5" daemon [_thread_blocked, id=4148, stack(0x000000f6a7a00000,0x000000f6a7b00000)]
  0x0000023c58aa9a90 JavaThread "ClassGraph-worker-6" daemon [_thread_blocked, id=6608, stack(0x000000f6a7b00000,0x000000f6a7c00000)]
  0x0000023c58aa9f60 JavaThread "ClassGraph-worker-7" daemon [_thread_blocked, id=17152, stack(0x000000f6a7c00000,0x000000f6a7d00000)]
  0x0000023c58aae2c0 JavaThread "Reconciler-1" daemon [_thread_blocked, id=5156, stack(0x000000f6a7d00000,0x000000f6a7e00000)]
  0x0000023c58aaa430 JavaThread "pool-6-thread-1" [_thread_blocked, id=14972, stack(0x000000f6a7e00000,0x000000f6a7f00000)]
  0x0000023c58aaf130 JavaThread "pool-10-thread-1" [_thread_blocked, id=12152, stack(0x000000f6a7f00000,0x000000f6a8000000)]
  0x0000023c58aacf80 JavaThread "parallel-4" daemon [_thread_blocked, id=12344, stack(0x000000f6a8000000,0x000000f6a8100000)]
  0x0000023c58aafad0 JavaThread "pool-10-thread-2" [_thread_blocked, id=4380, stack(0x000000f6a8100000,0x000000f6a8200000)]

Other Threads:
=>0x0000023c56696f00 VMThread "VM Thread" [stack: 0x000000f6a5700000,0x000000f6a5800000] [id=17260]
  0x0000023c57330cd0 WatcherThread [stack: 0x000000f6a6100000,0x000000f6a6200000] [id=7784]
  0x0000023c47cd1ab0 GCTaskThread "GC Thread#0" [stack: 0x000000f6a5200000,0x000000f6a5300000] [id=2432]
  0x0000023c57aeaa50 GCTaskThread "GC Thread#1" [stack: 0x000000f6a6400000,0x000000f6a6500000] [id=5716]
  0x0000023c57aead00 GCTaskThread "GC Thread#2" [stack: 0x000000f6a6500000,0x000000f6a6600000] [id=11984]
  0x0000023c57cae9a0 GCTaskThread "GC Thread#3" [stack: 0x000000f6a6600000,0x000000f6a6700000] [id=18276]
  0x0000023c47ce2510 ConcurrentGCThread "G1 Main Marker" [stack: 0x000000f6a5300000,0x000000f6a5400000] [id=9912]
  0x0000023c47ce36c0 ConcurrentGCThread "G1 Conc#0" [stack: 0x000000f6a5400000,0x000000f6a5500000] [id=9308]
  0x0000023c565100a0 ConcurrentGCThread "G1 Refine#0" [stack: 0x000000f6a5500000,0x000000f6a5600000] [id=17432]
  0x0000023c5af72ef0 ConcurrentGCThread "G1 Refine#1" [stack: 0x000000f6a8200000,0x000000f6a8300000] [id=6208]
  0x0000023c56510ac0 ConcurrentGCThread "G1 Service" [stack: 0x000000f6a5600000,0x000000f6a5700000] [id=1680]

Threads with active compile tasks:
C1 CompilerThread0     9024 4128       1       io.github.classgraph.Classfile::readMethods (1501 bytes)

VM state: at safepoint (normal execution)

VM Mutex/Monitor currently owned by a thread:  ([mutex/lock_event])
[0x0000023c47a1e670] Threads_lock - owner thread: 0x0000023c56696f00
[0x0000023c47ad81d0] Heap_lock - owner thread: 0x0000023c58aa9f60

Heap address: 0x0000000082000000, size: 2016 MB, Compressed Oops mode: 32-bit

CDS archive(s) not mapped
Compressed class space mapped at: 0x0000000100000000-0x0000000140000000, reserved size: 1073741824
Narrow klass base: 0x0000000000000000, Narrow klass shift: 3, Narrow klass range: 0x140000000

GC Precious Log:
 CPUs: 4 total, 4 available
 Memory: 8060M
 Large Page Support: Disabled
 NUMA Support: Disabled
 Compressed Oops: Enabled (32-bit)
 Heap Region Size: 1M
 Heap Min Capacity: 8M
 Heap Initial Capacity: 126M
 Heap Max Capacity: 2016M
 Pre-touch: Disabled
 Parallel Workers: 4
 Concurrent Workers: 1
 Concurrent Refinement Workers: 4
 Periodic GC: Disabled

Heap:
 garbage-first heap   total 129024K, used 71242K [0x0000000082000000, 0x0000000100000000)
  region size 1024K, 2 young (2048K), 2 survivors (2048K)
 Metaspace       used 40669K, committed 41024K, reserved 1089536K
  class space    used 5146K, committed 5312K, reserved 1048576K

Heap Regions: E=young(eden), S=young(survivor), O=old, HS=humongous(starts), HC=humongous(continues), CS=collection set, F=free, OA=open archive, CA=closed archive, TAMS=top-at-mark-start (previous, next)
|   0|0x0000000082000000, 0x0000000082100000, 0x0000000082100000|100%| O|  |TAMS 0x0000000082100000, 0x0000000082100000| Untracked 
|   1|0x0000000082100000, 0x0000000082200000, 0x0000000082200000|100%| O|  |TAMS 0x0000000082200000, 0x0000000082200000| Untracked 
|   2|0x0000000082200000, 0x0000000082300000, 0x0000000082300000|100%| O|  |TAMS 0x0000000082300000, 0x0000000082300000| Untracked 
|   3|0x0000000082300000, 0x0000000082400000, 0x0000000082400000|100%| O|  |TAMS 0x0000000082400000, 0x0000000082400000| Untracked 
|   4|0x0000000082400000, 0x0000000082500000, 0x0000000082500000|100%| O|  |TAMS 0x0000000082500000, 0x0000000082500000| Untracked 
|   5|0x0000000082500000, 0x0000000082600000, 0x0000000082600000|100%| O|  |TAMS 0x0000000082600000, 0x0000000082600000| Untracked 
|   6|0x0000000082600000, 0x0000000082700000, 0x0000000082700000|100%| O|  |TAMS 0x0000000082700000, 0x0000000082700000| Untracked 
|   7|0x0000000082700000, 0x0000000082800000, 0x0000000082800000|100%| O|  |TAMS 0x0000000082800000, 0x0000000082800000| Untracked 
|   8|0x0000000082800000, 0x0000000082900000, 0x0000000082900000|100%| O|  |TAMS 0x0000000082900000, 0x0000000082900000| Untracked 
|   9|0x0000000082900000, 0x0000000082a00000, 0x0000000082a00000|100%| O|  |TAMS 0x0000000082a00000, 0x0000000082a00000| Untracked 
|  10|0x0000000082a00000, 0x0000000082b00000, 0x0000000082b00000|100%| O|  |TAMS 0x0000000082b00000, 0x0000000082b00000| Untracked 
|  11|0x0000000082b00000, 0x0000000082c00000, 0x0000000082c00000|100%| O|  |TAMS 0x0000000082c00000, 0x0000000082c00000| Untracked 
|  12|0x0000000082c00000, 0x0000000082d00000, 0x0000000082d00000|100%| O|  |TAMS 0x0000000082d00000, 0x0000000082d00000| Untracked 
|  13|0x0000000082d00000, 0x0000000082e00000, 0x0000000082e00000|100%| O|  |TAMS 0x0000000082e00000, 0x0000000082e00000| Untracked 
|  14|0x0000000082e00000, 0x0000000082f00000, 0x0000000082f00000|100%| O|  |TAMS 0x0000000082f00000, 0x0000000082f00000| Untracked 
|  15|0x0000000082f00000, 0x0000000083000000, 0x0000000083000000|100%| O|  |TAMS 0x0000000083000000, 0x0000000083000000| Untracked 
|  16|0x0000000083000000, 0x0000000083100000, 0x0000000083100000|100%| O|  |TAMS 0x0000000083100000, 0x0000000083100000| Untracked 
|  17|0x0000000083100000, 0x0000000083200000, 0x0000000083200000|100%| O|  |TAMS 0x0000000083200000, 0x0000000083200000| Untracked 
|  18|0x0000000083200000, 0x0000000083300000, 0x0000000083300000|100%| O|  |TAMS 0x0000000083300000, 0x0000000083300000| Untracked 
|  19|0x0000000083300000, 0x0000000083400000, 0x0000000083400000|100%| O|  |TAMS 0x0000000083400000, 0x0000000083400000| Untracked 
|  20|0x0000000083400000, 0x0000000083500000, 0x0000000083500000|100%| O|  |TAMS 0x0000000083500000, 0x0000000083500000| Untracked 
|  21|0x0000000083500000, 0x0000000083600000, 0x0000000083600000|100%| O|  |TAMS 0x0000000083600000, 0x0000000083600000| Untracked 
|  22|0x0000000083600000, 0x0000000083700000, 0x0000000083700000|100%| O|  |TAMS 0x0000000083700000, 0x0000000083700000| Untracked 
|  23|0x0000000083700000, 0x0000000083800000, 0x0000000083800000|100%|HS|  |TAMS 0x0000000083700000, 0x0000000083800000| Complete 
|  24|0x0000000083800000, 0x0000000083900000, 0x0000000083900000|100%| O|  |TAMS 0x0000000083900000, 0x0000000083900000| Untracked 
|  25|0x0000000083900000, 0x0000000083a00000, 0x0000000083a00000|100%| O|  |TAMS 0x0000000083a00000, 0x0000000083a00000| Untracked 
|  26|0x0000000083a00000, 0x0000000083b00000, 0x0000000083b00000|100%| O|  |TAMS 0x0000000083b00000, 0x0000000083b00000| Untracked 
|  27|0x0000000083b00000, 0x0000000083c00000, 0x0000000083c00000|100%| O|  |TAMS 0x0000000083c00000, 0x0000000083c00000| Untracked 
|  28|0x0000000083c00000, 0x0000000083d00000, 0x0000000083d00000|100%| O|  |TAMS 0x0000000083d00000, 0x0000000083d00000| Untracked 
|  29|0x0000000083d00000, 0x0000000083e00000, 0x0000000083e00000|100%| O|  |TAMS 0x0000000083e00000, 0x0000000083e00000| Untracked 
|  30|0x0000000083e00000, 0x0000000083f00000, 0x0000000083f00000|100%| O|  |TAMS 0x0000000083f00000, 0x0000000083f00000| Untracked 
|  31|0x0000000083f00000, 0x0000000084000000, 0x0000000084000000|100%| O|  |TAMS 0x0000000084000000, 0x0000000084000000| Untracked 
|  32|0x0000000084000000, 0x0000000084100000, 0x0000000084100000|100%| O|  |TAMS 0x0000000084100000, 0x0000000084100000| Untracked 
|  33|0x0000000084100000, 0x0000000084200000, 0x0000000084200000|100%| O|  |TAMS 0x0000000084200000, 0x0000000084200000| Untracked 
|  34|0x0000000084200000, 0x0000000084300000, 0x0000000084300000|100%| O|  |TAMS 0x0000000084300000, 0x0000000084300000| Untracked 
|  35|0x0000000084300000, 0x0000000084400000, 0x0000000084400000|100%| O|  |TAMS 0x0000000084400000, 0x0000000084400000| Untracked 
|  36|0x0000000084400000, 0x0000000084500000, 0x0000000084500000|100%| O|  |TAMS 0x0000000084500000, 0x0000000084500000| Untracked 
|  37|0x0000000084500000, 0x0000000084600000, 0x0000000084600000|100%| O|  |TAMS 0x0000000084600000, 0x0000000084600000| Untracked 
|  38|0x0000000084600000, 0x0000000084700000, 0x0000000084700000|100%| O|  |TAMS 0x0000000084700000, 0x0000000084700000| Untracked 
|  39|0x0000000084700000, 0x0000000084800000, 0x0000000084800000|100%| O|  |TAMS 0x0000000084800000, 0x0000000084800000| Untracked 
|  40|0x0000000084800000, 0x0000000084900000, 0x0000000084900000|100%| O|  |TAMS 0x0000000084900000, 0x0000000084900000| Untracked 
|  41|0x0000000084900000, 0x0000000084a00000, 0x0000000084a00000|100%| O|  |TAMS 0x0000000084a00000, 0x0000000084a00000| Untracked 
|  42|0x0000000084a00000, 0x0000000084b00000, 0x0000000084b00000|100%| O|  |TAMS 0x0000000084b00000, 0x0000000084b00000| Untracked 
|  43|0x0000000084b00000, 0x0000000084c00000, 0x0000000084c00000|100%| O|  |TAMS 0x0000000084c00000, 0x0000000084c00000| Untracked 
|  44|0x0000000084c00000, 0x0000000084d00000, 0x0000000084d00000|100%| O|  |TAMS 0x0000000084d00000, 0x0000000084d00000| Untracked 
|  45|0x0000000084d00000, 0x0000000084d00000, 0x0000000084e00000|  0%| F|  |TAMS 0x0000000084d00000, 0x0000000084d00000| Untracked 
|  46|0x0000000084e00000, 0x0000000084f00000, 0x0000000084f00000|100%| O|  |TAMS 0x0000000084f00000, 0x0000000084f00000| Untracked 
|  47|0x0000000084f00000, 0x0000000085000000, 0x0000000085000000|100%| O|  |TAMS 0x0000000085000000, 0x0000000085000000| Untracked 
|  48|0x0000000085000000, 0x0000000085100000, 0x0000000085100000|100%| O|  |TAMS 0x0000000085100000, 0x0000000085100000| Untracked 
|  49|0x0000000085100000, 0x0000000085200000, 0x0000000085200000|100%| O|  |TAMS 0x0000000085200000, 0x0000000085200000| Untracked 
|  50|0x0000000085200000, 0x0000000085300000, 0x0000000085300000|100%| O|  |TAMS 0x0000000085300000, 0x0000000085300000| Untracked 
|  51|0x0000000085300000, 0x0000000085400000, 0x0000000085400000|100%| O|  |TAMS 0x0000000085400000, 0x0000000085400000| Untracked 
|  52|0x0000000085400000, 0x0000000085500000, 0x0000000085500000|100%|HS|  |TAMS 0x0000000085400000, 0x0000000085500000| Complete 
|  53|0x0000000085500000, 0x0000000085600000, 0x0000000085600000|100%| O|  |TAMS 0x0000000085500000, 0x0000000085600000| Untracked 
|  54|0x0000000085600000, 0x0000000085700000, 0x0000000085700000|100%| O|  |TAMS 0x0000000085600000, 0x0000000085700000| Untracked 
|  55|0x0000000085700000, 0x0000000085800000, 0x0000000085800000|100%| O|  |TAMS 0x0000000085700000, 0x0000000085800000| Untracked 
|  56|0x0000000085800000, 0x0000000085900000, 0x0000000085900000|100%| O|  |TAMS 0x0000000085800000, 0x0000000085900000| Untracked 
|  57|0x0000000085900000, 0x0000000085a00000, 0x0000000085a00000|100%| O|  |TAMS 0x0000000085900000, 0x0000000085a00000| Untracked 
|  58|0x0000000085a00000, 0x0000000085b00000, 0x0000000085b00000|100%| O|  |TAMS 0x0000000085a00000, 0x0000000085b00000| Untracked 
|  59|0x0000000085b00000, 0x0000000085c00000, 0x0000000085c00000|100%| O|  |TAMS 0x0000000085b00000, 0x0000000085c00000| Untracked 
|  60|0x0000000085c00000, 0x0000000085d00000, 0x0000000085d00000|100%| O|  |TAMS 0x0000000085c00000, 0x0000000085d00000| Untracked 
|  61|0x0000000085d00000, 0x0000000085e00000, 0x0000000085e00000|100%| O|  |TAMS 0x0000000085d00000, 0x0000000085e00000| Untracked 
|  62|0x0000000085e00000, 0x0000000085f00000, 0x0000000085f00000|100%| O|  |TAMS 0x0000000085e00000, 0x0000000085f00000| Untracked 
|  63|0x0000000085f00000, 0x0000000086000000, 0x0000000086000000|100%| O|  |TAMS 0x0000000085f00000, 0x0000000086000000| Untracked 
|  64|0x0000000086000000, 0x0000000086100000, 0x0000000086100000|100%| O|  |TAMS 0x0000000086000000, 0x0000000086100000| Untracked 
|  65|0x0000000086100000, 0x0000000086200000, 0x0000000086200000|100%| O|  |TAMS 0x0000000086100000, 0x0000000086200000| Untracked 
|  66|0x0000000086200000, 0x0000000086300000, 0x0000000086300000|100%| O|  |TAMS 0x0000000086200000, 0x0000000086300000| Untracked 
|  67|0x0000000086300000, 0x0000000086400000, 0x0000000086400000|100%| O|  |TAMS 0x0000000086300000, 0x0000000086400000| Untracked 
|  68|0x0000000086400000, 0x00000000864bfc00, 0x0000000086500000| 74%| O|  |TAMS 0x0000000086400000, 0x00000000864bfc00| Untracked 
|  69|0x0000000086500000, 0x0000000086500000, 0x0000000086600000|  0%| F|  |TAMS 0x0000000086500000, 0x0000000086500000| Untracked 
|  70|0x0000000086600000, 0x0000000086600000, 0x0000000086700000|  0%| F|  |TAMS 0x0000000086600000, 0x0000000086600000| Untracked 
|  71|0x0000000086700000, 0x0000000086700000, 0x0000000086800000|  0%| F|  |TAMS 0x0000000086700000, 0x0000000086700000| Untracked 
|  72|0x0000000086800000, 0x0000000086800000, 0x0000000086900000|  0%| F|  |TAMS 0x0000000086800000, 0x0000000086800000| Untracked 
|  73|0x0000000086900000, 0x0000000086900000, 0x0000000086a00000|  0%| F|  |TAMS 0x0000000086900000, 0x0000000086900000| Untracked 
|  74|0x0000000086a00000, 0x0000000086a00000, 0x0000000086b00000|  0%| F|  |TAMS 0x0000000086a00000, 0x0000000086a00000| Untracked 
|  75|0x0000000086b00000, 0x0000000086b00000, 0x0000000086c00000|  0%| F|  |TAMS 0x0000000086b00000, 0x0000000086b00000| Untracked 
|  76|0x0000000086c00000, 0x0000000086c00000, 0x0000000086d00000|  0%| F|  |TAMS 0x0000000086c00000, 0x0000000086c00000| Untracked 
|  77|0x0000000086d00000, 0x0000000086d00000, 0x0000000086e00000|  0%| F|  |TAMS 0x0000000086d00000, 0x0000000086d00000| Untracked 
|  78|0x0000000086e00000, 0x0000000086e00000, 0x0000000086f00000|  0%| F|  |TAMS 0x0000000086e00000, 0x0000000086e00000| Untracked 
|  79|0x0000000086f00000, 0x0000000086f00000, 0x0000000087000000|  0%| F|  |TAMS 0x0000000086f00000, 0x0000000086f00000| Untracked 
|  80|0x0000000087000000, 0x0000000087000000, 0x0000000087100000|  0%| F|  |TAMS 0x0000000087000000, 0x0000000087000000| Untracked 
|  81|0x0000000087100000, 0x0000000087100000, 0x0000000087200000|  0%| F|  |TAMS 0x0000000087100000, 0x0000000087100000| Untracked 
|  82|0x0000000087200000, 0x0000000087200000, 0x0000000087300000|  0%| F|  |TAMS 0x0000000087200000, 0x0000000087200000| Untracked 
|  83|0x0000000087300000, 0x0000000087300000, 0x0000000087400000|  0%| F|  |TAMS 0x0000000087300000, 0x0000000087300000| Untracked 
|  84|0x0000000087400000, 0x0000000087400000, 0x0000000087500000|  0%| F|  |TAMS 0x0000000087400000, 0x0000000087400000| Untracked 
|  85|0x0000000087500000, 0x0000000087500000, 0x0000000087600000|  0%| F|  |TAMS 0x0000000087500000, 0x0000000087500000| Untracked 
|  86|0x0000000087600000, 0x0000000087600000, 0x0000000087700000|  0%| F|  |TAMS 0x0000000087600000, 0x0000000087600000| Untracked 
|  87|0x0000000087700000, 0x0000000087700000, 0x0000000087800000|  0%| F|  |TAMS 0x0000000087700000, 0x0000000087700000| Untracked 
|  88|0x0000000087800000, 0x0000000087800000, 0x0000000087900000|  0%| F|  |TAMS 0x0000000087800000, 0x0000000087800000| Untracked 
|  89|0x0000000087900000, 0x00000000879d2f88, 0x0000000087a00000| 82%| S|CS|TAMS 0x0000000087900000, 0x0000000087900000| Complete 
|  90|0x0000000087a00000, 0x0000000087b00000, 0x0000000087b00000|100%| S|CS|TAMS 0x0000000087a00000, 0x0000000087a00000| Complete 
|  91|0x0000000087b00000, 0x0000000087b00000, 0x0000000087c00000|  0%| F|  |TAMS 0x0000000087b00000, 0x0000000087b00000| Untracked 
|  92|0x0000000087c00000, 0x0000000087c00000, 0x0000000087d00000|  0%| F|  |TAMS 0x0000000087c00000, 0x0000000087c00000| Untracked 
|  93|0x0000000087d00000, 0x0000000087d00000, 0x0000000087e00000|  0%| F|  |TAMS 0x0000000087d00000, 0x0000000087d00000| Untracked 
|  94|0x0000000087e00000, 0x0000000087e00000, 0x0000000087f00000|  0%| F|  |TAMS 0x0000000087e00000, 0x0000000087e00000| Untracked 
|  95|0x0000000087f00000, 0x0000000087f00000, 0x0000000088000000|  0%| F|  |TAMS 0x0000000087f00000, 0x0000000087f00000| Untracked 
|  96|0x0000000088000000, 0x0000000088000000, 0x0000000088100000|  0%| F|  |TAMS 0x0000000088000000, 0x0000000088000000| Untracked 
|  97|0x0000000088100000, 0x0000000088100000, 0x0000000088200000|  0%| F|  |TAMS 0x0000000088100000, 0x0000000088100000| Untracked 
|  98|0x0000000088200000, 0x0000000088200000, 0x0000000088300000|  0%| F|  |TAMS 0x0000000088200000, 0x0000000088200000| Untracked 
|  99|0x0000000088300000, 0x0000000088300000, 0x0000000088400000|  0%| F|  |TAMS 0x0000000088300000, 0x0000000088300000| Untracked 
| 100|0x0000000088400000, 0x0000000088400000, 0x0000000088500000|  0%| F|  |TAMS 0x0000000088400000, 0x0000000088400000| Untracked 
| 101|0x0000000088500000, 0x0000000088500000, 0x0000000088600000|  0%| F|  |TAMS 0x0000000088500000, 0x0000000088500000| Untracked 
| 102|0x0000000088600000, 0x0000000088600000, 0x0000000088700000|  0%| F|  |TAMS 0x0000000088600000, 0x0000000088600000| Untracked 
| 103|0x0000000088700000, 0x0000000088700000, 0x0000000088800000|  0%| F|  |TAMS 0x0000000088700000, 0x0000000088700000| Untracked 
| 104|0x0000000088800000, 0x0000000088800000, 0x0000000088900000|  0%| F|  |TAMS 0x0000000088800000, 0x0000000088800000| Untracked 
| 105|0x0000000088900000, 0x0000000088900000, 0x0000000088a00000|  0%| F|  |TAMS 0x0000000088900000, 0x0000000088900000| Untracked 
| 106|0x0000000088a00000, 0x0000000088a00000, 0x0000000088b00000|  0%| F|  |TAMS 0x0000000088a00000, 0x0000000088a00000| Untracked 
| 107|0x0000000088b00000, 0x0000000088b00000, 0x0000000088c00000|  0%| F|  |TAMS 0x0000000088b00000, 0x0000000088b00000| Untracked 
| 108|0x0000000088c00000, 0x0000000088c00000, 0x0000000088d00000|  0%| F|  |TAMS 0x0000000088c00000, 0x0000000088c00000| Untracked 
| 109|0x0000000088d00000, 0x0000000088d00000, 0x0000000088e00000|  0%| F|  |TAMS 0x0000000088d00000, 0x0000000088d00000| Untracked 
| 110|0x0000000088e00000, 0x0000000088e00000, 0x0000000088f00000|  0%| F|  |TAMS 0x0000000088e00000, 0x0000000088e00000| Untracked 
| 111|0x0000000088f00000, 0x0000000088f00000, 0x0000000089000000|  0%| F|  |TAMS 0x0000000088f00000, 0x0000000088f00000| Untracked 
| 112|0x0000000089000000, 0x0000000089000000, 0x0000000089100000|  0%| F|  |TAMS 0x0000000089000000, 0x0000000089000000| Untracked 
| 113|0x0000000089100000, 0x0000000089100000, 0x0000000089200000|  0%| F|  |TAMS 0x0000000089100000, 0x0000000089100000| Untracked 
| 114|0x0000000089200000, 0x0000000089200000, 0x0000000089300000|  0%| F|  |TAMS 0x0000000089200000, 0x0000000089200000| Untracked 
| 115|0x0000000089300000, 0x0000000089300000, 0x0000000089400000|  0%| F|  |TAMS 0x0000000089300000, 0x0000000089300000| Untracked 
| 116|0x0000000089400000, 0x0000000089400000, 0x0000000089500000|  0%| F|  |TAMS 0x0000000089400000, 0x0000000089400000| Untracked 
| 117|0x0000000089500000, 0x0000000089500000, 0x0000000089600000|  0%| F|  |TAMS 0x0000000089500000, 0x0000000089500000| Untracked 
| 118|0x0000000089600000, 0x0000000089600000, 0x0000000089700000|  0%| F|  |TAMS 0x0000000089600000, 0x0000000089600000| Untracked 
| 119|0x0000000089700000, 0x0000000089700000, 0x0000000089800000|  0%| F|  |TAMS 0x0000000089700000, 0x0000000089700000| Untracked 
| 120|0x0000000089800000, 0x0000000089800000, 0x0000000089900000|  0%| F|  |TAMS 0x0000000089800000, 0x0000000089800000| Untracked 
| 121|0x0000000089900000, 0x0000000089900000, 0x0000000089a00000|  0%| F|  |TAMS 0x0000000089900000, 0x0000000089900000| Untracked 
| 122|0x0000000089a00000, 0x0000000089a00000, 0x0000000089b00000|  0%| F|  |TAMS 0x0000000089a00000, 0x0000000089a00000| Untracked 
| 123|0x0000000089b00000, 0x0000000089b00000, 0x0000000089c00000|  0%| F|  |TAMS 0x0000000089b00000, 0x0000000089b00000| Untracked 
| 124|0x0000000089c00000, 0x0000000089c00000, 0x0000000089d00000|  0%| F|  |TAMS 0x0000000089c00000, 0x0000000089c00000| Untracked 
| 125|0x0000000089d00000, 0x0000000089d00000, 0x0000000089e00000|  0%| F|  |TAMS 0x0000000089d00000, 0x0000000089d00000| Untracked 

Card table byte_map: [0x0000023c4f980000,0x0000023c4fd70000] _byte_map_base: 0x0000023c4f570000

Marking Bits (Prev, Next): (CMBitMap*) 0x0000023c47cd1fe0, (CMBitMap*) 0x0000023c47cd2020
 Prev Bits: [0x0000023c50160000, 0x0000023c520e0000)
 Next Bits: [0x0000023c520e0000, 0x0000023c54060000)

Polling page: 0x0000023c47d40000

Metaspace:

Usage:
  Non-class:     34.69 MB used.
      Class:      5.03 MB used.
       Both:     39.72 MB used.

Virtual space:
  Non-class space:       40.00 MB reserved,      34.88 MB ( 87%) committed,  5 nodes.
      Class space:        1.00 GB reserved,       5.19 MB ( <1%) committed,  1 nodes.
             Both:        1.04 GB reserved,      40.06 MB (  4%) committed. 

Chunk freelists:
   Non-Class:  448.00 KB
       Class:  2.71 MB
        Both:  3.15 MB

MaxMetaspaceSize: unlimited
CompressedClassSpaceSize: 1.00 GB
Initial GC threshold: 21.00 MB
Current GC threshold: 65.56 MB
CDS: off
MetaspaceReclaimPolicy: balanced
 - commit_granule_bytes: 65536.
 - commit_granule_words: 8192.
 - virtual_space_node_default_size: 1048576.
 - enlarge_chunks_in_place: 1.
 - new_chunks_are_fully_committed: 0.
 - uncommit_free_chunks: 1.
 - use_allocation_guard: 0.
 - handle_deallocations: 1.


Internal statistics:

num_allocs_failed_limit: 6.
num_arena_births: 498.
num_arena_deaths: 0.
num_vsnodes_births: 6.
num_vsnodes_deaths: 0.
num_space_committed: 641.
num_space_uncommitted: 0.
num_chunks_returned_to_freelist: 6.
num_chunks_taken_from_freelist: 1716.
num_chunk_merges: 6.
num_chunk_splits: 1201.
num_chunks_enlarged: 902.
num_purges: 0.
num_inconsistent_stats: 0.

CodeCache: size=49152Kb used=9051Kb max_used=9051Kb free=40100Kb
 bounds [0x0000023c4c0f0000, 0x0000023c4c9d0000, 0x0000023c4f0f0000]
 total_blobs=4692 nmethods=4128 adapters=489
 compilation: enabled
              stopped_count=0, restarted_count=0
 full_count=0

Compilation events (20 events):
Event: 8.964 Thread 0x0000023c580ae840 nmethod 4120 0x0000023c4c9bb790 code [0x0000023c4c9bb920, 0x0000023c4c9bb9d8]
Event: 8.964 Thread 0x0000023c580ae840 4121       1       io.github.classgraph.Scanner$ClassfileScanWorkUnit::access$600 (5 bytes)
Event: 8.964 Thread 0x0000023c580ae840 nmethod 4121 0x0000023c4c9bba90 code [0x0000023c4c9bbc20, 0x0000023c4c9bbcd8]
Event: 8.964 Thread 0x0000023c580ae840 4122   !   1       nonapi.io.github.classgraph.reflection.ReflectionUtils::invokeMethod (106 bytes)
Event: 8.965 Thread 0x0000023c580ae840 nmethod 4122 0x0000023c4c9bbd90 code [0x0000023c4c9bc020, 0x0000023c4c9bca28]
Event: 8.965 Thread 0x0000023c47adce70 nmethod 4119 0x0000023c4c9bd010 code [0x0000023c4c9bd3a0, 0x0000023c4c9be3e8]
Event: 8.966 Thread 0x0000023c47adce70 4123   !   1       io.github.classgraph.ClasspathElementModule$1$1::close (16 bytes)
Event: 8.966 Thread 0x0000023c5712c970 nmethod 4112 0x0000023c4c9bef10 code [0x0000023c4c9bf5a0, 0x0000023c4c9c1c08]
Event: 8.966 Thread 0x0000023c5712c970 4124   !   1       nonapi.io.github.classgraph.utils.ProxyingInputStream::close (31 bytes)
Event: 8.967 Thread 0x0000023c5712c970 nmethod 4124 0x0000023c4c9c3410 code [0x0000023c4c9c35a0, 0x0000023c4c9c3728]
Event: 8.967 Thread 0x0000023c47adce70 nmethod 4123 0x0000023c4c9c3810 code [0x0000023c4c9c39c0, 0x0000023c4c9c3bb8]
Event: 8.968 Thread 0x0000023c47adce70 4125   !   1       jdk.internal.reflect.GeneratedMethodAccessor8::invoke (61 bytes)
Event: 8.968 Thread 0x0000023c47adce70 nmethod 4125 0x0000023c4c9c3c90 code [0x0000023c4c9c3e80, 0x0000023c4c9c42f8]
Event: 8.968 Thread 0x0000023c47adce70 4126       1       io.github.classgraph.Classfile::scheduleScanningIfExternalClass (367 bytes)
Event: 8.970 Thread 0x0000023c5712c970 4127       1       java.util.Optional::isPresent (13 bytes)
Event: 8.970 Thread 0x0000023c5712c970 nmethod 4127 0x0000023c4c9c4610 code [0x0000023c4c9c47a0, 0x0000023c4c9c4878]
Event: 8.970 Thread 0x0000023c5712c970 4128       1       io.github.classgraph.Classfile::readMethods (1501 bytes)
Event: 8.970 Thread 0x0000023c580ae840 4129       1       java.io.ByteArrayOutputStream::close (1 bytes)
Event: 8.971 Thread 0x0000023c47adce70 nmethod 4126 0x0000023c4c9c4910 code [0x0000023c4c9c4d80, 0x0000023c4c9c6158]
Event: 8.971 Thread 0x0000023c580ae840 nmethod 4129 0x0000023c4c9c6b90 code [0x0000023c4c9c6d20, 0x0000023c4c9c6dd8]

GC Heap History (20 events):
Event: 7.526 GC heap after
{Heap after GC invocations=14 (full 0):
 garbage-first heap   total 76800K, used 25970K [0x0000000082000000, 0x0000000100000000)
  region size 1024K, 2 young (2048K), 2 survivors (2048K)
 Metaspace       used 36292K, committed 36736K, reserved 1081344K
  class space    used 4773K, committed 4992K, reserved 1048576K
}
Event: 7.867 GC heap before
{Heap before GC invocations=14 (full 0):
 garbage-first heap   total 76800K, used 55666K [0x0000000082000000, 0x0000000100000000)
  region size 1024K, 32 young (32768K), 2 survivors (2048K)
 Metaspace       used 37245K, committed 37632K, reserved 1089536K
  class space    used 4857K, committed 5056K, reserved 1048576K
}
Event: 7.874 GC heap after
{Heap after GC invocations=15 (full 0):
 garbage-first heap   total 76800K, used 31603K [0x0000000082000000, 0x0000000100000000)
  region size 1024K, 4 young (4096K), 4 survivors (4096K)
 Metaspace       used 37245K, committed 37632K, reserved 1089536K
  class space    used 4857K, committed 5056K, reserved 1048576K
}
Event: 7.973 GC heap before
{Heap before GC invocations=15 (full 0):
 garbage-first heap   total 76800K, used 56179K [0x0000000082000000, 0x0000000100000000)
  region size 1024K, 28 young (28672K), 4 survivors (4096K)
 Metaspace       used 37753K, committed 38208K, reserved 1089536K
  class space    used 4912K, committed 5120K, reserved 1048576K
}
Event: 7.979 GC heap after
{Heap after GC invocations=16 (full 0):
 garbage-first heap   total 76800K, used 35840K [0x0000000082000000, 0x0000000100000000)
  region size 1024K, 4 young (4096K), 4 survivors (4096K)
 Metaspace       used 37753K, committed 38208K, reserved 1089536K
  class space    used 4912K, committed 5120K, reserved 1048576K
}
Event: 8.065 GC heap before
{Heap before GC invocations=16 (full 0):
 garbage-first heap   total 76800K, used 58368K [0x0000000082000000, 0x0000000100000000)
  region size 1024K, 26 young (26624K), 4 survivors (4096K)
 Metaspace       used 38029K, committed 38464K, reserved 1089536K
  class space    used 4931K, committed 5120K, reserved 1048576K
}
Event: 8.071 GC heap after
{Heap after GC invocations=17 (full 0):
 garbage-first heap   total 76800K, used 39658K [0x0000000082000000, 0x0000000100000000)
  region size 1024K, 4 young (4096K), 4 survivors (4096K)
 Metaspace       used 38029K, committed 38464K, reserved 1089536K
  class space    used 4931K, committed 5120K, reserved 1048576K
}
Event: 8.136 GC heap before
{Heap before GC invocations=17 (full 0):
 garbage-first heap   total 76800K, used 59114K [0x0000000082000000, 0x0000000100000000)
  region size 1024K, 23 young (23552K), 4 survivors (4096K)
 Metaspace       used 38198K, committed 38592K, reserved 1089536K
  class space    used 4940K, committed 5120K, reserved 1048576K
}
Event: 8.146 GC heap after
{Heap after GC invocations=18 (full 0):
 garbage-first heap   total 104448K, used 44783K [0x0000000082000000, 0x0000000100000000)
  region size 1024K, 3 young (3072K), 3 survivors (3072K)
 Metaspace       used 38198K, committed 38592K, reserved 1089536K
  class space    used 4940K, committed 5120K, reserved 1048576K
}
Event: 8.562 GC heap before
{Heap before GC invocations=19 (full 0):
 garbage-first heap   total 104448K, used 76527K [0x0000000082000000, 0x0000000100000000)
  region size 1024K, 35 young (35840K), 3 survivors (3072K)
 Metaspace       used 39443K, committed 39808K, reserved 1089536K
  class space    used 5037K, committed 5184K, reserved 1048576K
}
Event: 8.573 GC heap after
{Heap after GC invocations=20 (full 0):
 garbage-first heap   total 104448K, used 52467K [0x0000000082000000, 0x0000000100000000)
  region size 1024K, 5 young (5120K), 5 survivors (5120K)
 Metaspace       used 39443K, committed 39808K, reserved 1089536K
  class space    used 5037K, committed 5184K, reserved 1048576K
}
Event: 8.582 GC heap before
{Heap before GC invocations=20 (full 0):
 garbage-first heap   total 104448K, used 53491K [0x0000000082000000, 0x0000000100000000)
  region size 1024K, 6 young (6144K), 5 survivors (5120K)
 Metaspace       used 39489K, committed 39872K, reserved 1089536K
  class space    used 5040K, committed 5184K, reserved 1048576K
}
Event: 8.587 GC heap after
{Heap after GC invocations=21 (full 0):
 garbage-first heap   total 104448K, used 53142K [0x0000000082000000, 0x0000000100000000)
  region size 1024K, 1 young (1024K), 1 survivors (1024K)
 Metaspace       used 39489K, committed 39872K, reserved 1089536K
  class space    used 5040K, committed 5184K, reserved 1048576K
}
Event: 8.643 GC heap before
{Heap before GC invocations=21 (full 0):
 garbage-first heap   total 104448K, used 59286K [0x0000000082000000, 0x0000000100000000)
  region size 1024K, 8 young (8192K), 1 survivors (1024K)
 Metaspace       used 39651K, committed 40064K, reserved 1089536K
  class space    used 5078K, committed 5248K, reserved 1048576K
}
Event: 8.647 GC heap after
{Heap after GC invocations=22 (full 0):
 garbage-first heap   total 104448K, used 54589K [0x0000000082000000, 0x0000000100000000)
  region size 1024K, 3 young (3072K), 3 survivors (3072K)
 Metaspace       used 39651K, committed 40064K, reserved 1089536K
  class space    used 5078K, committed 5248K, reserved 1048576K
}
Event: 8.903 GC heap before
{Heap before GC invocations=23 (full 0):
 garbage-first heap   total 104448K, used 80189K [0x0000000082000000, 0x0000000100000000)
  region size 1024K, 27 young (27648K), 3 survivors (3072K)
 Metaspace       used 40281K, committed 40704K, reserved 1089536K
  class space    used 5136K, committed 5312K, reserved 1048576K
}
Event: 8.922 GC heap after
{Heap after GC invocations=24 (full 0):
 garbage-first heap   total 104448K, used 68608K [0x0000000082000000, 0x0000000100000000)
  region size 1024K, 4 young (4096K), 4 survivors (4096K)
 Metaspace       used 40281K, committed 40704K, reserved 1089536K
  class space    used 5136K, committed 5312K, reserved 1048576K
}
Event: 8.928 GC heap before
{Heap before GC invocations=24 (full 0):
 garbage-first heap   total 104448K, used 69632K [0x0000000082000000, 0x0000000100000000)
  region size 1024K, 5 young (5120K), 4 survivors (4096K)
 Metaspace       used 40281K, committed 40704K, reserved 1089536K
  class space    used 5136K, committed 5312K, reserved 1048576K
}
Event: 8.933 GC heap after
{Heap after GC invocations=25 (full 0):
 garbage-first heap   total 104448K, used 70399K [0x0000000082000000, 0x0000000100000000)
  region size 1024K, 1 young (1024K), 1 survivors (1024K)
 Metaspace       used 40281K, committed 40704K, reserved 1089536K
  class space    used 5136K, committed 5312K, reserved 1048576K
}
Event: 8.990 GC heap before
{Heap before GC invocations=25 (full 0):
 garbage-first heap   total 104448K, used 79615K [0x0000000082000000, 0x0000000100000000)
  region size 1024K, 11 young (11264K), 1 survivors (1024K)
 Metaspace       used 40669K, committed 41024K, reserved 1089536K
  class space    used 5146K, committed 5312K, reserved 1048576K
}

Dll operation events (8 events):
Event: 0.009 Loaded shared library c:\Users\Alexis\.vscode\extensions\redhat.java-1.13.0-win32-x64\jre\17.0.5-win32-x86_64\bin\java.dll
Event: 0.298 Loaded shared library C:\Users\Alexis\.vscode\extensions\redhat.java-1.13.0-win32-x64\jre\17.0.5-win32-x86_64\bin\net.dll
Event: 0.300 Loaded shared library C:\Users\Alexis\.vscode\extensions\redhat.java-1.13.0-win32-x64\jre\17.0.5-win32-x86_64\bin\nio.dll
Event: 0.313 Loaded shared library C:\Users\Alexis\.vscode\extensions\redhat.java-1.13.0-win32-x64\jre\17.0.5-win32-x86_64\bin\zip.dll
Event: 0.790 Loaded shared library C:\Users\Alexis\.vscode\extensions\redhat.java-1.13.0-win32-x64\jre\17.0.5-win32-x86_64\bin\jimage.dll
Event: 1.044 Loaded shared library c:\Users\Alexis\.vscode\extensions\redhat.java-1.13.0-win32-x64\jre\17.0.5-win32-x86_64\bin\verify.dll
Event: 5.916 Loaded shared library C:\Users\Alexis\.vscode\extensions\redhat.java-1.13.0-win32-x64\jre\17.0.5-win32-x86_64\bin\management.dll
Event: 5.922 Loaded shared library C:\Users\Alexis\.vscode\extensions\redhat.java-1.13.0-win32-x64\jre\17.0.5-win32-x86_64\bin\management_ext.dll

Deoptimization events (10 events):
Event: 3.768 Thread 0x0000023c47c769f0 DEOPT PACKING pc=0x0000023c4c5f5899 sp=0x000000f6a51fd420
Event: 3.768 Thread 0x0000023c47c769f0 DEOPT UNPACKING pc=0x0000023c4c142b43 sp=0x000000f6a51fc900 mode 3
Event: 6.310 Thread 0x0000023c5852a5a0 DEOPT PACKING pc=0x0000023c4c80c4b5 sp=0x000000f6a6cfd3e0
Event: 6.310 Thread 0x0000023c5852a5a0 DEOPT UNPACKING pc=0x0000023c4c142b43 sp=0x000000f6a6cfc8f8 mode 3
Event: 6.703 Thread 0x0000023c5863f080 DEOPT PACKING pc=0x0000023c4c82faab sp=0x000000f6a70fe280
Event: 6.703 Thread 0x0000023c5863f080 DEOPT UNPACKING pc=0x0000023c4c142b43 sp=0x000000f6a70fd7c8 mode 3
Event: 7.601 Thread 0x0000023c587df830 DEOPT PACKING pc=0x0000023c4c5fbd01 sp=0x000000f6a6bfd9f0
Event: 7.601 Thread 0x0000023c587df830 DEOPT UNPACKING pc=0x0000023c4c142b43 sp=0x000000f6a6bfce80 mode 3
Event: 7.791 Thread 0x0000023c58aa9a90 DEOPT PACKING pc=0x0000023c4c5f4317 sp=0x000000f6a7bff060
Event: 7.791 Thread 0x0000023c58aa9a90 DEOPT UNPACKING pc=0x0000023c4c142b43 sp=0x000000f6a7bfe4b8 mode 3

Classes unloaded (0 events):
No events

Classes redefined (0 events):
No events

Internal exceptions (20 events):
Event: 6.762 Thread 0x0000023c58aa8c20 Exception <a 'sun/nio/fs/WindowsException'{0x0000000088066838}> (0x0000000088066838) 
thrown [s\src\hotspot\share\prims\jni.cpp, line 516]
Event: 6.762 Thread 0x0000023c58aa8c20 Exception <a 'sun/nio/fs/WindowsException'{0x0000000088066bf8}> (0x0000000088066bf8) 
thrown [s\src\hotspot\share\prims\jni.cpp, line 516]
Event: 6.762 Thread 0x0000023c58aa8c20 Exception <a 'sun/nio/fs/WindowsException'{0x00000000880675f8}> (0x00000000880675f8) 
thrown [s\src\hotspot\share\prims\jni.cpp, line 516]
Event: 6.762 Thread 0x0000023c58aa8c20 Exception <a 'sun/nio/fs/WindowsException'{0x00000000880679a8}> (0x00000000880679a8) 
thrown [s\src\hotspot\share\prims\jni.cpp, line 516]
Event: 6.762 Thread 0x0000023c58aa8c20 Exception <a 'sun/nio/fs/WindowsException'{0x00000000880683b0}> (0x00000000880683b0) 
thrown [s\src\hotspot\share\prims\jni.cpp, line 516]
Event: 6.763 Thread 0x0000023c58aa8c20 Exception <a 'sun/nio/fs/WindowsException'{0x0000000088068770}> (0x0000000088068770) 
thrown [s\src\hotspot\share\prims\jni.cpp, line 516]
Event: 6.763 Thread 0x0000023c58aa8c20 Exception <a 'sun/nio/fs/WindowsException'{0x0000000088069198}> (0x0000000088069198) 
thrown [s\src\hotspot\share\prims\jni.cpp, line 516]
Event: 6.763 Thread 0x0000023c58aa8c20 Exception <a 'sun/nio/fs/WindowsException'{0x0000000088069578}> (0x0000000088069578) 
thrown [s\src\hotspot\share\prims\jni.cpp, line 516]
Event: 6.763 Thread 0x0000023c58aa8c20 Exception <a 'sun/nio/fs/WindowsException'{0x0000000088069fb0}> (0x0000000088069fb0) 
thrown [s\src\hotspot\share\prims\jni.cpp, line 516]
Event: 6.763 Thread 0x0000023c58aa8c20 Exception <a 'sun/nio/fs/WindowsException'{0x000000008806a3a0}> (0x000000008806a3a0) 
thrown [s\src\hotspot\share\prims\jni.cpp, line 516]
Event: 6.765 Thread 0x0000023c58aa8c20 Exception <a 'sun/nio/fs/WindowsException'{0x000000008806add0}> (0x000000008806add0) 
thrown [s\src\hotspot\share\prims\jni.cpp, line 516]
Event: 6.765 Thread 0x0000023c58aa8c20 Exception <a 'sun/nio/fs/WindowsException'{0x000000008806b1c0}> (0x000000008806b1c0) 
thrown [s\src\hotspot\share\prims\jni.cpp, line 516]
Event: 8.469 Thread 0x0000023c5852a5a0 Exception <a 'java/lang/NoSuchMethodError'{0x0000000086ce6c28}: 'java.lang.Object java.lang.invoke.Invokers$Holder.invoke_MT(java.lang.Object, java.lang.Object, java.lang.Object)'> (0x0000000086ce6c28) 
thrown [s\src\hotspot\share\interpreter\linkResolver.cpp, line 759]
Event: 8.620 Thread 0x0000023c5852a5a0 Exception <a 'java/lang/NoSuchMethodError'{0x00000000882fac98}: 'java.lang.Object java.lang.invoke.DirectMethodHandle$Holder.newInvokeSpecial(java.lang.Object, java.lang.Object, int)'> (0x00000000882fac98) 
thrown [s\src\hotspot\share\interpreter\linkResolver.cpp, line 759]
Event: 8.688 Thread 0x0000023c58aaa430 Exception <a 'sun/nio/fs/WindowsException'{0x0000000089dde628}> (0x0000000089dde628) 
thrown [s\src\hotspot\share\prims\jni.cpp, line 516]
Event: 8.817 Thread 0x0000023c58aaa430 Exception <a 'sun/nio/fs/WindowsException'{0x0000000089df9c88}> (0x0000000089df9c88) 
thrown [s\src\hotspot\share\prims\jni.cpp, line 516]
Event: 8.817 Thread 0x0000023c58aaa430 Exception <a 'sun/nio/fs/WindowsException'{0x0000000089dfa658}> (0x0000000089dfa658) 
thrown [s\src\hotspot\share\prims\jni.cpp, line 516]
Event: 8.818 Thread 0x0000023c58aaa430 Exception <a 'sun/nio/fs/WindowsException'{0x0000000089dfafd8}> (0x0000000089dfafd8) 
thrown [s\src\hotspot\share\prims\jni.cpp, line 516]
Event: 8.818 Thread 0x0000023c58aaa430 Exception <a 'sun/nio/fs/WindowsException'{0x0000000089dfba78}> (0x0000000089dfba78) 
thrown [s\src\hotspot\share\prims\jni.cpp, line 516]
Event: 8.819 Thread 0x0000023c58aaa430 Exception <a 'sun/nio/fs/WindowsException'{0x0000000089dfc580}> (0x0000000089dfc580) 
thrown [s\src\hotspot\share\prims\jni.cpp, line 516]

VM Operations (20 events):
Event: 8.451 Executing VM operation: HandshakeAllThreads done
Event: 8.526 Executing VM operation: HandshakeAllThreads
Event: 8.526 Executing VM operation: HandshakeAllThreads done
Event: 8.562 Executing VM operation: G1CollectForAllocation
Event: 8.573 Executing VM operation: G1CollectForAllocation done
Event: 8.582 Executing VM operation: G1CollectForAllocation
Event: 8.587 Executing VM operation: G1CollectForAllocation done
Event: 8.639 Executing VM operation: G1TryInitiateConcMark
Event: 8.651 Executing VM operation: G1TryInitiateConcMark done
Event: 8.754 Executing VM operation: G1Concurrent
Event: 8.757 Executing VM operation: G1Concurrent done
Event: 8.813 Executing VM operation: G1Concurrent
Event: 8.814 Executing VM operation: G1Concurrent done
Event: 8.903 Executing VM operation: G1CollectForAllocation
Event: 8.923 Executing VM operation: G1CollectForAllocation done
Event: 8.928 Executing VM operation: G1CollectForAllocation
Event: 8.928 Executing VM operation: G1CollectForAllocation done
Event: 8.928 Executing VM operation: G1CollectForAllocation
Event: 8.933 Executing VM operation: G1CollectForAllocation done
Event: 8.971 Executing VM operation: G1CollectForAllocation

Events (20 events):
Event: 8.577 loading class java/nio/channels/Channels$ReadableByteChannelImpl
Event: 8.578 loading class java/nio/channels/Channels$ReadableByteChannelImpl done
Event: 8.578 loading class java/nio/channels/NonWritableChannelException
Event: 8.578 loading class java/nio/channels/NonWritableChannelException done
Event: 8.616 loading class java/util/WeakHashMap$EntrySet
Event: 8.617 loading class java/util/WeakHashMap$EntrySet done
Event: 8.617 loading class java/util/WeakHashMap$EntryIterator
Event: 8.617 loading class java/util/WeakHashMap$HashIterator
Event: 8.617 loading class java/util/WeakHashMap$HashIterator done
Event: 8.617 loading class java/util/WeakHashMap$EntryIterator done
Event: 8.622 Thread 0x0000023c58aaa430 Thread added: 0x0000023c58aaa430
Event: 8.623 Thread 0x0000023c58aaf130 Thread added: 0x0000023c58aaf130
Event: 8.625 Thread 0x0000023c58aacf80 Thread added: 0x0000023c58aacf80
Event: 8.675 loading class sun/security/provider/MD5
Event: 8.675 loading class sun/security/provider/MD5 done
Event: 8.675 loading class sun/security/provider/ByteArrayAccess$LE
Event: 8.675 loading class sun/security/provider/ByteArrayAccess$LE done
Event: 8.814 Thread 0x0000023c58aafad0 Thread added: 0x0000023c58aafad0
Event: 8.941 loading class sun/util/ResourceBundleEnumeration
Event: 8.941 loading class sun/util/ResourceBundleEnumeration done


Dynamic libraries:
0x00007ff7b27c0000 - 0x00007ff7b27ce000 	c:\Users\Alexis\.vscode\extensions\redhat.java-1.13.0-win32-x64\jre\17.0.5-win32-x86_64\bin\java.exe
0x00007ffe71b30000 - 0x00007ffe71d28000 	C:\WINDOWS\SYSTEM32\ntdll.dll
0x00007ffe70fe0000 - 0x00007ffe7109f000 	C:\WINDOWS\System32\KERNEL32.DLL
0x00007ffe6f680000 - 0x00007ffe6f952000 	C:\WINDOWS\System32\KERNELBASE.dll
0x00007ffe6f3f0000 - 0x00007ffe6f4f0000 	C:\WINDOWS\System32\ucrtbase.dll
0x00007ffe66f00000 - 0x00007ffe66f19000 	c:\Users\Alexis\.vscode\extensions\redhat.java-1.13.0-win32-x64\jre\17.0.5-win32-x86_64\bin\VCRUNTIME140.dll
0x00007ffe66f20000 - 0x00007ffe66f37000 	c:\Users\Alexis\.vscode\extensions\redhat.java-1.13.0-win32-x64\jre\17.0.5-win32-x86_64\bin\jli.dll
0x00007ffe70b10000 - 0x00007ffe70cb1000 	C:\WINDOWS\System32\USER32.dll
0x00007ffe6f960000 - 0x00007ffe6f982000 	C:\WINDOWS\System32\win32u.dll
0x00007ffe64b10000 - 0x00007ffe64daa000 	C:\WINDOWS\WinSxS\amd64_microsoft.windows.common-controls_6595b64144ccf1df_6.0.19041.1110_none_60b5254171f9507e\COMCTL32.dll
0x00007ffe70020000 - 0x00007ffe7004b000 	C:\WINDOWS\System32\GDI32.dll
0x00007ffe6fa60000 - 0x00007ffe6fb6f000 	C:\WINDOWS\System32\gdi32full.dll
0x00007ffe6f9c0000 - 0x00007ffe6fa5d000 	C:\WINDOWS\System32\msvcp_win.dll
0x00007ffe71510000 - 0x00007ffe715ae000 	C:\WINDOWS\System32\msvcrt.dll
0x00007ffe717a0000 - 0x00007ffe717d2000 	C:\WINDOWS\System32\IMM32.DLL
0x00007ffe6a3c0000 - 0x00007ffe6a3cc000 	c:\Users\Alexis\.vscode\extensions\redhat.java-1.13.0-win32-x64\jre\17.0.5-win32-x86_64\bin\vcruntime140_1.dll
0x00007ffe10520000 - 0x00007ffe105b1000 	c:\Users\Alexis\.vscode\extensions\redhat.java-1.13.0-win32-x64\jre\17.0.5-win32-x86_64\bin\msvcp140.dll
0x00007ffe0c320000 - 0x00007ffe0cf64000 	c:\Users\Alexis\.vscode\extensions\redhat.java-1.13.0-win32-x64\jre\17.0.5-win32-x86_64\bin\server\jvm.dll
0x00007ffe71a40000 - 0x00007ffe71aee000 	C:\WINDOWS\System32\ADVAPI32.dll
0x00007ffe709e0000 - 0x00007ffe70a7c000 	C:\WINDOWS\System32\sechost.dll
0x00007ffe71610000 - 0x00007ffe71735000 	C:\WINDOWS\System32\RPCRT4.dll
0x00007ffe69d50000 - 0x00007ffe69d59000 	C:\WINDOWS\SYSTEM32\WSOCK32.dll
0x00007ffe70aa0000 - 0x00007ffe70b0b000 	C:\WINDOWS\System32\WS2_32.dll
0x00007ffe66330000 - 0x00007ffe66357000 	C:\WINDOWS\SYSTEM32\WINMM.dll
0x00007ffe66590000 - 0x00007ffe6659a000 	C:\WINDOWS\SYSTEM32\VERSION.dll
0x00007ffe6d0e0000 - 0x00007ffe6d0f2000 	C:\WINDOWS\SYSTEM32\kernel.appcore.dll
0x00007ffe69630000 - 0x00007ffe6963a000 	c:\Users\Alexis\.vscode\extensions\redhat.java-1.13.0-win32-x64\jre\17.0.5-win32-x86_64\bin\jimage.dll
0x00007ffe533a0000 - 0x00007ffe53584000 	C:\WINDOWS\SYSTEM32\DBGHELP.DLL
0x00007ffe53650000 - 0x00007ffe53685000 	C:\WINDOWS\SYSTEM32\dbgcore.DLL
0x00007ffe6f4f0000 - 0x00007ffe6f572000 	C:\WINDOWS\System32\bcryptPrimitives.dll
0x00007ffe62860000 - 0x00007ffe62885000 	c:\Users\Alexis\.vscode\extensions\redhat.java-1.13.0-win32-x64\jre\17.0.5-win32-x86_64\bin\java.dll
0x00007ffe66ee0000 - 0x00007ffe66ef8000 	c:\Users\Alexis\.vscode\extensions\redhat.java-1.13.0-win32-x64\jre\17.0.5-win32-x86_64\bin\zip.dll
0x00007ffe70050000 - 0x00007ffe70794000 	C:\WINDOWS\System32\SHELL32.dll
0x00007ffe6d2e0000 - 0x00007ffe6da72000 	C:\WINDOWS\SYSTEM32\windows.storage.dll
0x00007ffe6fcc0000 - 0x00007ffe70015000 	C:\WINDOWS\System32\combase.dll
0x00007ffe6ec80000 - 0x00007ffe6ecb0000 	C:\WINDOWS\SYSTEM32\Wldp.dll
0x00007ffe70de0000 - 0x00007ffe70e8d000 	C:\WINDOWS\System32\SHCORE.dll
0x00007ffe71740000 - 0x00007ffe71795000 	C:\WINDOWS\System32\shlwapi.dll
0x00007ffe6f160000 - 0x00007ffe6f17f000 	C:\WINDOWS\SYSTEM32\profapi.dll
0x00007ffe62840000 - 0x00007ffe62859000 	C:\Users\Alexis\.vscode\extensions\redhat.java-1.13.0-win32-x64\jre\17.0.5-win32-x86_64\bin\net.dll
0x00007ffe666f0000 - 0x00007ffe667fc000 	C:\WINDOWS\SYSTEM32\WINHTTP.dll
0x00007ffe6e9e0000 - 0x00007ffe6ea4a000 	C:\WINDOWS\system32\mswsock.dll
0x00007ffe62740000 - 0x00007ffe62755000 	C:\Users\Alexis\.vscode\extensions\redhat.java-1.13.0-win32-x64\jre\17.0.5-win32-x86_64\bin\nio.dll
0x00007ffe62830000 - 0x00007ffe62840000 	c:\Users\Alexis\.vscode\extensions\redhat.java-1.13.0-win32-x64\jre\17.0.5-win32-x86_64\bin\verify.dll
0x00007ffe6ebe0000 - 0x00007ffe6ebf8000 	C:\WINDOWS\SYSTEM32\CRYPTSP.dll
0x00007ffe6e290000 - 0x00007ffe6e2c4000 	C:\WINDOWS\system32\rsaenh.dll
0x00007ffe6f990000 - 0x00007ffe6f9b7000 	C:\WINDOWS\System32\bcrypt.dll
0x00007ffe6f120000 - 0x00007ffe6f14e000 	C:\WINDOWS\SYSTEM32\USERENV.dll
0x00007ffe6ebd0000 - 0x00007ffe6ebdc000 	C:\WINDOWS\SYSTEM32\CRYPTBASE.dll
0x00007ffe6e680000 - 0x00007ffe6e6bb000 	C:\WINDOWS\SYSTEM32\IPHLPAPI.DLL
0x00007ffe6fb70000 - 0x00007ffe6fb78000 	C:\WINDOWS\System32\NSI.dll
0x00007ffe669e0000 - 0x00007ffe669f7000 	C:\WINDOWS\SYSTEM32\dhcpcsvc6.DLL
0x00007ffe66c20000 - 0x00007ffe66c3d000 	C:\WINDOWS\SYSTEM32\dhcpcsvc.DLL
0x00007ffe6e6c0000 - 0x00007ffe6e78a000 	C:\WINDOWS\SYSTEM32\DNSAPI.dll
0x00007ffe6b090000 - 0x00007ffe6b099000 	C:\Users\Alexis\.vscode\extensions\redhat.java-1.13.0-win32-x64\jre\17.0.5-win32-x86_64\bin\management.dll
0x00007ffe6b020000 - 0x00007ffe6b02b000 	C:\Users\Alexis\.vscode\extensions\redhat.java-1.13.0-win32-x64\jre\17.0.5-win32-x86_64\bin\management_ext.dll
0x00007ffe70a80000 - 0x00007ffe70a88000 	C:\WINDOWS\System32\PSAPI.DLL

dbghelp: loaded successfully - version: 4.0.5 - missing functions: none
symbol engine: initialized successfully - sym options: 0x614 - pdb path: .;c:\Users\Alexis\.vscode\extensions\redhat.java-1.13.0-win32-x64\jre\17.0.5-win32-x86_64\bin;C:\WINDOWS\SYSTEM32;C:\WINDOWS\WinSxS\amd64_microsoft.windows.common-controls_6595b64144ccf1df_6.0.19041.1110_none_60b5254171f9507e;c:\Users\Alexis\.vscode\extensions\redhat.java-1.13.0-win32-x64\jre\17.0.5-win32-x86_64\bin\server

VM Arguments:
jvm_args: -Dsts.lsp.client=vscode -Dsts.log.file=/dev/null -XX:TieredStopAtLevel=1 -Xlog:jni+resolve=off -Dspring.config.location=file:c:\Users\Alexis\.vscode\extensions\pivotal.vscode-spring-boot-1.43.0\language-server\BOOT-INF\classes\application.properties 
java_command: org.springframework.ide.vscode.boot.app.BootLanguageServerBootApp
java_class_path (initial): c:\Users\Alexis\.vscode\extensions\pivotal.vscode-spring-boot-1.43.0\language-server\BOOT-INF\classes;c:\Users\Alexis\.vscode\extensions\pivotal.vscode-spring-boot-1.43.0\language-server\BOOT-INF\lib\annotations-23.1.0.jar;c:\Users\Alexis\.vscode\extensions\pivotal.vscode-spring-boot-1.43.0\language-server\BOOT-INF\lib\ant-1.10.12.jar;c:\Users\Alexis\.vscode\extensions\pivotal.vscode-spring-boot-1.43.0\language-server\BOOT-INF\lib\ant-launcher-1.10.12.jar;c:\Users\Alexis\.vscode\extensions\pivotal.vscode-spring-boot-1.43.0\language-server\BOOT-INF\lib\antlr-runtime-3.5.2.jar;c:\Users\Alexis\.vscode\extensions\pivotal.vscode-spring-boot-1.43.0\language-server\BOOT-INF\lib\antlr4-4.9.3.jar;c:\Users\Alexis\.vscode\extensions\pivotal.vscode-spring-boot-1.43.0\language-server\BOOT-INF\lib\antlr4-runtime-4.9.3.jar;c:\Users\Alexis\.vscode\extensions\pivotal.vscode-spring-boot-1.43.0\language-server\BOOT-INF\lib\apiguardian-api-1.1.2.jar;c:\Users\Alexis\.vscode\extensions\pivotal.vscode-spring-boot-1.43.0\language-server\BOOT-INF\lib\asm-9.4.jar;c:\Users\Alexis\.vscode\extensions\pivotal.vscode-spring-boot-1.43.0\language-server\BOOT-INF\lib\asm-analysis-9.4.jar;c:\Users\Alexis\.vscode\extensions\pivotal.vscode-spring-boot-1.43.0\language-server\BOOT-INF\lib\asm-tree-9.4.jar;c:\Users\Alexis\.vscode\extensions\pivotal.vscode-spring-boot-1.43.0\language-server\BOOT-INF\lib\asm-util-9.4.jar;c:\Users\Alexis\.vscode\extensions\pivotal.vscode-spring-boot-1.43.0\language-server\BOOT-INF\lib\caffeine-3.1.2.jar;c:\Users\Alexis\.vscode\extensions\pivotal.vscode-spring-boot-1.43.0\language-server\BOOT-INF\lib\checker-qual-3.12.0.jar;c:\Users\Alexis\.vscode\extensions\pivotal.vscode-spring-boot-1.43.0\language-server\BOOT-INF\lib\ci-environment-9.1.0.jar;c:\Users\Alexis\.vscode\extensions\pivotal.vscode-spring-boot-1.43.0\language-server\BOOT-INF\lib\classgraph-4.8.149.jar;c:\Users\Alexis\.vscode\extensions\pivotal.vscode-spring-boot-1.43.0\language-server\
Launcher Type: SUN_STANDARD

[Global flags]
     intx CICompilerCount                          = 3                                         {product} {ergonomic}
     uint ConcGCThreads                            = 1                                         {product} {ergonomic}
     uint G1ConcRefinementThreads                  = 4                                         {product} {ergonomic}
   size_t G1HeapRegionSize                         = 1048576                                   {product} {ergonomic}
    uintx GCDrainStackTargetSize                   = 64                                        {product} {ergonomic}
   size_t InitialHeapSize                          = 132120576                                 {product} {ergonomic}
   size_t MarkStackSize                            = 4194304                                   {product} {ergonomic}
   size_t MaxHeapSize                              = 2113929216                                {product} {ergonomic}
   size_t MaxNewSize                               = 1267728384                                {product} {ergonomic}
   size_t MinHeapDeltaBytes                        = 1048576                                   {product} {ergonomic}
   size_t MinHeapSize                              = 8388608                                   {product} {ergonomic}
    uintx NonProfiledCodeHeapSize                  = 0                                      {pd product} {ergonomic}
     bool ProfileInterpreter                       = false                                  {pd product} {command line}
    uintx ProfiledCodeHeapSize                     = 0                                      {pd product} {ergonomic}
   size_t SoftMaxHeapSize                          = 2113929216                             {manageable} {ergonomic}
     intx TieredStopAtLevel                        = 1                                         {product} {command line}
     bool UseCompressedClassPointers               = true                           {product lp64_product} {ergonomic}
     bool UseCompressedOops                        = true                           {product lp64_product} {ergonomic}
     bool UseG1GC                                  = true                                      {product} {ergonomic}
     bool UseLargePagesIndividualAllocation        = false                                  {pd product} {ergonomic}

Logging:
Log output configuration:
 #0: stdout all=warning,jni+resolve=off uptime,level,tags
 #1: stderr all=off uptime,level,tags

Environment Variables:
JAVA_HOME=C:\Program Files\Java\jdk-17.0.5
PATH=C:\Program Files\Java\jdk-17.0.5\bin;C:\Program Files\Java\jdk-19\bin;C:\apache-maven-3.8.6\bin;C:\Program Files\Common Files\Oracle\Java\javapath;C:\Program Files\Eclipse Adoptium\jdk-17.0.5.8-hotspot\bin;C:\Program Files (x86)\Common Files\Oracle\Java\javapath;C:\WINDOWS\system32;C:\WINDOWS;C:\WINDOWS\System32\Wbem;C:\WINDOWS\System32\WindowsPowerShell\v1.0\;C:\WINDOWS\System32\OpenSSH\;C:\Program Files\Git\cmd;C:\Program Files\Java\jdk-17.0.5;C:\Program Files\Java\jdk1.8.0_231\bin;C:\Users\Alexis\AppData\Local\Microsoft\WindowsApps;C:\Users\Alexis\AppData\Local\atom\bin;C:\Users\Alexis\AppData\Local\Programs\Microsoft VS Code\bin;C:\Users\Alexis\AppData\Local\GitHubDesktop\bin;
USERNAME=Alexis
OS=Windows_NT
PROCESSOR_IDENTIFIER=Intel64 Family 6 Model 142 Stepping 9, GenuineIntel
TMP=C:\Users\Alexis\AppData\Local\Temp
TEMP=C:\Users\Alexis\AppData\Local\Temp



---------------  S Y S T E M  ---------------

OS:
 Windows 10 , 64 bit Build 19041 (10.0.19041.2364)
OS uptime: 2 days 13:07 hours

CPU: total 4 (initial active 4) (2 cores per cpu, 2 threads per core) family 6 model 142 stepping 9 microcode 0xb4, cx8, cmov, fxsr, ht, mmx, 3dnowpref, sse, sse2, sse3, ssse3, sse4.1, sse4.2, popcnt, lzcnt, tsc, tscinvbit, avx, avx2, aes, erms, clmul, bmi1, bmi2, adx, fma, vzeroupper, clflush, clflushopt

Memory: 4k page, system-wide physical 8060M (577M free)
TotalPageFile size 18613M (AvailPageFile size 29M)
current process WorkingSet (physical memory assigned to process): 211M, peak: 211M
current process commit charge ("private bytes"): 264M, peak: 425M

vm_info: OpenJDK 64-Bit Server VM (17.0.5+8) for windows-amd64 JRE (17.0.5+8), built on Oct 19 2022 04:48:13 by "temurin" with MS VC++ 16.7 (VS2019)

END.
