#
# There is insufficient memory for the Java Runtime Environment to continue.
# Native memory allocation (mmap) failed to map 167772160 bytes for G1 virtual space
# Possible reasons:
#   The system is out of physical RAM or swap space
#   The process is running with CompressedOops enabled, and the Java Heap may be blocking the growth of the native heap
# Possible solutions:
#   Reduce memory load on the system
#   Increase physical memory or swap space
#   Check if swap backing store is full
#   Decrease Java heap size (-Xmx/-Xms)
#   Decrease number of Java threads
#   Decrease Java thread stack sizes (-Xss)
#   Set larger code cache with -XX:ReservedCodeCacheSize=
#   JVM is running with Unscaled Compressed Oops mode in which the Java heap is
#     placed in the first 4GB address space. The Java Heap base address is the
#     maximum limit for the native heap growth. Please use -XX:HeapBaseMinAddress
#     to set the Java Heap base and to place the Java Heap above 4GB virtual address.
# This output file may be truncated or incomplete.
#
#  Out of Memory Error (os_windows.cpp:3548), pid=5960, tid=7812
#
# JRE version: OpenJDK Runtime Environment Temurin-17.0.5+8 (17.0.5+8) (build 17.0.5+8)
# Java VM: OpenJDK 64-Bit Server VM Temurin-17.0.5+8 (17.0.5+8, mixed mode, emulated-client, tiered, compressed oops, compressed class ptrs, g1 gc, windows-amd64)
# No core dump will be written. Minidumps are not enabled by default on client versions of Windows
#

---------------  S U M M A R Y ------------

Command Line: -Dsts.lsp.client=vscode -Dsts.log.file=/dev/null -XX:TieredStopAtLevel=1 -Xlog:jni+resolve=off -Dspring.config.location=file:c:\Users\Alexis\.vscode\extensions\pivotal.vscode-spring-boot-1.43.0\language-server\BOOT-INF\classes\application.properties org.springframework.ide.vscode.boot.app.BootLanguageServerBootApp

Host: Intel(R) Core(TM) i7-7500U CPU @ 2.70GHz, 4 cores, 7G,  Windows 10 , 64 bit Build 19041 (10.0.19041.2364)
Time: Tue Jan  3 19:01:08 2023 Hora estándar de Argentina elapsed time: 6.801947 seconds (0d 0h 0m 6s)

---------------  T H R E A D  ---------------

Current thread (0x00000191dbfde680):  VMThread "VM Thread" [stack: 0x0000000a04900000,0x0000000a04a00000] [id=7812]

Stack: [0x0000000a04900000,0x0000000a04a00000]
Native frames: (J=compiled Java code, j=interpreted, Vv=VM code, C=native code)
V  [jvm.dll+0x676b3a]
V  [jvm.dll+0x831444]
V  [jvm.dll+0x832bee]
V  [jvm.dll+0x833253]
V  [jvm.dll+0x244ce5]
V  [jvm.dll+0x673a49]
V  [jvm.dll+0x66811a]
V  [jvm.dll+0x303ceb]
V  [jvm.dll+0x30b1e6]
V  [jvm.dll+0x35adbe]
V  [jvm.dll+0x35afef]
V  [jvm.dll+0x2dab88]
V  [jvm.dll+0x2d8e3c]
V  [jvm.dll+0x2d840c]
V  [jvm.dll+0x31c31b]
V  [jvm.dll+0x8376fb]
V  [jvm.dll+0x838434]
V  [jvm.dll+0x83894c]
V  [jvm.dll+0x838d24]
V  [jvm.dll+0x838df0]
V  [jvm.dll+0x7e17ea]
V  [jvm.dll+0x6759e5]
C  [ucrtbase.dll+0x21bb2]
C  [KERNEL32.DLL+0x17614]
C  [ntdll.dll+0x526a1]

VM_Operation (0x0000000a068fe580): G1CollectForAllocation, mode: safepoint, requested by thread 0x00000191ddfb2580


---------------  P R O C E S S  ---------------

Threads class SMR info:
_java_thread_list=0x00000191de6b4fc0, length=39, elements={
0x00000191dbff8740, 0x00000191dbff94c0, 0x00000191dc01cc10, 0x00000191dc01f4e0,
0x00000191dc01fda0, 0x00000191dc020660, 0x00000191dcc1c020, 0x00000191dcc38150,
0x00000191dce02500, 0x00000191dce0e210, 0x00000191dce20920, 0x00000191dd7aa500,
0x00000191dde89a90, 0x00000191de093020, 0x00000191de025870, 0x00000191cf5c25a0,
0x00000191de152880, 0x00000191dddab140, 0x00000191dddab610, 0x00000191de24b430,
0x00000191de24b900, 0x00000191ddfb2a50, 0x00000191ddfb1be0, 0x00000191ddfb20b0,
0x00000191ddfaf560, 0x00000191ddfb1710, 0x00000191ddfb03d0, 0x00000191ddfb2580,
0x00000191ddfaf090, 0x00000191ddfaff00, 0x00000191ddfafa30, 0x00000191ddfb08a0,
0x00000191ddfb0d70, 0x00000191ddfb1240, 0x00000191de3f3a10, 0x00000191de3f4880,
0x00000191de3f3ee0, 0x00000191de3f3540, 0x00000191de3f5bc0
}

Java Threads: ( => current thread )
  0x00000191dbff8740 JavaThread "Reference Handler" daemon [_thread_blocked, id=18032, stack(0x0000000a04a00000,0x0000000a04b00000)]
  0x00000191dbff94c0 JavaThread "Finalizer" daemon [_thread_blocked, id=5596, stack(0x0000000a04b00000,0x0000000a04c00000)]
  0x00000191dc01cc10 JavaThread "Signal Dispatcher" daemon [_thread_blocked, id=7752, stack(0x0000000a04c00000,0x0000000a04d00000)]
  0x00000191dc01f4e0 JavaThread "Attach Listener" daemon [_thread_blocked, id=6528, stack(0x0000000a04d00000,0x0000000a04e00000)]
  0x00000191dc01fda0 JavaThread "Service Thread" daemon [_thread_blocked, id=18080, stack(0x0000000a04e00000,0x0000000a04f00000)]
  0x00000191dc020660 JavaThread "Monitor Deflation Thread" daemon [_thread_blocked, id=3908, stack(0x0000000a04f00000,0x0000000a05000000)]
  0x00000191dcc1c020 JavaThread "C1 CompilerThread0" daemon [_thread_blocked, id=2948, stack(0x0000000a05000000,0x0000000a05100000)]
  0x00000191dcc38150 JavaThread "Sweeper thread" daemon [_thread_blocked, id=5868, stack(0x0000000a05100000,0x0000000a05200000)]
  0x00000191dce02500 JavaThread "C1 CompilerThread1" daemon [_thread_blocked, id=17952, stack(0x0000000a05200000,0x0000000a05300000)]
  0x00000191dce0e210 JavaThread "Notification Thread" daemon [_thread_blocked, id=9568, stack(0x0000000a05300000,0x0000000a05400000)]
  0x00000191dce20920 JavaThread "Common-Cleaner" daemon [_thread_blocked, id=7160, stack(0x0000000a05500000,0x0000000a05600000)]
  0x00000191dd7aa500 JavaThread "C1 CompilerThread2" daemon [_thread_blocked, id=9432, stack(0x0000000a05800000,0x0000000a05900000)]
  0x00000191dde89a90 JavaThread "boundedElastic-evictor-1" daemon [_thread_blocked, id=14688, stack(0x0000000a05a00000,0x0000000a05b00000)]
  0x00000191de093020 JavaThread "pool-11-thread-1" [_thread_blocked, id=13692, stack(0x0000000a05b00000,0x0000000a05c00000)]
  0x00000191de025870 JavaThread "LanguageServerApp-lifecycle" [_thread_blocked, id=13984, stack(0x0000000a05c00000,0x0000000a05d00000)]
  0x00000191cf5c25a0 JavaThread "DestroyJavaVM" [_thread_blocked, id=5612, stack(0x0000000a04300000,0x0000000a04400000)]
  0x00000191de152880 JavaThread "pool-12-thread-1" [_thread_in_native, id=14984, stack(0x0000000a05d00000,0x0000000a05e00000)]
  0x00000191dddab140 JavaThread "Simple-Language-Server main thread" daemon [_thread_blocked, id=3168, stack(0x0000000a05e00000,0x0000000a05f00000)]
  0x00000191dddab610 JavaThread "pool-8-thread-1" [_thread_blocked, id=3132, stack(0x0000000a05f00000,0x0000000a06000000)]
  0x00000191de24b430 JavaThread "parallel-1" daemon [_thread_blocked, id=17464, stack(0x0000000a06000000,0x0000000a06100000)]
  0x00000191de24b900 JavaThread "parallel-2" daemon [_thread_blocked, id=16936, stack(0x0000000a06100000,0x0000000a06200000)]
  0x00000191ddfb2a50 JavaThread "ForkJoinPool.commonPool-worker-1" daemon [_thread_blocked, id=1628, stack(0x0000000a06200000,0x0000000a06300000)]
  0x00000191ddfb1be0 JavaThread "pool-5-thread-1" [_thread_blocked, id=5040, stack(0x0000000a06300000,0x0000000a06400000)]
  0x00000191ddfb20b0 JavaThread "ForkJoinPool.commonPool-worker-2" daemon [_thread_blocked, id=11604, stack(0x0000000a06400000,0x0000000a06500000)]
  0x00000191ddfaf560 JavaThread "pool-5-thread-2" [_thread_blocked, id=13920, stack(0x0000000a06500000,0x0000000a06600000)]
  0x00000191ddfb1710 JavaThread "parallel-3" daemon [_thread_blocked, id=16028, stack(0x0000000a06600000,0x0000000a06700000)]
  0x00000191ddfb03d0 JavaThread "ClassGraph-worker-0" daemon [_thread_blocked, id=14456, stack(0x0000000a06700000,0x0000000a06800000)]
  0x00000191ddfb2580 JavaThread "ClassGraph-worker-1" daemon [_thread_blocked, id=14200, stack(0x0000000a06800000,0x0000000a06900000)]
  0x00000191ddfaf090 JavaThread "ClassGraph-worker-2" daemon [_thread_blocked, id=16844, stack(0x0000000a06900000,0x0000000a06a00000)]
  0x00000191ddfaff00 JavaThread "ClassGraph-worker-3" daemon [_thread_blocked, id=16920, stack(0x0000000a06a00000,0x0000000a06b00000)]
  0x00000191ddfafa30 JavaThread "ClassGraph-worker-4" daemon [_thread_blocked, id=17736, stack(0x0000000a06b00000,0x0000000a06c00000)]
  0x00000191ddfb08a0 JavaThread "ClassGraph-worker-5" daemon [_thread_blocked, id=3032, stack(0x0000000a06c00000,0x0000000a06d00000)]
  0x00000191ddfb0d70 JavaThread "ClassGraph-worker-6" daemon [_thread_blocked, id=12980, stack(0x0000000a06d00000,0x0000000a06e00000)]
  0x00000191ddfb1240 JavaThread "ClassGraph-worker-7" daemon [_thread_blocked, id=14636, stack(0x0000000a06e00000,0x0000000a06f00000)]
  0x00000191de3f3a10 JavaThread "Reconciler-1" daemon [_thread_blocked, id=8052, stack(0x0000000a06f00000,0x0000000a07000000)]
  0x00000191de3f4880 JavaThread "pool-6-thread-1" [_thread_blocked, id=9580, stack(0x0000000a07000000,0x0000000a07100000)]
  0x00000191de3f3ee0 JavaThread "pool-10-thread-1" [_thread_blocked, id=8220, stack(0x0000000a07100000,0x0000000a07200000)]
  0x00000191de3f3540 JavaThread "parallel-4" daemon [_thread_blocked, id=17908, stack(0x0000000a07200000,0x0000000a07300000)]
  0x00000191de3f5bc0 JavaThread "pool-10-thread-2" [_thread_blocked, id=6856, stack(0x0000000a07300000,0x0000000a07400000)]

Other Threads:
=>0x00000191dbfde680 VMThread "VM Thread" [stack: 0x0000000a04900000,0x0000000a04a00000] [id=7812]
  0x00000191dce14700 WatcherThread [stack: 0x0000000a05400000,0x0000000a05500000] [id=17936]
  0x00000191cf6212a0 GCTaskThread "GC Thread#0" [stack: 0x0000000a04400000,0x0000000a04500000] [id=13264]
  0x00000191dd5ca990 GCTaskThread "GC Thread#1" [stack: 0x0000000a05600000,0x0000000a05700000] [id=13060]
  0x00000191dd5cac40 GCTaskThread "GC Thread#2" [stack: 0x0000000a05700000,0x0000000a05800000] [id=8148]
  0x00000191dd7ce560 GCTaskThread "GC Thread#3" [stack: 0x0000000a05900000,0x0000000a05a00000] [id=13572]
  0x00000191cf631cf0 ConcurrentGCThread "G1 Main Marker" [stack: 0x0000000a04500000,0x0000000a04600000] [id=6412]
  0x00000191cf632620 ConcurrentGCThread "G1 Conc#0" [stack: 0x0000000a04600000,0x0000000a04700000] [id=9376]
  0x00000191cf6865a0 ConcurrentGCThread "G1 Refine#0" [stack: 0x0000000a04700000,0x0000000a04800000] [id=936]
  0x00000191e10d00d0 ConcurrentGCThread "G1 Refine#1" [stack: 0x0000000a07400000,0x0000000a07500000] [id=18004]
  0x00000191e1038020 ConcurrentGCThread "G1 Refine#2" [stack: 0x0000000a07500000,0x0000000a07600000] [id=15352]
  0x00000191dbe520b0 ConcurrentGCThread "G1 Service" [stack: 0x0000000a04800000,0x0000000a04900000] [id=16412]

Threads with active compile tasks:

VM state: at safepoint (normal execution)

VM Mutex/Monitor currently owned by a thread:  ([mutex/lock_event])
[0x00000191cd3bc5f0] Threads_lock - owner thread: 0x00000191dbfde680
[0x00000191cd47daf0] Heap_lock - owner thread: 0x00000191ddfb2580

Heap address: 0x0000000082000000, size: 2016 MB, Compressed Oops mode: 32-bit

CDS archive(s) not mapped
Compressed class space mapped at: 0x0000000100000000-0x0000000140000000, reserved size: 1073741824
Narrow klass base: 0x0000000000000000, Narrow klass shift: 3, Narrow klass range: 0x140000000

GC Precious Log:
 CPUs: 4 total, 4 available
 Memory: 8060M
 Large Page Support: Disabled
 NUMA Support: Disabled
 Compressed Oops: Enabled (32-bit)
 Heap Region Size: 1M
 Heap Min Capacity: 8M
 Heap Initial Capacity: 126M
 Heap Max Capacity: 2016M
 Pre-touch: Disabled
 Parallel Workers: 4
 Concurrent Workers: 1
 Concurrent Refinement Workers: 4
 Periodic GC: Disabled

Heap:
 garbage-first heap   total 144384K, used 75768K [0x0000000082000000, 0x0000000100000000)
  region size 1024K, 5 young (5120K), 5 survivors (5120K)
 Metaspace       used 42339K, committed 42688K, reserved 1089536K
  class space    used 5293K, committed 5440K, reserved 1048576K

Heap Regions: E=young(eden), S=young(survivor), O=old, HS=humongous(starts), HC=humongous(continues), CS=collection set, F=free, OA=open archive, CA=closed archive, TAMS=top-at-mark-start (previous, next)
|   0|0x0000000082000000, 0x0000000082100000, 0x0000000082100000|100%| O|  |TAMS 0x0000000082100000, 0x0000000082100000| Untracked 
|   1|0x0000000082100000, 0x0000000082200000, 0x0000000082200000|100%| O|  |TAMS 0x0000000082200000, 0x0000000082200000| Untracked 
|   2|0x0000000082200000, 0x0000000082300000, 0x0000000082300000|100%| O|  |TAMS 0x0000000082300000, 0x0000000082300000| Untracked 
|   3|0x0000000082300000, 0x0000000082400000, 0x0000000082400000|100%| O|  |TAMS 0x0000000082400000, 0x0000000082400000| Untracked 
|   4|0x0000000082400000, 0x0000000082500000, 0x0000000082500000|100%| O|  |TAMS 0x0000000082500000, 0x0000000082500000| Untracked 
|   5|0x0000000082500000, 0x0000000082600000, 0x0000000082600000|100%| O|  |TAMS 0x0000000082600000, 0x0000000082600000| Untracked 
|   6|0x0000000082600000, 0x0000000082700000, 0x0000000082700000|100%| O|  |TAMS 0x0000000082700000, 0x0000000082700000| Untracked 
|   7|0x0000000082700000, 0x0000000082800000, 0x0000000082800000|100%| O|  |TAMS 0x0000000082800000, 0x0000000082800000| Untracked 
|   8|0x0000000082800000, 0x0000000082900000, 0x0000000082900000|100%| O|  |TAMS 0x0000000082900000, 0x0000000082900000| Untracked 
|   9|0x0000000082900000, 0x0000000082a00000, 0x0000000082a00000|100%| O|  |TAMS 0x0000000082a00000, 0x0000000082a00000| Untracked 
|  10|0x0000000082a00000, 0x0000000082b00000, 0x0000000082b00000|100%| O|  |TAMS 0x0000000082b00000, 0x0000000082b00000| Untracked 
|  11|0x0000000082b00000, 0x0000000082c00000, 0x0000000082c00000|100%| O|  |TAMS 0x0000000082c00000, 0x0000000082c00000| Untracked 
|  12|0x0000000082c00000, 0x0000000082d00000, 0x0000000082d00000|100%| O|  |TAMS 0x0000000082d00000, 0x0000000082d00000| Untracked 
|  13|0x0000000082d00000, 0x0000000082e00000, 0x0000000082e00000|100%| O|  |TAMS 0x0000000082e00000, 0x0000000082e00000| Untracked 
|  14|0x0000000082e00000, 0x0000000082f00000, 0x0000000082f00000|100%| O|  |TAMS 0x0000000082f00000, 0x0000000082f00000| Untracked 
|  15|0x0000000082f00000, 0x0000000083000000, 0x0000000083000000|100%| O|  |TAMS 0x0000000083000000, 0x0000000083000000| Untracked 
|  16|0x0000000083000000, 0x000000008306ac00, 0x0000000083100000| 41%| O|  |TAMS 0x000000008306ac00, 0x000000008306ac00| Untracked 
|  17|0x0000000083100000, 0x0000000083200000, 0x0000000083200000|100%| O|  |TAMS 0x0000000083200000, 0x0000000083200000| Untracked 
|  18|0x0000000083200000, 0x0000000083300000, 0x0000000083300000|100%| O|  |TAMS 0x0000000083300000, 0x0000000083300000| Untracked 
|  19|0x0000000083300000, 0x0000000083400000, 0x0000000083400000|100%| O|  |TAMS 0x0000000083400000, 0x0000000083400000| Untracked 
|  20|0x0000000083400000, 0x0000000083500000, 0x0000000083500000|100%| O|  |TAMS 0x0000000083500000, 0x0000000083500000| Untracked 
|  21|0x0000000083500000, 0x0000000083600000, 0x0000000083600000|100%| O|  |TAMS 0x0000000083600000, 0x0000000083600000| Untracked 
|  22|0x0000000083600000, 0x0000000083700000, 0x0000000083700000|100%| O|  |TAMS 0x0000000083700000, 0x0000000083700000| Untracked 
|  23|0x0000000083700000, 0x0000000083800000, 0x0000000083800000|100%| O|  |TAMS 0x0000000083800000, 0x0000000083800000| Untracked 
|  24|0x0000000083800000, 0x0000000083900000, 0x0000000083900000|100%| O|  |TAMS 0x0000000083900000, 0x0000000083900000| Untracked 
|  25|0x0000000083900000, 0x0000000083a00000, 0x0000000083a00000|100%| O|  |TAMS 0x0000000083a00000, 0x0000000083a00000| Untracked 
|  26|0x0000000083a00000, 0x0000000083b00000, 0x0000000083b00000|100%| O|  |TAMS 0x0000000083b00000, 0x0000000083b00000| Untracked 
|  27|0x0000000083b00000, 0x0000000083c00000, 0x0000000083c00000|100%| O|  |TAMS 0x0000000083c00000, 0x0000000083c00000| Untracked 
|  28|0x0000000083c00000, 0x0000000083d00000, 0x0000000083d00000|100%| O|  |TAMS 0x0000000083d00000, 0x0000000083d00000| Untracked 
|  29|0x0000000083d00000, 0x0000000083e00000, 0x0000000083e00000|100%| O|  |TAMS 0x0000000083e00000, 0x0000000083e00000| Untracked 
|  30|0x0000000083e00000, 0x0000000083f00000, 0x0000000083f00000|100%| O|  |TAMS 0x0000000083f00000, 0x0000000083f00000| Untracked 
|  31|0x0000000083f00000, 0x0000000084000000, 0x0000000084000000|100%| O|  |TAMS 0x0000000084000000, 0x0000000084000000| Untracked 
|  32|0x0000000084000000, 0x0000000084100000, 0x0000000084100000|100%| O|  |TAMS 0x0000000084100000, 0x0000000084100000| Untracked 
|  33|0x0000000084100000, 0x0000000084200000, 0x0000000084200000|100%| O|  |TAMS 0x0000000084200000, 0x0000000084200000| Untracked 
|  34|0x0000000084200000, 0x0000000084300000, 0x0000000084300000|100%| O|  |TAMS 0x00000000842d7a00, 0x0000000084300000| Untracked 
|  35|0x0000000084300000, 0x0000000084400000, 0x0000000084400000|100%| O|  |TAMS 0x0000000084300000, 0x0000000084400000| Untracked 
|  36|0x0000000084400000, 0x0000000084500000, 0x0000000084500000|100%| O|  |TAMS 0x0000000084400000, 0x0000000084500000| Untracked 
|  37|0x0000000084500000, 0x0000000084600000, 0x0000000084600000|100%| O|  |TAMS 0x0000000084500000, 0x0000000084600000| Untracked 
|  38|0x0000000084600000, 0x0000000084700000, 0x0000000084700000|100%| O|  |TAMS 0x0000000084600000, 0x0000000084700000| Untracked 
|  39|0x0000000084700000, 0x0000000084800000, 0x0000000084800000|100%| O|  |TAMS 0x0000000084700000, 0x0000000084800000| Untracked 
|  40|0x0000000084800000, 0x0000000084900000, 0x0000000084900000|100%| O|  |TAMS 0x0000000084800000, 0x0000000084900000| Untracked 
|  41|0x0000000084900000, 0x0000000084a00000, 0x0000000084a00000|100%| O|  |TAMS 0x0000000084900000, 0x0000000084a00000| Untracked 
|  42|0x0000000084a00000, 0x0000000084b00000, 0x0000000084b00000|100%|HS|  |TAMS 0x0000000084a00000, 0x0000000084b00000| Complete 
|  43|0x0000000084b00000, 0x0000000084c00000, 0x0000000084c00000|100%| O|  |TAMS 0x0000000084b00000, 0x0000000084c00000| Untracked 
|  44|0x0000000084c00000, 0x0000000084d00000, 0x0000000084d00000|100%| O|  |TAMS 0x0000000084c00000, 0x0000000084d00000| Untracked 
|  45|0x0000000084d00000, 0x0000000084e00000, 0x0000000084e00000|100%| O|  |TAMS 0x0000000084d00000, 0x0000000084e00000| Untracked 
|  46|0x0000000084e00000, 0x0000000084f00000, 0x0000000084f00000|100%| O|  |TAMS 0x0000000084e00000, 0x0000000084f00000| Untracked 
|  47|0x0000000084f00000, 0x0000000085000000, 0x0000000085000000|100%| O|  |TAMS 0x0000000084f00000, 0x0000000085000000| Untracked 
|  48|0x0000000085000000, 0x0000000085100000, 0x0000000085100000|100%| O|  |TAMS 0x0000000085000000, 0x0000000085100000| Untracked 
|  49|0x0000000085100000, 0x0000000085200000, 0x0000000085200000|100%| O|  |TAMS 0x0000000085100000, 0x0000000085200000| Untracked 
|  50|0x0000000085200000, 0x0000000085300000, 0x0000000085300000|100%| O|  |TAMS 0x0000000085200000, 0x0000000085300000| Untracked 
|  51|0x0000000085300000, 0x0000000085400000, 0x0000000085400000|100%| O|  |TAMS 0x0000000085300000, 0x0000000085400000| Untracked 
|  52|0x0000000085400000, 0x0000000085500000, 0x0000000085500000|100%| O|  |TAMS 0x0000000085400000, 0x0000000085500000| Untracked 
|  53|0x0000000085500000, 0x0000000085600000, 0x0000000085600000|100%|HS|  |TAMS 0x0000000085500000, 0x0000000085600000| Complete 
|  54|0x0000000085600000, 0x0000000085700000, 0x0000000085700000|100%| O|  |TAMS 0x0000000085600000, 0x0000000085700000| Untracked 
|  55|0x0000000085700000, 0x0000000085800000, 0x0000000085800000|100%| O|  |TAMS 0x0000000085700000, 0x0000000085800000| Untracked 
|  56|0x0000000085800000, 0x0000000085900000, 0x0000000085900000|100%| O|  |TAMS 0x0000000085800000, 0x0000000085900000| Untracked 
|  57|0x0000000085900000, 0x0000000085a00000, 0x0000000085a00000|100%| O|  |TAMS 0x0000000085900000, 0x0000000085a00000| Untracked 
|  58|0x0000000085a00000, 0x0000000085b00000, 0x0000000085b00000|100%| O|  |TAMS 0x0000000085a00000, 0x0000000085b00000| Untracked 
|  59|0x0000000085b00000, 0x0000000085c00000, 0x0000000085c00000|100%| O|  |TAMS 0x0000000085b00000, 0x0000000085c00000| Untracked 
|  60|0x0000000085c00000, 0x0000000085d00000, 0x0000000085d00000|100%| O|  |TAMS 0x0000000085c00000, 0x0000000085d00000| Untracked 
|  61|0x0000000085d00000, 0x0000000085e00000, 0x0000000085e00000|100%| O|  |TAMS 0x0000000085d00000, 0x0000000085e00000| Untracked 
|  62|0x0000000085e00000, 0x0000000085f00000, 0x0000000085f00000|100%| O|  |TAMS 0x0000000085e00000, 0x0000000085f00000| Untracked 
|  63|0x0000000085f00000, 0x0000000086000000, 0x0000000086000000|100%| O|  |TAMS 0x0000000085f00000, 0x0000000086000000| Untracked 
|  64|0x0000000086000000, 0x0000000086100000, 0x0000000086100000|100%| O|  |TAMS 0x0000000086000000, 0x0000000086100000| Untracked 
|  65|0x0000000086100000, 0x0000000086200000, 0x0000000086200000|100%| O|  |TAMS 0x0000000086100000, 0x0000000086200000| Untracked 
|  66|0x0000000086200000, 0x0000000086300000, 0x0000000086300000|100%| O|  |TAMS 0x0000000086200000, 0x0000000086300000| Untracked 
|  67|0x0000000086300000, 0x0000000086400000, 0x0000000086400000|100%| O|  |TAMS 0x0000000086300000, 0x0000000086400000| Untracked 
|  68|0x0000000086400000, 0x0000000086500000, 0x0000000086500000|100%| O|  |TAMS 0x0000000086400000, 0x0000000086500000| Untracked 
|  69|0x0000000086500000, 0x0000000086600000, 0x0000000086600000|100%| O|  |TAMS 0x0000000086500000, 0x0000000086600000| Untracked 
|  70|0x0000000086600000, 0x0000000086600000, 0x0000000086700000|  0%| F|  |TAMS 0x0000000086600000, 0x0000000086600000| Untracked 
|  71|0x0000000086700000, 0x0000000086700000, 0x0000000086800000|  0%| F|  |TAMS 0x0000000086700000, 0x0000000086700000| Untracked 
|  72|0x0000000086800000, 0x0000000086800000, 0x0000000086900000|  0%| F|  |TAMS 0x0000000086800000, 0x0000000086800000| Untracked 
|  73|0x0000000086900000, 0x0000000086900000, 0x0000000086a00000|  0%| F|  |TAMS 0x0000000086900000, 0x0000000086900000| Untracked 
|  74|0x0000000086a00000, 0x0000000086a00000, 0x0000000086b00000|  0%| F|  |TAMS 0x0000000086a00000, 0x0000000086a00000| Untracked 
|  75|0x0000000086b00000, 0x0000000086b00000, 0x0000000086c00000|  0%| F|  |TAMS 0x0000000086b00000, 0x0000000086b00000| Untracked 
|  76|0x0000000086c00000, 0x0000000086c00000, 0x0000000086d00000|  0%| F|  |TAMS 0x0000000086c00000, 0x0000000086c00000| Untracked 
|  77|0x0000000086d00000, 0x0000000086d00000, 0x0000000086e00000|  0%| F|  |TAMS 0x0000000086d00000, 0x0000000086d00000| Untracked 
|  78|0x0000000086e00000, 0x0000000086e00000, 0x0000000086f00000|  0%| F|  |TAMS 0x0000000086e00000, 0x0000000086e00000| Untracked 
|  79|0x0000000086f00000, 0x0000000086f00000, 0x0000000087000000|  0%| F|  |TAMS 0x0000000086f00000, 0x0000000086f00000| Untracked 
|  80|0x0000000087000000, 0x0000000087000000, 0x0000000087100000|  0%| F|  |TAMS 0x0000000087000000, 0x0000000087000000| Untracked 
|  81|0x0000000087100000, 0x0000000087100000, 0x0000000087200000|  0%| F|  |TAMS 0x0000000087100000, 0x0000000087100000| Untracked 
|  82|0x0000000087200000, 0x0000000087200000, 0x0000000087300000|  0%| F|  |TAMS 0x0000000087200000, 0x0000000087200000| Untracked 
|  83|0x0000000087300000, 0x0000000087300000, 0x0000000087400000|  0%| F|  |TAMS 0x0000000087300000, 0x0000000087300000| Untracked 
|  84|0x0000000087400000, 0x0000000087400000, 0x0000000087500000|  0%| F|  |TAMS 0x0000000087400000, 0x0000000087400000| Untracked 
|  85|0x0000000087500000, 0x0000000087500000, 0x0000000087600000|  0%| F|  |TAMS 0x0000000087500000, 0x0000000087500000| Untracked 
|  86|0x0000000087600000, 0x0000000087600000, 0x0000000087700000|  0%| F|  |TAMS 0x0000000087600000, 0x0000000087600000| Untracked 
|  87|0x0000000087700000, 0x0000000087700000, 0x0000000087800000|  0%| F|  |TAMS 0x0000000087700000, 0x0000000087700000| Untracked 
|  88|0x0000000087800000, 0x0000000087800000, 0x0000000087900000|  0%| F|  |TAMS 0x0000000087800000, 0x0000000087800000| Untracked 
|  89|0x0000000087900000, 0x0000000087900000, 0x0000000087a00000|  0%| F|  |TAMS 0x0000000087900000, 0x0000000087900000| Untracked 
|  90|0x0000000087a00000, 0x0000000087a00000, 0x0000000087b00000|  0%| F|  |TAMS 0x0000000087a00000, 0x0000000087a00000| Untracked 
|  91|0x0000000087b00000, 0x0000000087b00000, 0x0000000087c00000|  0%| F|  |TAMS 0x0000000087b00000, 0x0000000087b00000| Untracked 
|  92|0x0000000087c00000, 0x0000000087c00000, 0x0000000087d00000|  0%| F|  |TAMS 0x0000000087c00000, 0x0000000087c00000| Untracked 
|  93|0x0000000087d00000, 0x0000000087d00000, 0x0000000087e00000|  0%| F|  |TAMS 0x0000000087d00000, 0x0000000087d00000| Untracked 
|  94|0x0000000087e00000, 0x0000000087e00000, 0x0000000087f00000|  0%| F|  |TAMS 0x0000000087e00000, 0x0000000087e00000| Untracked 
|  95|0x0000000087f00000, 0x0000000087f93620, 0x0000000088000000| 57%| S|CS|TAMS 0x0000000087f00000, 0x0000000087f00000| Complete 
|  96|0x0000000088000000, 0x0000000088100000, 0x0000000088100000|100%| S|CS|TAMS 0x0000000088000000, 0x0000000088000000| Complete 
|  97|0x0000000088100000, 0x0000000088200000, 0x0000000088200000|100%| S|CS|TAMS 0x0000000088100000, 0x0000000088100000| Complete 
|  98|0x0000000088200000, 0x0000000088200000, 0x0000000088300000|  0%| F|  |TAMS 0x0000000088200000, 0x0000000088200000| Untracked 
|  99|0x0000000088300000, 0x0000000088300000, 0x0000000088400000|  0%| F|  |TAMS 0x0000000088300000, 0x0000000088300000| Untracked 
| 100|0x0000000088400000, 0x0000000088400000, 0x0000000088500000|  0%| F|  |TAMS 0x0000000088400000, 0x0000000088400000| Untracked 
| 101|0x0000000088500000, 0x0000000088500000, 0x0000000088600000|  0%| F|  |TAMS 0x0000000088500000, 0x0000000088500000| Untracked 
| 102|0x0000000088600000, 0x0000000088700000, 0x0000000088700000|100%| S|CS|TAMS 0x0000000088600000, 0x0000000088600000| Complete 
| 103|0x0000000088700000, 0x0000000088800000, 0x0000000088800000|100%| S|CS|TAMS 0x0000000088700000, 0x0000000088700000| Complete 
| 104|0x0000000088800000, 0x0000000088800000, 0x0000000088900000|  0%| F|  |TAMS 0x0000000088800000, 0x0000000088800000| Untracked 
| 105|0x0000000088900000, 0x0000000088900000, 0x0000000088a00000|  0%| F|  |TAMS 0x0000000088900000, 0x0000000088900000| Untracked 
| 106|0x0000000088a00000, 0x0000000088a00000, 0x0000000088b00000|  0%| F|  |TAMS 0x0000000088a00000, 0x0000000088a00000| Untracked 
| 107|0x0000000088b00000, 0x0000000088b00000, 0x0000000088c00000|  0%| F|  |TAMS 0x0000000088b00000, 0x0000000088b00000| Untracked 
| 108|0x0000000088c00000, 0x0000000088c00000, 0x0000000088d00000|  0%| F|  |TAMS 0x0000000088c00000, 0x0000000088c00000| Untracked 
| 109|0x0000000088d00000, 0x0000000088d00000, 0x0000000088e00000|  0%| F|  |TAMS 0x0000000088d00000, 0x0000000088d00000| Untracked 
| 110|0x0000000088e00000, 0x0000000088e00000, 0x0000000088f00000|  0%| F|  |TAMS 0x0000000088e00000, 0x0000000088e00000| Untracked 
| 111|0x0000000088f00000, 0x0000000088f00000, 0x0000000089000000|  0%| F|  |TAMS 0x0000000088f00000, 0x0000000088f00000| Untracked 
| 112|0x0000000089000000, 0x0000000089000000, 0x0000000089100000|  0%| F|  |TAMS 0x0000000089000000, 0x0000000089000000| Untracked 
| 113|0x0000000089100000, 0x0000000089100000, 0x0000000089200000|  0%| F|  |TAMS 0x0000000089100000, 0x0000000089100000| Untracked 
| 114|0x0000000089200000, 0x0000000089200000, 0x0000000089300000|  0%| F|  |TAMS 0x0000000089200000, 0x0000000089200000| Untracked 
| 115|0x0000000089300000, 0x0000000089300000, 0x0000000089400000|  0%| F|  |TAMS 0x0000000089300000, 0x0000000089300000| Untracked 
| 116|0x0000000089400000, 0x0000000089400000, 0x0000000089500000|  0%| F|  |TAMS 0x0000000089400000, 0x0000000089400000| Untracked 
| 117|0x0000000089500000, 0x0000000089500000, 0x0000000089600000|  0%| F|  |TAMS 0x0000000089500000, 0x0000000089500000| Untracked 
| 118|0x0000000089600000, 0x0000000089600000, 0x0000000089700000|  0%| F|  |TAMS 0x0000000089600000, 0x0000000089600000| Untracked 
| 119|0x0000000089700000, 0x0000000089700000, 0x0000000089800000|  0%| F|  |TAMS 0x0000000089700000, 0x0000000089700000| Untracked 
| 120|0x0000000089800000, 0x0000000089800000, 0x0000000089900000|  0%| F|  |TAMS 0x0000000089800000, 0x0000000089800000| Untracked 
| 121|0x0000000089900000, 0x0000000089900000, 0x0000000089a00000|  0%| F|  |TAMS 0x0000000089900000, 0x0000000089900000| Untracked 
| 122|0x0000000089a00000, 0x0000000089a00000, 0x0000000089b00000|  0%| F|  |TAMS 0x0000000089a00000, 0x0000000089a00000| Untracked 
| 123|0x0000000089b00000, 0x0000000089b00000, 0x0000000089c00000|  0%| F|  |TAMS 0x0000000089b00000, 0x0000000089b00000| Untracked 
| 124|0x0000000089c00000, 0x0000000089c00000, 0x0000000089d00000|  0%| F|  |TAMS 0x0000000089c00000, 0x0000000089c00000| Untracked 
| 125|0x0000000089d00000, 0x0000000089d00000, 0x0000000089e00000|  0%| F|  |TAMS 0x0000000089d00000, 0x0000000089d00000| Untracked 
| 126|0x0000000089e00000, 0x0000000089e00000, 0x0000000089f00000|  0%| F|  |TAMS 0x0000000089e00000, 0x0000000089e00000| Untracked 
| 127|0x0000000089f00000, 0x0000000089f00000, 0x000000008a000000|  0%| F|  |TAMS 0x0000000089f00000, 0x0000000089f00000| Untracked 
| 128|0x000000008a000000, 0x000000008a000000, 0x000000008a100000|  0%| F|  |TAMS 0x000000008a000000, 0x000000008a000000| Untracked 
| 129|0x000000008a100000, 0x000000008a100000, 0x000000008a200000|  0%| F|  |TAMS 0x000000008a100000, 0x000000008a100000| Untracked 
| 130|0x000000008a200000, 0x000000008a200000, 0x000000008a300000|  0%| F|  |TAMS 0x000000008a200000, 0x000000008a200000| Untracked 
| 131|0x000000008a300000, 0x000000008a300000, 0x000000008a400000|  0%| F|  |TAMS 0x000000008a300000, 0x000000008a300000| Untracked 
| 132|0x000000008a400000, 0x000000008a400000, 0x000000008a500000|  0%| F|  |TAMS 0x000000008a400000, 0x000000008a400000| Untracked 
| 133|0x000000008a500000, 0x000000008a500000, 0x000000008a600000|  0%| F|  |TAMS 0x000000008a500000, 0x000000008a500000| Untracked 
| 134|0x000000008a600000, 0x000000008a600000, 0x000000008a700000|  0%| F|  |TAMS 0x000000008a600000, 0x000000008a600000| Untracked 
| 135|0x000000008a700000, 0x000000008a700000, 0x000000008a800000|  0%| F|  |TAMS 0x000000008a700000, 0x000000008a700000| Untracked 
| 136|0x000000008a800000, 0x000000008a800000, 0x000000008a900000|  0%| F|  |TAMS 0x000000008a800000, 0x000000008a800000| Untracked 
| 137|0x000000008a900000, 0x000000008a900000, 0x000000008aa00000|  0%| F|  |TAMS 0x000000008a900000, 0x000000008a900000| Untracked 
| 138|0x000000008aa00000, 0x000000008aa00000, 0x000000008ab00000|  0%| F|  |TAMS 0x000000008aa00000, 0x000000008aa00000| Untracked 
| 139|0x000000008ab00000, 0x000000008ab00000, 0x000000008ac00000|  0%| F|  |TAMS 0x000000008ab00000, 0x000000008ab00000| Untracked 
| 140|0x000000008ac00000, 0x000000008ac00000, 0x000000008ad00000|  0%| F|  |TAMS 0x000000008ac00000, 0x000000008ac00000| Untracked 

Card table byte_map: [0x00000191d5640000,0x00000191d5a30000] _byte_map_base: 0x00000191d5230000

Marking Bits (Prev, Next): (CMBitMap*) 0x00000191cf621800, (CMBitMap*) 0x00000191cf6217c0
 Prev Bits: [0x00000191d7da0000, 0x00000191d9d20000)
 Next Bits: [0x00000191d5e20000, 0x00000191d7da0000)

Polling page: 0x00000191cd550000

Metaspace:

Usage:
  Non-class:     36.18 MB used.
      Class:      5.17 MB used.
       Both:     41.35 MB used.

Virtual space:
  Non-class space:       40.00 MB reserved,      36.38 MB ( 91%) committed,  5 nodes.
      Class space:        1.00 GB reserved,       5.31 MB ( <1%) committed,  1 nodes.
             Both:        1.04 GB reserved,      41.69 MB (  4%) committed. 

Chunk freelists:
   Non-Class:  2.95 MB
       Class:  2.56 MB
        Both:  5.52 MB

MaxMetaspaceSize: unlimited
CompressedClassSpaceSize: 1.00 GB
Initial GC threshold: 21.00 MB
Current GC threshold: 63.88 MB
CDS: off
MetaspaceReclaimPolicy: balanced
 - commit_granule_bytes: 65536.
 - commit_granule_words: 8192.
 - virtual_space_node_default_size: 1048576.
 - enlarge_chunks_in_place: 1.
 - new_chunks_are_fully_committed: 0.
 - uncommit_free_chunks: 1.
 - use_allocation_guard: 0.
 - handle_deallocations: 1.


Internal statistics:

num_allocs_failed_limit: 6.
num_arena_births: 498.
num_arena_deaths: 0.
num_vsnodes_births: 6.
num_vsnodes_deaths: 0.
num_space_committed: 667.
num_space_uncommitted: 0.
num_chunks_returned_to_freelist: 6.
num_chunks_taken_from_freelist: 1770.
num_chunk_merges: 6.
num_chunk_splits: 1249.
num_chunks_enlarged: 949.
num_purges: 0.
num_inconsistent_stats: 0.

CodeCache: size=49152Kb used=9210Kb max_used=9210Kb free=39941Kb
 bounds [0x00000191d2250000, 0x00000191d2b50000, 0x00000191d5250000]
 total_blobs=4741 nmethods=4169 adapters=497
 compilation: enabled
              stopped_count=0, restarted_count=0
 full_count=0

Compilation events (20 events):
Event: 6.672 Thread 0x00000191dd7aa500 nmethod 4152 0x00000191d2b46e90 code [0x00000191d2b47020, 0x00000191d2b47138]
Event: 6.672 Thread 0x00000191dcc1c020 nmethod 4159 0x00000191d2b47190 code [0x00000191d2b473a0, 0x00000191d2b478c8]
Event: 6.674 Thread 0x00000191dd7aa500 4161   !   1       jdk.internal.reflect.GeneratedMethodAccessor8::invoke (61 bytes)
Event: 6.674 Thread 0x00000191dd7aa500 nmethod 4161 0x00000191d2b47b10 code [0x00000191d2b47d00, 0x00000191d2b48178]
Event: 6.676 Thread 0x00000191dd7aa500 4162       1       nonapi.io.github.classgraph.recycler.Recycler::acquire (53 bytes)
Event: 6.676 Thread 0x00000191dce02500 4163   !   1       jdk.internal.reflect.GeneratedMethodAccessor19::invoke (67 bytes)
Event: 6.676 Thread 0x00000191dd7aa500 nmethod 4162 0x00000191d2b48490 code [0x00000191d2b48660, 0x00000191d2b48858]
Event: 6.676 Thread 0x00000191dce02500 nmethod 4163 0x00000191d2b48990 code [0x00000191d2b48b80, 0x00000191d2b48fb8]
Event: 6.676 Thread 0x00000191dce02500 4164       1       nonapi.io.github.classgraph.recycler.Recycler::recycle (67 bytes)
Event: 6.677 Thread 0x00000191dce02500 nmethod 4164 0x00000191d2b49290 code [0x00000191d2b49480, 0x00000191d2b497e8]
Event: 6.679 Thread 0x00000191dcc1c020 4165       1       jdk.internal.module.SystemModuleFinders$SystemModuleReader$$Lambda$209/0x00000001001db3c0::apply (12 bytes)
Event: 6.679 Thread 0x00000191dce02500 4166   !   1       jdk.internal.module.SystemModuleFinders$SystemModuleReader::toInputStream (43 bytes)
Event: 6.679 Thread 0x00000191dd7aa500 4167       1       io.github.classgraph.Classfile::extendScanningUpwards (585 bytes)
Event: 6.679 Thread 0x00000191dcc1c020 nmethod 4165 0x00000191d2b49990 code [0x00000191d2b49b20, 0x00000191d2b49c48]
Event: 6.679 Thread 0x00000191dcc1c020 4168       1       jdk.internal.module.SystemModuleFinders$SystemModuleReader::open (15 bytes)
Event: 6.680 Thread 0x00000191dce02500 nmethod 4166 0x00000191d2b49d10 code [0x00000191d2b49f00, 0x00000191d2b4a428]
Event: 6.680 Thread 0x00000191dcc1c020 nmethod 4168 0x00000191d2b4a710 code [0x00000191d2b4a920, 0x00000191d2b4aee8]
Event: 6.716 Thread 0x00000191dd7aa500 nmethod 4167 0x00000191d2b4b210 code [0x00000191d2b4b680, 0x00000191d2b4c588]
Event: 6.716 Thread 0x00000191dd7aa500 4169  s!   1       jdk.internal.loader.URLClassPath::getLoader (196 bytes)
Event: 6.717 Thread 0x00000191dd7aa500 nmethod 4169 0x00000191d2b4d110 code [0x00000191d2b4d3c0, 0x00000191d2b4ddd8]

GC Heap History (20 events):
Event: 4.779 GC heap after
{Heap after GC invocations=11 (full 0):
 garbage-first heap   total 78848K, used 19048K [0x0000000082000000, 0x0000000100000000)
  region size 1024K, 3 young (3072K), 3 survivors (3072K)
 Metaspace       used 35679K, committed 35968K, reserved 1081344K
  class space    used 4657K, committed 4800K, reserved 1048576K
}
Event: 5.375 GC heap before
{Heap before GC invocations=12 (full 0):
 garbage-first heap   total 75776K, used 56936K [0x0000000082000000, 0x0000000100000000)
  region size 1024K, 41 young (41984K), 3 survivors (3072K)
 Metaspace       used 36995K, committed 37440K, reserved 1089536K
  class space    used 4831K, committed 5056K, reserved 1048576K
}
Event: 5.385 GC heap after
{Heap after GC invocations=13 (full 0):
 garbage-first heap   total 75776K, used 25376K [0x0000000082000000, 0x0000000100000000)
  region size 1024K, 6 young (6144K), 6 survivors (6144K)
 Metaspace       used 36995K, committed 37440K, reserved 1089536K
  class space    used 4831K, committed 5056K, reserved 1048576K
}
Event: 5.548 GC heap before
{Heap before GC invocations=13 (full 0):
 garbage-first heap   total 75776K, used 53024K [0x0000000082000000, 0x0000000100000000)
  region size 1024K, 33 young (33792K), 6 survivors (6144K)
 Metaspace       used 37694K, committed 38144K, reserved 1089536K
  class space    used 4907K, committed 5120K, reserved 1048576K
}
Event: 5.555 GC heap after
{Heap after GC invocations=14 (full 0):
 garbage-first heap   total 75776K, used 30791K [0x0000000082000000, 0x0000000100000000)
  region size 1024K, 5 young (5120K), 5 survivors (5120K)
 Metaspace       used 37694K, committed 38144K, reserved 1089536K
  class space    used 4907K, committed 5120K, reserved 1048576K
}
Event: 5.661 GC heap before
{Heap before GC invocations=14 (full 0):
 garbage-first heap   total 75776K, used 55367K [0x0000000082000000, 0x0000000100000000)
  region size 1024K, 29 young (29696K), 5 survivors (5120K)
 Metaspace       used 38129K, committed 38528K, reserved 1089536K
  class space    used 4936K, committed 5120K, reserved 1048576K
}
Event: 5.668 GC heap after
{Heap after GC invocations=15 (full 0):
 garbage-first heap   total 75776K, used 34993K [0x0000000082000000, 0x0000000100000000)
  region size 1024K, 4 young (4096K), 4 survivors (4096K)
 Metaspace       used 38129K, committed 38528K, reserved 1089536K
  class space    used 4936K, committed 5120K, reserved 1048576K
}
Event: 5.736 GC heap before
{Heap before GC invocations=15 (full 0):
 garbage-first heap   total 75776K, used 56497K [0x0000000082000000, 0x0000000100000000)
  region size 1024K, 25 young (25600K), 4 survivors (4096K)
 Metaspace       used 38646K, committed 39040K, reserved 1089536K
  class space    used 4956K, committed 5120K, reserved 1048576K
}
Event: 5.754 GC heap after
{Heap after GC invocations=16 (full 0):
 garbage-first heap   total 75776K, used 38962K [0x0000000082000000, 0x0000000100000000)
  region size 1024K, 4 young (4096K), 4 survivors (4096K)
 Metaspace       used 38646K, committed 39040K, reserved 1089536K
  class space    used 4956K, committed 5120K, reserved 1048576K
}
Event: 5.814 GC heap before
{Heap before GC invocations=16 (full 0):
 garbage-first heap   total 75776K, used 57394K [0x0000000082000000, 0x0000000100000000)
  region size 1024K, 22 young (22528K), 4 survivors (4096K)
 Metaspace       used 38650K, committed 39040K, reserved 1089536K
  class space    used 4956K, committed 5120K, reserved 1048576K
}
Event: 5.833 GC heap after
{Heap after GC invocations=17 (full 0):
 garbage-first heap   total 144384K, used 44659K [0x0000000082000000, 0x0000000100000000)
  region size 1024K, 3 young (3072K), 3 survivors (3072K)
 Metaspace       used 38650K, committed 39040K, reserved 1089536K
  class space    used 4956K, committed 5120K, reserved 1048576K
}
Event: 6.537 GC heap before
{Heap before GC invocations=18 (full 0):
 garbage-first heap   total 144384K, used 103027K [0x0000000082000000, 0x0000000100000000)
  region size 1024K, 60 young (61440K), 3 survivors (3072K)
 Metaspace       used 41358K, committed 41728K, reserved 1089536K
  class space    used 5189K, committed 5376K, reserved 1048576K
}
Event: 6.555 GC heap after
{Heap after GC invocations=19 (full 0):
 garbage-first heap   total 144384K, used 61656K [0x0000000082000000, 0x0000000100000000)
  region size 1024K, 8 young (8192K), 8 survivors (8192K)
 Metaspace       used 41358K, committed 41728K, reserved 1089536K
  class space    used 5189K, committed 5376K, reserved 1048576K
}
Event: 6.693 GC heap before
{Heap before GC invocations=19 (full 0):
 garbage-first heap   total 144384K, used 104664K [0x0000000082000000, 0x0000000100000000)
  region size 1024K, 50 young (51200K), 8 survivors (8192K)
 Metaspace       used 41964K, committed 42368K, reserved 1089536K
  class space    used 5254K, committed 5440K, reserved 1048576K
}
Event: 6.715 GC heap after
{Heap after GC invocations=20 (full 0):
 garbage-first heap   total 144384K, used 70945K [0x0000000082000000, 0x0000000100000000)
  region size 1024K, 7 young (7168K), 7 survivors (7168K)
 Metaspace       used 41964K, committed 42368K, reserved 1089536K
  class space    used 5254K, committed 5440K, reserved 1048576K
}
Event: 6.738 GC heap before
{Heap before GC invocations=20 (full 0):
 garbage-first heap   total 144384K, used 105761K [0x0000000082000000, 0x0000000100000000)
  region size 1024K, 42 young (43008K), 7 survivors (7168K)
 Metaspace       used 42152K, committed 42496K, reserved 1089536K
  class space    used 5277K, committed 5440K, reserved 1048576K
}
Event: 6.749 GC heap after
{Heap after GC invocations=21 (full 0):
 garbage-first heap   total 144384K, used 73466K [0x0000000082000000, 0x0000000100000000)
  region size 1024K, 3 young (3072K), 3 survivors (3072K)
 Metaspace       used 42152K, committed 42496K, reserved 1089536K
  class space    used 5277K, committed 5440K, reserved 1048576K
}
Event: 6.768 GC heap before
{Heap before GC invocations=21 (full 0):
 garbage-first heap   total 144384K, used 109306K [0x0000000082000000, 0x0000000100000000)
  region size 1024K, 39 young (39936K), 3 survivors (3072K)
 Metaspace       used 42279K, committed 42624K, reserved 1089536K
  class space    used 5285K, committed 5440K, reserved 1048576K
}
Event: 6.771 GC heap after
{Heap after GC invocations=22 (full 0):
 garbage-first heap   total 144384K, used 74437K [0x0000000082000000, 0x0000000100000000)
  region size 1024K, 4 young (4096K), 4 survivors (4096K)
 Metaspace       used 42279K, committed 42624K, reserved 1089536K
  class space    used 5285K, committed 5440K, reserved 1048576K
}
Event: 6.797 GC heap before
{Heap before GC invocations=22 (full 0):
 garbage-first heap   total 144384K, used 111301K [0x0000000082000000, 0x0000000100000000)
  region size 1024K, 41 young (41984K), 4 survivors (4096K)
 Metaspace       used 42339K, committed 42688K, reserved 1089536K
  class space    used 5293K, committed 5440K, reserved 1048576K
}

Dll operation events (8 events):
Event: 0.012 Loaded shared library c:\Users\Alexis\.vscode\extensions\redhat.java-1.13.0-win32-x64\jre\17.0.5-win32-x86_64\bin\java.dll
Event: 0.290 Loaded shared library C:\Users\Alexis\.vscode\extensions\redhat.java-1.13.0-win32-x64\jre\17.0.5-win32-x86_64\bin\net.dll
Event: 0.292 Loaded shared library C:\Users\Alexis\.vscode\extensions\redhat.java-1.13.0-win32-x64\jre\17.0.5-win32-x86_64\bin\nio.dll
Event: 0.301 Loaded shared library C:\Users\Alexis\.vscode\extensions\redhat.java-1.13.0-win32-x64\jre\17.0.5-win32-x86_64\bin\zip.dll
Event: 0.564 Loaded shared library C:\Users\Alexis\.vscode\extensions\redhat.java-1.13.0-win32-x64\jre\17.0.5-win32-x86_64\bin\jimage.dll
Event: 0.911 Loaded shared library c:\Users\Alexis\.vscode\extensions\redhat.java-1.13.0-win32-x64\jre\17.0.5-win32-x86_64\bin\verify.dll
Event: 4.154 Loaded shared library C:\Users\Alexis\.vscode\extensions\redhat.java-1.13.0-win32-x64\jre\17.0.5-win32-x86_64\bin\management.dll
Event: 4.157 Loaded shared library C:\Users\Alexis\.vscode\extensions\redhat.java-1.13.0-win32-x64\jre\17.0.5-win32-x86_64\bin\management_ext.dll

Deoptimization events (10 events):
Event: 2.531 Thread 0x00000191cf5c25a0 DEOPT PACKING pc=0x00000191d276b399 sp=0x0000000a043fd0c0
Event: 2.531 Thread 0x00000191cf5c25a0 DEOPT UNPACKING pc=0x00000191d22a2b43 sp=0x0000000a043fc5a0 mode 3
Event: 4.568 Thread 0x00000191dddab140 DEOPT PACKING pc=0x00000191d2972235 sp=0x0000000a05efe3b0
Event: 4.569 Thread 0x00000191dddab140 DEOPT UNPACKING pc=0x00000191d22a2b43 sp=0x0000000a05efd8d8 mode 3
Event: 4.811 Thread 0x00000191ddfb2a50 DEOPT PACKING pc=0x00000191d298d9ab sp=0x0000000a062fe1b0
Event: 4.811 Thread 0x00000191ddfb2a50 DEOPT UNPACKING pc=0x00000191d22a2b43 sp=0x0000000a062fd6f8 mode 3
Event: 5.476 Thread 0x00000191ddfb2580 DEOPT PACKING pc=0x00000191d2774081 sp=0x0000000a068fef30
Event: 5.476 Thread 0x00000191ddfb2580 DEOPT UNPACKING pc=0x00000191d22a2b43 sp=0x0000000a068fe3c0 mode 3
Event: 6.360 Thread 0x00000191de3f4880 DEOPT PACKING pc=0x00000191d276a117 sp=0x0000000a070ff030
Event: 6.360 Thread 0x00000191de3f4880 DEOPT UNPACKING pc=0x00000191d22a2b43 sp=0x0000000a070fe488 mode 3

Classes unloaded (0 events):
No events

Classes redefined (0 events):
No events

Internal exceptions (20 events):
Event: 5.018 Thread 0x00000191ddfb03d0 Exception <a 'sun/nio/fs/WindowsException'{0x00000000861385c0}> (0x00000000861385c0) 
thrown [s\src\hotspot\share\prims\jni.cpp, line 516]
Event: 5.018 Thread 0x00000191ddfb03d0 Exception <a 'sun/nio/fs/WindowsException'{0x0000000086138980}> (0x0000000086138980) 
thrown [s\src\hotspot\share\prims\jni.cpp, line 516]
Event: 5.019 Thread 0x00000191ddfb03d0 Exception <a 'sun/nio/fs/WindowsException'{0x0000000086139380}> (0x0000000086139380) 
thrown [s\src\hotspot\share\prims\jni.cpp, line 516]
Event: 5.019 Thread 0x00000191ddfb03d0 Exception <a 'sun/nio/fs/WindowsException'{0x0000000086139730}> (0x0000000086139730) 
thrown [s\src\hotspot\share\prims\jni.cpp, line 516]
Event: 5.019 Thread 0x00000191ddfb03d0 Exception <a 'sun/nio/fs/WindowsException'{0x000000008613a138}> (0x000000008613a138) 
thrown [s\src\hotspot\share\prims\jni.cpp, line 516]
Event: 5.019 Thread 0x00000191ddfb03d0 Exception <a 'sun/nio/fs/WindowsException'{0x000000008613a4f8}> (0x000000008613a4f8) 
thrown [s\src\hotspot\share\prims\jni.cpp, line 516]
Event: 5.019 Thread 0x00000191ddfb03d0 Exception <a 'sun/nio/fs/WindowsException'{0x000000008613af20}> (0x000000008613af20) 
thrown [s\src\hotspot\share\prims\jni.cpp, line 516]
Event: 5.019 Thread 0x00000191ddfb03d0 Exception <a 'sun/nio/fs/WindowsException'{0x000000008613b300}> (0x000000008613b300) 
thrown [s\src\hotspot\share\prims\jni.cpp, line 516]
Event: 5.019 Thread 0x00000191ddfb03d0 Exception <a 'sun/nio/fs/WindowsException'{0x000000008613bd38}> (0x000000008613bd38) 
thrown [s\src\hotspot\share\prims\jni.cpp, line 516]
Event: 5.019 Thread 0x00000191ddfb03d0 Exception <a 'sun/nio/fs/WindowsException'{0x000000008613c128}> (0x000000008613c128) 
thrown [s\src\hotspot\share\prims\jni.cpp, line 516]
Event: 5.019 Thread 0x00000191ddfb03d0 Exception <a 'sun/nio/fs/WindowsException'{0x000000008613cb58}> (0x000000008613cb58) 
thrown [s\src\hotspot\share\prims\jni.cpp, line 516]
Event: 5.019 Thread 0x00000191ddfb03d0 Exception <a 'sun/nio/fs/WindowsException'{0x000000008613cf48}> (0x000000008613cf48) 
thrown [s\src\hotspot\share\prims\jni.cpp, line 516]
Event: 6.106 Thread 0x00000191dddab140 Exception <a 'java/lang/NoSuchMethodError'{0x00000000899c1f08}: 'java.lang.Object java.lang.invoke.Invokers$Holder.invoke_MT(java.lang.Object, java.lang.Object, java.lang.Object)'> (0x00000000899c1f08) 
thrown [s\src\hotspot\share\interpreter\linkResolver.cpp, line 759]
Event: 6.333 Thread 0x00000191dddab140 Exception <a 'java/lang/NoSuchMethodError'{0x0000000088fbaa80}: 'java.lang.Object java.lang.invoke.DirectMethodHandle$Holder.newInvokeSpecial(java.lang.Object, java.lang.Object, int)'> (0x0000000088fbaa80) 
thrown [s\src\hotspot\share\interpreter\linkResolver.cpp, line 759]
Event: 6.352 Thread 0x00000191de3f4880 Exception <a 'sun/nio/fs/WindowsException'{0x0000000088d7bbc8}> (0x0000000088d7bbc8) 
thrown [s\src\hotspot\share\prims\jni.cpp, line 516]
Event: 6.360 Thread 0x00000191de3f4880 Exception <a 'sun/nio/fs/WindowsException'{0x0000000088df7c70}> (0x0000000088df7c70) 
thrown [s\src\hotspot\share\prims\jni.cpp, line 516]
Event: 6.360 Thread 0x00000191de3f4880 Exception <a 'sun/nio/fs/WindowsException'{0x0000000088df8640}> (0x0000000088df8640) 
thrown [s\src\hotspot\share\prims\jni.cpp, line 516]
Event: 6.360 Thread 0x00000191de3f4880 Exception <a 'sun/nio/fs/WindowsException'{0x0000000088df8fc0}> (0x0000000088df8fc0) 
thrown [s\src\hotspot\share\prims\jni.cpp, line 516]
Event: 6.360 Thread 0x00000191de3f4880 Exception <a 'sun/nio/fs/WindowsException'{0x0000000088df9a60}> (0x0000000088df9a60) 
thrown [s\src\hotspot\share\prims\jni.cpp, line 516]
Event: 6.360 Thread 0x00000191de3f4880 Exception <a 'sun/nio/fs/WindowsException'{0x0000000088dfa568}> (0x0000000088dfa568) 
thrown [s\src\hotspot\share\prims\jni.cpp, line 516]

VM Operations (20 events):
Event: 5.971 Executing VM operation: G1Concurrent done
Event: 6.047 Executing VM operation: HandshakeAllThreads
Event: 6.047 Executing VM operation: HandshakeAllThreads done
Event: 6.049 Executing VM operation: HandshakeAllThreads
Event: 6.049 Executing VM operation: HandshakeAllThreads done
Event: 6.204 Executing VM operation: HandshakeAllThreads
Event: 6.204 Executing VM operation: HandshakeAllThreads done
Event: 6.537 Executing VM operation: G1CollectForAllocation
Event: 6.556 Executing VM operation: G1CollectForAllocation done
Event: 6.681 Executing VM operation: HandshakeAllThreads
Event: 6.693 Executing VM operation: HandshakeAllThreads done
Event: 6.693 Executing VM operation: G1CollectForAllocation
Event: 6.715 Executing VM operation: G1CollectForAllocation done
Event: 6.737 Executing VM operation: G1CollectForAllocation
Event: 6.738 Executing VM operation: G1CollectForAllocation done
Event: 6.738 Executing VM operation: G1CollectForAllocation
Event: 6.749 Executing VM operation: G1CollectForAllocation done
Event: 6.768 Executing VM operation: G1CollectForAllocation
Event: 6.771 Executing VM operation: G1CollectForAllocation done
Event: 6.797 Executing VM operation: G1CollectForAllocation

Events (20 events):
Event: 6.312 loading class java/util/WeakHashMap$EntryIterator
Event: 6.312 loading class java/util/WeakHashMap$HashIterator
Event: 6.312 loading class java/util/WeakHashMap$HashIterator done
Event: 6.312 loading class java/util/WeakHashMap$EntryIterator done
Event: 6.334 Thread 0x00000191de3f4880 Thread added: 0x00000191de3f4880
Event: 6.335 Thread 0x00000191de3f3ee0 Thread added: 0x00000191de3f3ee0
Event: 6.338 Thread 0x00000191de3f3540 Thread added: 0x00000191de3f3540
Event: 6.347 loading class sun/security/provider/MD5
Event: 6.347 loading class sun/security/provider/MD5 done
Event: 6.348 loading class sun/security/provider/ByteArrayAccess$LE
Event: 6.348 loading class sun/security/provider/ByteArrayAccess$LE done
Event: 6.357 Thread 0x00000191de3f5bc0 Thread added: 0x00000191de3f5bc0
Event: 6.406 loading class sun/util/ResourceBundleEnumeration
Event: 6.406 loading class sun/util/ResourceBundleEnumeration done
Event: 6.453 loading class java/lang/AbstractMethodError
Event: 6.453 loading class java/lang/AbstractMethodError done
Event: 6.727 loading class java/lang/ExceptionInInitializerError
Event: 6.728 loading class java/lang/ExceptionInInitializerError done
Event: 6.732 loading class java/io/FileWriter
Event: 6.732 loading class java/io/FileWriter done


Dynamic libraries:
0x00007ff7b27c0000 - 0x00007ff7b27ce000 	c:\Users\Alexis\.vscode\extensions\redhat.java-1.13.0-win32-x64\jre\17.0.5-win32-x86_64\bin\java.exe
0x00007ffe71b30000 - 0x00007ffe71d28000 	C:\WINDOWS\SYSTEM32\ntdll.dll
0x00007ffe70fe0000 - 0x00007ffe7109f000 	C:\WINDOWS\System32\KERNEL32.DLL
0x00007ffe6f680000 - 0x00007ffe6f952000 	C:\WINDOWS\System32\KERNELBASE.dll
0x00007ffe6f3f0000 - 0x00007ffe6f4f0000 	C:\WINDOWS\System32\ucrtbase.dll
0x00007ffe66f20000 - 0x00007ffe66f37000 	c:\Users\Alexis\.vscode\extensions\redhat.java-1.13.0-win32-x64\jre\17.0.5-win32-x86_64\bin\jli.dll
0x00007ffe70b10000 - 0x00007ffe70cb1000 	C:\WINDOWS\System32\USER32.dll
0x00007ffe66f00000 - 0x00007ffe66f19000 	c:\Users\Alexis\.vscode\extensions\redhat.java-1.13.0-win32-x64\jre\17.0.5-win32-x86_64\bin\VCRUNTIME140.dll
0x00007ffe6f960000 - 0x00007ffe6f982000 	C:\WINDOWS\System32\win32u.dll
0x00007ffe70020000 - 0x00007ffe7004b000 	C:\WINDOWS\System32\GDI32.dll
0x00007ffe6fa60000 - 0x00007ffe6fb6f000 	C:\WINDOWS\System32\gdi32full.dll
0x00007ffe6f9c0000 - 0x00007ffe6fa5d000 	C:\WINDOWS\System32\msvcp_win.dll
0x00007ffe64b10000 - 0x00007ffe64daa000 	C:\WINDOWS\WinSxS\amd64_microsoft.windows.common-controls_6595b64144ccf1df_6.0.19041.1110_none_60b5254171f9507e\COMCTL32.dll
0x00007ffe71510000 - 0x00007ffe715ae000 	C:\WINDOWS\System32\msvcrt.dll
0x00007ffe717a0000 - 0x00007ffe717d2000 	C:\WINDOWS\System32\IMM32.DLL
0x00007ffe6a3c0000 - 0x00007ffe6a3cc000 	c:\Users\Alexis\.vscode\extensions\redhat.java-1.13.0-win32-x64\jre\17.0.5-win32-x86_64\bin\vcruntime140_1.dll
0x00007ffe10520000 - 0x00007ffe105b1000 	c:\Users\Alexis\.vscode\extensions\redhat.java-1.13.0-win32-x64\jre\17.0.5-win32-x86_64\bin\msvcp140.dll
0x00007ffe0c320000 - 0x00007ffe0cf64000 	c:\Users\Alexis\.vscode\extensions\redhat.java-1.13.0-win32-x64\jre\17.0.5-win32-x86_64\bin\server\jvm.dll
0x00007ffe71a40000 - 0x00007ffe71aee000 	C:\WINDOWS\System32\ADVAPI32.dll
0x00007ffe709e0000 - 0x00007ffe70a7c000 	C:\WINDOWS\System32\sechost.dll
0x00007ffe71610000 - 0x00007ffe71735000 	C:\WINDOWS\System32\RPCRT4.dll
0x00007ffe66330000 - 0x00007ffe66357000 	C:\WINDOWS\SYSTEM32\WINMM.dll
0x00007ffe66590000 - 0x00007ffe6659a000 	C:\WINDOWS\SYSTEM32\VERSION.dll
0x00007ffe69d50000 - 0x00007ffe69d59000 	C:\WINDOWS\SYSTEM32\WSOCK32.dll
0x00007ffe70aa0000 - 0x00007ffe70b0b000 	C:\WINDOWS\System32\WS2_32.dll
0x00007ffe6d0e0000 - 0x00007ffe6d0f2000 	C:\WINDOWS\SYSTEM32\kernel.appcore.dll
0x00007ffe69630000 - 0x00007ffe6963a000 	c:\Users\Alexis\.vscode\extensions\redhat.java-1.13.0-win32-x64\jre\17.0.5-win32-x86_64\bin\jimage.dll
0x00007ffe533a0000 - 0x00007ffe53584000 	C:\WINDOWS\SYSTEM32\DBGHELP.DLL
0x00007ffe53650000 - 0x00007ffe53685000 	C:\WINDOWS\SYSTEM32\dbgcore.DLL
0x00007ffe6f4f0000 - 0x00007ffe6f572000 	C:\WINDOWS\System32\bcryptPrimitives.dll
0x00007ffe62860000 - 0x00007ffe62885000 	c:\Users\Alexis\.vscode\extensions\redhat.java-1.13.0-win32-x64\jre\17.0.5-win32-x86_64\bin\java.dll
0x00007ffe66ee0000 - 0x00007ffe66ef8000 	c:\Users\Alexis\.vscode\extensions\redhat.java-1.13.0-win32-x64\jre\17.0.5-win32-x86_64\bin\zip.dll
0x00007ffe70050000 - 0x00007ffe70794000 	C:\WINDOWS\System32\SHELL32.dll
0x00007ffe6d2e0000 - 0x00007ffe6da72000 	C:\WINDOWS\SYSTEM32\windows.storage.dll
0x00007ffe6fcc0000 - 0x00007ffe70015000 	C:\WINDOWS\System32\combase.dll
0x00007ffe6ec80000 - 0x00007ffe6ecb0000 	C:\WINDOWS\SYSTEM32\Wldp.dll
0x00007ffe70de0000 - 0x00007ffe70e8d000 	C:\WINDOWS\System32\SHCORE.dll
0x00007ffe71740000 - 0x00007ffe71795000 	C:\WINDOWS\System32\shlwapi.dll
0x00007ffe6f160000 - 0x00007ffe6f17f000 	C:\WINDOWS\SYSTEM32\profapi.dll
0x00007ffe62840000 - 0x00007ffe62859000 	C:\Users\Alexis\.vscode\extensions\redhat.java-1.13.0-win32-x64\jre\17.0.5-win32-x86_64\bin\net.dll
0x00007ffe666f0000 - 0x00007ffe667fc000 	C:\WINDOWS\SYSTEM32\WINHTTP.dll
0x00007ffe6e9e0000 - 0x00007ffe6ea4a000 	C:\WINDOWS\system32\mswsock.dll
0x00007ffe62740000 - 0x00007ffe62755000 	C:\Users\Alexis\.vscode\extensions\redhat.java-1.13.0-win32-x64\jre\17.0.5-win32-x86_64\bin\nio.dll
0x00007ffe62830000 - 0x00007ffe62840000 	c:\Users\Alexis\.vscode\extensions\redhat.java-1.13.0-win32-x64\jre\17.0.5-win32-x86_64\bin\verify.dll
0x00007ffe6ebe0000 - 0x00007ffe6ebf8000 	C:\WINDOWS\SYSTEM32\CRYPTSP.dll
0x00007ffe6e290000 - 0x00007ffe6e2c4000 	C:\WINDOWS\system32\rsaenh.dll
0x00007ffe6f990000 - 0x00007ffe6f9b7000 	C:\WINDOWS\System32\bcrypt.dll
0x00007ffe6f120000 - 0x00007ffe6f14e000 	C:\WINDOWS\SYSTEM32\USERENV.dll
0x00007ffe6ebd0000 - 0x00007ffe6ebdc000 	C:\WINDOWS\SYSTEM32\CRYPTBASE.dll
0x00007ffe6e680000 - 0x00007ffe6e6bb000 	C:\WINDOWS\SYSTEM32\IPHLPAPI.DLL
0x00007ffe6fb70000 - 0x00007ffe6fb78000 	C:\WINDOWS\System32\NSI.dll
0x00007ffe669e0000 - 0x00007ffe669f7000 	C:\WINDOWS\SYSTEM32\dhcpcsvc6.DLL
0x00007ffe66c20000 - 0x00007ffe66c3d000 	C:\WINDOWS\SYSTEM32\dhcpcsvc.DLL
0x00007ffe6e6c0000 - 0x00007ffe6e78a000 	C:\WINDOWS\SYSTEM32\DNSAPI.dll
0x00007ffe6b090000 - 0x00007ffe6b099000 	C:\Users\Alexis\.vscode\extensions\redhat.java-1.13.0-win32-x64\jre\17.0.5-win32-x86_64\bin\management.dll
0x00007ffe6b020000 - 0x00007ffe6b02b000 	C:\Users\Alexis\.vscode\extensions\redhat.java-1.13.0-win32-x64\jre\17.0.5-win32-x86_64\bin\management_ext.dll
0x00007ffe70a80000 - 0x00007ffe70a88000 	C:\WINDOWS\System32\PSAPI.DLL

dbghelp: loaded successfully - version: 4.0.5 - missing functions: none
symbol engine: initialized successfully - sym options: 0x614 - pdb path: .;c:\Users\Alexis\.vscode\extensions\redhat.java-1.13.0-win32-x64\jre\17.0.5-win32-x86_64\bin;C:\WINDOWS\SYSTEM32;C:\WINDOWS\WinSxS\amd64_microsoft.windows.common-controls_6595b64144ccf1df_6.0.19041.1110_none_60b5254171f9507e;c:\Users\Alexis\.vscode\extensions\redhat.java-1.13.0-win32-x64\jre\17.0.5-win32-x86_64\bin\server

VM Arguments:
jvm_args: -Dsts.lsp.client=vscode -Dsts.log.file=/dev/null -XX:TieredStopAtLevel=1 -Xlog:jni+resolve=off -Dspring.config.location=file:c:\Users\Alexis\.vscode\extensions\pivotal.vscode-spring-boot-1.43.0\language-server\BOOT-INF\classes\application.properties 
java_command: org.springframework.ide.vscode.boot.app.BootLanguageServerBootApp
java_class_path (initial): c:\Users\Alexis\.vscode\extensions\pivotal.vscode-spring-boot-1.43.0\language-server\BOOT-INF\classes;c:\Users\Alexis\.vscode\extensions\pivotal.vscode-spring-boot-1.43.0\language-server\BOOT-INF\lib\annotations-23.1.0.jar;c:\Users\Alexis\.vscode\extensions\pivotal.vscode-spring-boot-1.43.0\language-server\BOOT-INF\lib\ant-1.10.12.jar;c:\Users\Alexis\.vscode\extensions\pivotal.vscode-spring-boot-1.43.0\language-server\BOOT-INF\lib\ant-launcher-1.10.12.jar;c:\Users\Alexis\.vscode\extensions\pivotal.vscode-spring-boot-1.43.0\language-server\BOOT-INF\lib\antlr-runtime-3.5.2.jar;c:\Users\Alexis\.vscode\extensions\pivotal.vscode-spring-boot-1.43.0\language-server\BOOT-INF\lib\antlr4-4.9.3.jar;c:\Users\Alexis\.vscode\extensions\pivotal.vscode-spring-boot-1.43.0\language-server\BOOT-INF\lib\antlr4-runtime-4.9.3.jar;c:\Users\Alexis\.vscode\extensions\pivotal.vscode-spring-boot-1.43.0\language-server\BOOT-INF\lib\apiguardian-api-1.1.2.jar;c:\Users\Alexis\.vscode\extensions\pivotal.vscode-spring-boot-1.43.0\language-server\BOOT-INF\lib\asm-9.4.jar;c:\Users\Alexis\.vscode\extensions\pivotal.vscode-spring-boot-1.43.0\language-server\BOOT-INF\lib\asm-analysis-9.4.jar;c:\Users\Alexis\.vscode\extensions\pivotal.vscode-spring-boot-1.43.0\language-server\BOOT-INF\lib\asm-tree-9.4.jar;c:\Users\Alexis\.vscode\extensions\pivotal.vscode-spring-boot-1.43.0\language-server\BOOT-INF\lib\asm-util-9.4.jar;c:\Users\Alexis\.vscode\extensions\pivotal.vscode-spring-boot-1.43.0\language-server\BOOT-INF\lib\caffeine-3.1.2.jar;c:\Users\Alexis\.vscode\extensions\pivotal.vscode-spring-boot-1.43.0\language-server\BOOT-INF\lib\checker-qual-3.12.0.jar;c:\Users\Alexis\.vscode\extensions\pivotal.vscode-spring-boot-1.43.0\language-server\BOOT-INF\lib\ci-environment-9.1.0.jar;c:\Users\Alexis\.vscode\extensions\pivotal.vscode-spring-boot-1.43.0\language-server\BOOT-INF\lib\classgraph-4.8.149.jar;c:\Users\Alexis\.vscode\extensions\pivotal.vscode-spring-boot-1.43.0\language-server\
Launcher Type: SUN_STANDARD

[Global flags]
     intx CICompilerCount                          = 3                                         {product} {ergonomic}
     uint ConcGCThreads                            = 1                                         {product} {ergonomic}
     uint G1ConcRefinementThreads                  = 4                                         {product} {ergonomic}
   size_t G1HeapRegionSize                         = 1048576                                   {product} {ergonomic}
    uintx GCDrainStackTargetSize                   = 64                                        {product} {ergonomic}
   size_t InitialHeapSize                          = 132120576                                 {product} {ergonomic}
   size_t MarkStackSize                            = 4194304                                   {product} {ergonomic}
   size_t MaxHeapSize                              = 2113929216                                {product} {ergonomic}
   size_t MaxNewSize                               = 1267728384                                {product} {ergonomic}
   size_t MinHeapDeltaBytes                        = 1048576                                   {product} {ergonomic}
   size_t MinHeapSize                              = 8388608                                   {product} {ergonomic}
    uintx NonProfiledCodeHeapSize                  = 0                                      {pd product} {ergonomic}
     bool ProfileInterpreter                       = false                                  {pd product} {command line}
    uintx ProfiledCodeHeapSize                     = 0                                      {pd product} {ergonomic}
   size_t SoftMaxHeapSize                          = 2113929216                             {manageable} {ergonomic}
     intx TieredStopAtLevel                        = 1                                         {product} {command line}
     bool UseCompressedClassPointers               = true                           {product lp64_product} {ergonomic}
     bool UseCompressedOops                        = true                           {product lp64_product} {ergonomic}
     bool UseG1GC                                  = true                                      {product} {ergonomic}
     bool UseLargePagesIndividualAllocation        = false                                  {pd product} {ergonomic}

Logging:
Log output configuration:
 #0: stdout all=warning,jni+resolve=off uptime,level,tags
 #1: stderr all=off uptime,level,tags

Environment Variables:
JAVA_HOME=C:\Program Files\Java\jdk-17.0.5
PATH=C:\Program Files\Java\jdk-17.0.5\bin;C:\Program Files\Java\jdk-19\bin;C:\apache-maven-3.8.6\bin;C:\Program Files\Common Files\Oracle\Java\javapath;C:\Program Files\Eclipse Adoptium\jdk-17.0.5.8-hotspot\bin;C:\Program Files (x86)\Common Files\Oracle\Java\javapath;C:\WINDOWS\system32;C:\WINDOWS;C:\WINDOWS\System32\Wbem;C:\WINDOWS\System32\WindowsPowerShell\v1.0\;C:\WINDOWS\System32\OpenSSH\;C:\Program Files\Git\cmd;C:\Program Files\Java\jdk-17.0.5;C:\Program Files\Java\jdk1.8.0_231\bin;C:\Users\Alexis\AppData\Local\Microsoft\WindowsApps;C:\Users\Alexis\AppData\Local\atom\bin;C:\Users\Alexis\AppData\Local\Programs\Microsoft VS Code\bin;C:\Users\Alexis\AppData\Local\GitHubDesktop\bin;
USERNAME=Alexis
OS=Windows_NT
PROCESSOR_IDENTIFIER=Intel64 Family 6 Model 142 Stepping 9, GenuineIntel
TMP=C:\Users\Alexis\AppData\Local\Temp
TEMP=C:\Users\Alexis\AppData\Local\Temp



---------------  S Y S T E M  ---------------

OS:
 Windows 10 , 64 bit Build 19041 (10.0.19041.2364)
OS uptime: 2 days 13:07 hours

CPU: total 4 (initial active 4) (2 cores per cpu, 2 threads per core) family 6 model 142 stepping 9 microcode 0xb4, cx8, cmov, fxsr, ht, mmx, 3dnowpref, sse, sse2, sse3, ssse3, sse4.1, sse4.2, popcnt, lzcnt, tsc, tscinvbit, avx, avx2, aes, erms, clmul, bmi1, bmi2, adx, fma, vzeroupper, clflush, clflushopt

Memory: 4k page, system-wide physical 8060M (657M free)
TotalPageFile size 18613M (AvailPageFile size 61M)
current process WorkingSet (physical memory assigned to process): 247M, peak: 247M
current process commit charge ("private bytes"): 281M, peak: 441M

vm_info: OpenJDK 64-Bit Server VM (17.0.5+8) for windows-amd64 JRE (17.0.5+8), built on Oct 19 2022 04:48:13 by "temurin" with MS VC++ 16.7 (VS2019)

END.
